0 0 1.5 -3.0 Polytechnic
PERC 1 0.0
PERC 2 0.0
PERC 3 0.0
PERC 4 0.0
PERC 5 0.0
PERC 6 0.0
PERC 7 0.0
PERC 8 0.0
PERC 9 0.0
PERC 10 0.0
PERC 11 0.0
PERC 12 0.0
PERC 13 0.0
PERC 14 0.0
PERC 15 0.0
PERC 16 0.0
PERC 17 0.0
PERC 18 0.0
PERC 19 0.0
PERC 20 0.0
PERC 21 0.0
PERC 22 0.0
PERC 23 0.0
PERC 24 0.0
PERC 25 0.0
PERC 26 0.0
PERC 27 0.0
PERC 28 0.0
PERC 29 0.0
PERC 30 0.0
PERC 31 0.0
PERC 32 0.0
PERC 33 0.0
PERC 34 0.0
PERC 35 0.0
PERC 36 0.0
PERC 37 0.0
PERC 38 0.0
PERC 39 0.0
PERC 40 0.0
PERC 41 0.0
PERC 42 0.1
PERC 43 0.1
PERC 44 0.1
PERC 45 0.2
PERC 46 0.2
PERC 47 0.2
PERC 48 0.3
PERC 49 0.3
PERC 50 0.3
PERC 51 0.3
PERC 52 0.4
PERC 53 0.4
PERC 54 0.4
PERC 55 0.4
PERC 56 0.4
PERC 57 0.5
PERC 58 0.5
PERC 59 0.6
PERC 60 0.6
PERC 61 0.6
PERC 62 0.8
PERC 63 0.8
PERC 64 0.9
PERC 65 1.0
PERC 66 1.0
PERC 67 1.0
PERC 68 1.1
PERC 69 1.2
PERC 70 1.2
PERC 71 1.4
PERC 72 1.4
PERC 73 1.5
PERC 74 1.6
PERC 75 1.6
PERC 76 1.6
PERC 77 1.6
PERC 78 1.6
PERC 79 1.6
PERC 80 1.6
PERC 81 1.7
PERC 82 1.7
PERC 83 1.7
PERC 84 1.7
PERC 85 1.7
PERC 86 1.8
PERC 87 1.9
PERC 88 1.9
PERC 89 2.0
PERC 90 2.2
PERC 91 2.2
PERC 92 2.3
PERC 93 2.3
PERC 94 2.5
PERC 95 2.5
PERC 96 2.7
PERC 97 2.8
PERC 98 2.8
PERC 99 3.0
PERC 100 3.0
PERC 101 3.1
PERC 102 3.1
PERC 103 3.2
PERC 104 3.3
PERC 105 3.4
PERC 106 3.4
PERC 107 3.4
PERC 108 3.5
PERC 109 3.6
PERC 110 3.7
PERC 111 3.7
PERC 112 3.8
PERC 113 3.8
PERC 114 4.0
PERC 115 4.0
PERC 116 4.1
PERC 117 4.2
PERC 118 4.3
PERC 119 4.4
PERC 120 4.5
PERC 121 4.8
PERC 122 4.9
PERC 123 5.1
PERC 124 5.2
PERC 125 5.3
PERC 126 5.5
PERC 127 5.6
PERC 128 5.8
PERC 129 6.0
PERC 130 6.0
PERC 131 6.1
PERC 132 6.3
PERC 133 6.3
PERC 134 6.5
PERC 135 6.7
PERC 136 6.7
PERC 137 6.9
PERC 138 7.1
PERC 139 7.3
PERC 140 7.4
PERC 141 7.7
PERC 142 7.8
PERC 143 7.9
PERC 144 8.0
PERC 145 8.2
PERC 146 8.4
PERC 147 8.5
PERC 148 8.7
PERC 149 8.8
PERC 150 9.0
PERC 151 9.3
PERC 152 9.5
PERC 153 9.6
PERC 154 9.9
PERC 155 10.0
PERC 156 10.2
PERC 157 10.2
PERC 158 10.4
PERC 159 10.5
PERC 160 10.6
PERC 161 10.7
PERC 162 10.7
PERC 163 10.8
PERC 164 10.8
PERC 165 10.8
PERC 166 10.9
PERC 167 11.0
PERC 168 11.1
PERC 169 11.3
PERC 170 11.4
PERC 171 11.6
PERC 172 11.7
PERC 173 11.9
PERC 174 12.1
PERC 175 12.1
PERC 176 12.5
PERC 177 12.6
PERC 178 12.8
PERC 179 12.9
PERC 180 13.2
PERC 181 13.4
PERC 182 13.5
PERC 183 13.7
PERC 184 14.0
PERC 185 14.1
PERC 186 14.2
PERC 187 14.4
PERC 188 14.5
PERC 189 14.6
PERC 190 14.8
PERC 191 14.9
PERC 192 14.9
PERC 193 15.0
PERC 194 15.0
PERC 195 15.2
PERC 196 15.4
PERC 197 15.5
PERC 198 15.6
PERC 199 15.8
PERC 200 15.9
PERC 201 16.1
PERC 202 16.2
PERC 203 16.4
PERC 204 16.5
PERC 205 16.6
PERC 206 16.8
PERC 207 17.0
PERC 208 17.1
PERC 209 17.2
PERC 210 17.4
PERC 211 17.5
PERC 212 17.8
PERC 213 17.9
PERC 214 18.0
PERC 215 18.2
PERC 216 18.5
PERC 217 18.5
PERC 218 18.7
PERC 219 18.9
PERC 220 19.1
PERC 221 19.2
PERC 222 19.3
PERC 223 19.4
PERC 224 19.5
PERC 225 19.7
PERC 226 19.9
PERC 227 19.9
PERC 228 20.1
PERC 229 20.3
PERC 230 20.5
PERC 231 20.6
PERC 232 20.9
PERC 233 21.0
PERC 234 21.2
PERC 235 21.4
PERC 236 21.7
PERC 237 21.9
PERC 238 22.2
PERC 239 22.4
PERC 240 22.6
PERC 241 22.9
PERC 242 23.2
PERC 243 23.5
PERC 244 23.7
PERC 245 23.8
PERC 246 24.3
PERC 247 24.4
PERC 248 24.5
PERC 249 24.7
PERC 250 24.9
PERC 251 25.0
PERC 252 25.2
PERC 253 25.4
PERC 254 25.4
PERC 255 25.6
PERC 256 26.0
PERC 257 26.0
PERC 258 26.3
PERC 259 26.6
PERC 260 26.8
PERC 261 27.1
PERC 262 27.5
PERC 263 27.8
PERC 264 28.0
PERC 265 28.2
PERC 266 28.7
PERC 267 28.9
PERC 268 29.2
PERC 269 29.5
PERC 270 29.6
PERC 271 29.9
PERC 272 30.1
PERC 273 30.4
PERC 274 30.6
PERC 275 30.8
PERC 276 31.1
PERC 277 31.4
PERC 278 31.5
PERC 279 31.7
PERC 280 31.9
PERC 281 32.1
PERC 282 32.2
PERC 283 32.6
PERC 284 32.9
PERC 285 33.2
PERC 286 33.5
PERC 287 33.9
PERC 288 34.1
PERC 289 34.6
PERC 290 34.8
PERC 291 34.9
PERC 292 35.2
PERC 293 35.3
PERC 294 35.5
PERC 295 35.7
PERC 296 35.8
PERC 297 36.1
PERC 298 36.3
PERC 299 36.5
PERC 300 36.8
PERC 301 37.1
PERC 302 37.5
PERC 303 37.6
PERC 304 38.0
PERC 305 38.2
PERC 306 38.4
PERC 307 38.5
PERC 308 38.6
PERC 309 38.9
PERC 310 39.2
PERC 311 39.4
PERC 312 39.6
PERC 313 39.9
PERC 314 40.1
PERC 315 40.4
PERC 316 40.6
PERC 317 40.9
PERC 318 41.1
PERC 319 41.3
PERC 320 41.6
PERC 321 41.9
PERC 322 42.2
PERC 323 42.6
PERC 324 42.7
PERC 325 43.0
PERC 326 43.3
PERC 327 43.6
PERC 328 44.0
PERC 329 44.3
PERC 330 44.7
PERC 331 44.9
PERC 332 45.0
PERC 333 45.3
PERC 334 45.6
PERC 335 45.9
PERC 336 46.4
PERC 337 46.8
PERC 338 47.0
PERC 339 47.5
PERC 340 47.8
PERC 341 48.2
PERC 342 48.6
PERC 343 48.9
PERC 344 49.0
PERC 345 49.2
PERC 346 49.5
PERC 347 49.7
PERC 348 50.0
PERC 349 50.4
PERC 350 50.7
PERC 351 51.1
PERC 352 51.5
PERC 353 51.8
PERC 354 52.1
PERC 355 52.3
PERC 356 52.5
PERC 357 52.8
PERC 358 53.0
PERC 359 53.3
PERC 360 53.5
PERC 361 53.7
PERC 362 53.9
PERC 363 54.1
PERC 364 54.4
PERC 365 54.9
PERC 366 55.2
PERC 367 55.6
PERC 368 56.0
PERC 369 56.1
PERC 370 56.3
PERC 371 56.5
PERC 372 56.8
PERC 373 56.8
PERC 374 57.0
PERC 375 57.0
PERC 376 57.2
PERC 377 57.5
PERC 378 57.6
PERC 379 57.9
PERC 380 58.1
PERC 381 58.3
PERC 382 58.5
PERC 383 58.8
PERC 384 58.9
PERC 385 59.2
PERC 386 59.5
PERC 387 59.7
PERC 388 59.9
PERC 389 60.2
PERC 390 60.5
PERC 391 60.7
PERC 392 61.0
PERC 393 61.3
PERC 394 61.6
PERC 395 62.0
PERC 396 62.2
PERC 397 62.3
PERC 398 62.6
PERC 399 62.8
PERC 400 63.0
PERC 401 63.1
PERC 402 63.3
PERC 403 63.5
PERC 404 63.7
PERC 405 63.9
PERC 406 64.1
PERC 407 64.4
PERC 408 64.7
PERC 409 65.0
PERC 410 65.4
PERC 411 65.8
PERC 412 65.9
PERC 413 66.4
PERC 414 66.5
PERC 415 66.9
PERC 416 67.0
PERC 417 67.1
PERC 418 67.4
PERC 419 67.6
PERC 420 67.8
PERC 421 68.1
PERC 422 68.3
PERC 423 68.6
PERC 424 68.9
PERC 425 69.2
PERC 426 69.3
PERC 427 69.5
PERC 428 69.6
PERC 429 69.8
PERC 430 69.9
PERC 431 70.1
PERC 432 70.3
PERC 433 70.5
PERC 434 70.7
PERC 435 70.9
PERC 436 71.2
PERC 437 71.5
PERC 438 71.6
PERC 439 71.9
PERC 440 72.0
PERC 441 72.2
PERC 442 72.6
PERC 443 72.8
PERC 444 72.9
PERC 445 73.3
PERC 446 73.4
PERC 447 73.6
PERC 448 73.9
PERC 449 73.9
PERC 450 74.4
PERC 451 74.5
PERC 452 74.8
PERC 453 75.0
PERC 454 75.3
PERC 455 75.6
PERC 456 75.8
PERC 457 76.0
PERC 458 76.3
PERC 459 76.4
PERC 460 76.7
PERC 461 76.9
PERC 462 77.0
PERC 463 77.2
PERC 464 77.4
PERC 465 77.6
PERC 466 77.8
PERC 467 78.1
PERC 468 78.2
PERC 469 78.4
PERC 470 78.5
PERC 471 78.8
PERC 472 79.0
PERC 473 79.3
PERC 474 79.5
PERC 475 79.8
PERC 476 80.0
PERC 477 80.3
PERC 478 80.5
PERC 479 80.8
PERC 480 81.2
PERC 481 82.0
PERC 482 82.8
PERC 483 82.9
PERC 484 83.1
PERC 485 83.4
PERC 486 83.9
PERC 487 84.1
PERC 488 84.4
PERC 489 84.6
PERC 490 84.9
PERC 491 85.1
PERC 492 85.2
PERC 493 85.4
PERC 494 85.5
PERC 495 85.7
PERC 496 85.9
PERC 497 86.1
PERC 498 86.3
PERC 499 86.6
PERC 500 86.8
PERC 501 87.0
PERC 502 87.3
PERC 503 87.6
PERC 504 88.0
PERC 505 88.3
PERC 506 88.7
PERC 507 89.0
PERC 508 89.4
PERC 509 89.7
PERC 510 90.1
PERC 511 90.4
PERC 512 90.8
PERC 513 91.2
PERC 514 91.5
PERC 515 91.8
PERC 516 92.2
PERC 517 92.4
PERC 518 92.6
PERC 519 92.8
PERC 520 93.0
PERC 521 93.1
PERC 522 93.4
PERC 523 93.7
PERC 524 93.9
PERC 525 94.2
PERC 526 94.4
PERC 527 94.7
PERC 528 95.0
PERC 529 95.3
PERC 530 95.5
PERC 531 96.0
PERC 532 96.2
PERC 533 96.5
PERC 534 96.7
PERC 535 97.0
PERC 536 97.3
PERC 537 97.5
PERC 538 97.9
PERC 539 98.1
PERC 540 98.4
PERC 541 98.5
PERC 542 98.8
PERC 543 99.0
PERC 544 99.1
PERC 545 99.4
PERC 546 99.5
PERC 547 99.8
PERC 548 99.9
PERC 549 100.0
XPUT 1 -1.00,-1.00,-1.00,-1.00,-1.00,-1.00,-1.00,-1.00,-1.00,-1.00,-1.00,-1.00,-1.00,-1.00,-1.00
XPUT 2 -1.00,-1.00,-1.00,-1.00,-1.00,-1.00,-1.00,-1.00,-1.00,-1.00,-1.00,-1.00,-1.00,-1.00,-1.00
XPUT 3 -1.00,-1.00,-1.00,-1.00,-1.00,-1.00,-1.00,-1.00,-1.00,-1.00,-1.00,-1.00,-1.00,-1.00,-1.00
XPUT 4 -1.00,-1.00,-1.00,-1.00,-1.00,-1.00,-1.00,-1.00,-1.00,-1.00,-1.00,-1.00,-1.00,-1.00,-1.00
XPUT 5 -1.00,-1.00,-1.00,-1.00,-1.00,-1.00,-1.00,-1.00,-1.00,-1.00,-1.00,-1.00,-1.00,-1.00,-1.00
XPUT 6 -1.00,-1.00,-1.00,-1.00,-1.00,-1.00,-1.00,-1.00,-1.00,-1.00,-1.00,-1.00,-1.00,-1.00,-1.00
XPUT 7 -1.00,-1.00,-1.00,-1.00,-1.00,-1.00,-1.00,-1.00,-1.00,-1.00,-1.00,-1.00,-1.00,-1.00,-1.00
XPUT 8 -1.00,-1.00,-1.00,-1.00,-1.00,-1.00,-1.00,-1.00,-1.00,-1.00,-1.00,-1.00,-1.00,-1.00,-1.00
XPUT 9 -1.00,-1.00,-1.00,-1.00,-1.00,-1.00,-1.00,-1.00,-1.00,-1.00,-1.00,-1.00,-1.00,-1.00,-1.00
XPUT 10 -1.00,-1.00,-1.00,-1.00,-1.00,-1.00,-1.00,-1.00,-1.00,-1.00,-1.00,-1.00,-1.00,-1.00,-1.00
XPUT 11 -1.00,-1.00,-1.00,-1.00,-1.00,-1.00,-1.00,-1.00,-1.00,-1.00,-1.00,-1.00,-1.00,-1.00,-1.00
XPUT 12 -1.00,-1.00,-1.00,-1.00,-1.00,-1.00,-1.00,-1.00,-1.00,-1.00,-1.00,-1.00,-1.00,-1.00,-1.00
XPUT 13 -1.00,-1.00,-1.00,-1.00,-1.00,-1.00,-1.00,-1.00,-1.00,-1.00,-1.00,-1.00,-1.00,-1.00,-1.00
XPUT 14 -1.00,-1.00,-1.00,-1.00,-1.00,-1.00,-1.00,-1.00,-1.00,-1.00,-1.00,-1.00,-1.00,-1.00,-1.00
XPUT 15 -1.00,-1.00,-1.00,-1.00,-1.00,-1.00,-1.00,-1.00,-1.00,-1.00,-1.00,-1.00,-1.00,-1.00,-1.00
XPUT 16 -1.00,-1.00,-1.00,-1.00,-1.00,-1.00,-1.00,-1.00,-1.00,-1.00,-1.00,-1.00,-1.00,-1.00,-1.00
XPUT 17 -1.00,-1.00,-1.00,-1.00,-1.00,-1.00,-1.00,-1.00,-1.00,-1.00,-1.00,-1.00,-1.00,-1.00,-1.00
XPUT 18 -1.00,-1.00,-1.00,-1.00,-1.00,-1.00,-1.00,-1.00,-1.00,-1.00,-1.00,-1.00,-1.00,-1.00,-1.00
XPUT 19 -1.00,-1.00,-1.00,-1.00,-1.00,-1.00,-1.00,-1.00,-1.00,-1.00,-1.00,-1.00,-1.00,-1.00,-1.00
XPUT 20 -1.00,-1.00,-1.00,-1.00,-1.00,-1.00,-1.00,-1.00,-1.00,-1.00,-1.00,-1.00,-1.00,-1.00,-1.00
XPUT 21 -1.00,-1.00,-1.00,-1.00,-1.00,-1.00,-1.00,-1.00,-1.00,-1.00,-1.00,-1.00,-1.00,-1.00,-1.00
XPUT 22 -1.00,-1.00,-1.00,-1.00,-1.00,-1.00,-1.00,-1.00,-1.00,-1.00,-1.00,-1.00,-1.00,-1.00,-1.00
XPUT 23 -1.00,-1.00,-1.00,-1.00,-1.00,-1.00,-1.00,-1.00,-1.00,-1.00,-1.00,-1.00,-1.00,-1.00,-1.00
XPUT 24 -1.00,-1.00,-1.00,-1.00,-1.00,-1.00,-1.00,-1.00,-1.00,-1.00,-1.00,-1.00,-1.00,-1.00,-1.00
XPUT 25 -1.00,-1.00,-1.00,-1.00,-1.00,-1.00,-1.00,-1.00,-1.00,-1.00,-1.00,-1.00,-1.00,-1.00,-1.00
XPUT 26 -1.00,-1.00,-1.00,-1.00,-1.00,-1.00,-1.00,-1.00,-1.00,-1.00,-1.00,-1.00,-1.00,-1.00,-1.00
XPUT 27 -1.00,-1.00,-1.00,-1.00,-1.00,-1.00,-1.00,-1.00,-1.00,-1.00,-1.00,-1.00,-1.00,-1.00,-1.00
XPUT 28 -1.00,-1.00,-1.00,-1.00,-1.00,-1.00,-1.00,-1.00,-1.00,-1.00,-1.00,-1.00,-1.00,-1.00,-1.00
XPUT 29 -1.00,-1.00,-1.00,-1.00,-1.00,-1.00,-1.00,-1.00,-1.00,-1.00,-1.00,-1.00,-1.00,-1.00,-1.00
XPUT 30 -1.00,-1.00,-1.00,-1.00,-1.00,-1.00,-1.00,-1.00,-1.00,-1.00,-1.00,-1.00,-1.00,-1.00,-1.00
XPUT 31 -1.00,-1.00,-1.00,-1.00,-1.00,-1.00,-1.00,-1.00,-1.00,-1.00,-1.00,-1.00,-1.00,-1.00,-1.00
XPUT 32 -1.00,-1.00,-1.00,-1.00,-1.00,-1.00,-1.00,-1.00,-1.00,-1.00,-1.00,-1.00,-1.00,-1.00,-1.00
XPUT 33 -1.00,-1.00,-1.00,-1.00,-1.00,-1.00,-1.00,-1.00,-1.00,-1.00,-1.00,-1.00,-1.00,-1.00,-1.00
XPUT 34 -1.00,-1.00,-1.00,-1.00,-1.00,-1.00,-1.00,-1.00,-1.00,-1.00,-1.00,-1.00,-1.00,-1.00,-1.00
XPUT 35 -1.00,-1.00,-1.00,-1.00,-1.00,-1.00,-1.00,-1.00,-1.00,-1.00,-1.00,-1.00,-1.00,-1.00,-1.00
XPUT 36 -1.00,-1.00,-1.00,-1.00,-1.00,-1.00,-1.00,-1.00,-1.00,-1.00,-1.00,-1.00,-1.00,-1.00,-1.00
XPUT 37 -1.00,-1.00,-1.00,-1.00,-1.00,-1.00,-1.00,-1.00,-1.00,-1.00,-1.00,-1.00,-1.00,-1.00,-1.00
XPUT 38 -1.00,-1.00,-1.00,-1.00,-1.00,-1.00,-1.00,-1.00,-1.00,-1.00,-1.00,-1.00,-1.00,-1.00,-1.00
XPUT 39 -1.00,-1.00,-1.00,-1.00,-1.00,-1.00,-1.00,-1.00,-1.00,-1.00,-1.00,-1.00,-1.00,-1.00,-1.00
XPUT 40 -1.00,-1.00,-1.00,-1.00,-1.00,-1.00,-1.00,-1.00,-1.00,-1.00,-1.00,-1.00,-1.00,-1.00,-1.00
XPUT 41 -1.00,-1.00,-1.00,-1.00,-1.00,-1.00,-1.00,-1.00,-1.00,-1.00,-1.00,-1.00,-1.00,-1.00,-1.00
XPUT 42 -1.00,-1.00,-1.00,-1.00,-1.00,-1.00,-1.00,-1.00,-1.00,-1.00,-1.00,-1.00,-1.00,-1.00,-1.00
XPUT 43 -1.00,-1.00,-1.00,335.54,335.54,-1.00,-1.00,-1.00,-1.00,-1.00,-1.00,-1.00,-1.00,-1.00,-1.00
XPUT 44 -1.00,-1.00,41.94,167.77,167.77,-1.00,-1.00,-1.00,-1.00,-1.00,-1.00,-1.00,-1.00,-1.00,-1.00
XPUT 45 -1.00,-1.00,27.96,167.77,111.85,-1.00,-1.00,-1.00,-1.00,27.96,-1.00,-1.00,-1.00,-1.00,-1.00
XPUT 46 -1.00,-1.00,20.97,125.83,83.89,-1.00,-1.00,-1.00,-1.00,20.97,-1.00,-1.00,-1.00,-1.00,-1.00
XPUT 47 -1.00,-1.00,16.78,100.66,67.11,-1.00,-1.00,-1.00,-1.00,50.33,-1.00,-1.00,-1.00,-1.00,-1.00
XPUT 48 -1.00,-1.00,13.98,83.89,55.92,-1.00,-1.00,-1.00,-1.00,55.92,-1.00,-1.00,-1.00,-1.00,-1.00
XPUT 49 -1.00,-1.00,11.98,71.90,47.93,-1.00,-1.00,-1.00,-1.00,47.93,-1.00,-1.00,-1.00,-1.00,-1.00
XPUT 50 -1.00,-1.00,10.49,62.91,41.94,-1.00,-1.00,-1.00,-1.00,62.91,-1.00,-1.00,-1.00,-1.00,-1.00
XPUT 51 -1.00,-1.00,9.32,55.92,37.28,-1.00,-1.00,-1.00,-1.00,65.24,-1.00,-1.00,-1.00,-1.00,-1.00
XPUT 52 -1.00,-1.00,8.39,50.33,33.55,-1.00,-1.00,-1.00,-1.00,58.72,-1.00,-1.00,-1.00,-1.00,-1.00
XPUT 53 -1.00,-1.00,7.63,45.76,30.50,-1.00,-1.00,-1.00,-1.00,68.63,-1.00,-1.00,-1.00,-1.00,-1.00
XPUT 54 -1.00,-1.00,6.99,41.94,27.96,-1.00,-1.00,-1.00,-1.00,69.91,-1.00,-1.00,-1.00,-1.00,-1.00
XPUT 55 -1.00,-1.00,6.45,38.72,25.81,-1.00,-1.00,-1.00,-1.00,64.53,-1.00,-1.00,-1.00,-1.00,-1.00
XPUT 56 -1.00,-1.00,5.99,35.95,23.97,-1.00,-1.00,-1.00,-1.00,89.88,-1.00,-1.00,-1.00,-1.00,-1.00
XPUT 57 -1.00,-1.00,5.59,33.55,22.37,-1.00,-1.00,-1.00,-1.00,83.89,-1.00,-1.00,-1.00,-1.00,-1.00
XPUT 58 -1.00,-1.00,5.24,31.46,20.97,-1.00,-1.00,-1.00,-1.00,104.86,-1.00,-1.00,-1.00,-1.00,-1.00
XPUT 59 -1.00,-1.00,4.93,29.61,19.74,-1.00,-1.00,-1.00,-1.00,103.62,-1.00,-1.00,-1.00,-1.00,-1.00
XPUT 60 -1.00,-1.00,4.66,27.96,18.64,-1.00,-1.00,-1.00,-1.00,97.87,-1.00,-1.00,-1.00,-1.00,-1.00
XPUT 61 -1.00,-1.00,4.42,26.49,17.66,-1.00,-1.00,-1.00,-1.00,123.62,-1.00,-1.00,-1.00,-1.00,-1.00
XPUT 62 -1.00,-1.00,4.19,25.17,16.78,-1.00,-1.00,-1.00,-1.00,130.02,-1.00,-1.00,-1.00,-1.00,-1.00
XPUT 63 -1.00,-1.00,3.99,23.97,15.98,-1.00,-1.00,-1.00,-1.00,127.83,-1.00,-1.00,-1.00,-1.00,-1.00
XPUT 64 -1.00,-1.00,3.81,22.88,15.25,-1.00,-1.00,-1.00,-1.00,141.08,-1.00,-1.00,-1.00,-1.00,-1.00
XPUT 65 -1.00,-1.00,3.65,21.88,14.59,-1.00,-1.00,-1.00,-1.00,142.24,-1.00,-1.00,-1.00,-1.00,-1.00
XPUT 66 -1.00,-1.00,3.50,20.97,13.98,-1.00,-1.00,-1.00,-1.00,136.31,-1.00,-1.00,-1.00,-1.00,-1.00
XPUT 67 -1.00,-1.00,3.36,20.13,13.42,-1.00,-1.00,-1.00,-1.00,150.99,-1.00,-1.00,-1.00,-1.00,-1.00
XPUT 68 -1.00,-1.00,3.23,19.36,12.91,-1.00,-1.00,-1.00,-1.00,164.55,-1.00,-1.00,-1.00,-1.00,-1.00
XPUT 69 -1.00,-1.00,3.11,18.64,12.43,-1.00,-1.00,-1.00,-1.00,158.45,-1.00,-1.00,-1.00,-1.00,-1.00
XPUT 70 -1.00,-1.00,3.00,17.98,11.98,-1.00,-1.00,-1.00,3.00,170.77,-1.00,-1.00,-1.00,-1.00,-1.00
XPUT 71 -1.00,-1.00,2.89,17.36,11.57,-1.00,-1.00,-1.00,2.89,164.88,-1.00,-1.00,-1.00,-1.00,-1.00
XPUT 72 -1.00,-1.00,2.80,16.78,11.18,-1.00,-1.00,-1.00,2.80,167.77,-1.00,-1.00,-1.00,-1.00,-1.00
XPUT 73 -1.00,-1.00,2.71,16.24,10.82,-1.00,-1.00,-1.00,2.71,181.30,-1.00,-1.00,-1.00,-1.00,-1.00
XPUT 74 -1.00,-1.00,2.62,15.73,10.49,-1.00,-1.00,-1.00,2.62,175.64,-1.00,-1.00,-1.00,-1.00,-1.00
XPUT 75 -1.00,-1.00,2.54,15.25,10.17,-1.00,-1.00,-1.00,2.54,170.31,-1.00,-1.00,-1.00,-1.00,-1.00
XPUT 76 -1.00,-1.00,2.47,14.80,9.87,-1.00,-1.00,-1.00,2.47,165.30,-1.00,-1.00,-1.00,-1.00,-1.00
XPUT 77 -1.00,-1.00,2.40,14.38,9.59,-1.00,-1.00,-1.00,7.19,160.58,-1.00,-1.00,-1.00,-1.00,-1.00
XPUT 78 -1.00,-1.00,2.33,13.98,9.32,-1.00,-1.00,-1.00,6.99,158.45,-1.00,-1.00,-1.00,-1.00,-1.00
XPUT 79 -1.00,-1.00,2.27,13.60,9.07,-1.00,-1.00,-1.00,6.80,154.17,-1.00,-1.00,-1.00,-1.00,-1.00
XPUT 80 -1.00,-1.00,2.21,13.25,8.83,-1.00,-1.00,-1.00,6.62,154.53,-1.00,-1.00,-1.00,-1.00,-1.00
XPUT 81 -1.00,-1.00,2.15,12.91,8.60,-1.00,-1.00,-1.00,6.45,152.72,-1.00,-1.00,-1.00,-1.00,-1.00
XPUT 82 -1.00,-1.00,2.10,12.58,8.39,-1.00,-1.00,-1.00,6.29,148.90,-1.00,-1.00,-1.00,-1.00,-1.00
XPUT 83 -1.00,-1.00,2.05,12.28,8.18,-1.00,-1.00,-1.00,6.14,149.36,-1.00,-1.00,-1.00,-1.00,-1.00
XPUT 84 -1.00,-1.00,2.00,11.98,7.99,-1.00,-1.00,-1.00,5.99,145.80,-1.00,-1.00,-1.00,-1.00,-1.00
XPUT 85 -1.00,-1.00,1.95,11.71,7.80,-1.00,-1.00,-1.00,5.85,148.26,-1.00,-1.00,-1.00,-1.00,-1.00
XPUT 86 -1.00,-1.00,1.91,13.35,7.63,-1.00,-1.00,-1.00,5.72,154.43,-1.00,-1.00,-1.00,-1.00,-1.00
XPUT 87 -1.00,-1.00,1.86,13.05,7.46,-1.00,-1.00,-1.00,5.59,150.99,-1.00,-1.00,-1.00,-1.00,-1.00
XPUT 88 -1.00,-1.00,1.82,12.77,7.29,-1.00,-1.00,-1.00,5.47,158.65,-1.00,-1.00,-1.00,-1.00,-1.00
XPUT 89 -1.00,-1.00,1.78,16.06,7.14,-1.00,-1.00,-1.00,5.35,164.20,-1.00,-1.00,-1.00,-1.00,-1.00
XPUT 90 -1.00,-1.00,1.75,15.73,6.99,-1.00,-1.00,-1.00,5.24,160.78,-1.00,-1.00,-1.00,-1.00,-1.00
XPUT 91 -1.00,-1.00,1.71,15.41,6.85,-1.00,-1.00,-1.00,5.14,167.77,-1.00,-1.00,-1.00,-1.00,-1.00
XPUT 92 -1.00,-1.00,1.68,15.10,6.71,-1.00,-1.00,-1.00,5.03,164.42,-1.00,-1.00,-1.00,-1.00,-1.00
XPUT 93 -1.00,1.64,1.64,16.45,6.58,-1.00,-1.00,-1.00,4.93,171.06,-1.00,-1.00,-1.00,-1.00,-1.00
XPUT 94 -1.00,1.61,1.61,16.13,6.45,-1.00,-1.00,-1.00,4.84,167.77,-1.00,-1.00,-1.00,-1.00,-1.00
XPUT 95 -1.00,6.33,1.58,15.83,6.33,-1.00,-1.00,-1.00,4.75,174.10,-1.00,-1.00,-1.00,-1.00,-1.00
XPUT 96 -1.00,6.21,1.55,15.53,6.21,-1.00,-1.00,-1.00,4.66,178.65,-1.00,-1.00,-1.00,-1.00,-1.00
XPUT 97 -1.00,6.10,1.53,18.30,6.10,-1.00,-1.00,1.53,4.58,175.40,-1.00,-1.00,-1.00,-1.00,-1.00
XPUT 98 -1.00,8.99,1.50,17.98,5.99,-1.00,-1.00,1.50,4.49,181.25,-1.00,-1.00,-1.00,-1.00,-1.00
XPUT 99 -1.00,8.83,1.47,17.66,8.83,-1.00,-1.00,1.47,4.42,178.07,-1.00,-1.00,-1.00,-1.00,-1.00
XPUT 100 -1.00,10.12,1.45,20.25,8.68,-1.00,-1.00,4.34,4.34,175.00,-1.00,-1.00,-1.00,-1.00,-1.00
XPUT 101 -1.00,9.95,1.42,19.91,8.53,-1.00,-1.00,4.27,4.27,172.04,-1.00,-1.00,-1.00,-1.00,-1.00
XPUT 102 -1.00,9.79,4.19,19.57,8.39,-1.00,-1.00,4.19,5.59,171.97,-1.00,-1.00,-1.00,-1.00,-1.00
XPUT 103 -1.00,9.63,4.13,20.63,9.63,-1.00,-1.00,5.50,5.50,169.15,-1.00,-1.00,-1.00,-1.00,-1.00
XPUT 104 -1.00,9.47,5.41,20.30,9.47,-1.00,-1.00,5.41,5.41,169.13,-1.00,-1.00,-1.00,-1.00,-1.00
XPUT 105 -1.00,9.32,5.33,19.97,9.32,-1.00,-1.00,5.33,5.33,166.44,-1.00,-1.00,-1.00,-1.00,-1.00
XPUT 106 -1.00,9.18,5.24,19.66,9.18,-1.00,-1.00,5.24,7.86,163.84,-1.00,-1.00,-1.00,-1.00,-1.00
XPUT 107 -1.00,9.03,7.74,19.36,9.03,-1.00,-1.00,7.74,7.74,161.32,-1.00,-1.00,-1.00,-1.00,-1.00
XPUT 108 -1.00,8.90,8.90,19.07,8.90,-1.00,-1.00,7.63,7.63,163.96,-1.00,-1.00,-1.00,-1.00,-1.00
XPUT 109 -1.00,11.27,8.76,21.28,8.76,-1.00,-1.00,7.51,8.76,164.02,-1.00,-1.00,-1.00,-1.00,-1.00
XPUT 110 -1.00,11.10,8.64,20.97,8.64,-1.00,-1.00,8.64,8.64,161.60,-1.00,-1.00,-1.00,-1.00,-1.00
XPUT 111 -1.00,12.16,8.51,20.67,8.51,-1.00,-1.00,8.51,8.51,160.48,-1.00,-1.00,-1.00,-1.00,-1.00
XPUT 112 -1.00,11.98,8.39,20.37,8.39,-1.00,-1.00,8.39,8.39,158.19,-1.00,-1.00,-1.00,-1.00,-1.00
XPUT 113 -1.00,14.18,8.27,21.27,10.63,-1.00,-1.00,8.27,10.63,159.50,-1.00,-1.00,-1.00,-1.00,-1.00
XPUT 114 -1.00,13.98,8.16,20.97,10.49,-1.00,-1.00,8.16,10.49,157.29,-1.00,-1.00,-1.00,-1.00,-1.00
XPUT 115 -1.00,16.09,8.04,20.68,10.34,-1.00,-1.00,10.34,10.34,159.73,-1.00,-1.00,-1.00,-1.00,-1.00
XPUT 116 -1.00,15.87,7.94,20.40,11.34,-1.00,-1.00,10.20,10.20,160.97,-1.00,-1.00,-1.00,-1.00,-1.00
XPUT 117 -1.00,15.66,7.83,22.37,11.18,-1.00,-1.00,10.07,11.18,158.82,-1.00,-1.00,-1.00,-1.00,-1.00
XPUT 118 -1.00,16.56,7.73,22.08,11.04,-1.00,-1.00,11.04,11.04,161.15,-1.00,-1.00,-1.00,-1.00,-1.00
XPUT 119 -1.00,16.34,7.63,21.79,10.89,-1.00,-1.00,10.89,10.89,164.50,-1.00,-1.00,-1.00,-1.00,-1.00
XPUT 120 -1.00,22.58,10.75,22.58,12.91,-1.00,-1.00,10.75,12.91,162.39,-1.00,-1.00,-1.00,-1.00,-1.00
XPUT 121 -1.00,22.30,10.62,22.30,12.74,-1.00,-1.00,10.62,12.74,166.71,-1.00,-1.00,-1.00,-1.00,-1.00
XPUT 122 -1.00,22.02,10.49,22.02,12.58,-1.00,-1.00,10.49,14.68,171.97,-1.00,-1.00,-1.00,-1.00,-1.00
XPUT 123 -1.00,23.82,10.36,25.89,12.43,-1.00,-1.00,12.43,14.50,170.88,-1.00,-1.00,-1.00,-1.00,-1.00
XPUT 124 -1.00,23.53,10.23,25.58,12.28,-1.00,-1.00,12.28,14.32,173.91,-1.00,-1.00,-1.00,-1.00,-1.00
XPUT 125 -1.00,25.27,10.11,25.27,12.13,-1.00,-1.00,12.13,15.16,177.88,-1.00,-1.00,-1.00,-1.00,-1.00
XPUT 126 -1.00,24.97,9.99,24.97,11.98,-1.00,-1.00,11.98,14.98,178.76,-1.00,-1.00,-1.00,-1.00,-1.00
XPUT 127 -1.00,24.67,9.87,30.59,11.84,-1.00,-1.00,11.84,16.78,179.61,-1.00,-1.00,-1.00,-1.00,-1.00
XPUT 128 -1.00,24.39,9.75,30.24,11.71,-1.00,-1.00,11.71,17.56,184.35,-1.00,-1.00,-1.00,-1.00,-1.00
XPUT 129 -1.00,24.11,9.64,29.89,13.50,-1.00,-1.00,11.57,17.36,182.24,-1.00,-1.00,-1.00,-1.00,-1.00
XPUT 130 -1.00,24.78,9.53,29.55,13.35,-1.00,-1.00,11.44,17.16,185.88,-1.00,-1.00,-1.00,-1.00,-1.00
XPUT 131 -1.00,26.39,9.43,30.16,13.20,-1.00,-1.00,11.31,16.97,188.51,-1.00,-1.00,-1.00,-1.00,-1.00
XPUT 132 -1.00,26.10,9.32,29.83,13.05,-1.00,-1.00,11.18,18.64,186.41,-1.00,-1.00,-1.00,-1.00,-1.00
XPUT 133 -1.00,26.73,9.22,31.34,12.91,-1.00,-1.00,11.06,18.44,189.90,-1.00,-1.00,-1.00,-1.00,-1.00
XPUT 134 -1.00,26.44,9.12,31.91,12.77,-1.00,-1.00,10.94,18.24,193.30,-1.00,-1.00,-1.00,-1.00,-1.00
XPUT 135 -1.00,28.86,9.02,31.57,12.63,-1.00,-1.00,10.82,18.04,191.22,-1.00,-1.00,-1.00,-1.00,-1.00
XPUT 136 -1.00,30.34,8.92,31.23,13.39,-1.00,-1.00,10.71,17.85,194.54,-1.00,-1.00,-1.00,-1.00,-1.00
XPUT 137 -1.00,30.91,8.83,34.44,13.25,-1.00,-1.00,10.60,18.54,195.15,-1.00,-1.00,-1.00,-1.00,-1.00
XPUT 138 -1.00,34.08,10.49,34.08,13.11,-1.00,-1.00,12.23,18.35,196.61,-1.00,-1.00,-1.00,-1.00,-1.00
XPUT 139 -1.00,33.73,10.38,33.73,12.97,-1.00,-1.00,12.11,18.16,199.77,-1.00,-1.00,-1.00,-1.00,-1.00
XPUT 140 -1.00,36.81,10.27,34.24,14.55,-1.00,-1.00,11.98,19.69,200.30,-1.00,-1.00,-1.00,-1.00,-1.00
XPUT 141 -1.00,38.13,10.17,33.89,14.40,-1.00,-1.00,11.86,19.49,200.82,-1.00,-1.00,-1.00,-1.00,-1.00
XPUT 142 -1.00,37.75,10.07,33.55,14.26,-1.00,-1.00,11.74,20.97,203.84,-1.00,-1.00,-1.00,-1.00,-1.00
XPUT 143 -1.00,38.21,11.63,34.88,14.12,-1.00,-1.00,11.63,20.76,201.82,-1.00,-1.00,-1.00,-1.00,-1.00
XPUT 144 -1.00,37.83,11.51,35.36,13.98,-1.00,-1.00,11.51,20.56,205.60,-1.00,-1.00,-1.00,-1.00,-1.00
XPUT 145 -1.00,40.72,12.22,36.65,13.85,-1.00,-1.00,11.40,21.18,206.86,-1.00,-1.00,-1.00,-1.00,-1.00
XPUT 146 -1.00,41.14,12.10,37.10,13.71,-1.00,-1.00,11.29,20.97,204.88,-1.00,-1.00,-1.00,-1.00,-1.00
XPUT 147 -1.00,40.74,13.58,36.75,13.58,-1.00,-1.00,11.18,22.37,207.72,-1.00,-1.00,-1.00,-1.00,-1.00
XPUT 148 -1.00,42.73,13.45,37.99,13.45,-1.00,-1.00,11.08,22.16,205.76,-1.00,-1.00,-1.00,-1.00,-1.00
XPUT 149 -1.00,43.90,13.33,39.98,13.33,-1.00,-1.00,13.33,21.95,209.32,-1.00,-1.00,-1.00,-1.00,-1.00
XPUT 150 -1.00,43.50,13.98,41.17,13.20,-1.00,-1.00,13.20,22.52,212.05,-1.00,-1.00,-1.00,-1.00,-1.00
XPUT 151 -1.00,45.41,13.85,43.87,13.08,-1.00,-1.00,13.08,22.32,212.41,-1.00,-1.00,-1.00,-1.00,-1.00
XPUT 152 -1.00,45.76,15.25,43.47,12.96,-1.00,-1.00,12.96,23.64,212.77,-1.00,-1.00,-1.00,-1.00,-1.00
XPUT 153 -1.00,48.37,15.11,43.08,13.60,-1.00,-1.00,12.85,23.43,215.38,-1.00,-1.00,-1.00,-1.00,-1.00
XPUT 154 -1.00,48.68,15.73,42.69,13.48,-1.00,-1.00,12.73,23.22,217.21,-1.00,-1.00,-1.00,-1.00,-1.00
XPUT 155 -1.00,50.48,15.59,42.31,13.36,-1.00,-1.00,13.36,23.76,216.77,-1.00,-1.00,-1.00,-1.00,-1.00
XPUT 156 -1.00,51.51,16.92,41.94,13.25,-1.00,-1.00,13.25,23.55,214.87,-1.00,-1.00,-1.00,-1.00,-1.00
XPUT 157 -1.00,53.25,16.78,41.58,13.13,-1.00,-1.00,13.13,23.34,217.37,-1.00,-1.00,-1.00,-1.00,-1.00
XPUT 158 -1.00,52.79,18.08,41.22,13.02,-1.00,-1.00,14.46,24.59,215.50,-1.00,-1.00,-1.00,-1.00,-1.00
XPUT 159 -1.00,56.64,17.92,40.87,12.91,-1.00,-1.00,14.34,24.38,213.66,-1.00,-1.00,-1.00,-1.00,-1.00
XPUT 160 -1.00,56.16,18.48,40.52,12.80,-1.00,-1.00,14.22,24.17,211.85,-1.00,-1.00,-1.00,-1.00,-1.00
XPUT 161 -1.00,55.69,18.33,40.18,12.69,-1.00,-1.00,14.80,24.67,210.07,-1.00,-1.00,-1.00,-1.00,-1.00
XPUT 162 -1.00,55.23,18.18,39.85,12.58,-1.00,-1.00,14.68,24.47,209.72,-1.00,-1.00,-1.00,-1.00,-1.00
XPUT 163 -1.00,54.77,18.03,39.52,13.87,-1.00,-1.00,14.56,24.26,207.98,-1.00,-1.00,-1.00,-1.00,-1.00
XPUT 164 -1.00,54.32,17.88,39.19,13.75,-1.00,-1.00,14.44,25.44,206.28,-1.00,-1.00,-1.00,-1.00,-1.00
XPUT 165 -1.00,55.24,19.10,38.87,13.64,-1.00,-1.00,15.69,25.23,205.28,-1.00,-1.00,-1.00,-1.00,-1.00
XPUT 166 -1.00,54.80,18.94,38.56,14.21,-1.00,-1.00,15.56,25.03,205.66,-1.00,-1.00,-1.00,-1.00,-1.00
XPUT 167 -1.00,55.03,19.46,38.25,14.09,-1.00,-1.00,15.44,24.83,204.01,-1.00,-1.00,-1.00,-1.00,-1.00
XPUT 168 -1.00,54.59,20.64,37.95,13.98,-1.00,-1.00,16.64,25.96,204.39,-1.00,-1.00,-1.00,-1.00,-1.00
XPUT 169 -1.00,55.48,21.14,37.65,13.87,-1.00,-1.00,16.51,25.76,206.08,-1.00,-1.00,-1.00,-1.00,-1.00
XPUT 170 -1.00,55.05,22.28,37.36,15.07,-1.00,-1.00,16.38,25.56,208.40,-1.00,-1.00,-1.00,-1.00,-1.00
XPUT 171 -1.00,56.57,22.76,37.07,14.96,-1.00,-1.00,16.26,25.36,206.79,-1.00,-1.00,-1.00,-1.00,-1.00
XPUT 172 -1.00,56.14,23.88,36.78,14.84,-1.00,-1.00,16.13,25.17,209.72,-1.00,-1.00,-1.00,-1.00,-1.00
XPUT 173 -1.00,57.63,24.97,36.50,14.73,-1.00,-1.00,16.01,24.97,211.96,-1.00,-1.00,-1.00,-1.00,-1.00
XPUT 174 -1.00,57.20,24.78,36.22,15.89,-1.00,-1.00,15.89,25.42,210.35,-1.00,-1.00,-1.00,-1.00,-1.00
XPUT 175 -1.00,60.55,26.49,35.95,15.77,-1.00,-1.00,15.77,25.23,212.55,-1.00,-1.00,-1.00,-1.00,-1.00
XPUT 176 -1.00,62.60,26.29,35.68,15.65,-1.00,-1.00,15.65,25.04,214.72,-1.00,-1.00,-1.00,-1.00,-1.00
XPUT 177 -1.00,64.00,26.72,35.42,15.53,-1.00,-1.00,15.53,24.86,216.24,-1.00,-1.00,-1.00,-1.00,-1.00
XPUT 178 -1.00,65.38,27.76,35.16,15.42,-1.00,-1.00,15.42,24.67,214.65,-1.00,-1.00,-1.00,-1.00,-1.00
XPUT 179 -1.00,66.74,28.17,34.90,15.31,-1.00,-1.00,15.92,25.72,216.76,-1.00,-1.00,-1.00,-1.00,-1.00
XPUT 180 -1.00,68.08,29.18,34.65,15.20,-1.00,-1.00,15.80,25.53,218.83,-1.00,-1.00,-1.00,-1.00,-1.00
XPUT 181 -1.00,69.40,30.78,34.40,15.09,-1.00,-1.00,15.69,25.35,217.26,-1.00,-1.00,-1.00,-1.00,-1.00
XPUT 182 -1.00,70.10,30.56,35.35,14.98,-1.00,-1.00,16.78,25.17,216.91,-1.00,-1.00,-1.00,-1.00,-1.00
XPUT 183 -1.00,71.99,31.53,35.10,15.47,-1.00,-1.00,16.66,25.58,218.94,-1.00,-1.00,-1.00,-1.00,-1.00
XPUT 184 -1.00,72.66,31.90,35.44,16.54,-1.00,-1.00,16.54,25.40,217.39,-1.00,-1.00,-1.00,-1.00,-1.00
XPUT 185 -1.00,73.91,31.68,35.20,16.43,-1.00,-1.00,16.43,25.22,215.87,-1.00,-1.00,-1.00,-1.00,-1.00
XPUT 186 -1.00,75.15,33.20,34.95,16.89,-1.00,-1.00,16.31,26.21,214.38,-1.00,-1.00,-1.00,-1.00,-1.00
XPUT 187 -1.00,75.79,34.13,35.87,16.78,-1.00,-1.00,16.20,26.03,214.05,-1.00,-1.00,-1.00,-1.00,-1.00
XPUT 188 -1.00,75.27,34.47,35.62,16.66,-1.00,-1.00,17.81,25.86,212.59,-1.00,-1.00,-1.00,-1.00,-1.00
XPUT 189 -1.00,78.18,35.38,36.52,16.55,-1.00,-1.00,17.69,26.25,211.14,-1.00,-1.00,-1.00,-1.00,-1.00
XPUT 190 -1.00,78.78,36.28,36.28,16.44,-1.00,-1.00,17.57,26.07,209.72,-1.00,-1.00,-1.00,-1.00,-1.00
XPUT 191 -1.00,78.26,36.59,36.03,16.33,-1.00,-1.00,17.45,25.90,208.31,-1.00,-1.00,-1.00,-1.00,-1.00
XPUT 192 -1.00,78.29,36.35,36.35,16.22,-1.00,-1.00,17.90,26.84,206.92,-1.00,-1.00,-1.00,-1.00,-1.00
XPUT 193 -1.00,77.78,37.22,36.11,16.11,-1.00,-1.00,17.78,26.67,205.55,-1.00,-1.00,-1.00,-1.00,-1.00
XPUT 194 -1.00,78.92,37.53,35.87,16.00,-1.00,-1.00,17.66,26.49,204.75,-1.00,-1.00,-1.00,-1.00,-1.00
XPUT 195 -1.00,80.05,38.38,38.38,15.90,-1.00,-1.00,17.54,27.41,203.41,-1.00,-1.00,-1.00,-1.00,-1.00
XPUT 196 -1.00,80.62,38.13,38.13,15.80,-1.00,-1.00,18.52,27.78,202.09,-1.00,-1.00,-1.00,-1.00,-1.00
XPUT 197 -1.00,81.72,38.43,39.51,15.69,-1.00,-1.00,18.40,27.60,200.79,-1.00,-1.00,-1.00,-1.00,-1.00
XPUT 198 -1.00,82.81,38.18,39.25,15.59,-1.00,-1.00,18.28,28.50,200.57,-1.00,-1.00,-1.00,-1.00,-1.00
XPUT 199 -1.00,83.89,39.00,39.00,15.49,-1.00,-1.00,19.77,28.32,199.30,-1.00,-1.00,-1.00,-1.00,-1.00
XPUT 200 -1.00,86.01,39.82,39.82,15.40,-1.00,-1.00,19.64,28.14,198.03,-1.00,-1.00,-1.00,-1.00,-1.00
XPUT 201 -1.00,86.52,40.10,39.57,15.30,-1.00,-1.00,19.52,28.49,196.79,-1.00,-1.00,-1.00,-1.00,-1.00
XPUT 202 -1.00,88.08,40.89,40.89,15.20,-1.00,-1.00,20.45,28.31,196.61,-1.00,-1.00,-1.00,-1.00,-1.00
XPUT 203 -1.00,88.58,41.16,40.64,15.11,-1.00,-1.00,20.32,29.18,195.39,-1.00,-1.00,-1.00,-1.00,-1.00
XPUT 204 -1.00,89.58,41.94,40.39,15.02,-1.00,-1.00,20.19,29.00,194.18,-1.00,-1.00,-1.00,-1.00,-1.00
XPUT 205 -1.00,90.06,43.23,40.66,14.92,-1.00,-1.00,20.59,29.33,192.99,-1.00,-1.00,-1.00,-1.00,-1.00
XPUT 206 -1.00,91.05,43.48,40.41,15.86,-1.00,-1.00,21.48,30.18,191.81,-1.00,-1.00,-1.00,-1.00,-1.00
XPUT 207 -1.00,92.02,44.23,40.16,15.76,-1.00,-1.00,21.35,30.00,190.65,-1.00,-1.00,-1.00,-1.00,-1.00
XPUT 208 -1.00,92.98,45.48,39.92,15.67,-1.00,-1.00,21.22,30.32,189.50,-1.00,-1.00,-1.00,-1.00,-1.00
XPUT 209 -1.00,94.94,45.21,39.68,15.57,-1.00,-1.00,21.60,30.14,188.87,-1.00,-1.00,-1.00,-1.00,-1.00
XPUT 210 -1.00,95.87,45.94,39.45,15.48,-1.00,-1.00,21.47,30.96,188.74,-1.00,-1.00,-1.00,-1.00,-1.00
XPUT 211 -1.00,97.29,47.15,39.21,15.39,-1.00,-1.00,21.34,31.77,188.12,-1.00,-1.00,-1.00,-1.00,-1.00
XPUT 212 -1.00,97.70,47.37,38.98,15.30,-1.00,-1.00,21.22,32.07,187.02,-1.00,-1.00,-1.00,-1.00,-1.00
XPUT 213 -1.00,100.07,48.08,38.75,15.21,-1.00,-1.00,21.09,31.89,186.90,-1.00,-1.00,-1.00,-1.00,-1.00
XPUT 214 -1.00,100.96,48.77,39.50,15.12,-1.00,-1.00,20.97,32.68,186.31,-1.00,-1.00,-1.00,-1.00,-1.00
XPUT 215 -1.00,102.80,48.97,39.28,15.03,-1.00,-1.00,20.85,32.97,186.68,-1.00,-1.00,-1.00,-1.00,-1.00
XPUT 216 -1.00,103.17,48.69,40.50,14.95,-1.00,-1.00,20.73,32.78,185.61,-1.00,-1.00,-1.00,-1.00,-1.00
XPUT 217 -1.00,102.58,49.37,40.27,14.86,-1.00,-1.00,20.61,33.55,186.95,-1.00,-1.00,-1.00,-1.00,-1.00
XPUT 218 -1.00,104.86,49.57,41.47,15.25,-1.00,-1.00,20.49,33.36,185.88,-1.00,-1.00,-1.00,-1.00,-1.00
XPUT 219 -1.00,104.27,50.24,41.23,15.17,-1.00,-1.00,20.38,33.65,187.68,-1.00,-1.00,-1.00,-1.00,-1.00
XPUT 220 -1.00,103.68,50.43,41.00,15.08,-1.00,-1.00,20.26,33.46,187.57,-1.00,-1.00,-1.00,-1.00,-1.00
XPUT 221 -1.00,103.10,51.55,40.77,15.00,-1.00,-1.00,20.15,33.27,186.52,-1.00,-1.00,-1.00,-1.00,-1.00
XPUT 222 -1.00,102.99,53.13,40.54,15.85,-1.00,-1.00,20.04,34.95,185.48,-1.00,-1.00,-1.00,-1.00,-1.00
XPUT 223 -1.00,102.42,54.22,40.32,15.76,-1.00,-1.00,19.93,34.76,185.38,-1.00,-1.00,-1.00,-1.00,-1.00
XPUT 224 -1.00,101.86,55.77,40.10,15.67,-1.00,-1.00,19.82,35.03,184.83,-1.00,-1.00,-1.00,-1.00,-1.00
XPUT 225 -1.00,102.22,57.76,39.88,15.59,-1.00,-1.00,19.71,34.84,184.73,-1.00,-1.00,-1.00,-1.00,-1.00
XPUT 226 -1.00,101.67,57.44,39.66,15.50,-1.00,-1.00,19.60,35.56,184.18,-1.00,-1.00,-1.00,-1.00,-1.00
XPUT 227 -1.00,102.02,58.49,39.45,15.87,-1.00,-1.00,19.50,35.82,184.55,-1.00,-1.00,-1.00,-1.00,-1.00
XPUT 228 -1.00,102.83,58.18,39.24,15.79,-1.00,-1.00,20.30,36.53,184.91,-1.00,-1.00,-1.00,-1.00,-1.00
XPUT 229 -1.00,102.73,60.11,39.03,15.70,-1.00,-1.00,20.19,36.34,185.72,-1.00,-1.00,-1.00,-1.00,-1.00
XPUT 230 -1.00,102.18,59.79,38.82,15.62,-1.00,-1.00,20.08,36.59,185.17,-1.00,-1.00,-1.00,-1.00,-1.00
XPUT 231 -1.00,102.97,61.69,38.61,15.53,-1.00,-1.00,20.42,37.73,186.86,-1.00,-1.00,-1.00,-1.00,-1.00
XPUT 232 -1.00,103.31,61.37,38.41,16.34,-1.00,-1.00,21.19,37.53,185.87,-1.00,-1.00,-1.00,-1.00,-1.00
XPUT 233 -1.00,103.21,61.49,39.09,17.13,-1.00,-1.00,21.08,38.21,185.78,-1.00,-1.00,-1.00,-1.00,-1.00
XPUT 234 -1.00,104.42,61.17,38.88,17.04,-1.00,-1.00,20.97,38.01,186.12,-1.00,-1.00,-1.00,-1.00,-1.00
XPUT 235 -1.00,105.18,61.72,39.99,16.95,-1.00,-1.00,22.17,39.12,186.46,-1.00,-1.00,-1.00,-1.00,-1.00
XPUT 236 -1.00,106.37,61.40,39.78,17.30,-1.00,-1.00,22.05,39.78,187.66,-1.00,-1.00,-1.00,-1.00,-1.00
XPUT 237 -1.00,107.55,61.52,40.87,18.07,-1.00,-1.00,21.94,40.01,186.70,-1.00,-1.00,-1.00,-1.00,-1.00
XPUT 238 -1.00,108.71,61.20,40.66,17.98,-1.00,-1.00,23.11,40.66,187.89,-1.00,-1.00,-1.00,-1.00,-1.00
XPUT 239 -1.00,109.01,61.74,40.45,17.88,-1.00,-1.00,22.99,40.45,188.64,-1.00,-1.00,-1.00,-1.00,-1.00
XPUT 240 -1.00,111.00,61.43,40.67,18.22,-1.00,-1.00,22.88,40.25,190.65,-1.00,-1.00,-1.00,-1.00,-1.00
XPUT 241 -1.00,111.29,61.54,40.47,18.13,-1.00,-1.00,24.03,40.47,191.38,-1.00,-1.00,-1.00,-1.00,-1.00
XPUT 242 -1.00,112.41,62.08,42.36,18.04,-1.00,-1.00,23.91,40.27,192.94,-1.00,-1.00,-1.00,-1.00,-1.00
XPUT 243 -1.00,113.10,62.60,42.15,17.95,-1.00,-1.00,23.79,40.90,194.06,-1.00,-1.00,-1.00,-1.00,-1.00
XPUT 244 -1.00,112.54,62.29,43.19,17.86,-1.00,-1.00,24.50,40.70,193.10,-1.00,-1.00,-1.00,-1.00,-1.00
XPUT 245 -1.00,114.88,62.40,42.98,19.01,-1.00,-1.00,26.45,40.50,194.63,-1.00,-1.00,-1.00,-1.00,-1.00
XPUT 246 -1.00,114.32,62.91,42.77,19.74,-1.00,-1.00,26.32,41.12,193.68,-1.00,-1.00,-1.00,-1.00,-1.00
XPUT 247 -1.00,113.76,63.02,42.56,20.46,-1.00,-1.00,26.19,41.33,193.55,-1.00,-1.00,-1.00,-1.00,-1.00
XPUT 248 -1.00,113.21,63.93,42.35,20.77,-1.00,-1.00,27.69,41.13,192.61,-1.00,-1.00,-1.00,-1.00,-1.00
XPUT 249 -1.00,113.06,64.84,42.15,21.48,-1.00,-1.00,27.56,41.74,192.49,-1.00,-1.00,-1.00,-1.00,-1.00
XPUT 250 -1.00,112.52,65.33,41.94,21.37,-1.00,-1.00,28.23,41.54,192.78,-1.00,-1.00,-1.00,-1.00,-1.00
XPUT 251 -1.00,111.98,67.03,41.74,21.27,-1.00,-1.00,29.30,41.74,191.85,-1.00,-1.00,-1.00,-1.00,-1.00
XPUT 252 -1.00,112.25,67.91,41.54,21.17,-1.00,-1.00,29.16,42.34,192.14,-1.00,-1.00,-1.00,-1.00,-1.00
XPUT 253 -1.00,111.72,67.98,41.35,21.07,-1.00,-1.00,29.82,42.14,191.23,-1.00,-1.00,-1.00,-1.00,-1.00
XPUT 254 -1.00,111.58,69.25,41.15,22.16,-1.00,-1.00,30.07,41.94,190.33,-1.00,-1.00,-1.00,-1.00,-1.00
XPUT 255 -1.00,111.85,68.92,40.96,23.63,-1.00,-1.00,31.11,42.14,191.80,-1.00,-1.00,-1.00,-1.00,-1.00
XPUT 256 -1.00,111.72,68.99,40.77,23.52,-1.00,-1.00,30.97,41.94,191.68,-1.00,-1.00,-1.00,-1.00,-1.00
XPUT 257 -1.00,113.15,69.84,40.58,24.19,-1.00,-1.00,31.60,42.53,191.18,-1.00,-1.00,-1.00,-1.00,-1.00
XPUT 258 -1.00,113.79,71.46,40.39,24.08,-1.00,-1.00,31.85,42.72,191.07,-1.00,-1.00,-1.00,-1.00,-1.00
XPUT 259 -1.00,114.04,72.29,40.20,23.97,-1.00,-1.00,31.70,43.30,191.35,-1.00,-1.00,-1.00,-1.00,-1.00
XPUT 260 -1.00,115.82,72.73,40.02,24.63,-1.00,-1.00,32.32,44.25,191.63,-1.00,-1.00,-1.00,-1.00,-1.00
XPUT 261 -1.00,116.44,72.39,39.84,25.66,-1.00,-1.00,33.32,44.82,194.20,-1.00,-1.00,-1.00,-1.00,-1.00
XPUT 262 -1.00,117.06,72.07,39.66,26.69,-1.00,-1.00,33.17,45.76,194.46,-1.00,-1.00,-1.00,-1.00,-1.00
XPUT 263 -1.00,117.67,71.74,40.23,27.71,-1.00,-1.00,33.02,45.93,195.48,-1.00,-1.00,-1.00,-1.00,-1.00
XPUT 264 -1.00,117.14,71.42,40.05,27.58,-1.00,-1.00,34.01,46.48,196.49,-1.00,-1.00,-1.00,-1.00,-1.00
XPUT 265 -1.00,119.25,71.10,41.00,27.46,-1.00,-1.00,34.98,47.40,197.87,-1.00,-1.00,-1.00,-1.00,-1.00
XPUT 266 -1.00,118.71,72.28,40.82,27.34,-1.00,-1.00,34.83,47.93,199.23,-1.00,-1.00,-1.00,-1.00,-1.00
XPUT 267 -1.00,118.56,72.70,40.64,27.22,-1.00,-1.00,35.79,48.09,200.21,-1.00,-1.00,-1.00,-1.00,-1.00
XPUT 268 -1.00,118.03,72.75,42.31,27.10,-1.00,-1.00,37.12,48.62,201.55,-1.00,-1.00,-1.00,-1.00,-1.00
XPUT 269 -1.00,117.51,73.91,42.13,26.98,-1.00,-1.00,36.95,48.41,201.40,-1.00,-1.00,-1.00,-1.00,-1.00
XPUT 270 -1.00,117.00,73.95,42.31,26.86,-1.00,-1.00,37.16,48.57,203.46,-1.00,-1.00,-1.00,-1.00,-1.00
XPUT 271 -1.00,117.22,74.73,42.13,26.74,-1.00,-1.00,37.00,49.09,204.77,-1.00,-1.00,-1.00,-1.00,-1.00
XPUT 272 -1.00,117.08,75.50,43.04,26.62,-1.00,-1.00,37.57,48.87,204.97,-1.00,-1.00,-1.00,-1.00,-1.00
XPUT 273 -1.00,117.30,75.90,42.85,26.51,-1.00,-1.00,37.40,48.66,206.27,-1.00,-1.00,-1.00,-1.00,-1.00
XPUT 274 -1.00,117.51,77.38,42.67,27.12,-1.00,-1.00,37.24,48.81,205.38,-1.00,-1.00,-1.00,-1.00,-1.00
XPUT 275 -1.00,117.37,77.05,42.48,27.36,-1.00,-1.00,39.24,49.32,207.02,-1.00,-1.00,-1.00,-1.00,-1.00
XPUT 276 -1.00,117.94,77.79,43.02,28.32,-1.00,-1.00,39.08,49.11,206.49,-1.00,-1.00,-1.00,-1.00,-1.00
XPUT 277 -1.00,118.51,77.82,42.84,29.27,-1.00,-1.00,38.91,49.62,205.61,-1.00,-1.00,-1.00,-1.00,-1.00
XPUT 278 -1.00,118.01,78.20,42.65,30.92,-1.00,-1.00,38.74,49.76,205.45,-1.00,-1.00,-1.00,-1.00,-1.00
XPUT 279 -1.00,119.28,78.22,42.47,30.79,-1.00,-1.00,38.58,49.55,204.58,-1.00,-1.00,-1.00,-1.00,-1.00
XPUT 280 -1.00,120.54,78.60,42.30,30.66,-1.00,-1.00,38.77,50.05,204.08,-1.00,-1.00,-1.00,-1.00,-1.00
XPUT 281 -1.00,120.39,78.97,42.12,30.54,-1.00,-1.00,38.61,50.19,203.92,-1.00,-1.00,-1.00,-1.00,-1.00
XPUT 282 -1.00,121.63,79.69,42.99,30.41,-1.00,-1.00,39.15,51.03,204.47,-1.00,-1.00,-1.00,-1.00,-1.00
XPUT 283 -1.00,122.87,80.41,42.81,30.28,-1.00,-1.00,38.98,51.52,205.36,-1.00,-1.00,-1.00,-1.00,-1.00
XPUT 284 -1.00,122.71,81.11,43.33,30.16,-1.00,-1.00,39.86,52.34,206.25,-1.00,-1.00,-1.00,-1.00,-1.00
XPUT 285 -1.00,123.93,81.12,43.15,30.03,-1.00,-1.00,39.70,52.13,207.47,-1.00,-1.00,-1.00,-1.00,-1.00
XPUT 286 -1.00,124.45,82.51,42.97,29.91,-1.00,-1.00,40.22,53.63,208.68,-1.00,-1.00,-1.00,-1.00,-1.00
XPUT 287 -1.00,124.63,82.86,42.80,29.79,-1.00,-1.00,40.40,53.76,210.23,-1.00,-1.00,-1.00,-1.00,-1.00
XPUT 288 -1.00,126.17,83.89,42.63,29.67,-1.00,-1.00,41.94,54.22,211.42,-1.00,-1.00,-1.00,-1.00,-1.00
XPUT 289 -1.00,125.66,84.23,42.45,29.55,-1.00,-1.00,41.77,54.34,212.26,-1.00,-1.00,-1.00,-1.00,-1.00
XPUT 290 -1.00,125.15,84.90,42.28,29.43,-1.00,-1.00,42.28,54.12,212.42,-1.00,-1.00,-1.00,-1.00,-1.00
XPUT 291 -1.00,124.65,85.23,42.11,29.31,-1.00,-1.00,43.46,55.25,213.59,-1.00,-1.00,-1.00,-1.00,-1.00
XPUT 292 -1.00,124.15,85.90,41.94,29.19,-1.00,-1.00,43.29,55.36,212.74,-1.00,-1.00,-1.00,-1.00,-1.00
XPUT 293 -1.00,123.99,85.89,41.78,29.08,-1.00,-1.00,44.12,55.81,212.22,-1.00,-1.00,-1.00,-1.00,-1.00
XPUT 294 -1.00,123.50,86.55,41.61,28.96,-1.00,-1.00,44.94,55.92,211.38,-1.00,-1.00,-1.00,-1.00,-1.00
XPUT 295 -1.00,123.67,86.87,41.45,28.85,-1.00,-1.00,44.76,55.70,211.87,-1.00,-1.00,-1.00,-1.00,-1.00
XPUT 296 -1.00,123.19,87.52,41.28,28.73,-1.00,-1.00,46.90,56.14,212.03,-1.00,-1.00,-1.00,-1.00,-1.00
XPUT 297 -1.00,123.69,87.83,42.11,28.62,-1.00,-1.00,46.71,56.25,211.52,-1.00,-1.00,-1.00,-1.00,-1.00
XPUT 298 -1.00,124.19,88.47,41.94,29.16,-1.00,-1.00,46.53,56.03,212.34,-1.00,-1.00,-1.00,-1.00,-1.00
XPUT 299 -1.00,124.36,88.46,41.78,29.05,-1.00,-1.00,47.66,56.47,213.14,-1.00,-1.00,-1.00,-1.00,-1.00
XPUT 300 -1.00,125.18,88.76,42.59,29.26,-1.00,-1.00,48.12,56.25,212.64,-1.00,-1.00,-1.00,-1.00,-1.00
XPUT 301 -1.00,126.31,89.07,42.43,30.12,-1.00,-1.00,47.93,56.68,213.76,-1.00,-1.00,-1.00,-1.00,-1.00
XPUT 302 -1.00,125.83,89.05,42.27,30.97,-1.00,-1.00,48.72,56.78,212.94,-1.00,-1.00,-1.00,-1.00,-1.00
XPUT 303 -1.00,126.95,89.35,42.43,30.85,-1.00,-1.00,49.17,57.21,214.38,-1.00,-1.00,-1.00,-1.00,-1.00
XPUT 304 -1.00,126.47,89.97,42.26,32.34,-1.00,-1.00,49.31,56.99,213.56,-1.00,-1.00,-1.00,-1.00,-1.00
XPUT 305 -1.00,126.31,89.63,42.10,33.81,-1.00,-1.00,49.76,57.73,212.75,-1.00,-1.00,-1.00,-1.00,-1.00
XPUT 306 -1.00,125.83,89.61,41.94,33.68,-1.00,-1.00,50.52,57.83,211.94,-1.00,-1.00,-1.00,-1.00,-1.00
XPUT 307 -1.00,125.35,89.27,42.73,33.55,-1.00,-1.00,50.65,57.61,211.46,-1.00,-1.00,-1.00,-1.00,-1.00
XPUT 308 -1.00,124.88,89.88,43.20,35.32,-1.00,-1.00,50.46,58.03,210.66,-1.00,-1.00,-1.00,-1.00,-1.00
XPUT 309 -1.00,125.04,90.80,43.04,35.82,-1.00,-1.00,51.84,58.12,210.81,-1.00,-1.00,-1.00,-1.00,-1.00
XPUT 310 -1.00,125.20,91.40,42.88,35.68,-1.00,-1.00,52.27,58.53,211.28,-1.00,-1.00,-1.00,-1.00,-1.00
XPUT 311 -1.00,125.05,91.37,42.72,35.86,-1.00,-1.00,52.39,58.31,210.81,-1.00,-1.00,-1.00,-1.00,-1.00
XPUT 312 -1.00,124.59,91.65,42.56,36.66,-1.00,-1.00,53.13,58.72,211.58,-1.00,-1.00,-1.00,-1.00,-1.00
XPUT 313 -1.00,125.67,92.24,42.41,37.15,-1.00,-1.00,53.55,58.81,211.11,-1.00,-1.00,-1.00,-1.00,-1.00
XPUT 314 -1.00,125.21,92.83,43.79,37.32,-1.00,-1.00,54.28,58.60,210.33,-1.00,-1.00,-1.00,-1.00,-1.00
XPUT 315 -1.00,125.06,92.49,43.63,38.72,-1.00,-1.00,54.69,58.38,210.48,-1.00,-1.00,-1.00,-1.00,-1.00
XPUT 316 -1.00,125.52,93.07,43.78,39.19,-1.00,-1.00,54.80,58.17,210.94,-1.00,-1.00,-1.00,-1.00,-1.00
XPUT 317 -1.00,125.68,93.34,44.23,39.96,-1.00,-1.00,55.21,58.57,210.17,-1.00,-1.00,-1.00,-1.00,-1.00
XPUT 318 -1.00,125.83,93.31,44.07,40.12,-1.00,-1.00,55.32,58.66,210.32,-1.00,-1.00,-1.00,-1.00,-1.00
XPUT 319 -1.00,126.59,93.88,43.91,39.97,-1.00,-1.00,55.72,58.45,210.78,-1.00,-1.00,-1.00,-1.00,-1.00
XPUT 320 -1.00,127.04,94.75,43.75,39.83,-1.00,-1.00,55.82,58.84,211.22,-1.00,-1.00,-1.00,-1.00,-1.00
XPUT 321 -1.00,128.08,95.31,43.60,39.69,-1.00,-1.00,55.62,59.53,211.67,-1.00,-1.00,-1.00,-1.00,-1.00
XPUT 322 -1.00,129.12,95.87,43.44,39.55,-1.00,-1.00,56.92,59.92,212.71,-1.00,-1.00,-1.00,-1.00,-1.00
XPUT 323 -1.00,129.86,95.83,43.29,39.41,-1.00,-1.00,56.72,59.71,211.95,-1.00,-1.00,-1.00,-1.00,-1.00
XPUT 324 -1.00,130.89,96.97,43.13,39.27,-1.00,-1.00,56.52,59.49,213.28,-1.00,-1.00,-1.00,-1.00,-1.00
XPUT 325 -1.00,132.20,97.22,42.98,39.13,-1.00,-1.00,57.80,60.17,212.53,-1.00,-1.00,-1.00,-1.00,-1.00
XPUT 326 -1.00,132.92,98.06,43.12,39.58,-1.00,-1.00,57.89,60.26,211.78,-1.00,-1.00,-1.00,-1.00,-1.00
XPUT 327 -1.00,134.22,99.19,44.15,40.32,-1.00,-1.00,57.69,60.63,211.33,-1.00,-1.00,-1.00,-1.00,-1.00
XPUT 328 -1.00,134.63,99.43,44.88,41.06,-1.00,-1.00,58.07,60.42,210.60,-1.00,-1.00,-1.00,-1.00,-1.00
XPUT 329 -1.00,135.91,99.96,44.72,42.67,-1.00,-1.00,58.75,60.50,210.45,-1.00,-1.00,-1.00,-1.00,-1.00
XPUT 330 -1.00,135.44,100.49,44.56,43.69,-1.00,-1.00,59.13,60.29,209.72,-1.00,-1.00,-1.00,-1.00,-1.00
XPUT 331 -1.00,134.97,101.59,44.41,43.54,-1.00,-1.00,58.92,60.67,209.86,-1.00,-1.00,-1.00,-1.00,-1.00
XPUT 332 -1.00,134.51,102.11,45.12,43.39,-1.00,-1.00,59.59,60.75,210.00,-1.00,-1.00,-1.00,-1.00,-1.00
XPUT 333 -1.00,134.62,102.05,45.26,43.24,-1.00,-1.00,60.25,61.11,210.72,-1.00,-1.00,-1.00,-1.00,-1.00
XPUT 334 -1.00,134.16,103.42,45.68,43.09,-1.00,-1.00,60.04,61.48,211.73,-1.00,-1.00,-1.00,-1.00,-1.00
XPUT 335 -1.00,134.85,103.64,45.81,42.95,-1.00,-1.00,60.70,61.55,214.15,-1.00,-1.00,-1.00,-1.00,-1.00
XPUT 336 -1.00,135.53,104.71,45.65,42.80,-1.00,-1.00,61.35,61.92,215.14,-1.00,-1.00,-1.00,-1.00,-1.00
XPUT 337 -1.00,136.21,105.21,45.50,42.65,-1.00,-1.00,61.14,61.71,216.11,-1.00,-1.00,-1.00,-1.00,-1.00
XPUT 338 -1.00,137.45,105.14,46.48,42.51,-1.00,-1.00,61.78,61.78,217.37,-1.00,-1.00,-1.00,-1.00,-1.00
XPUT 339 -1.00,137.55,106.20,46.60,42.37,-1.00,-1.00,62.14,61.57,218.33,-1.00,-1.00,-1.00,-1.00,-1.00
XPUT 340 -1.00,138.78,106.41,47.29,42.22,-1.00,-1.00,62.21,61.93,219.29,-1.00,-1.00,-1.00,-1.00,-1.00
XPUT 341 -1.00,139.72,107.17,47.97,42.36,-1.00,-1.00,62.56,61.72,220.24,-1.00,-1.00,-1.00,-1.00,-1.00
XPUT 342 -1.00,139.25,107.37,48.37,42.22,-1.00,-1.00,62.91,61.80,221.46,-1.00,-1.00,-1.00,-1.00,-1.00
XPUT 343 -1.00,139.35,108.41,48.77,42.08,-1.00,-1.00,62.71,61.59,220.72,-1.00,-1.00,-1.00,-1.00,-1.00
XPUT 344 -1.00,138.88,108.89,48.61,42.50,-1.00,-1.00,62.50,61.39,221.10,-1.00,-1.00,-1.00,-1.00,-1.00
XPUT 345 -1.00,138.43,109.36,48.45,42.64,-1.00,-1.00,63.12,61.74,222.31,-1.00,-1.00,-1.00,-1.00,-1.00
XPUT 346 -1.00,138.25,109.00,48.29,42.49,-1.00,-1.00,62.91,61.53,223.24,-1.00,-1.00,-1.00,-1.00,-1.00
XPUT 347 -1.00,137.79,110.01,48.13,43.18,-1.00,-1.00,62.98,61.88,224.15,-1.00,-1.00,-1.00,-1.00,-1.00
XPUT 348 -1.00,138.17,109.66,49.07,43.04,-1.00,-1.00,63.60,61.96,225.07,-1.00,-1.00,-1.00,-1.00,-1.00
XPUT 349 -1.00,138.26,110.39,49.46,43.45,-1.00,-1.00,63.39,61.75,226.25,-1.00,-1.00,-1.00,-1.00,-1.00
XPUT 350 -1.00,137.81,110.58,50.39,44.12,-1.00,-1.00,64.00,61.55,227.15,-1.00,-1.00,-1.00,-1.00,-1.00
XPUT 351 -1.00,138.18,111.03,51.31,45.34,-1.00,-1.00,64.88,61.90,226.41,-1.00,-1.00,-1.00,-1.00,-1.00
XPUT 352 -1.00,138.01,111.49,51.14,45.46,-1.00,-1.00,64.67,61.97,227.30,-1.00,-1.00,-1.00,-1.00,-1.00
XPUT 353 -1.00,138.91,111.13,52.06,45.85,-1.00,-1.00,65.27,62.31,226.57,-1.00,-1.00,-1.00,-1.00,-1.00
XPUT 354 -1.00,139.00,111.58,52.43,45.71,-1.00,-1.00,65.33,62.38,225.85,-1.00,-1.00,-1.00,-1.00,-1.00
XPUT 355 -1.00,139.36,112.03,53.07,45.83,-1.00,-1.00,65.66,62.18,225.66,-1.00,-1.00,-1.00,-1.00,-1.00
XPUT 356 -1.00,139.72,111.67,53.43,47.02,-1.00,-1.00,65.72,62.51,224.94,-1.00,-1.00,-1.00,-1.00,-1.00
XPUT 357 -1.00,140.08,111.32,53.26,47.67,-1.00,-1.00,66.58,62.32,225.03,-1.00,-1.00,-1.00,-1.00,-1.00
XPUT 358 -1.00,140.96,111.76,53.09,48.05,-1.00,-1.00,66.63,62.38,224.58,-1.00,-1.00,-1.00,-1.00,-1.00
XPUT 359 -1.00,140.52,112.47,52.92,48.69,-1.00,-1.00,66.95,62.19,223.87,-1.00,-1.00,-1.00,-1.00,-1.00
XPUT 360 -1.00,140.34,112.11,52.76,48.80,-1.00,-1.00,67.00,62.52,224.22,-1.00,-1.00,-1.00,-1.00,-1.00
XPUT 361 -1.00,140.69,112.02,52.59,48.65,-1.00,-1.00,67.32,62.85,224.57,-1.00,-1.00,-1.00,-1.00,-1.00
XPUT 362 -1.00,141.30,112.20,52.43,49.02,-1.00,-1.00,67.90,62.91,223.87,-1.00,-1.00,-1.00,-1.00,-1.00
XPUT 363 -1.00,141.64,112.63,52.53,49.39,-1.00,-1.00,67.95,62.72,224.48,-1.00,-1.00,-1.00,-1.00,-1.00
XPUT 364 -1.00,141.98,112.54,53.15,49.50,-1.00,-1.00,68.26,63.31,225.87,-1.00,-1.00,-1.00,-1.00,-1.00
XPUT 365 -1.00,142.32,112.97,54.54,49.34,-1.00,-1.00,68.04,63.63,225.95,-1.00,-1.00,-1.00,-1.00,-1.00
XPUT 366 -1.00,142.66,113.14,55.41,49.19,-1.00,-1.00,68.61,63.69,226.54,-1.00,-1.00,-1.00,-1.00,-1.00
XPUT 367 -1.00,142.74,113.57,56.01,49.04,-1.00,-1.00,69.17,64.01,227.40,-1.00,-1.00,-1.00,-1.00,-1.00
XPUT 368 -1.00,142.55,113.74,55.84,48.89,-1.00,-1.00,68.96,63.82,227.73,-1.00,-1.00,-1.00,-1.00,-1.00
XPUT 369 -1.00,143.40,113.39,55.67,48.74,-1.00,-1.00,69.52,64.13,227.03,-1.00,-1.00,-1.00,-1.00,-1.00
XPUT 370 -1.00,142.96,113.04,56.27,48.59,-1.00,-1.00,69.82,63.94,228.13,-1.00,-1.00,-1.00,-1.00,-1.00
XPUT 371 -1.00,142.53,114.23,56.09,48.44,-1.00,-1.00,69.61,64.00,228.46,-1.00,-1.00,-1.00,-1.00,-1.00
XPUT 372 -1.00,142.10,113.88,55.92,48.30,-1.00,-1.00,69.91,64.31,227.76,-1.00,-1.00,-1.00,-1.00,-1.00
XPUT 373 -1.00,141.67,113.54,55.76,48.15,-1.00,-1.00,70.45,64.12,228.85,-1.00,-1.00,-1.00,-1.00,-1.00
XPUT 374 -1.00,141.24,113.20,55.59,48.01,-1.00,-1.00,70.49,63.93,228.16,-1.00,-1.00,-1.00,-1.00,-1.00
XPUT 375 -1.00,140.82,112.86,55.42,47.86,-1.00,-1.00,70.79,63.73,228.99,-1.00,-1.00,-1.00,-1.00,-1.00
XPUT 376 -1.00,140.40,112.52,55.25,47.72,-1.00,-1.00,70.83,64.55,229.81,-1.00,-1.00,-1.00,-1.00,-1.00
XPUT 377 -1.00,139.98,112.18,55.34,47.58,-1.00,-1.00,71.12,64.35,230.62,-1.00,-1.00,-1.00,-1.00,-1.00
XPUT 378 -1.00,139.56,111.85,55.67,47.44,-1.00,-1.00,71.65,64.91,231.69,-1.00,-1.00,-1.00,-1.00,-1.00
XPUT 379 -1.00,139.15,111.52,55.51,47.29,-1.00,-1.00,71.94,65.22,232.49,-1.00,-1.00,-1.00,-1.00,-1.00
XPUT 380 -1.00,138.73,111.68,55.84,47.15,-1.00,-1.00,71.97,65.52,233.04,-1.00,-1.00,-1.00,-1.00,-1.00
XPUT 381 -1.00,138.33,111.60,55.92,47.02,-1.00,-1.00,72.26,65.33,233.84,-1.00,-1.00,-1.00,-1.00,-1.00
XPUT 382 -1.00,137.92,111.77,55.76,46.88,-1.00,-1.00,72.78,65.38,234.63,-1.00,-1.00,-1.00,-1.00,-1.00
XPUT 383 -1.00,137.51,111.44,56.33,46.74,-1.00,-1.00,72.57,65.68,233.95,-1.00,-1.00,-1.00,-1.00,-1.00
XPUT 384 -1.00,137.11,112.09,56.17,46.60,-1.00,-1.00,72.60,66.23,234.73,-1.00,-1.00,-1.00,-1.00,-1.00
XPUT 385 -1.00,136.71,112.26,56.74,46.47,-1.00,-1.00,73.37,66.03,235.76,-1.00,-1.00,-1.00,-1.00,-1.00
XPUT 386 -1.00,136.31,112.66,56.57,46.33,-1.00,-1.00,73.40,66.08,236.54,-1.00,-1.00,-1.00,-1.00,-1.00
XPUT 387 -1.00,135.92,112.82,56.90,46.20,-1.00,-1.00,73.19,65.89,237.31,-1.00,-1.00,-1.00,-1.00,-1.00
XPUT 388 -1.00,135.53,113.22,56.97,46.55,-1.00,-1.00,73.70,66.19,237.35,-1.00,-1.00,-1.00,-1.00,-1.00
XPUT 389 -1.00,135.14,113.86,57.29,46.66,-1.00,-1.00,73.97,66.48,237.40,-1.00,-1.00,-1.00,-1.00,-1.00
XPUT 390 -1.00,134.75,114.02,58.33,46.52,-1.00,-1.00,73.76,66.29,238.40,-1.00,-1.00,-1.00,-1.00,-1.00
XPUT 391 -1.00,134.36,114.41,58.41,46.39,-1.00,-1.00,73.79,66.34,238.68,-1.00,-1.00,-1.00,-1.00,-1.00
XPUT 392 -1.00,133.98,114.56,59.44,46.74,-1.00,-1.00,73.58,66.15,239.67,-1.00,-1.00,-1.00,-1.00,-1.00
XPUT 393 -1.00,133.60,114.24,59.99,46.84,-1.00,-1.00,73.85,66.68,240.43,-1.00,-1.00,-1.00,-1.00,-1.00
XPUT 394 -1.00,133.22,115.34,60.29,47.66,-1.00,-1.00,73.88,66.49,241.17,-1.00,-1.00,-1.00,-1.00,-1.00
XPUT 395 -1.00,132.84,115.02,61.07,47.77,-1.00,-1.00,74.14,66.78,240.96,-1.00,-1.00,-1.00,-1.00,-1.00
XPUT 396 -1.00,132.46,114.69,61.37,48.82,-1.00,-1.00,73.93,66.82,240.28,-1.00,-1.00,-1.00,-1.00,-1.00
XPUT 397 -1.00,132.09,114.60,62.38,49.62,-1.00,-1.00,74.20,67.11,239.61,-1.00,-1.00,-1.00,-1.00,-1.00
XPUT 398 -1.00,131.72,114.28,62.44,51.13,-1.00,-1.00,73.99,67.16,238.93,-1.00,-1.00,-1.00,-1.00,-1.00
XPUT 399 -1.00,131.35,114.43,63.44,51.69,-1.00,-1.00,73.78,67.91,238.26,-1.00,-1.00,-1.00,-1.00,-1.00
XPUT 400 -1.00,130.98,114.11,63.50,51.55,-1.00,-1.00,73.81,67.95,237.60,-1.00,-1.00,-1.00,-1.00,-1.00
XPUT 401 -1.00,130.62,114.26,64.26,51.41,-1.00,-1.00,74.07,67.76,236.94,-1.00,-1.00,-1.00,-1.00,-1.00
XPUT 402 -1.00,130.26,114.18,65.01,51.26,-1.00,-1.00,73.87,68.97,236.28,-1.00,-1.00,-1.00,-1.00,-1.00
XPUT 403 -1.00,129.90,113.86,65.99,51.35,-1.00,-1.00,73.89,69.25,235.62,-1.00,-1.00,-1.00,-1.00,-1.00
XPUT 404 -1.00,129.54,114.24,66.04,51.68,-1.00,-1.00,73.69,69.06,235.21,-1.00,-1.00,-1.00,-1.00,-1.00
XPUT 405 -1.00,129.18,114.39,66.79,52.00,-1.00,-1.00,73.95,69.56,235.02,-1.00,-1.00,-1.00,-1.00,-1.00
XPUT 406 -1.00,128.83,114.08,67.52,52.54,-1.00,-1.00,73.75,70.06,235.07,-1.00,-1.00,-1.00,-1.00,-1.00
XPUT 407 -1.00,128.47,115.14,67.34,53.09,-1.00,-1.00,73.54,70.33,235.57,-1.00,-1.00,-1.00,-1.00,-1.00
XPUT 408 -1.00,128.12,115.29,67.61,53.63,-1.00,-1.00,73.34,70.36,236.30,-1.00,-1.00,-1.00,-1.00,-1.00
XPUT 409 -1.00,127.77,114.97,67.43,54.17,-1.00,-1.00,73.37,71.31,238.40,-1.00,-1.00,-1.00,-1.00,-1.00
XPUT 410 -1.00,127.42,114.89,67.93,54.71,-1.00,-1.00,73.17,71.80,239.35,-1.00,-1.00,-1.00,-1.00,-1.00
XPUT 411 -1.00,127.08,115.26,68.20,55.01,-1.00,-1.00,72.97,72.06,238.70,-1.00,-1.00,-1.00,-1.00,-1.00
XPUT 412 -1.00,126.74,115.63,68.92,56.23,-1.00,-1.00,72.78,72.55,239.42,-1.00,-1.00,-1.00,-1.00,-1.00
XPUT 413 -1.00,126.39,115.32,69.19,56.07,-1.00,-1.00,72.58,72.58,239.00,-1.00,-1.00,-1.00,-1.00,-1.00
XPUT 414 -1.00,126.05,116.13,70.36,55.92,-1.00,-1.00,72.84,72.84,239.93,-1.00,-1.00,-1.00,-1.00,-1.00
XPUT 415 -1.00,125.72,116.27,70.17,56.22,-1.00,-1.00,72.64,73.09,239.29,-1.00,-1.00,-1.00,-1.00,-1.00
XPUT 416 -1.00,125.38,116.86,69.98,56.07,-1.00,-1.00,72.45,73.12,238.65,-1.00,-1.00,-1.00,-1.00,-1.00
XPUT 417 -1.00,125.05,116.99,71.14,56.15,-1.00,-1.00,72.70,73.60,238.24,-1.00,-1.00,-1.00,-1.00,-1.00
XPUT 418 -1.00,124.71,117.80,70.95,56.67,-1.00,-1.00,72.51,74.07,237.60,-1.00,-1.00,-1.00,-1.00,-1.00
XPUT 419 -1.00,124.38,118.15,71.20,56.96,-1.00,-1.00,72.32,74.32,237.42,-1.00,-1.00,-1.00,-1.00,-1.00
XPUT 420 -1.00,124.05,118.51,71.01,57.48,-1.00,-1.00,72.35,74.34,237.46,-1.00,-1.00,-1.00,-1.00,-1.00
XPUT 421 -1.00,123.73,119.30,70.83,57.55,-1.00,-1.00,72.16,74.59,237.49,-1.00,-1.00,-1.00,-1.00,-1.00
XPUT 422 -1.00,123.40,119.65,70.64,58.94,-1.00,-1.00,71.97,75.06,237.53,-1.00,-1.00,-1.00,-1.00,-1.00
XPUT 423 -1.00,123.08,119.99,70.68,59.45,-1.00,-1.00,72.22,75.30,237.35,-1.00,-1.00,-1.00,-1.00,-1.00
XPUT 424 -1.00,122.75,120.34,70.49,60.61,-1.00,-1.00,72.03,75.32,237.60,-1.00,-1.00,-1.00,-1.00,-1.00
XPUT 425 -1.00,122.43,120.46,70.74,60.45,-1.00,-1.00,71.84,75.13,237.64,-1.00,-1.00,-1.00,-1.00,-1.00
XPUT 426 -1.00,122.12,120.80,71.00,60.29,-1.00,-1.00,71.65,75.37,238.55,-1.00,-1.00,-1.00,-1.00,-1.00
XPUT 427 -1.00,121.80,120.71,70.81,60.14,-1.00,-1.00,71.68,75.17,237.93,-1.00,-1.00,-1.00,-1.00,-1.00
XPUT 428 -1.00,121.70,121.05,71.28,59.98,-1.00,-1.00,71.50,75.19,237.32,-1.00,-1.00,-1.00,-1.00,-1.00
XPUT 429 -1.00,121.39,121.39,71.10,60.26,-1.00,-1.00,71.31,75.43,236.70,-1.00,-1.00,-1.00,-1.00,-1.00
XPUT 430 -1.00,121.94,121.51,71.78,60.32,-1.00,-1.00,71.13,75.24,236.09,-1.00,-1.00,-1.00,-1.00,-1.00
XPUT 431 -1.00,121.84,121.62,72.03,60.17,-1.00,-1.00,71.38,75.48,235.70,-1.00,-1.00,-1.00,-1.00,-1.00
XPUT 432 -1.00,121.96,121.96,72.49,60.44,-1.00,-1.00,71.20,75.50,235.10,-1.00,-1.00,-1.00,-1.00,-1.00
XPUT 433 -1.00,122.50,121.65,72.94,60.50,-1.00,-1.00,71.01,75.30,234.49,-1.00,-1.00,-1.00,-1.00,-1.00
XPUT 434 -1.00,122.19,121.34,73.40,60.35,-1.00,-1.00,70.83,75.54,234.32,-1.00,-1.00,-1.00,-1.00,-1.00
XPUT 435 -1.00,122.73,121.03,73.85,60.83,-1.00,-1.00,70.87,75.56,234.37,-1.00,-1.00,-1.00,-1.00,-1.00
XPUT 436 -1.00,123.27,122.00,74.09,61.53,-1.00,-1.00,70.69,75.37,233.77,-1.00,-1.00,-1.00,-1.00,-1.00
XPUT 437 -1.00,123.39,121.69,73.90,61.59,-1.00,-1.00,70.51,75.60,233.82,-1.00,-1.00,-1.00,-1.00,-1.00
XPUT 438 -1.00,124.35,121.38,74.14,61.43,-1.00,-1.00,70.75,75.41,233.86,-1.00,-1.00,-1.00,-1.00,-1.00
XPUT 439 -1.00,124.67,121.07,73.95,61.91,-1.00,-1.00,70.57,75.43,233.28,-1.00,-1.00,-1.00,-1.00,-1.00
XPUT 440 -1.00,124.78,120.77,73.77,62.18,-1.00,-1.00,70.40,75.24,233.74,-1.00,-1.00,-1.00,-1.00,-1.00
XPUT 441 -1.00,125.72,120.47,73.58,63.07,-1.00,-1.00,70.22,75.48,234.42,-1.00,-1.00,-1.00,-1.00,-1.00
XPUT 442 -1.00,126.04,120.17,73.40,63.54,-1.00,-1.00,70.25,75.29,234.88,-1.00,-1.00,-1.00,-1.00,-1.00
XPUT 443 -1.00,126.35,120.29,73.22,63.39,-1.00,-1.00,70.08,75.10,234.30,-1.00,-1.00,-1.00,-1.00,-1.00
XPUT 444 -1.00,127.08,119.99,73.04,64.48,-1.00,-1.00,69.91,75.12,234.96,-1.00,-1.00,-1.00,-1.00,-1.00
XPUT 445 -1.00,126.97,119.69,72.85,64.32,-1.00,-1.00,70.15,75.35,234.38,-1.00,-1.00,-1.00,-1.00,-1.00
XPUT 446 -1.00,127.07,120.02,72.67,64.16,-1.00,-1.00,70.39,75.17,235.05,-1.00,-1.00,-1.00,-1.00,-1.00
XPUT 447 -1.00,127.80,119.72,72.49,64.00,-1.00,-1.00,70.22,75.39,235.92,-1.00,-1.00,-1.00,-1.00,-1.00
XPUT 448 -1.00,127.48,119.42,72.32,64.05,-1.00,-1.00,70.04,75.21,235.34,-1.00,-1.00,-1.00,-1.00,-1.00
XPUT 449 -1.00,128.41,119.96,72.14,64.31,-1.00,-1.00,70.49,75.23,235.99,-1.00,-1.00,-1.00,-1.00,-1.00
XPUT 450 -1.00,128.09,119.66,71.96,64.56,-1.00,-1.00,70.52,75.05,236.44,-1.00,-1.00,-1.00,-1.00,-1.00
XPUT 451 -1.00,128.80,119.37,71.79,65.02,-1.00,-1.00,70.35,75.27,236.48,-1.00,-1.00,-1.00,-1.00,-1.00
XPUT 452 -1.00,129.31,119.49,71.61,65.47,-1.00,-1.00,70.18,75.09,236.52,-1.00,-1.00,-1.00,-1.00,-1.00
XPUT 453 -1.00,129.61,119.20,71.44,65.52,-1.00,-1.00,70.01,74.91,237.17,-1.00,-1.00,-1.00,-1.00,-1.00
XPUT 454 -1.00,130.31,118.91,71.26,66.38,-1.00,-1.00,69.84,74.93,237.81,-1.00,-1.00,-1.00,-1.00,-1.00
XPUT 455 -1.00,130.40,119.84,71.09,66.22,-1.00,-1.00,69.67,74.75,237.24,-1.00,-1.00,-1.00,-1.00,-1.00
XPUT 456 -1.00,130.69,119.55,70.92,67.07,-1.00,-1.00,69.50,74.57,238.08,-1.00,-1.00,-1.00,-1.00,-1.00
XPUT 457 -1.00,130.98,119.26,70.75,66.91,-1.00,-1.00,69.33,74.79,238.72,-1.00,-1.00,-1.00,-1.00,-1.00
XPUT 458 -1.00,131.68,118.97,70.58,66.95,-1.00,-1.00,69.17,74.61,238.15,-1.00,-1.00,-1.00,-1.00,-1.00
XPUT 459 -1.00,131.96,118.69,70.41,67.79,-1.00,-1.00,69.00,74.43,238.78,-1.00,-1.00,-1.00,-1.00,-1.00
XPUT 460 -1.00,132.25,118.40,70.24,67.63,-1.00,-1.00,68.83,74.45,239.42,-1.00,-1.00,-1.00,-1.00,-1.00
XPUT 461 -1.00,132.94,118.52,70.07,67.47,-1.00,-1.00,68.67,74.28,238.85,-1.00,-1.00,-1.00,-1.00,-1.00
XPUT 462 -1.00,133.22,118.24,69.91,67.31,-1.00,-1.00,69.11,74.10,239.28,-1.00,-1.00,-1.00,-1.00,-1.00
XPUT 463 -1.00,133.50,117.96,69.74,67.15,-1.00,-1.00,68.94,73.92,239.30,-1.00,-1.00,-1.00,-1.00,-1.00
XPUT 464 -1.00,134.18,117.68,69.57,67.39,-1.00,-1.00,68.78,73.75,239.73,-1.00,-1.00,-1.00,-1.00,-1.00
XPUT 465 -1.00,134.46,117.60,69.41,67.23,-1.00,-1.00,69.01,73.57,239.96,-1.00,-1.00,-1.00,-1.00,-1.00
XPUT 466 -1.00,134.73,117.72,69.25,67.07,-1.00,-1.00,69.44,73.40,240.78,-1.00,-1.00,-1.00,-1.00,-1.00
XPUT 467 -1.00,135.20,117.64,69.08,66.91,-1.00,-1.00,69.28,73.23,240.21,-1.00,-1.00,-1.00,-1.00,-1.00
XPUT 468 -1.00,135.67,117.76,68.92,66.75,-1.00,-1.00,69.12,73.06,240.83,-1.00,-1.00,-1.00,-1.00,-1.00
XPUT 469 -1.00,135.95,117.48,68.76,66.60,-1.00,-1.00,68.96,72.88,240.85,-1.00,-1.00,-1.00,-1.00,-1.00
XPUT 470 -1.00,136.41,117.79,68.60,66.64,-1.00,-1.00,68.79,72.71,240.88,-1.00,-1.00,-1.00,-1.00,-1.00
XPUT 471 -1.00,136.88,117.52,68.44,66.48,-1.00,-1.00,68.63,72.94,241.49,-1.00,-1.00,-1.00,-1.00,-1.00
XPUT 472 -1.00,137.34,118.22,68.47,66.72,-1.00,-1.00,68.47,72.77,241.32,-1.00,-1.00,-1.00,-1.00,-1.00
XPUT 473 -1.00,137.99,118.14,68.32,66.56,-1.00,-1.00,68.32,72.60,241.73,-1.00,-1.00,-1.00,-1.00,-1.00
XPUT 474 -1.00,137.87,118.45,68.16,66.60,-1.00,-1.00,68.16,72.43,242.34,-1.00,-1.00,-1.00,-1.00,-1.00
XPUT 475 -1.00,138.52,118.56,68.39,66.84,-1.00,-1.00,68.00,72.26,241.78,-1.00,-1.00,-1.00,-1.00,-1.00
XPUT 476 -1.00,139.17,119.26,68.42,66.68,-1.00,-1.00,67.84,72.10,242.38,-1.00,-1.00,-1.00,-1.00,-1.00
XPUT 477 -1.00,139.42,119.56,68.27,66.72,-1.00,-1.00,67.69,71.93,242.79,-1.00,-1.00,-1.00,-1.00,-1.00
XPUT 478 -1.00,140.07,119.86,68.11,67.34,-1.00,-1.00,67.53,72.15,242.42,-1.00,-1.00,-1.00,-1.00,-1.00
XPUT 479 -1.00,140.51,120.55,68.53,67.19,-1.00,-1.00,67.38,71.98,242.83,-1.00,-1.00,-1.00,-1.00,-1.00
XPUT 480 -1.00,141.53,121.04,69.71,68.18,-1.00,-1.00,68.37,72.97,243.81,-1.00,-1.00,-1.00,-1.00,-1.00
XPUT 481 -1.00,142.36,122.10,70.70,69.17,-1.00,-1.00,68.22,73.57,244.40,-1.00,-1.00,-1.00,-1.00,-1.00
XPUT 482 -1.00,142.03,122.02,71.11,69.40,-1.00,-1.00,68.06,73.40,244.22,-1.00,-1.00,-1.00,-1.00,-1.00
XPUT 483 -1.00,141.90,121.74,71.33,70.00,-1.00,-1.00,67.91,73.23,244.24,-1.00,-1.00,-1.00,-1.00,-1.00
XPUT 484 -1.00,141.58,121.84,71.36,70.22,-1.00,-1.00,67.75,73.45,244.64,-1.00,-1.00,-1.00,-1.00,-1.00
XPUT 485 -1.00,142.02,122.14,71.77,71.01,-1.00,-1.00,67.98,73.66,245.79,-1.00,-1.00,-1.00,-1.00,-1.00
XPUT 486 -1.00,141.89,122.05,72.55,71.04,-1.00,-1.00,67.83,73.68,245.61,-1.00,-1.00,-1.00,-1.00,-1.00
XPUT 487 -1.00,141.95,122.15,72.58,71.26,-1.00,-1.00,67.67,73.52,246.19,-1.00,-1.00,-1.00,-1.00,-1.00
XPUT 488 -1.00,141.82,122.44,73.35,71.10,-1.00,-1.00,67.71,73.35,245.64,-1.00,-1.00,-1.00,-1.00,-1.00
XPUT 489 -1.00,142.06,123.11,73.19,71.50,-1.00,-1.00,67.56,73.56,245.09,-1.00,-1.00,-1.00,-1.00,-1.00
XPUT 490 -1.00,142.12,123.96,73.40,71.34,-1.00,-1.00,67.41,73.40,244.73,-1.00,-1.00,-1.00,-1.00,-1.00
XPUT 491 -1.00,141.99,124.05,73.24,71.18,-1.00,-1.00,67.63,73.24,244.19,-1.00,-1.00,-1.00,-1.00,-1.00
XPUT 492 -1.00,142.05,124.52,73.07,71.58,-1.00,-1.00,67.48,73.26,243.64,-1.00,-1.00,-1.00,-1.00,-1.00
XPUT 493 -1.00,142.10,125.18,72.91,71.42,-1.00,-1.00,67.33,73.10,243.47,-1.00,-1.00,-1.00,-1.00,-1.00
XPUT 494 -1.00,141.98,125.27,72.75,71.45,-1.00,-1.00,67.55,73.31,243.12,-1.00,-1.00,-1.00,-1.00,-1.00
XPUT 495 -1.00,142.03,125.74,72.59,71.29,-1.00,-1.00,67.59,73.15,242.58,-1.00,-1.00,-1.00,-1.00,-1.00
XPUT 496 -1.00,142.27,126.38,72.62,71.51,-1.00,-1.00,67.44,73.17,242.05,-1.00,-1.00,-1.00,-1.00,-1.00
XPUT 497 -1.00,142.15,126.29,72.82,71.35,-1.00,-1.00,67.29,73.38,241.89,-1.00,-1.00,-1.00,-1.00,-1.00
XPUT 498 -1.00,142.20,127.30,72.85,71.19,-1.00,-1.00,67.51,73.58,242.28,-1.00,-1.00,-1.00,-1.00,-1.00
XPUT 499 -1.00,142.26,127.02,73.61,71.40,-1.00,-1.00,67.37,73.42,241.75,-1.00,-1.00,-1.00,-1.00,-1.00
XPUT 500 -1.00,142.50,127.84,73.45,71.25,-1.00,-1.00,67.22,73.45,241.40,-1.00,-1.00,-1.00,-1.00,-1.00
XPUT 501 -1.00,142.19,128.11,74.38,71.64,-1.00,-1.00,67.07,73.29,241.24,-1.00,-1.00,-1.00,-1.00,-1.00
XPUT 502 -1.00,142.42,128.75,74.59,71.67,-1.00,-1.00,66.93,73.49,240.90,-1.00,-1.00,-1.00,-1.00,-1.00
XPUT 503 -1.00,142.66,129.20,74.97,71.88,-1.00,-1.00,66.78,73.51,241.10,-1.00,-1.00,-1.00,-1.00,-1.00
XPUT 504 -1.00,142.90,129.82,75.72,71.72,-1.00,-1.00,66.64,73.90,241.13,-1.00,-1.00,-1.00,-1.00,-1.00
XPUT 505 -1.00,142.95,130.45,75.55,72.11,-1.00,-1.00,67.04,74.10,241.33,-1.00,-1.00,-1.00,-1.00,-1.00
XPUT 506 -1.00,142.82,130.71,76.47,72.50,-1.00,-1.00,66.89,73.94,241.17,-1.00,-1.00,-1.00,-1.00,-1.00
XPUT 507 -1.00,143.06,131.33,76.85,72.70,-1.00,-1.00,66.75,73.96,241.20,-1.00,-1.00,-1.00,-1.00,-1.00
XPUT 508 -1.00,143.11,131.59,77.23,72.73,-1.00,-1.00,66.78,73.81,241.76,-1.00,-1.00,-1.00,-1.00,-1.00
XPUT 509 -1.00,142.98,131.85,77.96,73.11,-1.00,-1.00,67.36,74.01,242.14,-1.00,-1.00,-1.00,-1.00,-1.00
XPUT 510 -1.00,143.40,132.10,78.33,72.95,-1.00,-1.00,67.22,74.21,241.98,-1.00,-1.00,-1.00,-1.00,-1.00
XPUT 511 -1.00,143.27,132.36,79.06,73.69,-1.00,-1.00,67.07,74.23,242.54,-1.00,-1.00,-1.00,-1.00,-1.00
XPUT 512 -1.00,143.32,132.61,79.60,74.07,-1.00,-1.00,66.93,74.43,242.73,-1.00,-1.00,-1.00,-1.00,-1.00
XPUT 513 -1.00,143.02,132.69,80.15,74.27,-1.00,-1.00,66.79,74.80,242.93,-1.00,-1.00,-1.00,-1.00,-1.00
XPUT 514 -1.00,143.78,133.29,79.98,74.29,-1.00,-1.00,66.65,74.64,242.95,-1.00,-1.00,-1.00,-1.00,-1.00
XPUT 515 -1.00,143.65,133.01,80.87,75.37,-1.00,-1.00,66.51,74.49,243.50,-1.00,-1.00,-1.00,-1.00,-1.00
XPUT 516 -1.00,143.70,132.73,80.70,75.21,-1.00,-1.00,66.37,74.86,244.05,-1.00,-1.00,-1.00,-1.00,-1.00
XPUT 517 -1.00,143.93,133.51,80.53,75.06,-1.00,-1.00,66.23,74.70,243.53,-1.00,-1.00,-1.00,-1.00,-1.00
XPUT 518 -1.00,143.98,133.23,80.36,74.90,-1.00,-1.00,66.09,74.90,244.08,-1.00,-1.00,-1.00,-1.00,-1.00
XPUT 519 -1.00,143.85,132.95,80.37,74.74,-1.00,-1.00,65.95,75.27,244.80,-1.00,-1.00,-1.00,-1.00,-1.00
XPUT 520 -1.00,144.43,132.67,80.20,74.58,-1.00,-1.00,65.81,75.29,244.29,-1.00,-1.00,-1.00,-1.00,-1.00
XPUT 521 -1.00,144.66,132.57,80.03,74.43,-1.00,-1.00,65.67,75.48,244.83,-1.00,-1.00,-1.00,-1.00,-1.00
XPUT 522 -1.00,144.70,132.30,80.22,74.45,-1.00,-1.00,66.06,75.85,245.37,-1.00,-1.00,-1.00,-1.00,-1.00
XPUT 523 -1.00,145.45,132.02,80.05,74.29,-1.00,-1.00,66.10,75.86,244.86,-1.00,-1.00,-1.00,-1.00,-1.00
XPUT 524 -1.00,145.32,132.09,80.06,74.14,-1.00,-1.00,65.96,76.58,245.39,-1.00,-1.00,-1.00,-1.00,-1.00
XPUT 525 -1.00,145.89,131.82,79.89,73.99,-1.00,-1.00,65.82,76.42,245.75,-1.00,-1.00,-1.00,-1.00,-1.00
XPUT 526 -1.00,146.45,132.07,80.07,73.83,-1.00,-1.00,65.69,77.13,245.59,-1.00,-1.00,-1.00,-1.00,-1.00
XPUT 527 -1.00,147.02,132.14,80.25,74.03,-1.00,-1.00,65.55,77.14,245.09,-1.00,-1.00,-1.00,-1.00,-1.00
XPUT 528 -1.00,147.23,132.04,80.61,74.05,-1.00,-1.00,65.42,77.67,245.62,-1.00,-1.00,-1.00,-1.00,-1.00
XPUT 529 -1.00,147.62,131.77,80.61,73.90,-1.00,-1.00,65.28,77.51,245.11,-1.00,-1.00,-1.00,-1.00,-1.00
XPUT 530 -1.00,148.52,132.53,81.31,74.09,-1.00,-1.00,65.49,78.39,244.61,-1.00,-1.00,-1.00,-1.00,-1.00
XPUT 531 -1.00,148.39,132.26,82.17,74.11,-1.00,-1.00,65.36,78.40,244.11,-1.00,-1.00,-1.00,-1.00,-1.00
XPUT 532 -1.00,148.94,132.33,83.03,74.30,-1.00,-1.00,65.23,78.24,243.95,-1.00,-1.00,-1.00,-1.00,-1.00
XPUT 533 -1.00,148.81,132.41,82.86,74.66,-1.00,-1.00,65.26,78.42,243.63,-1.00,-1.00,-1.00,-1.00,-1.00
XPUT 534 -1.00,148.51,132.82,83.55,74.51,-1.00,-1.00,65.13,78.77,243.47,-1.00,-1.00,-1.00,-1.00,-1.00
XPUT 535 -1.00,148.20,132.89,84.40,75.21,-1.00,-1.00,65.34,78.61,242.98,-1.00,-1.00,-1.00,-1.00,-1.00
XPUT 536 -1.00,147.90,132.79,84.23,75.74,-1.00,-1.00,65.21,78.79,242.66,-1.00,-1.00,-1.00,-1.00,-1.00
XPUT 537 -1.00,147.61,133.37,84.90,75.58,-1.00,-1.00,65.24,79.14,243.02,-1.00,-1.00,-1.00,-1.00,-1.00
XPUT 538 -1.00,147.65,133.44,85.07,76.61,-1.00,0.17,65.45,78.98,242.53,-1.00,-1.00,-1.00,-1.00,-1.00
XPUT 539 -1.00,147.69,133.34,84.90,76.46,-1.00,0.17,65.32,79.33,242.88,-1.00,-1.00,-1.00,-1.00,-1.00
XPUT 540 -1.00,147.39,133.07,84.73,76.81,-1.00,0.17,65.19,79.34,243.07,-1.00,-1.00,-1.00,-1.00,-1.00
XPUT 541 -1.00,147.26,133.81,84.56,76.66,-1.00,0.17,65.39,79.52,242.58,-1.00,-1.00,-1.00,-1.00,-1.00
XPUT 542 -1.00,146.97,133.55,84.39,77.18,-1.00,0.17,65.26,79.69,242.93,-1.00,-1.00,-1.00,-1.00,-1.00
XPUT 543 -1.00,147.18,133.28,84.22,77.36,-1.00,0.17,65.13,80.04,242.45,-1.00,-1.00,-1.00,-1.00,-1.00
XPUT 544 -1.00,146.88,133.01,84.22,77.54,-1.00,0.17,65.00,80.04,242.97,-1.00,-1.00,-1.00,-1.00,-1.00
XPUT 545 -1.00,147.09,132.75,84.39,77.38,-1.00,0.17,64.87,79.88,242.99,-1.00,-1.00,-1.00,-1.00,-1.00
XPUT 546 -1.00,147.97,133.15,84.22,77.23,-1.00,0.17,64.75,79.73,243.00,-1.00,-1.00,-1.00,-1.00,-1.00
XPUT 547 -1.00,147.67,133.05,84.05,77.08,-1.00,0.17,64.62,79.90,242.85,-1.00,-1.00,-1.00,-1.00,-1.00
