1 0 3.5 3 Intel, Pitt
PERC 1 0.0
PERC 2 0.0
PERC 3 0.0
PERC 4 0.0
PERC 5 0.0
PERC 6 0.0
PERC 7 0.0
PERC 8 0.0
PERC 9 0.0
PERC 10 0.0
PERC 11 0.0
PERC 12 0.0
PERC 13 0.0
PERC 14 0.0
PERC 15 0.0
PERC 16 0.0
PERC 17 0.0
PERC 18 0.0
PERC 19 0.0
PERC 20 0.0
PERC 21 0.0
PERC 22 0.0
PERC 23 0.1
PERC 24 0.2
PERC 25 0.5
PERC 26 1.6
PERC 27 3.5
PERC 28 4.9
PERC 29 6.0
PERC 30 7.6
PERC 31 8.8
PERC 32 10.6
PERC 33 12.0
PERC 34 14.2
PERC 35 16.4
PERC 36 18.3
PERC 37 20.7
PERC 38 24.2
PERC 39 26.6
PERC 40 29.7
PERC 41 31.9
PERC 42 34.7
PERC 43 38.6
PERC 44 40.3
PERC 45 44.4
PERC 46 46.8
PERC 47 49.6
PERC 48 51.9
PERC 49 53.5
PERC 50 56.7
PERC 51 60.2
PERC 52 62.6
PERC 53 65.9
PERC 54 66.3
PERC 55 67.6
PERC 56 68.4
PERC 57 70.0
PERC 58 71.7
PERC 59 72.3
PERC 60 74.1
PERC 61 75.5
PERC 62 77.2
PERC 63 77.5
PERC 64 78.2
PERC 65 79.5
PERC 66 80.3
PERC 67 82.6
PERC 68 83.7
PERC 69 84.9
PERC 70 87.1
PERC 71 89.7
PERC 72 90.7
PERC 73 91.0
PERC 74 92.9
PERC 75 94.6
PERC 76 96.0
PERC 77 97.8
PERC 78 99.9
PERC 79 100.0
XPUT 1 -1.00,-1.00,-1.00,-1.00,-1.00,-1.00,-1.00,-1.00,-1.00,-1.00,-1.00,-1.00,-1.00,-1.00,-1.00
XPUT 2 -1.00,-1.00,-1.00,-1.00,-1.00,-1.00,-1.00,-1.00,-1.00,-1.00,-1.00,-1.00,-1.00,-1.00,-1.00
XPUT 3 -1.00,-1.00,-1.00,-1.00,-1.00,-1.00,-1.00,-1.00,-1.00,-1.00,-1.00,-1.00,-1.00,-1.00,-1.00
XPUT 4 -1.00,-1.00,-1.00,-1.00,-1.00,-1.00,-1.00,-1.00,-1.00,-1.00,-1.00,-1.00,-1.00,-1.00,-1.00
XPUT 5 -1.00,-1.00,-1.00,-1.00,-1.00,-1.00,-1.00,-1.00,-1.00,-1.00,-1.00,-1.00,-1.00,-1.00,-1.00
XPUT 6 -1.00,-1.00,-1.00,-1.00,-1.00,-1.00,-1.00,-1.00,-1.00,-1.00,-1.00,-1.00,-1.00,-1.00,-1.00
XPUT 7 -1.00,-1.00,-1.00,-1.00,-1.00,-1.00,-1.00,-1.00,-1.00,-1.00,-1.00,-1.00,-1.00,-1.00,-1.00
XPUT 8 -1.00,-1.00,-1.00,-1.00,-1.00,-1.00,-1.00,-1.00,-1.00,-1.00,-1.00,-1.00,-1.00,-1.00,-1.00
XPUT 9 -1.00,-1.00,-1.00,-1.00,-1.00,-1.00,-1.00,-1.00,-1.00,-1.00,-1.00,-1.00,-1.00,-1.00,-1.00
XPUT 10 -1.00,-1.00,-1.00,-1.00,-1.00,-1.00,-1.00,-1.00,-1.00,-1.00,-1.00,-1.00,-1.00,-1.00,-1.00
XPUT 11 -1.00,-1.00,-1.00,-1.00,-1.00,-1.00,-1.00,-1.00,-1.00,-1.00,-1.00,-1.00,-1.00,-1.00,-1.00
XPUT 12 -1.00,-1.00,-1.00,-1.00,-1.00,-1.00,-1.00,-1.00,-1.00,-1.00,-1.00,-1.00,-1.00,-1.00,-1.00
XPUT 13 -1.00,-1.00,-1.00,-1.00,-1.00,-1.00,-1.00,-1.00,-1.00,-1.00,-1.00,-1.00,-1.00,-1.00,-1.00
XPUT 14 -1.00,-1.00,-1.00,-1.00,-1.00,-1.00,-1.00,-1.00,-1.00,-1.00,-1.00,-1.00,-1.00,-1.00,-1.00
XPUT 15 -1.00,-1.00,-1.00,-1.00,-1.00,-1.00,-1.00,-1.00,-1.00,-1.00,-1.00,-1.00,-1.00,-1.00,-1.00
XPUT 16 -1.00,-1.00,-1.00,-1.00,-1.00,-1.00,-1.00,-1.00,-1.00,-1.00,-1.00,-1.00,-1.00,-1.00,-1.00
XPUT 17 -1.00,-1.00,-1.00,-1.00,-1.00,-1.00,-1.00,-1.00,-1.00,-1.00,-1.00,-1.00,-1.00,-1.00,-1.00
XPUT 18 -1.00,-1.00,-1.00,-1.00,-1.00,-1.00,-1.00,-1.00,-1.00,-1.00,-1.00,-1.00,-1.00,-1.00,-1.00
XPUT 19 -1.00,-1.00,-1.00,-1.00,-1.00,-1.00,-1.00,-1.00,-1.00,-1.00,-1.00,-1.00,-1.00,-1.00,-1.00
XPUT 20 -1.00,-1.00,-1.00,-1.00,-1.00,-1.00,-1.00,-1.00,-1.00,-1.00,-1.00,-1.00,-1.00,-1.00,-1.00
XPUT 21 -1.00,-1.00,-1.00,-1.00,-1.00,-1.00,-1.00,-1.00,-1.00,-1.00,-1.00,-1.00,-1.00,-1.00,-1.00
XPUT 22 -1.00,-1.00,-1.00,-1.00,-1.00,-1.00,-1.00,-1.00,-1.00,-1.00,-1.00,-1.00,-1.00,-1.00,-1.00
XPUT 23 -1.00,-1.00,-1.00,-1.00,-1.00,-1.00,-1.00,-1.00,-1.00,-1.00,-1.00,-1.00,-1.00,-1.00,-1.00
XPUT 24 -1.00,-1.00,251.66,-1.00,1761.61,-1.00,-1.00,-1.00,-1.00,83.89,-1.00,-1.00,-1.00,-1.00,-1.00
XPUT 25 -1.00,-1.00,125.83,-1.00,1048.58,-1.00,-1.00,-1.00,-1.00,2222.98,-1.00,-1.00,-1.00,-1.00,-1.00
XPUT 26 -1.00,-1.00,83.89,-1.00,699.05,-1.00,-1.00,-1.00,-1.00,4194.30,-1.00,-1.00,-1.00,-1.00,-1.00
XPUT 27 -1.00,-1.00,62.91,-1.00,524.29,-1.00,-1.00,-1.00,-1.00,4613.73,-1.00,-1.00,-1.00,-1.00,-1.00
XPUT 28 -1.00,-1.00,50.33,-1.00,419.43,-1.00,-1.00,-1.00,-1.00,4580.18,-1.00,-1.00,-1.00,-1.00,-1.00
XPUT 29 -1.00,-1.00,41.94,-1.00,475.35,-1.00,-1.00,-1.00,-1.00,4795.49,-1.00,-1.00,-1.00,-1.00,-1.00
XPUT 30 -1.00,-1.00,35.95,-1.00,551.25,-1.00,-1.00,-1.00,-1.00,4697.62,-1.00,-1.00,-1.00,-1.00,-1.00
XPUT 31 -1.00,-1.00,31.46,-1.00,534.77,-1.00,-1.00,-1.00,-1.00,5022.68,-1.00,-1.00,-1.00,-1.00,-1.00
XPUT 32 9.32,-1.00,27.96,-1.00,577.88,-1.00,-1.00,-1.00,-1.00,4986.56,-1.00,-1.00,-1.00,-1.00,-1.00
XPUT 33 8.39,-1.00,25.17,-1.00,520.09,-1.00,-1.00,-1.00,-1.00,5410.65,-1.00,-1.00,-1.00,-1.00,-1.00
XPUT 34 22.88,-1.00,22.88,-1.00,518.57,-1.00,-1.00,-1.00,-1.00,5681.38,-1.00,-1.00,-1.00,-1.00,-1.00
XPUT 35 20.97,-1.00,20.97,-1.00,545.26,-1.00,-1.00,-1.00,20.97,5795.13,-1.00,-1.00,-1.00,-1.00,-1.00
XPUT 36 25.81,-1.00,19.36,-1.00,574.30,-1.00,-1.00,-1.00,38.72,6033.34,-1.00,-1.00,-1.00,-1.00,-1.00
XPUT 37 23.97,-1.00,17.98,-1.00,575.22,-1.00,-1.00,-1.00,83.89,6543.11,-1.00,-1.00,-1.00,-1.00,-1.00
XPUT 38 22.37,-1.00,16.78,-1.00,581.61,-1.00,-1.00,5.59,100.66,6699.70,-1.00,-1.00,-1.00,-1.00,-1.00
XPUT 39 20.97,-1.00,15.73,-1.00,602.93,-1.00,-1.00,15.73,120.59,7020.22,-1.00,-1.00,-1.00,-1.00,-1.00
XPUT 40 19.74,-1.00,14.80,-1.00,582.27,-1.00,-1.00,14.80,138.17,7115.51,-1.00,-1.00,-1.00,-1.00,-1.00
XPUT 41 18.64,-1.00,13.98,-1.00,601.18,-1.00,-1.00,18.64,149.13,7288.77,-1.00,-1.00,-1.00,-1.00,-1.00
XPUT 42 17.66,-1.00,13.25,-1.00,596.03,-1.00,-1.00,26.49,172.19,7691.03,-1.00,-1.00,-1.00,-1.00,-1.00
XPUT 43 16.78,-1.00,12.58,4.19,599.79,-1.00,-1.00,29.36,180.36,7608.47,-1.00,-1.00,-1.00,-1.00,-1.00
XPUT 44 15.98,-1.00,11.98,3.99,599.19,-1.00,-1.00,27.96,199.73,8017.11,-1.00,-1.00,-1.00,-1.00,-1.00
XPUT 45 15.25,-1.00,11.44,11.44,587.20,-1.00,-1.00,34.32,205.90,8045.44,-1.00,-1.00,-1.00,-1.00,-1.00
XPUT 46 14.59,-1.00,10.94,10.94,598.14,-1.00,-1.00,51.06,215.19,8140.60,-1.00,-1.00,-1.00,-1.00,-1.00
XPUT 47 13.98,-1.00,10.49,13.98,594.19,-1.00,-1.00,52.43,223.70,8157.92,-1.00,-1.00,-1.00,-1.00,-1.00
XPUT 48 13.42,-1.00,10.07,20.13,597.27,-1.00,-1.00,60.40,218.10,8053.06,-1.00,-1.00,-1.00,-1.00,-1.00
XPUT 49 19.36,-1.00,9.68,19.36,587.20,-1.00,-1.00,58.07,219.39,8236.97,-1.00,-1.00,-1.00,-1.00,-1.00
XPUT 50 18.64,-1.00,9.32,18.64,580.99,-1.00,-1.00,71.46,226.80,8432.10,-1.00,-1.00,-1.00,-1.00,-1.00
XPUT 51 17.98,-1.00,8.99,17.98,578.21,-1.00,-1.00,74.90,227.69,8457.51,-1.00,-1.00,-1.00,-1.00,-1.00
XPUT 52 17.36,-1.00,8.68,17.36,572.74,-1.00,-1.00,75.21,234.30,8608.45,-1.00,-1.00,-1.00,-1.00,-1.00
XPUT 53 19.57,-1.00,8.39,25.17,553.65,-1.00,-1.00,78.29,229.29,8357.85,-1.00,-1.00,-1.00,-1.00,-1.00
XPUT 54 18.94,-1.00,8.12,24.35,549.32,-1.00,-1.00,86.59,230.01,8223.54,-1.00,-1.00,-1.00,-1.00,-1.00
XPUT 55 23.59,-1.00,7.86,23.59,542.64,-1.00,-1.00,83.89,233.31,8047.82,-1.00,-1.00,-1.00,-1.00,-1.00
XPUT 56 22.88,-1.00,10.17,22.88,546.53,-1.00,-1.00,86.43,228.78,7981.89,-1.00,-1.00,-1.00,-1.00,-1.00
XPUT 57 24.67,-1.00,9.87,29.61,545.26,-1.00,-1.00,96.22,226.99,7905.03,-1.00,-1.00,-1.00,-1.00,-1.00
XPUT 58 23.97,-1.00,14.38,28.76,539.27,-1.00,-1.00,93.47,222.90,7736.69,-1.00,-1.00,-1.00,-1.00,-1.00
XPUT 59 23.30,-1.00,13.98,27.96,538.27,-1.00,-1.00,97.87,221.37,7710.53,-1.00,-1.00,-1.00,-1.00,-1.00
XPUT 60 22.67,-1.00,15.87,34.01,541.86,-1.00,-1.00,95.22,222.18,7617.76,-1.00,-1.00,-1.00,-1.00,-1.00
XPUT 61 26.49,-1.00,19.87,33.11,543.05,-1.00,-1.00,99.34,222.96,7569.61,-1.00,-1.00,-1.00,-1.00,-1.00
XPUT 62 30.11,-1.00,21.51,45.17,533.43,-1.00,-1.00,103.24,217.24,7375.52,-1.00,-1.00,-1.00,-1.00,-1.00
XPUT 63 29.36,-1.00,20.97,44.04,530.58,-1.00,-1.00,106.95,216.01,7247.76,-1.00,-1.00,-1.00,-1.00,-1.00
XPUT 64 28.64,-1.00,24.55,42.97,529.91,-1.00,-1.00,108.44,216.88,7181.47,-1.00,-1.00,-1.00,-1.00,-1.00
XPUT 65 27.96,-1.00,23.97,41.94,529.28,-1.00,-1.00,105.86,213.71,7070.40,-1.00,-1.00,-1.00,-1.00,-1.00
XPUT 66 29.26,-1.00,29.26,44.87,526.73,-1.00,-1.00,103.39,218.49,7106.91,-1.00,-1.00,-1.00,-1.00,-1.00
XPUT 67 28.60,-1.00,28.60,43.85,520.47,-1.00,-1.00,102.95,217.34,7034.99,-1.00,-1.00,-1.00,-1.00,-1.00
XPUT 68 27.96,-1.00,31.69,46.60,512.64,-1.00,-1.00,100.66,218.10,6977.46,-1.00,-1.00,-1.00,-1.00,-1.00
XPUT 69 31.00,-1.00,31.00,51.06,508.79,-1.00,1.82,98.47,218.83,7000.84,-1.00,-1.00,-1.00,-1.00,-1.00
XPUT 70 30.34,-1.00,32.13,49.97,501.53,-1.00,1.78,96.38,215.96,7074.99,-1.00,-1.00,-1.00,-1.00,-1.00
XPUT 71 31.46,-1.00,36.70,54.18,498.07,-1.00,1.75,94.37,214.96,6990.51,-1.00,-1.00,-1.00,-1.00,-1.00
XPUT 72 34.24,-1.00,39.38,53.07,491.33,-1.00,1.71,92.45,210.57,6863.25,-1.00,-1.00,-1.00,-1.00,-1.00
XPUT 73 33.55,-1.00,38.59,58.72,489.89,-1.00,1.68,90.60,211.39,6866.91,-1.00,-1.00,-1.00,-1.00,-1.00
XPUT 74 34.54,-1.00,41.12,57.57,490.16,-1.00,1.64,88.82,212.18,6853.99,-1.00,-1.00,-1.00,-1.00,-1.00
XPUT 75 37.10,-1.00,40.33,62.91,495.25,-1.00,1.61,87.11,211.33,6802.84,-1.00,-1.00,-1.00,-1.00,-1.00
XPUT 76 36.40,-1.00,39.57,63.31,498.57,-1.00,1.58,88.63,212.09,6794.77,-1.00,-1.00,-1.00,-1.00,-1.00
XPUT 77 35.73,-1.00,40.39,66.80,494.00,-1.00,1.55,86.99,215.93,6814.97,-1.00,-1.00,-1.00,-1.00,-1.00
