2 0 3.75 -1.5 Ohio state
PERC 1 0.0
PERC 2 0.0
PERC 3 0.0
PERC 4 0.0
PERC 5 0.0
PERC 6 0.0
PERC 7 0.0
PERC 8 0.0
PERC 9 0.0
PERC 10 0.0
PERC 11 0.0
PERC 12 0.0
PERC 13 0.0
PERC 14 0.0
PERC 15 0.0
PERC 16 0.0
PERC 17 0.0
PERC 18 0.0
PERC 19 0.0
PERC 20 0.0
PERC 21 0.0
PERC 22 0.0
PERC 23 0.0
PERC 24 0.0
PERC 25 0.0
PERC 26 0.0
PERC 27 0.0
PERC 28 0.0
PERC 29 0.0
PERC 30 0.0
PERC 31 0.0
PERC 32 0.2
PERC 33 0.5
PERC 34 0.7
PERC 35 0.8
PERC 36 0.8
PERC 37 0.9
PERC 38 1.0
PERC 39 1.3
PERC 40 1.5
PERC 41 1.5
PERC 42 1.7
PERC 43 1.8
PERC 44 2.1
PERC 45 2.3
PERC 46 2.4
PERC 47 2.6
PERC 48 2.8
PERC 49 2.9
PERC 50 3.1
PERC 51 3.1
PERC 52 3.3
PERC 53 3.4
PERC 54 3.5
PERC 55 3.6
PERC 56 3.7
PERC 57 3.8
PERC 58 3.9
PERC 59 4.1
PERC 60 4.3
PERC 61 4.5
PERC 62 4.7
PERC 63 4.9
PERC 64 5.1
PERC 65 5.5
PERC 66 5.7
PERC 67 5.7
PERC 68 5.8
PERC 69 5.9
PERC 70 6.0
PERC 71 6.2
PERC 72 6.3
PERC 73 6.4
PERC 74 6.6
PERC 75 6.7
PERC 76 6.8
PERC 77 7.0
PERC 78 7.0
PERC 79 7.2
PERC 80 7.3
PERC 81 7.4
PERC 82 7.5
PERC 83 7.6
PERC 84 7.8
PERC 85 7.9
PERC 86 8.0
PERC 87 8.2
PERC 88 8.3
PERC 89 8.4
PERC 90 8.5
PERC 91 8.8
PERC 92 8.8
PERC 93 8.9
PERC 94 8.9
PERC 95 9.2
PERC 96 9.4
PERC 97 9.5
PERC 98 9.7
PERC 99 9.7
PERC 100 9.9
PERC 101 9.9
PERC 102 10.1
PERC 103 10.1
PERC 104 10.3
PERC 105 10.4
PERC 106 10.4
PERC 107 10.6
PERC 108 10.6
PERC 109 10.7
PERC 110 10.9
PERC 111 11.0
PERC 112 11.1
PERC 113 11.1
PERC 114 11.3
PERC 115 11.3
PERC 116 11.4
PERC 117 11.5
PERC 118 11.7
PERC 119 11.8
PERC 120 12.0
PERC 121 12.1
PERC 122 12.2
PERC 123 12.2
PERC 124 12.4
PERC 125 12.5
PERC 126 12.7
PERC 127 12.9
PERC 128 13.1
PERC 129 13.2
PERC 130 13.3
PERC 131 13.4
PERC 132 13.6
PERC 133 13.8
PERC 134 14.0
PERC 135 14.1
PERC 136 14.2
PERC 137 14.4
PERC 138 14.6
PERC 139 14.7
PERC 140 14.9
PERC 141 15.0
PERC 142 15.1
PERC 143 15.4
PERC 144 15.5
PERC 145 15.8
PERC 146 16.0
PERC 147 16.0
PERC 148 16.2
PERC 149 16.4
PERC 150 16.5
PERC 151 16.5
PERC 152 16.6
PERC 153 16.8
PERC 154 16.9
PERC 155 16.9
PERC 156 17.0
PERC 157 17.2
PERC 158 17.3
PERC 159 17.5
PERC 160 17.7
PERC 161 17.8
PERC 162 18.9
PERC 163 19.0
PERC 164 19.3
PERC 165 20.3
PERC 166 20.8
PERC 167 21.0
PERC 168 21.1
PERC 169 21.3
PERC 170 21.5
PERC 171 21.8
PERC 172 22.1
PERC 173 22.4
PERC 174 22.6
PERC 175 23.0
PERC 176 23.3
PERC 177 23.6
PERC 178 24.1
PERC 179 24.6
PERC 180 25.1
PERC 181 25.4
PERC 182 26.8
PERC 183 27.2
PERC 184 27.5
PERC 185 28.0
PERC 186 28.4
PERC 187 28.7
PERC 188 28.9
PERC 189 29.3
PERC 190 29.8
PERC 191 30.4
PERC 192 31.1
PERC 193 31.6
PERC 194 32.1
PERC 195 32.6
PERC 196 33.2
PERC 197 33.4
PERC 198 33.8
PERC 199 34.4
PERC 200 34.8
PERC 201 35.3
PERC 202 35.7
PERC 203 36.0
PERC 204 36.2
PERC 205 36.9
PERC 206 37.4
PERC 207 37.7
PERC 208 38.1
PERC 209 38.4
PERC 210 38.8
PERC 211 39.3
PERC 212 40.1
PERC 213 40.4
PERC 214 41.1
PERC 215 42.1
PERC 216 42.9
PERC 217 43.1
PERC 218 43.5
PERC 219 44.2
PERC 220 44.6
PERC 221 45.0
PERC 222 45.4
PERC 223 45.6
PERC 224 46.1
PERC 225 46.6
PERC 226 47.1
PERC 227 47.7
PERC 228 48.1
PERC 229 49.0
PERC 230 49.3
PERC 231 49.5
PERC 232 49.6
PERC 233 49.8
PERC 234 50.0
PERC 235 50.3
PERC 236 50.8
PERC 237 51.0
PERC 238 51.5
PERC 239 51.9
PERC 240 52.3
PERC 241 52.5
PERC 242 52.8
PERC 243 53.7
PERC 244 54.3
PERC 245 54.8
PERC 246 55.9
PERC 247 56.9
PERC 248 57.3
PERC 249 57.5
PERC 250 57.7
PERC 251 58.0
PERC 252 58.4
PERC 253 58.6
PERC 254 59.0
PERC 255 59.4
PERC 256 59.5
PERC 257 60.0
PERC 258 60.2
PERC 259 60.7
PERC 260 61.2
PERC 261 61.9
PERC 262 62.8
PERC 263 63.7
PERC 264 64.2
PERC 265 64.5
PERC 266 65.0
PERC 267 65.5
PERC 268 65.9
PERC 269 66.4
PERC 270 66.9
PERC 271 67.2
PERC 272 67.7
PERC 273 68.1
PERC 274 69.3
PERC 275 70.0
PERC 276 70.2
PERC 277 70.9
PERC 278 72.1
PERC 279 72.7
PERC 280 73.2
PERC 281 73.5
PERC 282 73.9
PERC 283 74.3
PERC 284 74.7
PERC 285 75.6
PERC 286 76.5
PERC 287 77.1
PERC 288 77.3
PERC 289 77.5
PERC 290 78.0
PERC 291 78.6
PERC 292 79.0
PERC 293 79.3
PERC 294 79.6
PERC 295 79.8
PERC 296 80.0
PERC 297 80.3
PERC 298 80.5
PERC 299 80.7
PERC 300 80.9
PERC 301 81.3
PERC 302 81.7
PERC 303 82.2
PERC 304 82.6
PERC 305 83.4
PERC 306 83.8
PERC 307 84.1
PERC 308 84.3
PERC 309 84.7
PERC 310 85.0
PERC 311 85.4
PERC 312 85.9
PERC 313 86.5
PERC 314 88.3
PERC 315 88.7
PERC 316 89.0
PERC 317 89.5
PERC 318 89.7
PERC 319 89.9
PERC 320 90.3
PERC 321 90.8
PERC 322 91.7
PERC 323 92.2
PERC 324 92.7
PERC 325 93.1
PERC 326 93.6
PERC 327 94.0
PERC 328 94.5
PERC 329 94.9
PERC 330 95.6
PERC 331 96.0
PERC 332 96.5
PERC 333 96.9
PERC 334 97.2
PERC 335 98.0
PERC 336 99.0
PERC 337 99.9
PERC 338 100.0
XPUT 1 -1.00,-1.00,-1.00,-1.00,-1.00,-1.00,-1.00,-1.00,-1.00,-1.00,-1.00,-1.00,-1.00,-1.00,-1.00
XPUT 2 -1.00,-1.00,-1.00,-1.00,-1.00,-1.00,-1.00,-1.00,-1.00,-1.00,-1.00,-1.00,-1.00,-1.00,-1.00
XPUT 3 -1.00,-1.00,-1.00,-1.00,-1.00,-1.00,-1.00,-1.00,-1.00,-1.00,-1.00,-1.00,-1.00,-1.00,-1.00
XPUT 4 -1.00,-1.00,-1.00,-1.00,-1.00,-1.00,-1.00,-1.00,-1.00,-1.00,-1.00,-1.00,-1.00,-1.00,-1.00
XPUT 5 -1.00,-1.00,-1.00,-1.00,-1.00,-1.00,-1.00,-1.00,-1.00,-1.00,-1.00,-1.00,-1.00,-1.00,-1.00
XPUT 6 -1.00,-1.00,-1.00,-1.00,-1.00,-1.00,-1.00,-1.00,-1.00,-1.00,-1.00,-1.00,-1.00,-1.00,-1.00
XPUT 7 -1.00,-1.00,-1.00,-1.00,-1.00,-1.00,-1.00,-1.00,-1.00,-1.00,-1.00,-1.00,-1.00,-1.00,-1.00
XPUT 8 -1.00,-1.00,-1.00,-1.00,-1.00,-1.00,-1.00,-1.00,-1.00,-1.00,-1.00,-1.00,-1.00,-1.00,-1.00
XPUT 9 -1.00,-1.00,-1.00,-1.00,-1.00,-1.00,-1.00,-1.00,-1.00,-1.00,-1.00,-1.00,-1.00,-1.00,-1.00
XPUT 10 -1.00,-1.00,-1.00,-1.00,-1.00,-1.00,-1.00,-1.00,-1.00,-1.00,-1.00,-1.00,-1.00,-1.00,-1.00
XPUT 11 -1.00,-1.00,-1.00,-1.00,-1.00,-1.00,-1.00,-1.00,-1.00,-1.00,-1.00,-1.00,-1.00,-1.00,-1.00
XPUT 12 -1.00,-1.00,-1.00,-1.00,-1.00,-1.00,-1.00,-1.00,-1.00,-1.00,-1.00,-1.00,-1.00,-1.00,-1.00
XPUT 13 -1.00,-1.00,-1.00,-1.00,-1.00,-1.00,-1.00,-1.00,-1.00,-1.00,-1.00,-1.00,-1.00,-1.00,-1.00
XPUT 14 -1.00,-1.00,-1.00,-1.00,-1.00,-1.00,-1.00,-1.00,-1.00,-1.00,-1.00,-1.00,-1.00,-1.00,-1.00
XPUT 15 -1.00,-1.00,-1.00,-1.00,-1.00,-1.00,-1.00,-1.00,-1.00,-1.00,-1.00,-1.00,-1.00,-1.00,-1.00
XPUT 16 -1.00,-1.00,-1.00,-1.00,-1.00,-1.00,-1.00,-1.00,-1.00,-1.00,-1.00,-1.00,-1.00,-1.00,-1.00
XPUT 17 -1.00,-1.00,-1.00,-1.00,-1.00,-1.00,-1.00,-1.00,-1.00,-1.00,-1.00,-1.00,-1.00,-1.00,-1.00
XPUT 18 -1.00,-1.00,-1.00,-1.00,-1.00,-1.00,-1.00,-1.00,-1.00,-1.00,-1.00,-1.00,-1.00,-1.00,-1.00
XPUT 19 -1.00,-1.00,-1.00,-1.00,-1.00,-1.00,-1.00,-1.00,-1.00,-1.00,-1.00,-1.00,-1.00,-1.00,-1.00
XPUT 20 -1.00,-1.00,-1.00,-1.00,-1.00,-1.00,-1.00,-1.00,-1.00,-1.00,-1.00,-1.00,-1.00,-1.00,-1.00
XPUT 21 -1.00,-1.00,-1.00,-1.00,-1.00,-1.00,-1.00,-1.00,-1.00,-1.00,-1.00,-1.00,-1.00,-1.00,-1.00
XPUT 22 -1.00,-1.00,-1.00,-1.00,-1.00,-1.00,-1.00,-1.00,-1.00,-1.00,-1.00,-1.00,-1.00,-1.00,-1.00
XPUT 23 -1.00,-1.00,-1.00,-1.00,-1.00,-1.00,-1.00,-1.00,-1.00,-1.00,-1.00,-1.00,-1.00,-1.00,-1.00
XPUT 24 -1.00,-1.00,-1.00,-1.00,-1.00,-1.00,-1.00,-1.00,-1.00,-1.00,-1.00,-1.00,-1.00,-1.00,-1.00
XPUT 25 -1.00,-1.00,-1.00,-1.00,-1.00,-1.00,-1.00,-1.00,-1.00,-1.00,-1.00,-1.00,-1.00,-1.00,-1.00
XPUT 26 -1.00,-1.00,-1.00,-1.00,-1.00,-1.00,-1.00,-1.00,-1.00,-1.00,-1.00,-1.00,-1.00,-1.00,-1.00
XPUT 27 -1.00,-1.00,-1.00,-1.00,-1.00,-1.00,-1.00,-1.00,-1.00,-1.00,-1.00,-1.00,-1.00,-1.00,-1.00
XPUT 28 -1.00,-1.00,-1.00,-1.00,-1.00,-1.00,-1.00,-1.00,-1.00,-1.00,-1.00,-1.00,-1.00,-1.00,-1.00
XPUT 29 -1.00,-1.00,-1.00,-1.00,-1.00,-1.00,-1.00,-1.00,-1.00,-1.00,-1.00,-1.00,-1.00,-1.00,-1.00
XPUT 30 -1.00,-1.00,-1.00,-1.00,-1.00,-1.00,-1.00,-1.00,-1.00,-1.00,-1.00,-1.00,-1.00,-1.00,-1.00
XPUT 31 -1.00,-1.00,-1.00,-1.00,-1.00,-1.00,-1.00,-1.00,-1.00,-1.00,-1.00,-1.00,-1.00,-1.00,-1.00
XPUT 32 -1.00,-1.00,-1.00,-1.00,-1.00,-1.00,-1.00,-1.00,-1.00,-1.00,-1.00,-1.00,-1.00,-1.00,-1.00
XPUT 33 -1.00,-1.00,-1.00,-1.00,-1.00,-1.00,-1.00,-1.00,-1.00,2936.01,-1.00,-1.00,-1.00,-1.00,-1.00
XPUT 34 -1.00,-1.00,-1.00,-1.00,-1.00,-1.00,-1.00,-1.00,-1.00,1761.61,-1.00,-1.00,-1.00,-1.00,-1.00
XPUT 35 -1.00,-1.00,-1.00,-1.00,-1.00,-1.00,-1.00,-1.00,-1.00,1202.37,-1.00,-1.00,-1.00,-1.00,-1.00
XPUT 36 -1.00,-1.00,-1.00,-1.00,-1.00,-1.00,-1.00,-1.00,-1.00,1006.63,-1.00,-1.00,-1.00,-1.00,-1.00
XPUT 37 -1.00,-1.00,-1.00,-1.00,-1.00,-1.00,-1.00,-1.00,-1.00,889.19,-1.00,-1.00,-1.00,-1.00,-1.00
XPUT 38 -1.00,-1.00,-1.00,-1.00,-1.00,-1.00,-1.00,-1.00,-1.00,908.77,-1.00,-1.00,-1.00,-1.00,-1.00
XPUT 39 -1.00,-1.00,-1.00,-1.00,-1.00,-1.00,-1.00,-1.00,-1.00,898.78,-1.00,-1.00,-1.00,-1.00,-1.00
XPUT 40 -1.00,-1.00,-1.00,-1.00,-1.00,-1.00,-1.00,-1.00,-1.00,817.89,-1.00,-1.00,-1.00,-1.00,-1.00
XPUT 41 -1.00,-1.00,-1.00,-1.00,-1.00,-1.00,-1.00,-1.00,-1.00,792.26,-1.00,-1.00,-1.00,-1.00,-1.00
XPUT 42 -1.00,-1.00,-1.00,-1.00,-1.00,-1.00,-1.00,-1.00,-1.00,780.14,-1.00,-1.00,-1.00,-1.00,-1.00
XPUT 43 -1.00,-1.00,-1.00,-1.00,-1.00,-1.00,-1.00,-1.00,-1.00,808.36,-1.00,-1.00,-1.00,-1.00,-1.00
XPUT 44 -1.00,-1.00,-1.00,-1.00,6.99,-1.00,-1.00,-1.00,-1.00,796.92,-1.00,-1.00,-1.00,-1.00,-1.00
XPUT 45 -1.00,-1.00,-1.00,-1.00,19.36,-1.00,-1.00,-1.00,-1.00,774.33,-1.00,-1.00,-1.00,-1.00,-1.00
XPUT 46 -1.00,-1.00,-1.00,-1.00,17.98,-1.00,-1.00,-1.00,-1.00,766.96,-1.00,-1.00,-1.00,-1.00,-1.00
XPUT 47 -1.00,-1.00,-1.00,-1.00,16.78,-1.00,-1.00,-1.00,-1.00,766.16,-1.00,-1.00,-1.00,-1.00,-1.00
XPUT 48 -1.00,-1.00,-1.00,-1.00,15.73,-1.00,-1.00,-1.00,-1.00,749.73,-1.00,-1.00,-1.00,-1.00,-1.00
XPUT 49 -1.00,-1.00,-1.00,-1.00,19.74,-1.00,-1.00,-1.00,-1.00,745.11,-1.00,-1.00,-1.00,-1.00,-1.00
XPUT 50 -1.00,-1.00,-1.00,-1.00,18.64,-1.00,-1.00,-1.00,-1.00,717.69,-1.00,-1.00,-1.00,-1.00,-1.00
XPUT 51 -1.00,-1.00,-1.00,-1.00,17.66,-1.00,-1.00,-1.00,-1.00,706.41,-1.00,-1.00,-1.00,-1.00,-1.00
XPUT 52 -1.00,-1.00,-1.00,-1.00,16.78,-1.00,-1.00,-1.00,-1.00,704.64,-1.00,-1.00,-1.00,-1.00,-1.00
XPUT 53 -1.00,-1.00,-1.00,-1.00,15.98,-1.00,-1.00,-1.00,-1.00,683.07,-1.00,-1.00,-1.00,-1.00,-1.00
XPUT 54 -1.00,-1.00,-1.00,-1.00,15.25,-1.00,-1.00,-1.00,-1.00,678.71,-1.00,-1.00,-1.00,-1.00,-1.00
XPUT 55 -1.00,-1.00,-1.00,-1.00,14.59,-1.00,-1.00,-1.00,-1.00,663.79,-1.00,-1.00,-1.00,-1.00,-1.00
XPUT 56 -1.00,-1.00,-1.00,-1.00,20.97,-1.00,-1.00,-1.00,-1.00,653.61,-1.00,-1.00,-1.00,-1.00,-1.00
XPUT 57 -1.00,-1.00,-1.00,-1.00,20.13,-1.00,-1.00,-1.00,-1.00,644.25,-1.00,-1.00,-1.00,-1.00,-1.00
XPUT 58 -1.00,-1.00,-1.00,-1.00,19.36,-1.00,-1.00,-1.00,-1.00,648.50,-1.00,-1.00,-1.00,-1.00,-1.00
XPUT 59 -1.00,-1.00,-1.00,-1.00,18.64,-1.00,-1.00,-1.00,-1.00,649.34,-1.00,-1.00,-1.00,-1.00,-1.00
XPUT 60 -1.00,-1.00,-1.00,-1.00,17.98,-1.00,-1.00,-1.00,-1.00,653.11,-1.00,-1.00,-1.00,-1.00,-1.00
XPUT 61 -1.00,-1.00,-1.00,-1.00,20.25,-1.00,-1.00,-1.00,-1.00,662.41,-1.00,-1.00,-1.00,-1.00,-1.00
XPUT 62 -1.00,-1.00,-1.00,-1.00,19.57,-1.00,-1.00,-1.00,-1.00,662.70,-1.00,-1.00,-1.00,-1.00,-1.00
XPUT 63 -1.00,-1.00,-1.00,-1.00,18.94,-1.00,-1.00,-1.00,-1.00,671.09,-1.00,-1.00,-1.00,-1.00,-1.00
XPUT 64 -1.00,-1.00,-1.00,-1.00,18.35,-1.00,-1.00,2.62,2.62,692.06,-1.00,-1.00,-1.00,-1.00,-1.00
XPUT 65 -1.00,-1.00,-1.00,-1.00,17.79,-1.00,-1.00,7.63,2.54,699.05,-1.00,-1.00,-1.00,-1.00,-1.00
XPUT 66 -1.00,-1.00,-1.00,-1.00,17.27,-1.00,-1.00,7.40,2.47,680.96,-1.00,-1.00,-1.00,-1.00,-1.00
XPUT 67 -1.00,-1.00,-1.00,-1.00,16.78,-1.00,-1.00,9.59,2.40,661.50,-1.00,-1.00,-1.00,-1.00,-1.00
XPUT 68 -1.00,-1.00,-1.00,-1.00,16.31,-1.00,-1.00,9.32,6.99,650.12,-1.00,-1.00,-1.00,-1.00,-1.00
XPUT 69 -1.00,-1.00,-1.00,-1.00,20.40,-1.00,-1.00,13.60,6.80,646.15,-1.00,-1.00,-1.00,-1.00,-1.00
XPUT 70 -1.00,-1.00,-1.00,-1.00,19.87,-1.00,-1.00,13.25,6.62,644.60,-1.00,-1.00,-1.00,-1.00,-1.00
XPUT 71 -1.00,-1.00,-1.00,-1.00,19.36,-1.00,-1.00,15.06,8.60,636.67,-1.00,-1.00,-1.00,-1.00,-1.00
XPUT 72 -1.00,-1.00,-1.00,-1.00,18.87,-1.00,-1.00,14.68,8.39,635.44,-1.00,-1.00,-1.00,-1.00,-1.00
XPUT 73 -1.00,-1.00,-1.00,2.05,18.41,-1.00,-1.00,14.32,8.18,628.12,-1.00,-1.00,-1.00,-1.00,-1.00
XPUT 74 -1.00,-1.00,-1.00,2.00,17.98,-1.00,-1.00,13.98,11.98,627.15,-1.00,-1.00,-1.00,-1.00,-1.00
XPUT 75 -1.00,-1.00,-1.00,1.95,17.56,-1.00,-1.00,17.56,11.71,618.42,-1.00,-1.00,-1.00,-1.00,-1.00
XPUT 76 -1.00,-1.00,-1.00,5.72,17.16,-1.00,-1.00,17.16,13.35,611.99,-1.00,-1.00,-1.00,-1.00,-1.00
XPUT 77 -1.00,-1.00,-1.00,5.59,16.78,-1.00,-1.00,16.78,13.05,602.12,-1.00,-1.00,-1.00,-1.00,-1.00
XPUT 78 -1.00,-1.00,-1.00,5.47,16.41,-1.00,-1.00,18.24,16.41,603.62,-1.00,-1.00,-1.00,-1.00,-1.00
XPUT 79 -1.00,-1.00,-1.00,7.14,16.06,-1.00,-1.00,17.85,16.06,592.56,-1.00,-1.00,-1.00,-1.00,-1.00
XPUT 80 -1.00,-1.00,-1.00,6.99,15.73,-1.00,-1.00,20.97,15.73,585.45,-1.00,-1.00,-1.00,-1.00,-1.00
XPUT 81 -1.00,-1.00,-1.00,6.85,15.41,-1.00,-1.00,20.54,17.12,585.49,-1.00,-1.00,-1.00,-1.00,-1.00
XPUT 82 -1.00,-1.00,-1.00,10.07,15.10,-1.00,-1.00,20.13,16.78,578.81,-1.00,-1.00,-1.00,-1.00,-1.00
XPUT 83 -1.00,-1.00,-1.00,9.87,14.80,-1.00,-1.00,19.74,19.74,575.69,-1.00,-1.00,-1.00,-1.00,-1.00
XPUT 84 -1.00,-1.00,-1.00,11.29,14.52,-1.00,-1.00,19.36,19.36,574.30,-1.00,-1.00,-1.00,-1.00,-1.00
XPUT 85 -1.00,-1.00,-1.00,11.08,14.24,-1.00,-1.00,18.99,18.99,569.79,-1.00,-1.00,-1.00,-1.00,-1.00
XPUT 86 -1.00,-1.00,-1.00,13.98,13.98,-1.00,-1.00,18.64,21.75,570.11,-1.00,-1.00,-1.00,-1.00,-1.00
XPUT 87 -1.00,-1.00,-1.00,13.73,13.73,-1.00,-1.00,22.88,21.35,561.27,-1.00,-1.00,-1.00,-1.00,-1.00
XPUT 88 -1.00,-1.00,-1.00,13.48,13.48,-1.00,-1.00,22.47,22.47,558.74,-1.00,-1.00,-1.00,-1.00,-1.00
XPUT 89 -1.00,-1.00,-1.00,13.25,13.25,-1.00,-1.00,22.08,22.08,556.30,-1.00,-1.00,-1.00,-1.00,-1.00
XPUT 90 -1.00,-1.00,-1.00,13.02,13.02,-1.00,-1.00,28.93,24.59,556.83,-1.00,-1.00,-1.00,-1.00,-1.00
XPUT 91 -1.00,-1.00,-1.00,12.80,12.80,-1.00,-1.00,28.44,24.17,550.24,-1.00,-1.00,-1.00,-1.00,-1.00
XPUT 92 -1.00,-1.00,-1.00,12.58,12.58,-1.00,-1.00,27.96,25.17,548.06,-1.00,-1.00,-1.00,-1.00,-1.00
XPUT 93 -1.00,-1.00,-1.00,12.38,12.38,-1.00,-1.00,27.50,24.75,539.07,-1.00,-1.00,-1.00,-1.00,-1.00
XPUT 94 -1.00,-1.00,-1.00,12.18,12.18,-1.00,-1.00,33.83,24.35,538.49,-1.00,-1.00,-1.00,-1.00,-1.00
XPUT 95 -1.00,-1.00,-1.00,13.32,11.98,-1.00,-1.00,33.29,26.63,540.60,-1.00,-1.00,-1.00,-1.00,-1.00
XPUT 96 -1.00,-1.00,-1.00,13.11,11.80,-1.00,-1.00,34.08,27.53,537.40,-1.00,-1.00,-1.00,-1.00,-1.00
XPUT 97 -1.00,-1.00,-1.00,15.49,11.61,-1.00,-1.00,36.14,29.68,535.58,-1.00,-1.00,-1.00,-1.00,-1.00
XPUT 98 -1.00,-1.00,-1.00,15.25,11.44,-1.00,-1.00,35.59,29.23,527.47,-1.00,-1.00,-1.00,-1.00,-1.00
XPUT 99 -1.00,-1.00,-1.00,15.02,11.27,-1.00,-1.00,35.06,28.80,527.11,-1.00,-1.00,-1.00,-1.00,-1.00
XPUT 100 -1.00,-1.00,-1.00,14.80,11.10,-1.00,-1.00,34.54,28.37,521.82,-1.00,-1.00,-1.00,-1.00,-1.00
XPUT 101 -1.00,-1.00,-1.00,14.59,10.94,-1.00,-1.00,34.04,30.39,523.98,-1.00,-1.00,-1.00,-1.00,-1.00
XPUT 102 -1.00,-1.00,-1.00,14.38,10.79,-1.00,-1.00,33.55,29.96,520.09,-1.00,-1.00,-1.00,-1.00,-1.00
XPUT 103 -1.00,-1.00,-1.00,14.18,10.63,-1.00,-1.00,37.81,30.72,516.31,-1.00,-1.00,-1.00,-1.00,-1.00
XPUT 104 -1.00,-1.00,-1.00,13.98,11.65,-1.00,-1.00,37.28,30.29,512.64,-1.00,-1.00,-1.00,-1.00,-1.00
XPUT 105 -1.00,-1.00,-1.00,13.79,11.49,-1.00,-1.00,36.77,29.88,507.91,-1.00,-1.00,-1.00,-1.00,-1.00
XPUT 106 -1.00,-1.00,-1.00,13.60,11.34,-1.00,-1.00,38.54,31.74,505.58,-1.00,-1.00,-1.00,-1.00,-1.00
XPUT 107 -1.00,-1.00,-1.00,13.42,11.18,-1.00,-1.00,39.15,31.32,498.84,-1.00,-1.00,-1.00,-1.00,-1.00
XPUT 108 -1.00,-1.00,-1.00,13.25,11.04,-1.00,-1.00,38.63,32.01,496.69,-1.00,-1.00,-1.00,-1.00,-1.00
XPUT 109 -1.00,-1.00,-1.00,13.07,10.89,-1.00,-1.00,38.13,31.59,496.78,-1.00,-1.00,-1.00,-1.00,-1.00
XPUT 110 1.08,-1.00,-1.00,12.91,10.75,-1.00,-1.00,37.64,33.34,494.71,-1.00,-1.00,-1.00,-1.00,-1.00
XPUT 111 1.06,-1.00,-1.00,12.74,12.74,-1.00,-1.00,37.16,32.92,492.70,-1.00,-1.00,-1.00,-1.00,-1.00
XPUT 112 1.05,-1.00,-1.00,12.58,12.58,-1.00,-1.00,36.70,32.51,486.54,-1.00,-1.00,-1.00,-1.00,-1.00
XPUT 113 1.04,-1.00,-1.00,12.43,12.43,-1.00,-1.00,36.25,33.14,486.75,-1.00,-1.00,-1.00,-1.00,-1.00
XPUT 114 1.02,-1.00,-1.00,12.28,12.28,-1.00,-1.00,35.81,32.74,480.81,-1.00,-1.00,-1.00,-1.00,-1.00
XPUT 115 1.01,-1.00,-1.00,14.15,12.13,-1.00,-1.00,35.37,32.34,478.05,-1.00,-1.00,-1.00,-1.00,-1.00
XPUT 116 1.00,-1.00,-1.00,13.98,11.98,-1.00,-1.00,38.95,33.95,475.35,-1.00,-1.00,-1.00,-1.00,-1.00
XPUT 117 0.99,-1.00,-1.00,13.82,11.84,-1.00,-1.00,39.48,34.54,475.68,-1.00,-1.00,-1.00,-1.00,-1.00
XPUT 118 0.98,-1.00,-1.00,13.66,11.71,-1.00,-1.00,39.02,34.14,475.03,-1.00,-1.00,-1.00,-1.00,-1.00
XPUT 119 0.96,-1.00,-1.00,14.46,11.57,-1.00,-1.00,43.39,35.68,472.46,-1.00,-1.00,-1.00,-1.00,-1.00
XPUT 120 0.95,-1.00,-1.00,14.30,11.44,-1.00,-1.00,42.90,35.27,469.95,-1.00,-1.00,-1.00,-1.00,-1.00
XPUT 121 0.94,-1.00,-1.00,14.14,11.31,-1.00,-1.00,42.41,34.87,471.27,-1.00,-1.00,-1.00,-1.00,-1.00
XPUT 122 0.93,-1.00,-1.00,13.98,11.18,-1.00,-1.00,41.94,36.35,466.03,-1.00,-1.00,-1.00,-1.00,-1.00
XPUT 123 0.92,-1.00,-1.00,13.83,11.06,-1.00,-1.00,41.48,35.95,466.44,-1.00,-1.00,-1.00,-1.00,-1.00
XPUT 124 0.91,-1.00,-1.00,13.68,10.94,-1.00,-1.00,41.03,36.47,466.84,-1.00,-1.00,-1.00,-1.00,-1.00
XPUT 125 0.90,0.90,-1.00,13.53,10.82,-1.00,-1.00,40.59,37.88,469.04,-1.00,-1.00,-1.00,-1.00,-1.00
XPUT 126 0.89,2.68,-1.00,13.39,10.71,-1.00,-1.00,40.16,38.37,468.51,-1.00,-1.00,-1.00,-1.00,-1.00
XPUT 127 0.88,2.65,-1.00,13.25,10.60,-1.00,-1.00,44.15,37.97,467.11,-1.00,-1.00,-1.00,-1.00,-1.00
XPUT 128 0.87,5.24,-1.00,13.11,10.49,-1.00,-1.00,43.69,37.57,464.87,-1.00,-1.00,-1.00,-1.00,-1.00
XPUT 129 0.86,5.19,-1.00,12.97,10.38,-1.00,-1.00,43.24,37.19,462.67,-1.00,-1.00,-1.00,-1.00,-1.00
XPUT 130 0.86,5.14,-1.00,12.84,10.27,-1.00,-1.00,43.66,38.52,462.23,-1.00,-1.00,-1.00,-1.00,-1.00
XPUT 131 0.85,5.93,-1.00,12.71,10.17,-1.00,-1.00,43.21,38.98,461.80,-1.00,-1.00,-1.00,-1.00,-1.00
XPUT 132 0.84,7.55,-1.00,12.58,10.07,-1.00,-1.00,42.78,38.59,463.89,-1.00,-1.00,-1.00,-1.00,-1.00
XPUT 133 0.83,9.97,-1.00,14.95,9.97,-1.00,-1.00,42.36,38.21,462.62,-1.00,-1.00,-1.00,-1.00,-1.00
XPUT 134 2.47,9.87,-1.00,14.80,9.87,-1.00,-1.00,41.94,37.83,463.84,-1.00,-1.00,-1.00,-1.00,-1.00
XPUT 135 2.44,12.22,-1.00,14.66,9.77,-1.00,-1.00,41.54,39.09,459.34,-1.00,-1.00,-1.00,-1.00,-1.00
XPUT 136 2.42,13.71,-1.00,14.52,9.68,-1.00,-1.00,41.14,38.72,458.15,-1.00,-1.00,-1.00,-1.00,-1.00
XPUT 137 3.20,16.78,-1.00,14.38,9.59,-1.00,-1.00,40.74,38.35,459.38,-1.00,-1.00,-1.00,-1.00,-1.00
XPUT 138 3.17,16.62,-1.00,14.24,11.08,-1.00,-1.00,40.36,37.99,457.42,-1.00,-1.00,-1.00,-1.00,-1.00
XPUT 139 3.14,20.38,-1.00,14.11,10.98,-1.00,-1.00,39.98,39.20,455.49,-1.00,-1.00,-1.00,-1.00,-1.00
XPUT 140 3.11,20.19,-1.00,13.98,10.87,-1.00,-1.00,39.61,38.84,453.61,-1.00,-1.00,-1.00,-1.00,-1.00
XPUT 141 3.08,22.32,-1.00,13.85,10.77,-1.00,-1.00,40.79,38.48,451.75,-1.00,-1.00,-1.00,-1.00,-1.00
XPUT 142 3.05,25.93,-1.00,13.73,10.68,-1.00,-1.00,42.71,38.13,451.46,-1.00,-1.00,-1.00,-1.00,-1.00
XPUT 143 5.29,25.69,-1.00,15.11,11.34,-1.00,-1.00,42.32,38.54,448.15,-1.00,-1.00,-1.00,-1.00,-1.00
XPUT 144 5.24,29.96,-1.00,14.98,11.23,-1.00,-1.00,41.94,38.20,447.89,-1.00,-1.00,-1.00,-1.00,-1.00
XPUT 145 5.20,31.18,-1.00,14.85,11.14,-1.00,-1.00,42.31,39.34,447.64,-1.00,-1.00,-1.00,-1.00,-1.00
XPUT 146 5.15,31.64,-1.00,14.72,11.04,-1.00,-1.00,41.94,39.00,445.92,-1.00,-1.00,-1.00,-1.00,-1.00
XPUT 147 6.56,31.37,-1.00,15.32,12.40,-1.00,-1.00,41.58,38.66,444.23,-1.00,-1.00,-1.00,-1.00,-1.00
XPUT 148 6.51,33.27,-1.00,15.19,12.29,-1.00,-1.00,43.39,38.33,442.57,-1.00,-1.00,-1.00,-1.00,-1.00
XPUT 149 6.45,34.41,-1.00,15.06,12.19,-1.00,-1.00,43.02,38.72,440.22,-1.00,-1.00,-1.00,-1.00,-1.00
XPUT 150 6.40,34.12,-1.00,14.93,12.09,-1.00,-1.00,42.65,38.39,438.62,-1.00,-1.00,-1.00,-1.00,-1.00
XPUT 151 6.34,35.25,-1.00,14.80,11.98,-1.00,-1.00,43.71,38.07,434.94,-1.00,-1.00,-1.00,-1.00,-1.00
XPUT 152 6.29,37.75,-1.00,14.68,11.88,-1.00,-1.00,44.74,37.75,433.41,-1.00,-1.00,-1.00,-1.00,-1.00
XPUT 153 6.24,37.44,-1.00,14.56,11.79,-1.00,-1.00,45.06,37.44,431.91,-1.00,-1.00,-1.00,-1.00,-1.00
XPUT 154 6.19,37.13,-1.00,14.44,11.69,-1.00,-1.00,44.69,37.13,428.37,-1.00,-1.00,-1.00,-1.00,-1.00
XPUT 155 6.14,38.87,-1.00,14.32,11.59,-1.00,-1.00,44.33,36.83,426.25,-1.00,-1.00,-1.00,-1.00,-1.00
XPUT 156 6.09,40.59,-1.00,14.21,11.50,-1.00,-1.00,46.00,36.53,425.52,-1.00,-1.00,-1.00,-1.00,-1.00
XPUT 157 6.04,41.61,-1.00,14.09,11.41,-1.00,-1.00,46.98,36.24,423.46,-1.00,-1.00,-1.00,-1.00,-1.00
XPUT 158 5.99,44.61,-1.00,13.98,11.32,-1.00,-1.00,46.60,37.28,422.76,-1.00,-1.00,-1.00,-1.00,-1.00
XPUT 159 5.94,44.92,-1.00,15.19,11.23,-1.00,-1.00,46.24,37.65,424.05,-1.00,-1.00,-1.00,-1.00,-1.00
XPUT 160 5.90,46.53,-1.00,15.07,11.14,-1.00,-1.00,45.88,37.36,420.74,-1.00,-1.00,-1.00,-1.00,-1.00
XPUT 161 5.85,47.47,-1.00,14.96,11.05,-1.00,32.51,45.52,37.07,421.38,-1.00,-1.00,-1.00,-1.00,-1.00
XPUT 162 5.81,47.11,-1.00,14.84,10.97,-1.00,32.26,45.17,36.78,421.37,-1.00,-1.00,-1.00,-1.00,-1.00
XPUT 163 6.40,48.67,-1.00,16.01,10.89,-1.00,32.02,44.82,37.78,421.99,-1.00,-1.00,-1.00,-1.00,-1.00
XPUT 164 6.36,55.29,-1.00,15.89,11.44,-1.00,31.78,44.49,38.13,440.40,-1.00,-1.00,-1.00,-1.00,-1.00
XPUT 165 6.31,58.66,-1.00,15.77,12.61,-1.00,31.54,44.15,39.10,445.92,-1.00,-1.00,-1.00,-1.00,-1.00
XPUT 166 7.51,62.60,-1.00,16.28,12.52,-1.00,31.30,43.82,38.81,445.72,-1.00,-1.00,-1.00,-1.00,-1.00
XPUT 167 7.46,62.14,-1.00,17.40,12.43,-1.00,31.07,43.50,39.77,442.42,-1.00,-1.00,-1.00,-1.00,-1.00
XPUT 168 7.40,64.15,-1.00,17.27,12.34,-1.00,30.84,43.18,39.48,442.87,-1.00,-1.00,-1.00,-1.00,-1.00
XPUT 169 8.57,65.52,-1.00,17.76,12.25,-1.00,30.62,42.86,39.19,442.70,-1.00,-1.00,-1.00,-1.00,-1.00
XPUT 170 8.51,68.08,-1.00,17.63,12.16,-1.00,30.39,42.55,39.51,443.14,-1.00,-1.00,-1.00,-1.00,-1.00
XPUT 171 8.45,71.21,-1.00,18.71,12.67,-1.00,30.17,42.24,39.23,443.57,-1.00,-1.00,-1.00,-1.00,-1.00
XPUT 172 8.99,72.50,-1.00,18.57,12.58,-1.00,29.96,41.94,40.15,444.60,-1.00,-1.00,-1.00,-1.00,-1.00
XPUT 173 8.92,76.15,-1.00,18.44,13.68,-1.00,29.75,41.65,39.86,445.01,-1.00,-1.00,-1.00,-1.00,-1.00
XPUT 174 10.04,77.98,-1.00,18.90,13.59,-1.00,29.54,41.35,40.17,448.38,-1.00,-1.00,-1.00,-1.00,-1.00
XPUT 175 9.97,80.37,-1.00,18.77,13.49,-1.00,29.33,41.65,39.89,448.76,-1.00,-1.00,-1.00,-1.00,-1.00
XPUT 176 9.90,81.56,-1.00,21.55,13.40,-1.00,29.13,41.36,40.78,449.14,-1.00,-1.00,-1.00,-1.00,-1.00
XPUT 177 10.41,84.46,-1.00,24.30,14.46,-1.00,28.93,41.08,41.08,451.83,-1.00,-1.00,-1.00,-1.00,-1.00
XPUT 178 10.34,87.91,-1.00,27.58,14.94,-1.00,28.73,40.79,41.94,455.05,-1.00,-1.00,-1.00,-1.00,-1.00
XPUT 179 11.41,89.59,-1.00,29.10,14.84,-1.00,28.53,41.66,42.80,457.09,-1.00,-1.00,-1.00,-1.00,-1.00
XPUT 180 11.34,91.82,-1.00,32.31,14.74,-1.00,28.34,41.38,42.51,455.71,-1.00,-1.00,-1.00,-1.00,-1.00
XPUT 181 11.26,94.58,-1.00,33.22,15.76,-1.00,56.30,42.79,43.91,456.02,-1.00,-1.00,-1.00,-1.00,-1.00
XPUT 182 11.18,98.43,-1.00,33.00,16.22,-1.00,55.92,42.50,45.30,457.46,-1.00,-1.00,-1.00,-1.00,-1.00
XPUT 183 11.11,100.55,-1.00,34.44,16.11,-1.00,55.55,43.33,45.00,458.32,-1.00,-1.00,-1.00,-1.00,-1.00
XPUT 184 11.04,104.31,-1.00,35.32,17.66,-1.00,55.19,43.60,45.25,460.27,-1.00,-1.00,-1.00,-1.00,-1.00
XPUT 185 10.97,105.82,-1.00,37.28,17.54,-1.00,54.83,43.31,46.06,460.55,-1.00,-1.00,-1.00,-1.00,-1.00
XPUT 186 10.89,108.94,-1.00,37.04,17.43,-1.00,54.47,44.67,46.30,460.83,-1.00,-1.00,-1.00,-1.00,-1.00
XPUT 187 10.82,108.78,-1.00,38.43,18.40,-1.00,54.12,45.46,46.00,460.02,-1.00,-1.00,-1.00,-1.00,-1.00
XPUT 188 10.75,111.31,-1.00,39.25,18.82,-1.00,53.77,45.17,46.78,461.91,-1.00,-1.00,-1.00,-1.00,-1.00
XPUT 189 10.69,114.34,-1.00,42.21,18.70,-1.00,53.43,44.88,47.55,463.24,-1.00,-1.00,-1.00,-1.00,-1.00
XPUT 190 10.62,116.80,-1.00,44.60,19.64,-1.00,53.09,47.25,47.78,466.68,-1.00,-1.00,-1.00,-1.00,-1.00
XPUT 191 12.13,120.29,-1.00,44.84,20.58,-1.00,52.76,46.96,48.54,473.77,-1.00,-1.00,-1.00,-1.00,-1.00
XPUT 192 12.06,122.68,-1.00,46.66,20.97,-1.00,52.43,48.23,48.23,476.58,-1.00,-1.00,-1.00,-1.00,-1.00
XPUT 193 13.55,125.05,-1.00,46.37,21.88,-1.00,52.10,47.93,48.46,479.87,-1.00,-1.00,-1.00,-1.00,-1.00
XPUT 194 13.46,127.38,-1.00,48.16,22.27,-1.00,51.78,47.64,48.16,483.64,-1.00,-1.00,-1.00,-1.00,-1.00
XPUT 195 14.92,130.72,-1.00,50.43,23.67,-1.00,51.46,47.35,48.89,486.33,-1.00,-1.00,-1.00,-1.00,-1.00
XPUT 196 14.83,131.46,-1.00,51.15,23.53,-1.00,51.15,47.06,49.10,486.44,-1.00,-1.00,-1.00,-1.00,-1.00
XPUT 197 16.27,133.20,-1.00,52.37,24.40,-1.00,50.84,46.77,48.81,486.54,-1.00,-1.00,-1.00,-1.00,-1.00
XPUT 198 17.18,135.43,-1.00,53.57,24.26,-1.00,50.53,46.49,49.52,492.70,-1.00,-1.00,-1.00,-1.00,-1.00
XPUT 199 17.58,137.13,-1.00,54.75,24.11,-1.00,50.23,46.21,50.23,492.77,-1.00,-1.00,-1.00,-1.00,-1.00
XPUT 200 17.48,139.31,-1.00,55.92,23.97,-1.00,49.93,45.94,50.43,497.32,-1.00,-1.00,-1.00,-1.00,-1.00
XPUT 201 19.36,139.98,-1.00,58.07,23.83,-1.00,49.64,45.67,51.13,498.35,-1.00,-1.00,-1.00,-1.00,-1.00
XPUT 202 19.24,141.62,-1.00,58.23,23.69,-1.00,49.34,45.40,50.83,498.38,-1.00,-1.00,-1.00,-1.00,-1.00
XPUT 203 19.13,142.26,-1.00,57.89,23.55,-1.00,49.06,45.13,51.02,498.90,-1.00,-1.00,-1.00,-1.00,-1.00
XPUT 204 20.97,144.36,-1.00,57.55,23.41,-1.00,48.77,44.87,51.70,507.22,-1.00,-1.00,-1.00,-1.00,-1.00
XPUT 205 20.85,146.92,-1.00,57.22,23.27,-1.00,48.49,44.61,51.88,512.04,-1.00,-1.00,-1.00,-1.00,-1.00
XPUT 206 20.73,148.01,-1.00,56.89,23.14,-1.00,48.21,44.35,52.55,513.44,-1.00,-1.00,-1.00,-1.00,-1.00
XPUT 207 20.61,149.56,-1.00,58.00,23.01,-1.00,47.93,44.10,52.73,515.78,-1.00,-1.00,-1.00,-1.00,-1.00
XPUT 208 20.49,150.14,-1.00,57.67,23.83,-1.00,47.66,43.85,53.38,516.66,-1.00,-1.00,-1.00,-1.00,-1.00
XPUT 209 21.33,152.13,-1.00,59.24,23.70,-1.00,47.39,43.60,54.50,518.01,-1.00,-1.00,-1.00,-1.00,-1.00
XPUT 210 21.68,153.63,-1.00,60.32,23.56,-1.00,47.13,43.36,55.14,520.28,-1.00,-1.00,-1.00,-1.00,-1.00
XPUT 211 22.49,154.18,-1.00,61.86,23.90,-1.00,58.58,43.58,56.24,518.78,-1.00,-1.00,-1.00,-1.00,-1.00
XPUT 212 22.37,156.12,-1.00,62.45,23.77,-1.00,58.25,43.34,55.92,519.16,-1.00,-1.00,-1.00,-1.00,-1.00
XPUT 213 23.64,160.36,-1.00,62.10,23.64,-1.00,57.93,44.03,57.01,523.25,-1.00,-1.00,-1.00,-1.00,-1.00
XPUT 214 24.89,164.08,-1.00,64.53,24.43,-1.00,57.61,43.79,59.46,531.43,-1.00,-1.00,-1.00,-1.00,-1.00
XPUT 215 26.13,166.86,-1.00,66.93,24.75,-1.00,57.30,44.92,60.51,534.03,-1.00,-1.00,-1.00,-1.00,-1.00
XPUT 216 25.99,168.68,-1.00,66.56,24.62,-1.00,56.99,44.68,61.09,532.49,-1.00,-1.00,-1.00,-1.00,-1.00
XPUT 217 25.85,170.49,-1.00,68.02,25.39,-1.00,56.68,44.44,62.12,534.15,-1.00,-1.00,-1.00,-1.00,-1.00
XPUT 218 25.71,172.28,-1.00,69.00,25.71,-1.00,56.38,45.10,62.69,539.40,-1.00,-1.00,-1.00,-1.00,-1.00
XPUT 219 25.57,173.60,-1.00,70.43,25.57,-1.00,56.07,44.86,62.80,540.10,-1.00,-1.00,-1.00,-1.00,-1.00
XPUT 220 25.43,175.36,-1.00,70.95,26.33,-1.00,55.78,44.62,63.36,541.69,-1.00,-1.00,-1.00,-1.00,-1.00
XPUT 221 25.30,176.65,-1.00,72.79,26.19,-1.00,55.48,44.83,63.47,541.49,-1.00,-1.00,-1.00,-1.00,-1.00
XPUT 222 25.17,177.04,-1.00,72.85,26.49,-1.00,55.19,44.59,63.14,541.29,-1.00,-1.00,-1.00,-1.00,-1.00
XPUT 223 25.03,178.75,-1.00,73.78,26.35,-1.00,54.90,44.36,63.68,544.16,-1.00,-1.00,-1.00,-1.00,-1.00
XPUT 224 27.09,180.88,-1.00,74.71,27.09,-1.00,54.61,44.13,63.79,546.13,-1.00,-1.00,-1.00,-1.00,-1.00
XPUT 225 26.95,182.55,-1.00,76.50,26.95,-1.00,54.33,43.90,64.33,548.52,-1.00,-1.00,-1.00,-1.00,-1.00
XPUT 226 29.40,184.20,-1.00,76.97,26.81,-1.00,54.05,44.54,64.86,550.45,-1.00,-1.00,-1.00,-1.00,-1.00
XPUT 227 29.25,185.84,-1.00,78.29,26.67,-1.00,53.77,44.31,64.96,551.50,-1.00,-1.00,-1.00,-1.00,-1.00
XPUT 228 32.10,188.32,-1.00,80.89,26.54,-1.00,53.50,44.51,65.91,555.53,-1.00,-1.00,-1.00,-1.00,-1.00
XPUT 229 31.94,189.49,-1.00,81.76,26.40,-1.00,53.23,45.14,65.58,555.27,-1.00,-1.00,-1.00,-1.00,-1.00
XPUT 230 33.05,190.65,-1.00,82.62,26.27,-1.00,52.96,44.91,65.24,552.46,-1.00,-1.00,-1.00,-1.00,-1.00
XPUT 231 32.88,190.11,-1.00,82.20,26.14,-1.00,52.69,45.10,64.92,550.53,-1.00,-1.00,-1.00,-1.00,-1.00
XPUT 232 32.72,191.26,-1.00,83.05,26.00,0.42,52.43,44.88,64.59,547.78,-1.00,-1.00,-1.00,-1.00,-1.00
XPUT 233 32.55,191.56,-1.00,83.89,25.88,0.42,52.17,44.66,65.11,546.30,-1.00,-1.00,-1.00,-1.00,-1.00
XPUT 234 32.81,192.69,-1.00,84.72,25.75,0.42,51.91,45.68,64.78,545.67,-1.00,-1.00,-1.00,-1.00,-1.00
XPUT 235 33.47,194.22,-1.00,85.54,25.62,0.41,51.65,45.46,64.88,547.53,-1.00,-1.00,-1.00,-1.00,-1.00
XPUT 236 33.72,194.50,-1.00,86.35,25.49,0.41,51.40,45.23,64.56,544.85,-1.00,-1.00,-1.00,-1.00,-1.00
XPUT 237 33.55,195.60,-1.00,87.57,25.37,0.41,51.15,47.06,65.06,547.10,-1.00,-1.00,-1.00,-1.00,-1.00
XPUT 238 34.61,196.28,-1.00,88.77,26.06,0.41,50.90,46.83,65.15,546.89,-1.00,-1.00,-1.00,-1.00,-1.00
XPUT 239 34.45,198.17,-1.00,88.34,26.34,0.41,50.66,47.41,65.65,547.08,-1.00,-1.00,-1.00,-1.00,-1.00
XPUT 240 34.28,198.42,-1.00,87.92,26.21,0.40,50.41,47.19,65.33,546.87,-1.00,-1.00,-1.00,-1.00,-1.00
XPUT 241 34.12,200.68,-1.00,87.50,26.09,0.40,50.17,46.96,65.82,547.87,-1.00,-1.00,-1.00,-1.00,-1.00
XPUT 242 35.55,202.52,-1.00,89.08,27.16,0.40,49.93,46.74,66.71,554.85,-1.00,-1.00,-1.00,-1.00,-1.00
XPUT 243 35.38,204.75,-1.00,91.04,27.83,0.40,49.70,46.52,66.39,557.78,-1.00,-1.00,-1.00,-1.00,-1.00
XPUT 244 36.80,205.76,-1.00,91.40,27.70,0.40,49.46,46.30,66.48,559.90,-1.00,-1.00,-1.00,-1.00,-1.00
XPUT 245 39.38,208.34,-1.00,92.55,28.75,1.18,49.23,46.08,67.35,567.90,-1.00,-1.00,-1.00,-1.00,-1.00
XPUT 246 39.59,210.50,-1.00,94.86,28.62,1.18,49.00,45.86,67.81,576.62,-1.00,-1.00,-1.00,-1.00,-1.00
XPUT 247 41.36,211.86,-1.00,95.59,28.48,1.17,48.77,45.65,68.28,575.89,-1.00,-1.00,-1.00,-1.00,-1.00
XPUT 248 41.17,212.82,-1.00,96.31,28.35,1.17,48.55,45.44,67.96,574.00,-1.00,-1.00,-1.00,-1.00,-1.00
XPUT 249 40.98,214.16,-1.00,97.80,28.22,1.16,48.32,45.23,67.65,571.74,-1.00,-1.00,-1.00,-1.00,-1.00
XPUT 250 40.79,215.49,-1.00,97.74,28.09,1.15,48.10,45.02,67.72,570.27,-1.00,-1.00,-1.00,-1.00,-1.00
XPUT 251 42.13,216.42,-1.00,99.59,27.96,1.15,47.88,44.82,67.42,569.58,-1.00,-1.00,-1.00,-1.00,-1.00
XPUT 252 41.94,216.58,-1.00,99.14,27.83,1.14,47.66,44.61,67.11,570.43,-1.00,-1.00,-1.00,-1.00,-1.00
XPUT 253 42.51,218.26,-1.00,101.35,27.71,1.14,47.45,44.41,66.81,570.88,-1.00,-1.00,-1.00,-1.00,-1.00
XPUT 254 44.21,218.78,-1.00,100.89,27.58,1.13,47.23,44.21,66.50,570.58,-1.00,-1.00,-1.00,-1.00,-1.00
XPUT 255 44.01,218.93,-1.00,100.81,27.46,1.13,47.02,44.01,66.96,568.02,-1.00,-1.00,-1.00,-1.00,-1.00
XPUT 256 46.06,220.58,-1.00,100.36,27.34,1.12,46.81,43.82,66.66,570.35,-1.00,-1.00,-1.00,-1.00,-1.00
XPUT 257 45.86,221.09,-1.00,99.92,27.22,1.12,46.60,43.62,66.74,570.05,-1.00,-1.00,-1.00,-1.00,-1.00
XPUT 258 47.88,222.71,-1.00,101.33,27.10,1.11,46.40,43.43,66.44,569.76,-1.00,-1.00,-1.00,-1.00,-1.00
XPUT 259 47.67,223.94,-1.00,101.99,26.98,1.11,46.19,43.24,67.26,571.31,-1.00,-1.00,-1.00,-1.00,-1.00
XPUT 260 49.30,225.90,-1.00,102.65,26.86,1.10,45.99,43.05,67.70,575.43,-1.00,-1.00,-1.00,-1.00,-1.00
XPUT 261 49.45,228.21,-1.00,103.30,26.74,1.10,45.79,42.86,68.50,584.27,-1.00,-1.00,-1.00,-1.00,-1.00
XPUT 262 49.24,229.41,-1.00,103.95,27.35,1.46,45.59,42.67,68.93,591.94,-1.00,-1.00,-1.00,-1.00,-1.00
XPUT 263 49.02,231.32,-1.00,106.04,27.60,1.45,45.39,42.49,69.00,592.65,-1.00,-1.00,-1.00,-1.00,-1.00
XPUT 264 48.81,232.13,-1.00,105.58,28.20,1.45,45.20,42.30,68.70,592.99,-1.00,-1.00,-1.00,-1.00,-1.00
XPUT 265 48.60,233.30,-1.00,105.49,28.44,1.44,45.00,42.12,69.13,595.48,-1.00,-1.00,-1.00,-1.00,-1.00
XPUT 266 48.40,235.17,-1.00,105.04,29.04,1.43,44.81,41.94,69.19,598.67,-1.00,-1.00,-1.00,-1.00,-1.00
XPUT 267 48.19,236.31,-1.00,104.59,28.91,1.43,44.62,41.76,69.61,600.05,-1.00,-1.00,-1.00,-1.00,-1.00
XPUT 268 47.99,238.15,-1.00,105.92,28.79,1.42,44.43,41.94,70.38,600.71,-1.00,-1.00,-1.00,-1.00,-1.00
XPUT 269 47.78,239.98,-1.00,105.48,28.67,1.42,44.24,41.77,71.14,602.07,-1.00,-1.00,-1.00,-1.00,-1.00
XPUT 270 47.58,240.38,-1.00,107.15,28.55,1.41,44.06,41.59,71.55,601.65,-1.00,-1.00,-1.00,-1.00,-1.00
XPUT 271 47.38,242.18,-1.00,108.81,28.43,1.40,43.87,41.42,72.30,601.94,-1.00,-1.00,-1.00,-1.00,-1.00
XPUT 272 47.19,243.27,-1.00,108.35,28.31,1.40,43.69,41.24,72.35,603.28,-1.00,-1.00,-1.00,-1.00,-1.00
XPUT 273 46.99,245.74,-1.00,110.34,28.19,1.39,43.51,41.77,73.10,615.05,-1.00,-1.00,-1.00,-1.00,-1.00
XPUT 274 48.18,247.50,-1.00,111.96,28.08,1.39,43.33,41.94,72.79,617.71,-1.00,-1.00,-1.00,-1.00,-1.00
XPUT 275 47.98,247.86,-1.00,111.50,27.96,1.38,43.15,42.46,72.49,615.86,-1.00,-1.00,-1.00,-1.00,-1.00
XPUT 276 47.79,249.60,-1.00,112.76,27.85,1.38,42.97,42.97,72.88,620.89,-1.00,-1.00,-1.00,-1.00,-1.00
XPUT 277 47.93,251.66,-1.00,113.67,28.76,1.37,42.80,42.80,73.61,631.71,-1.00,-1.00,-1.00,-1.00,-1.00
XPUT 278 47.74,252.34,-1.00,114.24,28.99,1.36,42.63,42.97,73.32,634.94,-1.00,-1.00,-1.00,-1.00,-1.00
XPUT 279 48.23,253.36,-1.00,116.15,29.55,1.36,42.45,43.47,73.70,635.09,-1.00,-1.00,-1.00,-1.00,-1.00
XPUT 280 48.03,254.03,-1.00,116.02,30.10,1.35,42.28,43.30,73.40,635.23,-1.00,-1.00,-1.00,-1.00,-1.00
XPUT 281 48.18,254.02,-1.00,117.24,29.98,1.35,42.11,44.13,73.11,633.69,-1.00,-1.00,-1.00,-1.00,-1.00
XPUT 282 47.98,254.01,-1.00,116.77,30.20,1.34,41.94,44.29,73.15,635.19,-1.00,-1.00,-1.00,-1.00,-1.00
XPUT 283 48.46,255.33,-1.00,117.31,30.08,1.34,41.78,44.12,73.53,636.33,-1.00,-1.00,-1.00,-1.00,-1.00
XPUT 284 49.27,256.32,-1.00,117.84,29.96,1.33,41.61,43.94,73.23,644.13,-1.00,-1.00,-1.00,-1.00,-1.00
XPUT 285 50.07,257.29,-1.00,119.36,30.50,1.33,41.45,44.76,73.28,649.54,-1.00,-1.00,-1.00,-1.00,-1.00
XPUT 286 51.52,258.92,-1.00,120.54,30.71,1.32,41.28,45.25,72.99,650.61,-1.00,-1.00,-1.00,-1.00,-1.00
XPUT 287 51.32,258.90,-1.00,120.73,30.59,1.32,41.12,45.73,72.70,648.06,-1.00,-1.00,-1.00,-1.00,-1.00
XPUT 288 51.12,259.52,-1.00,120.26,31.13,1.31,40.96,45.88,72.42,646.51,-1.00,-1.00,-1.00,-1.00,-1.00
XPUT 289 52.22,260.47,-1.00,120.12,31.33,1.31,40.80,45.70,72.14,646.93,-1.00,-1.00,-1.00,-1.00,-1.00
XPUT 290 52.02,262.39,-1.00,121.28,31.86,1.30,40.64,46.17,72.51,648.65,-1.00,-1.00,-1.00,-1.00,-1.00
XPUT 291 51.82,263.64,-1.00,121.46,31.74,1.30,40.49,45.99,72.23,650.04,-1.00,-1.00,-1.00,-1.00,-1.00
XPUT 292 51.62,264.56,-1.00,122.28,31.62,1.29,40.33,45.81,72.59,649.15,-1.00,-1.00,-1.00,-1.00,-1.00
XPUT 293 51.42,265.16,-1.00,122.45,31.50,1.29,40.18,45.64,72.32,648.59,-1.00,-1.00,-1.00,-1.00,-1.00
XPUT 294 51.23,265.43,-1.00,122.95,31.38,1.28,40.02,45.46,72.04,646.76,-1.00,-1.00,-1.00,-1.00,-1.00
XPUT 295 51.67,266.33,-1.00,122.80,31.26,1.28,39.87,45.29,71.77,645.89,-1.00,-1.00,-1.00,-1.00,-1.00
XPUT 296 52.43,265.96,-1.00,122.33,31.14,1.27,39.72,45.12,71.81,645.35,-1.00,-1.00,-1.00,-1.00,-1.00
XPUT 297 52.23,266.54,-1.00,121.87,31.02,1.27,39.57,44.95,71.54,644.81,-1.00,-1.00,-1.00,-1.00,-1.00
XPUT 298 53.61,266.80,-1.00,121.41,30.91,1.26,39.42,44.78,71.27,642.39,-1.00,-1.00,-1.00,-1.00,-1.00
XPUT 299 53.72,267.05,-1.00,120.96,30.79,1.26,39.27,44.61,71.00,641.87,-1.00,-1.00,-1.00,-1.00,-1.00
XPUT 300 54.15,267.31,-1.00,122.07,30.67,1.25,39.13,44.45,70.74,641.67,-1.00,-1.00,-1.00,-1.00,-1.00
XPUT 301 54.88,268.19,-1.00,121.62,30.56,1.25,38.98,44.28,71.10,642.40,-1.00,-1.00,-1.00,-1.00,-1.00
XPUT 302 56.23,269.37,-1.00,123.03,31.07,1.24,38.84,44.12,70.84,642.19,-1.00,-1.00,-1.00,-1.00,-1.00
XPUT 303 56.03,269.30,-1.00,122.58,31.26,1.24,38.69,43.96,70.89,643.54,-1.00,-1.00,-1.00,-1.00,-1.00
XPUT 304 55.82,270.16,-1.00,123.67,32.07,1.23,38.55,43.79,71.24,648.58,-1.00,-1.00,-1.00,-1.00,-1.00
XPUT 305 55.62,271.02,-1.00,123.22,32.57,1.23,38.41,43.63,70.98,649.89,-1.00,-1.00,-1.00,-1.00,-1.00
XPUT 306 55.41,271.56,-1.00,124.30,32.45,1.22,38.27,43.47,71.03,649.35,-1.00,-1.00,-1.00,-1.00,-1.00
XPUT 307 55.21,271.49,-1.00,123.85,32.33,1.22,38.13,43.32,70.77,649.13,-1.00,-1.00,-1.00,-1.00,-1.00
XPUT 308 55.01,272.02,-1.00,124.61,32.22,1.22,37.99,43.16,71.12,650.12,-1.00,-1.00,-1.00,-1.00,-1.00
XPUT 309 56.02,271.95,-1.00,124.77,32.10,1.21,37.85,43.00,70.86,649.59,-1.00,-1.00,-1.00,-1.00,-1.00
XPUT 310 55.82,272.48,-1.00,124.92,31.99,1.21,37.72,42.85,70.91,649.97,-1.00,-1.00,-1.00,-1.00,-1.00
XPUT 311 57.73,272.70,-1.00,125.68,31.87,1.20,37.58,42.69,71.26,650.64,-1.00,-1.00,-1.00,-1.00,-1.00
XPUT 312 57.82,274.13,-1.00,125.23,31.76,1.20,37.45,42.54,71.60,653.41,-1.00,-1.00,-1.00,-1.00,-1.00
XPUT 313 59.11,275.54,-1.00,126.87,31.64,1.19,37.32,42.39,72.24,671.69,-1.00,-1.00,-1.00,-1.00,-1.00
XPUT 314 59.79,276.05,-1.00,126.72,31.53,1.19,37.18,42.24,71.99,672.28,-1.00,-1.00,-1.00,-1.00,-1.00
XPUT 315 59.58,276.26,-1.00,126.27,31.42,1.19,37.05,42.09,72.03,671.98,-1.00,-1.00,-1.00,-1.00,-1.00
XPUT 316 59.37,277.65,-1.00,125.83,31.31,1.18,36.92,41.94,72.37,674.63,-1.00,-1.00,-1.00,-1.00,-1.00
XPUT 317 59.16,277.56,-1.00,125.39,31.20,1.18,36.79,41.80,72.11,674.03,-1.00,-1.00,-1.00,-1.00,-1.00
XPUT 318 58.95,278.06,-1.00,124.95,31.09,1.17,36.66,41.65,72.15,673.44,-1.00,-1.00,-1.00,-1.00,-1.00
XPUT 319 58.75,278.55,-1.00,125.98,30.98,1.17,36.54,41.80,73.07,673.13,-1.00,-1.00,-1.00,-1.00,-1.00
XPUT 320 59.42,279.62,-1.00,125.54,30.87,1.17,37.28,41.65,73.11,672.54,-1.00,-1.00,-1.00,-1.00,-1.00
XPUT 321 60.08,280.68,-1.00,125.39,30.77,1.16,43.54,41.51,73.44,673.70,-1.00,-1.00,-1.00,-1.00,-1.00
XPUT 322 59.88,281.45,-1.00,126.41,30.66,1.16,43.39,42.23,73.47,674.56,-1.00,-1.00,-1.00,-1.00,-1.00
XPUT 323 61.11,282.21,-1.00,126.55,30.56,1.15,43.24,42.09,73.80,674.55,-1.00,-1.00,-1.00,-1.00,-1.00
XPUT 324 60.90,282.68,-1.00,127.27,30.45,1.15,43.09,43.38,73.83,673.96,-1.00,-1.00,-1.00,-1.00,-1.00
XPUT 325 62.41,284.01,-1.00,127.40,30.63,1.15,42.95,43.23,73.58,673.67,-1.00,-1.00,-1.00,-1.00,-1.00
XPUT 326 62.20,284.19,-1.00,128.40,31.10,1.14,42.80,43.66,73.90,673.09,-1.00,-1.00,-1.00,-1.00,-1.00
XPUT 327 61.99,285.21,-1.00,127.96,31.28,1.14,42.65,44.36,73.93,673.93,-1.00,-1.00,-1.00,-1.00,-1.00
XPUT 328 63.76,286.23,-1.00,127.81,31.17,1.13,42.51,44.21,74.25,673.36,-1.00,-1.00,-1.00,-1.00,-1.00
XPUT 329 63.83,287.53,-1.00,127.38,31.07,1.13,42.37,45.19,74.85,676.46,-1.00,-1.00,-1.00,-1.00,-1.00
XPUT 330 63.62,288.53,-1.00,126.96,30.96,1.13,42.22,45.04,75.16,677.28,-1.00,-1.00,-1.00,-1.00,-1.00
XPUT 331 63.41,289.25,-1.00,126.53,30.86,1.12,42.08,44.89,75.75,678.38,-1.00,-1.00,-1.00,-1.00,-1.00
XPUT 332 63.75,289.97,-1.00,126.11,30.76,1.12,41.94,45.86,75.78,678.92,-1.00,-1.00,-1.00,-1.00,-1.00
XPUT 333 63.54,290.40,-1.00,127.08,30.66,1.11,41.80,45.71,75.53,678.61,-1.00,-1.00,-1.00,-1.00,-1.00
XPUT 334 65.00,291.66,-1.00,126.66,31.11,1.11,41.67,45.55,75.83,681.64,-1.00,-1.00,-1.00,-1.00,-1.00
XPUT 335 64.78,292.63,-1.00,127.07,32.39,1.11,41.53,45.40,75.58,689.91,-1.00,-1.00,-1.00,-1.00,-1.00
XPUT 336 65.95,292.22,-1.00,126.66,32.56,1.10,41.39,45.25,75.33,697.03,-1.00,-1.00,-1.00,-1.00,-1.00
