3 0 0.5 3 U. of Missouri
PERC 1 0.0
PERC 2 0.0
PERC 3 0.0
PERC 4 0.0
PERC 5 0.0
PERC 6 0.0
PERC 7 0.0
PERC 8 0.0
PERC 9 0.0
PERC 10 0.0
PERC 11 0.0
PERC 12 0.0
PERC 13 0.0
PERC 14 0.0
PERC 15 0.0
PERC 16 0.0
PERC 17 0.0
PERC 18 0.0
PERC 19 0.0
PERC 20 0.0
PERC 21 0.0
PERC 22 0.0
PERC 23 0.0
PERC 24 0.0
PERC 25 0.0
PERC 26 0.0
PERC 27 0.0
PERC 28 0.0
PERC 29 0.1
PERC 30 0.3
PERC 31 0.6
PERC 32 0.9
PERC 33 1.0
PERC 34 1.1
PERC 35 1.3
PERC 36 1.5
PERC 37 1.6
PERC 38 1.7
PERC 39 1.8
PERC 40 2.0
PERC 41 2.1
PERC 42 2.2
PERC 43 2.4
PERC 44 2.4
PERC 45 2.5
PERC 46 2.7
PERC 47 2.9
PERC 48 3.0
PERC 49 3.1
PERC 50 3.1
PERC 51 3.2
PERC 52 3.4
PERC 53 3.5
PERC 54 3.7
PERC 55 3.9
PERC 56 4.1
PERC 57 4.2
PERC 58 4.5
PERC 59 4.8
PERC 60 5.0
PERC 61 5.1
PERC 62 5.2
PERC 63 5.3
PERC 64 5.5
PERC 65 5.5
PERC 66 5.6
PERC 67 5.7
PERC 68 5.8
PERC 69 6.0
PERC 70 6.0
PERC 71 6.1
PERC 72 6.2
PERC 73 6.3
PERC 74 6.4
PERC 75 6.5
PERC 76 6.5
PERC 77 6.7
PERC 78 6.8
PERC 79 6.9
PERC 80 7.0
PERC 81 7.1
PERC 82 7.2
PERC 83 7.3
PERC 84 7.4
PERC 85 7.4
PERC 86 7.6
PERC 87 7.7
PERC 88 7.7
PERC 89 7.7
PERC 90 7.8
PERC 91 8.0
PERC 92 8.0
PERC 93 8.2
PERC 94 8.3
PERC 95 8.3
PERC 96 8.4
PERC 97 8.7
PERC 98 8.9
PERC 99 8.9
PERC 100 9.0
PERC 101 9.1
PERC 102 9.2
PERC 103 9.3
PERC 104 9.4
PERC 105 9.4
PERC 106 9.4
PERC 107 9.5
PERC 108 9.6
PERC 109 9.8
PERC 110 9.9
PERC 111 9.9
PERC 112 9.9
PERC 113 10.0
PERC 114 10.1
PERC 115 10.3
PERC 116 10.3
PERC 117 10.4
PERC 118 10.4
PERC 119 10.4
PERC 120 10.5
PERC 121 10.5
PERC 122 10.7
PERC 123 10.8
PERC 124 10.8
PERC 125 10.9
PERC 126 11.2
PERC 127 11.2
PERC 128 11.4
PERC 129 11.5
PERC 130 11.7
PERC 131 11.9
PERC 132 12.0
PERC 133 12.2
PERC 134 12.3
PERC 135 12.4
PERC 136 12.4
PERC 137 12.6
PERC 138 12.7
PERC 139 12.8
PERC 140 13.0
PERC 141 13.1
PERC 142 13.1
PERC 143 13.2
PERC 144 13.3
PERC 145 13.4
PERC 146 13.5
PERC 147 13.8
PERC 148 13.8
PERC 149 13.9
PERC 150 14.0
PERC 151 14.2
PERC 152 14.3
PERC 153 14.5
PERC 154 14.9
PERC 155 15.0
PERC 156 15.1
PERC 157 15.4
PERC 158 15.5
PERC 159 15.6
PERC 160 15.8
PERC 161 16.1
PERC 162 16.2
PERC 163 16.4
PERC 164 16.7
PERC 165 16.9
PERC 166 17.0
PERC 167 17.2
PERC 168 17.4
PERC 169 17.7
PERC 170 18.0
PERC 171 18.2
PERC 172 18.4
PERC 173 18.8
PERC 174 19.2
PERC 175 19.4
PERC 176 19.8
PERC 177 20.1
PERC 178 20.4
PERC 179 20.7
PERC 180 20.8
PERC 181 21.1
PERC 182 21.4
PERC 183 21.7
PERC 184 21.9
PERC 185 22.2
PERC 186 22.3
PERC 187 22.8
PERC 188 23.1
PERC 189 23.3
PERC 190 23.6
PERC 191 24.0
PERC 192 24.1
PERC 193 24.4
PERC 194 24.5
PERC 195 24.7
PERC 196 25.0
PERC 197 25.0
PERC 198 25.3
PERC 199 25.6
PERC 200 25.8
PERC 201 26.0
PERC 202 26.3
PERC 203 26.6
PERC 204 26.8
PERC 205 27.0
PERC 206 27.1
PERC 207 27.3
PERC 208 27.5
PERC 209 27.8
PERC 210 28.0
PERC 211 28.1
PERC 212 28.2
PERC 213 28.4
PERC 214 28.7
PERC 215 28.9
PERC 216 29.2
PERC 217 29.4
PERC 218 29.5
PERC 219 29.8
PERC 220 30.0
PERC 221 30.2
PERC 222 30.7
PERC 223 30.8
PERC 224 31.1
PERC 225 31.3
PERC 226 31.4
PERC 227 31.5
PERC 228 31.7
PERC 229 31.9
PERC 230 32.1
PERC 231 32.4
PERC 232 32.6
PERC 233 32.7
PERC 234 32.9
PERC 235 33.2
PERC 236 33.4
PERC 237 33.6
PERC 238 33.9
PERC 239 34.0
PERC 240 34.4
PERC 241 34.6
PERC 242 34.7
PERC 243 34.9
PERC 244 35.2
PERC 245 35.4
PERC 246 35.7
PERC 247 36.0
PERC 248 36.2
PERC 249 36.5
PERC 250 36.7
PERC 251 37.0
PERC 252 37.1
PERC 253 37.3
PERC 254 37.5
PERC 255 37.6
PERC 256 37.9
PERC 257 37.9
PERC 258 38.0
PERC 259 38.2
PERC 260 38.3
PERC 261 38.5
PERC 262 38.7
PERC 263 38.9
PERC 264 39.1
PERC 265 39.3
PERC 266 39.5
PERC 267 39.8
PERC 268 40.1
PERC 269 40.3
PERC 270 40.5
PERC 271 40.8
PERC 272 40.9
PERC 273 41.0
PERC 274 41.3
PERC 275 41.7
PERC 276 41.9
PERC 277 42.2
PERC 278 42.3
PERC 279 42.7
PERC 280 43.0
PERC 281 43.2
PERC 282 43.4
PERC 283 43.5
PERC 284 43.7
PERC 285 43.9
PERC 286 44.2
PERC 287 44.3
PERC 288 44.5
PERC 289 44.6
PERC 290 44.9
PERC 291 45.2
PERC 292 45.4
PERC 293 45.8
PERC 294 45.9
PERC 295 46.2
PERC 296 46.4
PERC 297 46.6
PERC 298 46.7
PERC 299 46.9
PERC 300 47.2
PERC 301 47.4
PERC 302 47.5
PERC 303 47.9
PERC 304 48.0
PERC 305 48.2
PERC 306 48.5
PERC 307 48.7
PERC 308 49.0
PERC 309 49.3
PERC 310 49.5
PERC 311 49.7
PERC 312 49.9
PERC 313 50.1
PERC 314 50.4
PERC 315 50.6
PERC 316 50.8
PERC 317 50.9
PERC 318 51.1
PERC 319 51.3
PERC 320 51.5
PERC 321 51.7
PERC 322 51.9
PERC 323 52.3
PERC 324 52.5
PERC 325 52.7
PERC 326 53.2
PERC 327 53.3
PERC 328 53.9
PERC 329 54.0
PERC 330 54.1
PERC 331 54.2
PERC 332 54.5
PERC 333 54.8
PERC 334 55.0
PERC 335 55.3
PERC 336 55.6
PERC 337 55.8
PERC 338 56.0
PERC 339 56.5
PERC 340 56.8
PERC 341 57.0
PERC 342 57.2
PERC 343 57.7
PERC 344 58.0
PERC 345 58.5
PERC 346 58.7
PERC 347 59.0
PERC 348 59.3
PERC 349 59.3
PERC 350 59.8
PERC 351 60.0
PERC 352 60.3
PERC 353 60.6
PERC 354 60.7
PERC 355 60.9
PERC 356 61.0
PERC 357 61.3
PERC 358 61.6
PERC 359 61.9
PERC 360 62.1
PERC 361 62.4
PERC 362 62.8
PERC 363 63.0
PERC 364 63.3
PERC 365 63.7
PERC 366 64.0
PERC 367 64.3
PERC 368 64.5
PERC 369 64.7
PERC 370 65.0
PERC 371 65.4
PERC 372 65.5
PERC 373 65.8
PERC 374 65.9
PERC 375 66.3
PERC 376 66.8
PERC 377 67.0
PERC 378 67.3
PERC 379 67.5
PERC 380 67.9
PERC 381 68.2
PERC 382 68.4
PERC 383 68.6
PERC 384 69.0
PERC 385 69.2
PERC 386 69.5
PERC 387 69.8
PERC 388 70.0
PERC 389 70.4
PERC 390 70.6
PERC 391 70.9
PERC 392 71.2
PERC 393 71.4
PERC 394 71.7
PERC 395 71.9
PERC 396 72.2
PERC 397 72.4
PERC 398 72.5
PERC 399 72.7
PERC 400 72.9
PERC 401 73.1
PERC 402 73.3
PERC 403 73.6
PERC 404 73.8
PERC 405 74.0
PERC 406 74.1
PERC 407 74.4
PERC 408 74.6
PERC 409 74.8
PERC 410 75.0
PERC 411 75.1
PERC 412 75.4
PERC 413 75.5
PERC 414 75.9
PERC 415 76.1
PERC 416 76.4
PERC 417 76.6
PERC 418 76.8
PERC 419 76.9
PERC 420 77.1
PERC 421 77.4
PERC 422 77.6
PERC 423 78.1
PERC 424 78.5
PERC 425 78.7
PERC 426 79.0
PERC 427 79.4
PERC 428 79.7
PERC 429 80.1
PERC 430 80.3
PERC 431 80.7
PERC 432 81.2
PERC 433 81.5
PERC 434 81.8
PERC 435 82.2
PERC 436 82.5
PERC 437 82.9
PERC 438 83.3
PERC 439 83.5
PERC 440 83.9
PERC 441 84.2
PERC 442 84.4
PERC 443 84.7
PERC 444 84.9
PERC 445 85.1
PERC 446 85.4
PERC 447 85.7
PERC 448 86.0
PERC 449 86.4
PERC 450 86.9
PERC 451 87.4
PERC 452 87.6
PERC 453 87.9
PERC 454 88.3
PERC 455 88.6
PERC 456 89.0
PERC 457 89.3
PERC 458 89.7
PERC 459 90.0
PERC 460 90.3
PERC 461 90.7
PERC 462 91.1
PERC 463 91.5
PERC 464 91.9
PERC 465 92.2
PERC 466 92.6
PERC 467 93.0
PERC 468 93.4
PERC 469 93.7
PERC 470 94.1
PERC 471 94.4
PERC 472 94.8
PERC 473 95.1
PERC 474 95.5
PERC 475 95.8
PERC 476 96.2
PERC 477 96.5
PERC 478 96.7
PERC 479 97.1
PERC 480 97.4
PERC 481 97.7
PERC 482 98.0
PERC 483 98.3
PERC 484 98.4
PERC 485 98.5
PERC 486 98.7
PERC 487 99.0
PERC 488 99.1
PERC 489 99.3
PERC 490 99.5
PERC 491 99.5
PERC 492 99.6
PERC 493 99.7
PERC 494 99.9
PERC 495 99.9
PERC 496 99.9
PERC 497 100.0
XPUT 1 -1.00,-1.00,-1.00,-1.00,-1.00,-1.00,-1.00,-1.00,-1.00,-1.00,-1.00,-1.00,-1.00,-1.00,-1.00
XPUT 2 -1.00,-1.00,-1.00,-1.00,-1.00,-1.00,-1.00,-1.00,-1.00,-1.00,-1.00,-1.00,-1.00,-1.00,-1.00
XPUT 3 -1.00,-1.00,-1.00,-1.00,-1.00,-1.00,-1.00,-1.00,-1.00,-1.00,-1.00,-1.00,-1.00,-1.00,-1.00
XPUT 4 -1.00,-1.00,-1.00,-1.00,-1.00,-1.00,-1.00,-1.00,-1.00,-1.00,-1.00,-1.00,-1.00,-1.00,-1.00
XPUT 5 -1.00,-1.00,-1.00,-1.00,-1.00,-1.00,-1.00,-1.00,-1.00,-1.00,-1.00,-1.00,-1.00,-1.00,-1.00
XPUT 6 -1.00,-1.00,-1.00,-1.00,-1.00,-1.00,-1.00,-1.00,-1.00,-1.00,-1.00,-1.00,-1.00,-1.00,-1.00
XPUT 7 -1.00,-1.00,-1.00,-1.00,-1.00,-1.00,-1.00,-1.00,-1.00,-1.00,-1.00,-1.00,-1.00,-1.00,-1.00
XPUT 8 -1.00,-1.00,-1.00,-1.00,-1.00,-1.00,-1.00,-1.00,-1.00,-1.00,-1.00,-1.00,-1.00,-1.00,-1.00
XPUT 9 -1.00,-1.00,-1.00,-1.00,-1.00,-1.00,-1.00,-1.00,-1.00,-1.00,-1.00,-1.00,-1.00,-1.00,-1.00
XPUT 10 -1.00,-1.00,-1.00,-1.00,-1.00,-1.00,-1.00,-1.00,-1.00,-1.00,-1.00,-1.00,-1.00,-1.00,-1.00
XPUT 11 -1.00,-1.00,-1.00,-1.00,-1.00,-1.00,-1.00,-1.00,-1.00,-1.00,-1.00,-1.00,-1.00,-1.00,-1.00
XPUT 12 -1.00,-1.00,-1.00,-1.00,-1.00,-1.00,-1.00,-1.00,-1.00,-1.00,-1.00,-1.00,-1.00,-1.00,-1.00
XPUT 13 -1.00,-1.00,-1.00,-1.00,-1.00,-1.00,-1.00,-1.00,-1.00,-1.00,-1.00,-1.00,-1.00,-1.00,-1.00
XPUT 14 -1.00,-1.00,-1.00,-1.00,-1.00,-1.00,-1.00,-1.00,-1.00,-1.00,-1.00,-1.00,-1.00,-1.00,-1.00
XPUT 15 -1.00,-1.00,-1.00,-1.00,-1.00,-1.00,-1.00,-1.00,-1.00,-1.00,-1.00,-1.00,-1.00,-1.00,-1.00
XPUT 16 -1.00,-1.00,-1.00,-1.00,-1.00,-1.00,-1.00,-1.00,-1.00,-1.00,-1.00,-1.00,-1.00,-1.00,-1.00
XPUT 17 -1.00,-1.00,-1.00,-1.00,-1.00,-1.00,-1.00,-1.00,-1.00,-1.00,-1.00,-1.00,-1.00,-1.00,-1.00
XPUT 18 -1.00,-1.00,-1.00,-1.00,-1.00,-1.00,-1.00,-1.00,-1.00,-1.00,-1.00,-1.00,-1.00,-1.00,-1.00
XPUT 19 -1.00,-1.00,-1.00,-1.00,-1.00,-1.00,-1.00,-1.00,-1.00,-1.00,-1.00,-1.00,-1.00,-1.00,-1.00
XPUT 20 -1.00,-1.00,-1.00,-1.00,-1.00,-1.00,-1.00,-1.00,-1.00,-1.00,-1.00,-1.00,-1.00,-1.00,-1.00
XPUT 21 -1.00,-1.00,-1.00,-1.00,-1.00,-1.00,-1.00,-1.00,-1.00,-1.00,-1.00,-1.00,-1.00,-1.00,-1.00
XPUT 22 -1.00,-1.00,-1.00,-1.00,-1.00,-1.00,-1.00,-1.00,-1.00,-1.00,-1.00,-1.00,-1.00,-1.00,-1.00
XPUT 23 -1.00,-1.00,-1.00,-1.00,-1.00,-1.00,-1.00,-1.00,-1.00,-1.00,-1.00,-1.00,-1.00,-1.00,-1.00
XPUT 24 -1.00,-1.00,-1.00,-1.00,-1.00,-1.00,-1.00,-1.00,-1.00,-1.00,-1.00,-1.00,-1.00,-1.00,-1.00
XPUT 25 -1.00,-1.00,-1.00,-1.00,-1.00,-1.00,-1.00,-1.00,-1.00,-1.00,-1.00,-1.00,-1.00,-1.00,-1.00
XPUT 26 -1.00,-1.00,-1.00,-1.00,-1.00,-1.00,-1.00,-1.00,-1.00,-1.00,-1.00,-1.00,-1.00,-1.00,-1.00
XPUT 27 -1.00,-1.00,-1.00,-1.00,-1.00,-1.00,-1.00,-1.00,-1.00,-1.00,-1.00,-1.00,-1.00,-1.00,-1.00
XPUT 28 -1.00,-1.00,-1.00,-1.00,-1.00,-1.00,-1.00,-1.00,-1.00,-1.00,-1.00,-1.00,-1.00,-1.00,-1.00
XPUT 29 -1.00,-1.00,-1.00,-1.00,-1.00,-1.00,-1.00,-1.00,-1.00,-1.00,-1.00,-1.00,-1.00,-1.00,-1.00
XPUT 30 -1.00,-1.00,-1.00,-1.00,-1.00,-1.00,83.89,-1.00,587.20,1929.38,-1.00,-1.00,-1.00,-1.00,-1.00
XPUT 31 -1.00,-1.00,-1.00,-1.00,-1.00,-1.00,167.77,-1.00,503.32,1300.23,-1.00,-1.00,-1.00,-1.00,-1.00
XPUT 32 -1.00,-1.00,-1.00,-1.00,-1.00,-1.00,167.77,-1.00,391.47,894.78,-1.00,-1.00,-1.00,-1.00,-1.00
XPUT 33 -1.00,-1.00,-1.00,-1.00,-1.00,-1.00,125.83,-1.00,314.57,734.00,-1.00,-1.00,-1.00,-1.00,-1.00
XPUT 34 -1.00,-1.00,-1.00,-1.00,-1.00,-1.00,117.44,-1.00,301.99,704.64,-1.00,-1.00,-1.00,-1.00,-1.00
XPUT 35 -1.00,-1.00,-1.00,-1.00,-1.00,-1.00,97.87,-1.00,293.60,643.13,-1.00,-1.00,-1.00,-1.00,-1.00
XPUT 36 -1.00,-1.00,-1.00,-1.00,-1.00,-1.00,107.85,-1.00,251.66,611.17,-1.00,-1.00,-1.00,-1.00,-1.00
XPUT 37 -1.00,-1.00,-1.00,-1.00,-1.00,-1.00,104.86,-1.00,241.17,566.23,-1.00,-1.00,-1.00,-1.00,-1.00
XPUT 38 -1.00,-1.00,-1.00,-1.00,-1.00,-1.00,111.85,-1.00,214.38,531.28,-1.00,-1.00,-1.00,-1.00,-1.00
XPUT 39 -1.00,-1.00,-1.00,-1.00,-1.00,-1.00,117.44,-1.00,209.72,545.26,-1.00,-1.00,-1.00,-1.00,-1.00
XPUT 40 -1.00,-1.00,-1.00,-1.00,-1.00,-1.00,106.76,-1.00,198.28,518.57,-1.00,-1.00,-1.00,-1.00,-1.00
XPUT 41 -1.00,-1.00,-1.00,-1.00,-1.00,-1.00,118.84,-1.00,181.75,475.35,-1.00,-1.00,-1.00,-1.00,-1.00
XPUT 42 -1.00,-1.00,-1.00,-1.00,6.45,-1.00,109.70,-1.00,180.68,471.05,-1.00,-1.00,-1.00,-1.00,-1.00
XPUT 43 -1.00,-1.00,-1.00,-1.00,17.98,-1.00,101.86,-1.00,167.77,449.39,-1.00,-1.00,-1.00,-1.00,-1.00
XPUT 44 -1.00,-1.00,-1.00,-1.00,16.78,-1.00,100.66,-1.00,156.59,436.21,-1.00,-1.00,-1.00,-1.00,-1.00
XPUT 45 -1.00,-1.00,-1.00,-1.00,15.73,-1.00,104.86,-1.00,152.04,429.92,-1.00,-1.00,-1.00,-1.00,-1.00
XPUT 46 -1.00,-1.00,-1.00,-1.00,29.61,-1.00,113.49,-1.00,157.90,414.50,-1.00,-1.00,-1.00,-1.00,-1.00
XPUT 47 -1.00,-1.00,-1.00,-1.00,27.96,-1.00,116.51,-1.00,158.45,405.45,-1.00,-1.00,-1.00,-1.00,-1.00
XPUT 48 -1.00,-1.00,-1.00,-1.00,26.49,-1.00,110.38,-1.00,154.53,397.36,-1.00,-1.00,-1.00,-1.00,-1.00
XPUT 49 -1.00,-1.00,-1.00,-1.00,25.17,-1.00,104.86,-1.00,146.80,385.88,-1.00,-1.00,-1.00,-1.00,-1.00
XPUT 50 -1.00,-1.00,-1.00,-1.00,23.97,-1.00,99.86,-1.00,147.80,379.48,-1.00,-1.00,-1.00,-1.00,-1.00
XPUT 51 -1.00,-1.00,-1.00,-1.00,26.69,-1.00,95.33,-1.00,141.08,385.11,-1.00,-1.00,-1.00,-1.00,-1.00
XPUT 52 -1.00,-1.00,-1.00,-1.00,32.82,-1.00,91.18,-1.00,142.24,386.61,-1.00,-1.00,-1.00,-1.00,-1.00
XPUT 53 -1.00,-1.00,-1.00,-1.00,41.94,-1.00,87.38,-1.00,139.81,384.48,-1.00,-1.00,-1.00,-1.00,-1.00
XPUT 54 -1.00,-1.00,-1.00,-1.00,46.98,-1.00,83.89,-1.00,140.93,392.59,-1.00,-1.00,-1.00,-1.00,-1.00
XPUT 55 -1.00,-1.00,-1.00,-1.00,48.40,-1.00,80.66,-1.00,135.51,396.85,-1.00,-1.00,-1.00,-1.00,-1.00
XPUT 56 -1.00,-1.00,-1.00,-1.00,62.14,-1.00,77.67,-1.00,133.60,388.36,-1.00,-1.00,-1.00,-1.00,-1.00
XPUT 57 -1.00,-1.00,-1.00,-1.00,62.91,-1.00,83.89,-1.00,134.82,395.46,-1.00,-1.00,-1.00,-1.00,-1.00
XPUT 58 -1.00,-1.00,-1.00,-1.00,60.75,-1.00,83.89,2.89,138.85,410.75,-1.00,-1.00,-1.00,-1.00,-1.00
XPUT 59 -1.00,-1.00,-1.00,-1.00,58.72,-1.00,81.09,8.39,139.81,408.25,-1.00,-1.00,-1.00,-1.00,-1.00
XPUT 60 -1.00,-1.00,-1.00,-1.00,56.83,-1.00,78.47,8.12,135.30,408.61,-1.00,-1.00,-1.00,-1.00,-1.00
XPUT 61 -1.00,-1.00,-1.00,-1.00,55.05,-1.00,76.02,10.49,131.07,403.70,-1.00,-1.00,-1.00,-1.00,-1.00
XPUT 62 -1.00,-1.00,-1.00,-1.00,53.38,-1.00,78.80,15.25,127.10,399.09,-1.00,-1.00,-1.00,-1.00,-1.00
XPUT 63 -1.00,-1.00,-1.00,-1.00,51.81,-1.00,78.95,14.80,125.83,399.69,-1.00,-1.00,-1.00,-1.00,-1.00
XPUT 64 -1.00,-1.00,-1.00,-1.00,50.33,-1.00,81.49,14.38,122.23,393.07,-1.00,-1.00,-1.00,-1.00,-1.00
XPUT 65 -1.00,-1.00,-1.00,-1.00,48.93,-1.00,81.56,13.98,118.84,389.14,-1.00,-1.00,-1.00,-1.00,-1.00
XPUT 66 -1.00,-1.00,-1.00,-1.00,47.61,-1.00,79.35,13.60,115.63,387.69,-1.00,-1.00,-1.00,-1.00,-1.00
XPUT 67 -1.00,-1.00,-1.00,-1.00,46.36,-1.00,81.68,13.25,117.00,386.32,-1.00,-1.00,-1.00,-1.00,-1.00
XPUT 68 -1.00,-1.00,-1.00,-1.00,45.17,-1.00,86.04,12.91,114.00,382.86,-1.00,-1.00,-1.00,-1.00,-1.00
XPUT 69 -1.00,-1.00,-1.00,-1.00,44.04,-1.00,83.89,12.58,111.15,379.58,-1.00,-1.00,-1.00,-1.00,-1.00
XPUT 70 -1.00,-1.00,-1.00,-1.00,42.97,-1.00,81.84,12.28,108.44,382.60,-1.00,-1.00,-1.00,-1.00,-1.00
XPUT 71 -1.00,-1.00,-1.00,-1.00,41.94,-1.00,79.89,11.98,107.85,379.48,-1.00,-1.00,-1.00,-1.00,-1.00
XPUT 72 -1.00,-1.00,-1.00,-1.00,40.97,-1.00,78.03,11.71,105.35,376.51,-1.00,-1.00,-1.00,-1.00,-1.00
XPUT 73 -1.00,-1.00,-1.00,-1.00,40.04,-1.00,76.26,11.44,102.95,373.67,-1.00,-1.00,-1.00,-1.00,-1.00
XPUT 74 -1.00,-1.00,-1.00,-1.00,42.88,-1.00,74.57,11.18,104.39,372.83,-1.00,-1.00,-1.00,-1.00,-1.00
XPUT 75 -1.00,-1.00,-1.00,-1.00,41.94,-1.00,72.94,10.94,102.12,370.19,-1.00,-1.00,-1.00,-1.00,-1.00
XPUT 76 -1.00,-1.00,-1.00,-1.00,44.62,-1.00,71.39,10.71,99.95,369.46,-1.00,-1.00,-1.00,-1.00,-1.00
XPUT 77 -1.00,-1.00,-1.00,-1.00,45.44,-1.00,69.91,15.73,99.61,365.25,-1.00,-1.00,-1.00,-1.00,-1.00
XPUT 78 -1.00,-1.00,-1.00,-1.00,44.51,-1.00,68.48,15.41,97.58,362.94,-1.00,-1.00,-1.00,-1.00,-1.00
XPUT 79 -1.00,-1.00,-1.00,-1.00,46.98,-1.00,72.14,16.78,98.99,355.68,-1.00,-1.00,-1.00,-1.00,-1.00
XPUT 80 -1.00,-1.00,-1.00,-1.00,46.06,-1.00,74.02,16.45,97.04,353.64,-1.00,-1.00,-1.00,-1.00,-1.00
XPUT 81 -1.00,-1.00,-1.00,-1.00,45.17,-1.00,74.21,16.13,95.18,351.68,-1.00,-1.00,-1.00,-1.00,-1.00
XPUT 82 -1.00,-1.00,-1.00,-1.00,45.90,-1.00,75.97,18.99,93.38,345.04,-1.00,-1.00,-1.00,-1.00,-1.00
XPUT 83 -1.00,-1.00,-1.00,-1.00,45.05,-1.00,77.67,18.64,93.21,343.31,-1.00,-1.00,-1.00,-1.00,-1.00
XPUT 84 -1.00,-1.00,-1.00,-1.00,44.23,-1.00,76.26,18.30,91.51,337.07,-1.00,-1.00,-1.00,-1.00,-1.00
XPUT 85 -1.00,-1.00,-1.00,-1.00,43.44,-1.00,74.90,20.97,89.88,338.54,-1.00,-1.00,-1.00,-1.00,-1.00
XPUT 86 -1.00,-1.00,-1.00,-1.00,45.62,-1.00,73.58,20.60,88.30,337.02,-1.00,-1.00,-1.00,-1.00,-1.00
XPUT 87 -1.00,-1.00,-1.00,-1.00,44.84,-1.00,72.32,21.69,86.78,331.21,-1.00,-1.00,-1.00,-1.00,-1.00
XPUT 88 -1.00,-1.00,-1.00,-1.00,45.50,-1.00,71.09,21.33,85.31,325.59,-1.00,-1.00,-1.00,-1.00,-1.00
XPUT 89 -1.00,-1.00,-1.00,-1.00,44.74,-1.00,69.91,20.97,83.89,324.36,-1.00,-1.00,-1.00,-1.00,-1.00
XPUT 90 -1.00,-1.00,1.38,-1.00,44.01,-1.00,68.76,24.75,82.51,325.92,-1.00,-1.00,-1.00,-1.00,-1.00
XPUT 91 -1.00,-1.00,1.35,-1.00,43.30,-1.00,67.65,24.35,81.18,320.66,-1.00,-1.00,-1.00,-1.00,-1.00
XPUT 92 -1.00,-1.00,1.33,-1.00,45.27,-1.00,66.58,30.63,82.55,319.57,-1.00,-1.00,-1.00,-1.00,-1.00
XPUT 93 -1.00,-1.00,1.31,-1.00,45.88,-1.00,65.54,30.15,81.26,318.50,-1.00,-1.00,-1.00,-1.00,-1.00
XPUT 94 1.29,-1.00,1.29,-1.00,45.17,-1.00,64.53,29.68,80.01,313.60,-1.00,-1.00,-1.00,-1.00,-1.00
XPUT 95 1.27,-1.00,1.27,-1.00,47.03,-1.00,63.55,31.78,78.80,311.40,-1.00,-1.00,-1.00,-1.00,-1.00
XPUT 96 5.01,-1.00,1.25,-1.00,46.33,-1.00,66.36,35.06,77.63,313.01,-1.00,-1.00,-1.00,-1.00,-1.00
XPUT 97 4.93,-1.00,3.70,-1.00,45.64,-1.00,66.62,35.77,76.48,312.11,-1.00,-1.00,-1.00,-1.00,-1.00
XPUT 98 4.86,-1.00,3.65,-1.00,44.98,-1.00,65.65,35.26,75.38,307.58,-1.00,-1.00,-1.00,-1.00,-1.00
XPUT 99 7.19,-1.00,3.60,-1.00,44.34,-1.00,64.71,34.75,76.70,306.78,-1.00,-1.00,-1.00,-1.00,-1.00
XPUT 100 7.09,-1.00,3.54,-1.00,43.72,-1.00,66.16,40.17,75.62,303.64,-1.00,-1.00,-1.00,-1.00,-1.00
XPUT 101 6.99,-1.00,3.50,-1.00,43.11,-1.00,66.41,39.61,74.57,302.92,-1.00,-1.00,-1.00,-1.00,-1.00
XPUT 102 6.89,-1.00,3.45,-1.00,42.52,-1.00,65.50,40.22,73.54,301.07,-1.00,-1.00,-1.00,-1.00,-1.00
XPUT 103 6.80,-1.00,3.40,-1.00,41.94,-1.00,64.61,41.94,72.55,300.40,-1.00,-1.00,-1.00,-1.00,-1.00
XPUT 104 6.71,-1.00,3.36,-1.00,41.38,-1.00,63.75,41.38,72.70,296.40,-1.00,-1.00,-1.00,-1.00,-1.00
XPUT 105 6.62,-1.00,3.31,-1.00,40.84,-1.00,62.91,40.84,71.74,292.50,-1.00,-1.00,-1.00,-1.00,-1.00
XPUT 106 6.54,-1.00,3.27,-1.00,40.31,-1.00,62.10,40.31,70.81,294.15,-1.00,-1.00,-1.00,-1.00,-1.00
XPUT 107 6.45,-1.00,3.23,-1.00,39.79,-1.00,61.30,45.17,72.06,290.37,-1.00,-1.00,-1.00,-1.00,-1.00
XPUT 108 6.37,1.06,3.19,-1.00,41.41,-1.00,60.53,44.60,71.14,289.88,-1.00,-1.00,-1.00,-1.00,-1.00
XPUT 109 6.29,1.05,4.19,-1.00,40.89,-1.00,59.77,45.09,70.25,288.36,-1.00,-1.00,-1.00,-1.00,-1.00
XPUT 110 6.21,1.04,4.14,-1.00,40.39,-1.00,59.03,49.71,69.39,284.80,-1.00,-1.00,-1.00,-1.00,-1.00
XPUT 111 6.14,1.02,4.09,-1.00,39.90,-1.00,58.31,49.10,68.54,281.33,-1.00,-1.00,-1.00,-1.00,-1.00
XPUT 112 6.06,1.01,4.04,-1.00,39.42,-1.00,57.61,48.51,67.72,278.95,-1.00,-1.00,-1.00,-1.00,-1.00
XPUT 113 5.99,1.00,3.99,-1.00,39.95,-1.00,59.92,49.93,66.91,275.63,-1.00,-1.00,-1.00,-1.00,-1.00
XPUT 114 5.92,0.99,3.95,-1.00,39.48,-1.00,61.19,50.33,67.11,277.32,-1.00,-1.00,-1.00,-1.00,-1.00
XPUT 115 5.85,0.98,3.90,-1.00,39.02,-1.00,60.48,49.75,66.33,274.09,-1.00,-1.00,-1.00,-1.00,-1.00
XPUT 116 5.79,0.96,3.86,-1.00,38.57,-1.00,59.78,49.17,65.57,273.84,-1.00,-1.00,-1.00,-1.00,-1.00
XPUT 117 5.72,0.95,3.81,-1.00,38.13,-1.00,59.10,48.62,64.82,270.72,-1.00,-1.00,-1.00,-1.00,-1.00
XPUT 118 5.66,0.94,3.77,-1.00,37.70,-1.00,60.32,48.07,64.09,267.68,-1.00,-1.00,-1.00,-1.00,-1.00
XPUT 119 5.59,0.93,5.59,-1.00,39.15,-1.00,60.58,47.54,63.38,265.64,-1.00,-1.00,-1.00,-1.00,-1.00
XPUT 120 5.53,0.92,5.53,-1.00,38.72,-1.00,59.92,47.01,62.68,262.72,-1.00,-1.00,-1.00,-1.00,-1.00
XPUT 121 5.47,2.74,5.47,-1.00,38.30,-1.00,59.27,51.06,63.83,261.69,-1.00,-1.00,-1.00,-1.00,-1.00
XPUT 122 8.12,2.71,5.41,-1.00,37.88,-1.00,58.63,50.51,63.14,258.87,-1.00,-1.00,-1.00,-1.00,-1.00
XPUT 123 8.03,2.68,5.35,-1.00,37.48,-1.00,59.79,49.97,62.47,257.91,-1.00,-1.00,-1.00,-1.00,-1.00
XPUT 124 7.95,3.53,5.30,-1.00,37.09,-1.00,60.04,49.45,61.81,257.84,-1.00,-1.00,-1.00,-1.00,-1.00
XPUT 125 7.86,3.50,6.12,-1.00,36.70,-1.00,61.17,54.18,62.04,255.15,-1.00,-1.00,-1.00,-1.00,-1.00
XPUT 126 7.78,5.19,6.05,-1.00,36.32,-1.00,60.54,53.62,61.40,253.39,-1.00,-1.00,-1.00,-1.00,-1.00
XPUT 127 7.70,5.14,5.99,-1.00,36.81,-1.00,60.77,53.07,62.49,253.37,-1.00,-1.00,-1.00,-1.00,-1.00
XPUT 128 7.63,5.93,5.93,-1.00,36.44,-1.00,61.86,54.23,61.86,250.81,-1.00,-1.00,-1.00,-1.00,-1.00
XPUT 129 8.39,5.87,5.87,-1.00,36.07,-1.00,62.91,57.04,62.91,251.66,-1.00,-1.00,-1.00,-1.00,-1.00
XPUT 130 8.31,7.47,5.81,-1.00,35.71,-1.00,62.29,56.48,62.29,252.49,-1.00,-1.00,-1.00,-1.00,-1.00
XPUT 131 8.22,8.22,7.40,-1.00,37.01,-1.00,61.68,55.92,62.50,252.48,-1.00,-1.00,-1.00,-1.00,-1.00
XPUT 132 9.77,8.14,7.33,-1.00,37.46,-1.00,61.08,57.82,61.90,250.03,-1.00,-1.00,-1.00,-1.00,-1.00
XPUT 133 9.68,9.68,7.26,-1.00,37.10,-1.00,60.49,60.49,61.30,247.63,-1.00,-1.00,-1.00,-1.00,-1.00
XPUT 134 9.59,9.59,7.19,-1.00,38.35,-1.00,62.32,59.92,62.32,245.27,-1.00,-1.00,-1.00,-1.00,-1.00
XPUT 135 9.50,9.50,7.12,-1.00,37.99,-1.00,62.52,59.35,61.73,242.95,-1.00,-1.00,-1.00,-1.00,-1.00
XPUT 136 10.98,10.98,7.06,-1.00,37.63,-1.00,61.93,58.80,61.93,244.60,-1.00,-1.00,-1.00,-1.00,-1.00
XPUT 137 10.87,13.98,7.77,-1.00,37.28,-1.00,61.36,58.25,61.36,242.34,-1.00,-1.00,-1.00,-1.00,-1.00
XPUT 138 10.77,13.85,7.70,-1.00,36.94,-1.00,60.80,57.72,60.80,241.65,-1.00,-1.00,-1.00,-1.00,-1.00
XPUT 139 11.44,16.01,7.63,-1.00,36.60,-1.00,62.53,60.25,61.77,239.46,-1.00,-1.00,-1.00,-1.00,-1.00
XPUT 140 11.34,15.87,7.56,-1.00,36.28,-1.00,61.97,59.70,61.97,237.30,-1.00,-1.00,-1.00,-1.00,-1.00
XPUT 141 11.23,18.72,7.49,-1.00,35.95,-1.00,61.42,59.17,61.42,235.18,-1.00,-1.00,-1.00,-1.00,-1.00
XPUT 142 12.62,18.56,7.42,-1.00,35.63,-1.00,60.87,60.13,60.87,233.10,-1.00,-1.00,-1.00,-1.00,-1.00
XPUT 143 12.51,19.13,7.36,-1.00,35.32,-1.00,61.81,60.34,61.81,231.05,-1.00,-1.00,-1.00,-1.00,-1.00
XPUT 144 12.40,20.42,7.29,-1.00,35.01,-1.00,63.46,59.81,61.27,229.05,-1.00,-1.00,-1.00,-1.00,-1.00
XPUT 145 12.29,20.25,7.23,-1.00,34.71,-1.00,64.36,59.30,60.75,227.79,-1.00,-1.00,-1.00,-1.00,-1.00
XPUT 146 12.91,22.94,8.60,-1.00,34.41,-1.00,64.53,60.94,60.94,225.85,-1.00,-1.00,-1.00,-1.00,-1.00
XPUT 147 12.80,22.75,8.53,-1.00,34.12,-1.00,65.40,60.43,60.43,225.35,-1.00,-1.00,-1.00,-1.00,-1.00
XPUT 148 12.69,22.56,8.46,-1.00,33.84,-1.00,64.85,59.92,61.33,223.46,-1.00,-1.00,-1.00,-1.00,-1.00
XPUT 149 13.98,22.37,8.39,-1.00,33.55,-1.00,64.31,62.22,62.22,222.30,-1.00,-1.00,-1.00,-1.00,-1.00
XPUT 150 14.56,22.18,8.32,-1.00,33.28,-1.00,63.78,63.78,62.39,221.85,-1.00,-1.00,-1.00,-1.00,-1.00
XPUT 151 14.44,24.07,8.25,-1.00,33.00,-1.00,63.95,63.26,61.88,220.72,-1.00,-1.00,-1.00,-1.00,-1.00
XPUT 152 14.32,25.23,8.18,-1.00,32.74,-1.00,64.79,63.43,62.74,221.65,-1.00,-1.00,-1.00,-1.00,-1.00
XPUT 153 17.59,27.06,9.47,-1.00,33.83,-1.00,64.94,64.94,62.91,220.54,-1.00,-1.00,-1.00,-1.00,-1.00
XPUT 154 17.45,28.86,9.40,-1.00,34.23,-1.00,65.77,64.42,62.41,220.79,-1.00,-1.00,-1.00,-1.00,-1.00
XPUT 155 17.31,28.63,9.32,-1.00,33.95,-1.00,65.24,65.24,63.25,220.37,-1.00,-1.00,-1.00,-1.00,-1.00
XPUT 156 19.16,30.38,9.25,-1.00,35.01,-1.00,66.05,66.05,63.41,218.63,-1.00,-1.00,-1.00,-1.00,-1.00
XPUT 157 19.01,30.15,9.83,-1.00,34.73,-1.00,66.19,65.54,62.91,216.92,-1.00,-1.00,-1.00,-1.00,-1.00
XPUT 158 18.86,29.91,9.75,-1.00,35.12,-1.00,66.98,66.98,63.73,215.24,-1.00,-1.00,-1.00,-1.00,-1.00
XPUT 159 20.65,30.97,9.68,-1.00,34.84,-1.00,67.11,67.11,64.53,214.23,-1.00,-1.00,-1.00,-1.00,-1.00
XPUT 160 20.49,30.74,10.89,-1.00,35.86,-1.00,67.88,66.60,65.96,215.80,-1.00,-1.00,-1.00,-1.00,-1.00
XPUT 161 20.34,30.50,11.44,-1.00,36.22,-1.00,68.00,66.09,66.09,215.43,-1.00,-1.00,-1.00,-1.00,-1.00
XPUT 162 22.08,30.27,11.35,-1.00,35.95,-1.00,69.38,66.86,66.86,213.81,-1.00,-1.00,-1.00,-1.00,-1.00
XPUT 163 21.91,33.80,11.27,-1.00,38.81,-1.00,68.86,66.98,66.98,212.85,-1.00,-1.00,-1.00,-1.00,-1.00
XPUT 164 21.75,33.55,12.43,-1.00,39.77,-1.00,69.59,66.49,67.73,212.51,-1.00,-1.00,-1.00,-1.00,-1.00
XPUT 165 22.82,33.31,12.34,-1.00,40.09,-1.00,70.32,67.23,67.23,211.57,-1.00,-1.00,-1.00,-1.00,-1.00
XPUT 166 22.66,33.06,12.25,-1.00,39.80,-1.00,70.42,66.74,68.58,211.25,-1.00,-1.00,-1.00,-1.00,-1.00
XPUT 167 22.49,34.04,12.77,-1.00,39.51,-1.00,71.12,66.87,69.30,211.54,-1.00,-1.00,-1.00,-1.00,-1.00
XPUT 168 22.33,35.61,13.88,-1.00,39.23,-1.00,70.61,68.80,71.21,211.83,-1.00,-1.00,-1.00,-1.00,-1.00
XPUT 169 22.17,35.95,14.98,-1.00,38.95,-1.00,70.10,68.31,72.50,215.11,-1.00,-1.00,-1.00,-1.00,-1.00
XPUT 170 22.01,36.89,15.47,-1.00,38.67,-1.00,69.61,70.20,74.37,213.58,-1.00,-1.00,-1.00,-1.00,-1.00
XPUT 171 21.86,36.63,16.54,-1.00,39.58,-1.00,69.71,70.89,74.43,212.67,-1.00,-1.00,-1.00,-1.00,-1.00
XPUT 172 21.70,38.13,18.19,-1.00,39.89,-1.00,70.98,72.15,75.67,214.11,-1.00,-1.00,-1.00,-1.00,-1.00
XPUT 173 21.55,39.03,19.81,-1.00,39.61,-1.00,70.49,73.40,76.90,216.12,-1.00,-1.00,-1.00,-1.00,-1.00
XPUT 174 21.41,38.76,22.56,-1.00,40.50,-1.00,71.16,74.63,77.52,215.79,-1.00,-1.00,-1.00,-1.00,-1.00
XPUT 175 21.26,39.07,24.13,-1.00,40.79,-1.00,71.82,75.27,78.72,216.04,-1.00,-1.00,-1.00,-1.00,-1.00
XPUT 176 21.11,39.95,26.25,-1.00,40.52,-1.00,71.90,77.04,78.18,216.28,-1.00,-1.00,-1.00,-1.00,-1.00
XPUT 177 22.11,40.24,27.21,-1.00,41.38,-1.00,72.55,77.65,78.78,216.52,-1.00,-1.00,-1.00,-1.00,-1.00
XPUT 178 21.96,41.10,28.71,-1.00,41.10,-1.00,72.63,79.95,78.82,217.88,-1.00,-1.00,-1.00,-1.00,-1.00
XPUT 179 21.81,41.94,28.52,-1.00,40.82,-1.00,72.14,79.97,78.29,217.54,-1.00,-1.00,-1.00,-1.00,-1.00
XPUT 180 21.67,43.33,31.11,-1.00,41.67,-1.00,71.66,79.44,79.44,218.33,-1.00,-1.00,-1.00,-1.00,-1.00
XPUT 181 21.52,43.05,32.56,-1.00,41.39,-1.00,72.85,78.92,80.02,218.55,-1.00,-1.00,-1.00,-1.00,-1.00
XPUT 182 21.38,42.77,33.99,-1.00,41.67,-1.00,73.47,82.24,81.14,219.31,-1.00,-1.00,-1.00,-1.00,-1.00
XPUT 183 21.79,44.12,35.41,-1.00,41.40,-1.00,73.54,81.71,81.71,217.89,-1.00,-1.00,-1.00,-1.00,-1.00
XPUT 184 21.65,44.38,36.80,-1.00,42.21,-1.00,74.14,83.34,81.72,216.48,-1.00,-1.00,-1.00,-1.00,-1.00
XPUT 185 21.51,44.09,36.57,-1.00,41.94,-1.00,74.74,82.81,81.20,215.09,-1.00,-1.00,-1.00,-1.00,-1.00
XPUT 186 22.44,45.42,40.07,-1.00,43.28,-1.00,74.80,83.35,83.35,215.86,-1.00,-1.00,-1.00,-1.00,-1.00
XPUT 187 22.83,45.13,40.35,-1.00,43.00,-1.00,75.92,84.95,82.82,216.09,-1.00,-1.00,-1.00,-1.00,-1.00
XPUT 188 22.69,45.90,41.68,-1.00,43.26,-1.00,76.50,85.47,82.83,214.73,-1.00,-1.00,-1.00,-1.00,-1.00
XPUT 189 22.54,45.61,44.04,-1.00,44.56,-1.00,76.55,85.98,83.36,214.96,-1.00,-1.00,-1.00,-1.00,-1.00
XPUT 190 23.45,46.89,45.33,-1.00,44.29,-1.00,77.11,87.53,83.37,214.66,-1.00,-1.00,-1.00,-1.00,-1.00
XPUT 191 23.30,47.64,46.60,-1.00,45.05,-1.00,76.64,86.99,82.85,213.34,-1.00,-1.00,-1.00,-1.00,-1.00
XPUT 192 23.67,47.35,47.35,-1.00,46.32,-1.00,77.20,89.03,82.34,213.57,-1.00,-1.00,-1.00,-1.00,-1.00
XPUT 193 23.53,47.57,48.59,-1.00,46.04,-1.00,76.73,88.49,82.86,213.30,-1.00,-1.00,-1.00,-1.00,-1.00
XPUT 194 23.39,48.30,48.30,-1.00,46.77,-1.00,76.26,88.97,82.36,212.51,-1.00,-1.00,-1.00,-1.00,-1.00
XPUT 195 24.26,48.51,50.53,-1.00,46.49,-1.00,75.80,90.46,82.88,211.23,-1.00,-1.00,-1.00,-1.00,-1.00
XPUT 196 24.11,48.22,50.23,-1.00,46.21,-1.00,75.35,89.91,82.88,210.97,-1.00,-1.00,-1.00,-1.00,-1.00
XPUT 197 23.97,49.93,51.43,-1.00,47.44,-1.00,75.40,90.38,82.39,211.21,-1.00,-1.00,-1.00,-1.00,-1.00
XPUT 198 25.31,49.64,51.62,-1.00,48.64,-1.00,75.94,91.83,81.90,209.96,-1.00,-1.00,-1.00,-1.00,-1.00
XPUT 199 25.17,49.34,52.31,-1.00,49.34,-1.00,75.50,92.27,82.41,210.21,-1.00,-1.00,-1.00,-1.00,-1.00
XPUT 200 26.00,49.06,52.49,-1.00,49.55,-1.00,76.53,92.72,81.92,208.98,-1.00,-1.00,-1.00,-1.00,-1.00
XPUT 201 25.85,50.72,53.16,-1.00,49.26,-1.00,76.08,93.64,81.94,209.23,-1.00,-1.00,-1.00,-1.00,-1.00
XPUT 202 25.70,51.88,55.28,-1.00,50.43,-1.00,75.64,93.10,81.46,210.44,-1.00,-1.00,-1.00,-1.00,-1.00
XPUT 203 25.55,51.59,55.44,-1.00,50.14,-1.00,75.69,94.49,81.96,209.23,-1.00,-1.00,-1.00,-1.00,-1.00
XPUT 204 25.41,51.29,56.08,-1.00,49.85,-1.00,76.22,94.91,81.49,210.43,-1.00,-1.00,-1.00,-1.00,-1.00
XPUT 205 25.26,51.00,57.20,-1.00,49.57,-1.00,76.26,94.37,81.50,209.72,-1.00,-1.00,-1.00,-1.00,-1.00
XPUT 206 25.12,53.08,56.87,-1.00,49.29,-1.00,76.78,94.79,81.04,209.95,-1.00,-1.00,-1.00,-1.00,-1.00
XPUT 207 24.98,53.72,57.97,-1.00,49.01,-1.00,76.35,94.25,81.53,209.72,-1.00,-1.00,-1.00,-1.00,-1.00
XPUT 208 24.84,54.83,58.58,-1.00,48.74,-1.00,76.86,95.60,81.07,210.89,-1.00,-1.00,-1.00,-1.00,-1.00
XPUT 209 24.70,54.99,59.65,-1.00,48.47,-1.00,76.90,95.07,81.56,209.72,-1.00,-1.00,-1.00,-1.00,-1.00
XPUT 210 24.56,55.62,59.32,-1.00,48.20,-1.00,76.47,94.55,81.57,211.34,-1.00,-1.00,-1.00,-1.00,-1.00
XPUT 211 24.43,55.77,59.46,-1.00,47.93,-1.00,76.05,94.03,81.12,210.64,-1.00,-1.00,-1.00,-1.00,-1.00
XPUT 212 24.29,56.38,59.13,-1.00,47.67,-1.00,75.63,96.26,81.59,209.49,-1.00,-1.00,-1.00,-1.00,-1.00
XPUT 213 24.16,58.36,61.09,-1.00,47.41,-1.00,75.22,95.74,81.61,209.26,-1.00,-1.00,-1.00,-1.00,-1.00
XPUT 214 24.03,58.49,61.21,-1.00,48.06,-1.00,75.72,95.22,82.07,208.58,-1.00,-1.00,-1.00,-1.00,-1.00
XPUT 215 23.90,59.53,62.69,-1.00,48.26,-1.00,75.32,96.51,82.08,209.26,-1.00,-1.00,-1.00,-1.00,-1.00
XPUT 216 23.78,60.56,62.80,-1.00,49.34,-1.00,75.36,96.00,81.64,208.59,-1.00,-1.00,-1.00,-1.00,-1.00
XPUT 217 23.65,60.24,63.81,-1.00,49.08,-1.00,75.85,95.49,82.10,207.48,-1.00,-1.00,-1.00,-1.00,-1.00
XPUT 218 23.52,61.69,64.80,-1.00,49.71,-1.00,75.90,96.31,82.11,207.27,-1.00,-1.00,-1.00,-1.00,-1.00
XPUT 219 23.40,61.37,66.23,-1.00,50.33,-1.00,75.50,95.81,82.56,206.62,-1.00,-1.00,-1.00,-1.00,-1.00
XPUT 220 23.28,62.37,67.20,-1.00,50.07,-1.00,75.10,95.31,82.13,206.86,-1.00,-1.00,-1.00,-1.00,-1.00
XPUT 221 23.59,62.48,68.59,-1.00,52.43,-1.00,75.58,97.43,82.58,206.66,-1.00,-1.00,-1.00,-1.00,-1.00
XPUT 222 23.47,62.15,69.54,-1.00,52.16,-1.00,76.06,96.93,82.15,206.46,-1.00,-1.00,-1.00,-1.00,-1.00
XPUT 223 24.65,62.70,70.91,-1.00,52.32,-1.00,76.10,96.43,82.16,206.69,-1.00,-1.00,-1.00,-1.00,-1.00
XPUT 224 24.52,62.81,70.55,-1.00,52.05,-1.00,76.57,98.08,81.74,206.06,-1.00,-1.00,-1.00,-1.00,-1.00
XPUT 225 24.40,62.49,70.19,-1.00,51.79,-1.00,76.18,98.01,82.17,205.01,-1.00,-1.00,-1.00,-1.00,-1.00
XPUT 226 24.27,62.17,71.54,-1.00,51.52,-1.00,76.22,97.51,82.18,203.97,-1.00,-1.00,-1.00,-1.00,-1.00
XPUT 227 24.15,63.55,71.18,-1.00,51.26,-1.00,76.68,97.87,82.62,202.94,-1.00,-1.00,-1.00,-1.00,-1.00
XPUT 228 24.03,64.50,71.66,-1.00,51.01,-1.00,76.72,99.06,82.20,201.92,-1.00,-1.00,-1.00,-1.00,-1.00
XPUT 229 23.91,64.59,71.72,-1.00,50.75,-1.00,77.18,98.57,82.21,203.42,-1.00,-1.00,-1.00,-1.00,-1.00
XPUT 230 25.88,65.11,73.04,-1.00,50.50,-1.00,76.79,100.16,81.80,202.41,-1.00,-1.00,-1.00,-1.00,-1.00
XPUT 231 25.75,65.20,73.09,-1.00,50.25,-1.00,76.41,100.50,82.22,202.24,-1.00,-1.00,-1.00,-1.00,-1.00
XPUT 232 25.62,65.70,73.56,-1.00,50.00,-1.00,76.03,100.00,82.65,201.24,-1.00,-1.00,-1.00,-1.00,-1.00
XPUT 233 25.49,66.62,74.43,-1.00,49.76,-1.00,75.66,99.51,82.65,201.08,-1.00,-1.00,-1.00,-1.00,-1.00
XPUT 234 25.37,68.34,74.47,-1.00,49.51,-1.00,75.70,101.48,83.07,200.51,-1.00,-1.00,-1.00,-1.00,-1.00
XPUT 235 25.25,68.41,74.93,-1.00,49.27,-1.00,75.33,100.99,82.66,201.57,-1.00,-1.00,-1.00,-1.00,-1.00
XPUT 236 25.13,69.30,75.78,-1.00,49.03,-1.00,75.78,101.31,82.67,201.81,-1.00,-1.00,-1.00,-1.00,-1.00
XPUT 237 25.00,69.77,77.43,-1.00,48.80,-1.00,75.42,102.44,82.27,202.05,-1.00,-1.00,-1.00,-1.00,-1.00
XPUT 238 25.69,69.44,77.46,-1.00,48.57,-1.00,75.86,101.95,81.88,201.89,-1.00,-1.00,-1.00,-1.00,-1.00
XPUT 239 25.57,71.10,79.09,-1.00,48.33,-1.00,75.90,101.46,82.29,202.13,-1.00,-1.00,-1.00,-1.00,-1.00
XPUT 240 25.44,71.96,79.51,-1.00,48.11,-1.00,75.54,102.97,82.30,202.36,-1.00,-1.00,-1.00,-1.00,-1.00
XPUT 241 25.32,71.62,79.14,-1.00,47.88,-1.00,75.97,102.88,82.70,201.41,-1.00,-1.00,-1.00,-1.00,-1.00
XPUT 242 25.60,71.28,78.77,-1.00,47.65,-1.00,75.62,102.40,82.31,202.43,-1.00,-1.00,-1.00,-1.00,-1.00
XPUT 243 25.48,73.30,79.57,-1.00,47.43,-1.00,75.26,104.66,82.32,201.48,-1.00,-1.00,-1.00,-1.00,-1.00
XPUT 244 26.14,74.13,79.59,-1.00,47.21,-1.00,75.30,104.17,82.72,200.94,-1.00,-1.00,-1.00,-1.00,-1.00
XPUT 245 26.02,74.57,81.56,-1.00,47.77,-1.00,74.95,103.69,82.33,201.17,-1.00,-1.00,-1.00,-1.00,-1.00
XPUT 246 26.29,74.61,81.18,-1.00,47.55,-1.00,74.61,105.53,82.73,201.40,-1.00,-1.00,-1.00,-1.00,-1.00
XPUT 247 26.94,75.42,82.73,-1.00,47.33,-1.00,75.04,105.05,82.73,201.25,-1.00,-1.00,-1.00,-1.00,-1.00
XPUT 248 27.20,76.61,83.50,-1.00,47.88,-1.00,75.08,104.57,83.12,201.10,-1.00,-1.00,-1.00,-1.00,-1.00
XPUT 249 27.07,77.79,83.12,-1.00,47.66,-1.00,75.50,104.86,82.74,200.18,-1.00,-1.00,-1.00,-1.00,-1.00
XPUT 250 27.71,78.57,83.51,-1.00,47.45,-1.00,75.16,105.90,82.75,200.80,-1.00,-1.00,-1.00,-1.00,-1.00
XPUT 251 27.58,78.97,83.51,-1.00,47.23,-1.00,74.82,105.42,82.37,199.89,-1.00,-1.00,-1.00,-1.00,-1.00
XPUT 252 27.46,80.88,83.89,-1.00,47.02,-1.00,75.23,104.95,82.76,199.75,-1.00,-1.00,-1.00,-1.00,-1.00
XPUT 253 28.09,80.52,84.26,-1.00,46.81,-1.00,74.90,105.23,82.76,198.85,-1.00,-1.00,-1.00,-1.00,-1.00
XPUT 254 29.08,80.16,83.89,-1.00,46.60,-1.00,74.57,105.14,83.14,198.34,-1.00,-1.00,-1.00,-1.00,-1.00
XPUT 255 29.32,79.80,84.63,-1.00,46.77,-1.00,74.61,104.67,83.89,198.21,-1.00,-1.00,-1.00,-1.00,-1.00
XPUT 256 29.19,79.45,84.63,-1.00,46.56,-1.00,74.28,104.21,83.52,197.71,-1.00,-1.00,-1.00,-1.00,-1.00
XPUT 257 29.07,79.10,84.99,-1.00,46.36,-1.00,74.69,104.49,83.15,196.84,-1.00,-1.00,-1.00,-1.00,-1.00
XPUT 258 28.94,79.49,84.99,-1.00,46.16,-1.00,74.73,104.03,83.52,197.44,-1.00,-1.00,-1.00,-1.00,-1.00
XPUT 259 28.81,79.14,85.34,-1.00,45.95,-1.00,75.13,103.58,83.16,196.95,-1.00,-1.00,-1.00,-1.00,-1.00
XPUT 260 28.69,79.17,86.06,-1.00,45.76,-1.00,75.17,103.50,82.80,196.10,-1.00,-1.00,-1.00,-1.00,-1.00
XPUT 261 29.29,78.82,86.42,-1.00,46.28,-1.00,75.57,103.77,82.80,196.34,-1.00,-1.00,-1.00,-1.00,-1.00
XPUT 262 29.16,79.21,87.49,-1.00,46.08,-1.00,75.25,103.33,82.45,196.57,-1.00,-1.00,-1.00,-1.00,-1.00
XPUT 263 29.04,78.87,88.19,-1.00,45.89,-1.00,76.00,103.60,82.81,196.45,-1.00,-1.00,-1.00,-1.00,-1.00
XPUT 264 28.91,78.89,89.24,-1.00,45.69,-1.00,76.39,103.52,82.46,196.69,-1.00,-1.00,-1.00,-1.00,-1.00
XPUT 265 28.79,79.98,89.93,-1.00,45.50,-1.00,76.42,103.08,82.46,196.56,-1.00,-1.00,-1.00,-1.00,-1.00
XPUT 266 28.67,79.64,90.97,-1.00,45.66,-1.00,76.81,103.35,82.12,196.80,-1.00,-1.00,-1.00,-1.00,-1.00
XPUT 267 28.55,80.36,91.64,-1.00,45.47,-1.00,76.84,104.33,82.48,195.97,-1.00,-1.00,-1.00,-1.00,-1.00
XPUT 268 28.43,80.38,91.26,-1.00,45.98,-1.00,77.22,103.89,82.48,196.55,-1.00,-1.00,-1.00,-1.00,-1.00
XPUT 269 28.31,80.74,90.88,-1.00,46.14,-1.00,77.25,103.46,82.14,197.13,-1.00,-1.00,-1.00,-1.00,-1.00
XPUT 270 28.19,81.45,92.24,-1.00,45.95,-1.00,77.62,104.42,82.49,197.36,-1.00,-1.00,-1.00,-1.00,-1.00
XPUT 271 28.08,81.11,92.55,-1.00,45.76,-1.00,77.30,104.34,82.15,196.89,-1.00,-1.00,-1.00,-1.00,-1.00
XPUT 272 27.96,81.12,92.52,-1.00,45.57,-1.00,76.98,103.91,82.51,196.08,-1.00,-1.00,-1.00,-1.00,-1.00
XPUT 273 28.88,82.17,93.17,-1.00,45.38,-1.00,76.67,104.51,82.17,196.99,-1.00,-1.00,-1.00,-1.00,-1.00
XPUT 274 28.76,82.17,94.50,-1.00,45.88,-1.00,77.38,104.77,82.17,197.22,-1.00,-1.00,-1.00,-1.00,-1.00
XPUT 275 28.64,82.86,94.80,-1.00,46.04,-1.00,77.75,104.69,81.84,197.10,-1.00,-1.00,-1.00,-1.00,-1.00
XPUT 276 28.53,84.23,95.43,-1.00,45.85,-1.00,77.77,105.28,82.19,197.32,-1.00,-1.00,-1.00,-1.00,-1.00
XPUT 277 28.75,83.89,96.06,-1.00,45.66,-1.00,77.46,104.86,81.86,196.52,-1.00,-1.00,-1.00,-1.00,-1.00
XPUT 278 28.64,85.57,96.69,-1.00,46.15,-1.00,77.82,105.78,81.86,195.73,-1.00,-1.00,-1.00,-1.00,-1.00
XPUT 279 29.19,85.23,96.97,-1.00,46.98,-1.00,77.85,106.37,82.21,195.96,-1.00,-1.00,-1.00,-1.00,-1.00
XPUT 280 29.08,84.89,98.59,-1.00,46.79,-1.00,78.20,105.94,82.22,195.51,-1.00,-1.00,-1.00,-1.00,-1.00
XPUT 281 28.96,84.55,99.20,-1.00,47.27,-1.00,78.23,105.52,82.55,195.40,-1.00,-1.00,-1.00,-1.00,-1.00
XPUT 282 28.85,84.88,99.47,-1.00,47.08,-1.00,77.92,105.44,82.23,195.29,-1.00,-1.00,-1.00,-1.00,-1.00
XPUT 283 29.39,84.55,99.08,-1.00,47.23,-1.00,77.61,105.68,82.57,194.85,-1.00,-1.00,-1.00,-1.00,-1.00
XPUT 284 29.28,84.22,99.68,-1.00,48.03,-1.00,77.31,105.27,83.23,195.08,-1.00,-1.00,-1.00,-1.00,-1.00
XPUT 285 29.16,84.21,100.27,-1.00,48.50,-1.00,77.66,104.86,83.23,195.30,-1.00,-1.00,-1.00,-1.00,-1.00
XPUT 286 29.05,83.89,100.21,-1.00,48.31,-1.00,78.01,104.45,83.56,195.84,-1.00,-1.00,-1.00,-1.00,-1.00
XPUT 287 29.26,83.56,100.79,-1.00,48.77,-1.00,78.03,104.04,83.56,195.08,-1.00,-1.00,-1.00,-1.00,-1.00
XPUT 288 29.15,83.24,100.40,-1.00,48.91,-1.00,78.38,103.64,83.89,194.33,-1.00,-1.00,-1.00,-1.00,-1.00
XPUT 289 29.04,83.56,101.31,-1.00,49.36,-1.00,78.08,104.21,83.89,194.87,-1.00,-1.00,-1.00,-1.00,-1.00
XPUT 290 29.57,83.56,101.88,-1.00,49.17,-1.00,78.10,103.81,84.21,195.09,-1.00,-1.00,-1.00,-1.00,-1.00
XPUT 291 29.46,83.89,101.82,-1.00,50.27,-1.00,78.44,103.42,84.85,194.99,-1.00,-1.00,-1.00,-1.00,-1.00
XPUT 292 29.66,84.21,103.02,-1.00,51.03,-1.00,78.46,103.98,85.16,194.25,-1.00,-1.00,-1.00,-1.00,-1.00
XPUT 293 29.55,83.89,102.63,-1.00,50.84,-1.00,78.80,103.59,85.79,193.83,-1.00,-1.00,-1.00,-1.00,-1.00
XPUT 294 29.44,83.89,103.83,-1.00,52.23,-1.00,79.14,104.15,85.47,193.10,-1.00,-1.00,-1.00,-1.00,-1.00
XPUT 295 29.33,83.57,104.38,-1.00,52.67,-1.00,79.16,103.75,85.46,193.63,-1.00,-1.00,-1.00,-1.00,-1.00
XPUT 296 29.22,83.89,104.31,-1.00,52.47,-1.00,78.86,104.94,85.14,192.91,-1.00,-1.00,-1.00,-1.00,-1.00
XPUT 297 29.74,83.57,104.86,-1.00,52.27,-1.00,78.56,104.86,84.83,192.19,-1.00,-1.00,-1.00,-1.00,-1.00
XPUT 298 29.63,83.26,105.72,-1.00,52.08,-1.00,78.90,105.09,84.51,191.78,-1.00,-1.00,-1.00,-1.00,-1.00
XPUT 299 29.52,83.89,106.57,-1.00,51.89,-1.00,78.92,106.26,84.82,191.70,-1.00,-1.00,-1.00,-1.00,-1.00
XPUT 300 29.41,83.58,106.79,-1.00,51.69,-1.00,79.24,106.17,85.12,190.99,-1.00,-1.00,-1.00,-1.00,-1.00
XPUT 301 29.30,83.58,106.71,-1.00,51.50,-1.00,78.95,106.71,84.81,190.59,-1.00,-1.00,-1.00,-1.00,-1.00
XPUT 302 29.50,83.27,108.47,-1.00,51.31,-1.00,78.97,107.55,84.81,190.82,-1.00,-1.00,-1.00,-1.00,-1.00
XPUT 303 29.39,84.19,108.07,-1.00,51.13,-1.00,79.29,108.07,84.50,190.73,-1.00,-1.00,-1.00,-1.00,-1.00
XPUT 304 29.28,83.89,108.90,-1.00,50.94,-1.00,79.31,107.98,84.19,190.04,-1.00,-1.00,-1.00,-1.00,-1.00
XPUT 305 29.18,84.49,109.11,-1.00,50.76,-1.00,79.63,108.20,84.49,190.26,-1.00,-1.00,-1.00,-1.00,-1.00
XPUT 306 29.68,84.49,109.02,-1.00,50.57,-1.00,79.95,108.72,84.19,191.09,-1.00,-1.00,-1.00,-1.00,-1.00
XPUT 307 29.57,84.79,109.84,-1.00,50.39,-1.00,79.96,108.63,84.19,191.31,-1.00,-1.00,-1.00,-1.00,-1.00
XPUT 308 30.07,85.39,109.74,-1.00,50.21,-1.00,80.58,109.74,84.49,190.62,-1.00,-1.00,-1.00,-1.00,-1.00
XPUT 309 29.96,85.98,110.25,-1.00,50.03,-1.00,80.29,109.35,84.19,190.84,-1.00,-1.00,-1.00,-1.00,-1.00
XPUT 310 30.15,86.57,110.75,-1.00,49.85,-1.00,80.01,109.56,84.18,190.76,-1.00,-1.00,-1.00,-1.00,-1.00
XPUT 311 30.04,86.86,111.55,-1.00,49.68,-1.00,79.72,109.17,83.89,190.38,-1.00,-1.00,-1.00,-1.00,-1.00
XPUT 312 30.53,86.55,111.45,-1.00,49.50,-1.00,79.44,109.97,84.18,190.30,-1.00,-1.00,-1.00,-1.00,-1.00
XPUT 313 30.42,87.43,112.54,-1.00,49.33,-1.00,79.75,110.17,84.18,189.93,-1.00,-1.00,-1.00,-1.00,-1.00
XPUT 314 30.32,87.71,113.03,-1.00,49.15,-1.00,80.35,110.38,84.47,189.85,-1.00,-1.00,-1.00,-1.00,-1.00
XPUT 315 30.21,87.41,113.51,-1.00,48.98,-1.00,80.66,110.87,84.77,189.18,-1.00,-1.00,-1.00,-1.00,-1.00
XPUT 316 30.11,87.10,113.70,-1.00,48.81,-1.00,80.38,110.78,84.47,188.52,-1.00,-1.00,-1.00,-1.00,-1.00
XPUT 317 30.87,87.38,114.18,-1.00,48.64,-1.00,80.39,110.39,84.47,188.16,-1.00,-1.00,-1.00,-1.00,-1.00
XPUT 318 31.06,87.08,114.07,-1.00,48.47,-1.00,80.69,110.88,84.76,187.51,-1.00,-1.00,-1.00,-1.00,-1.00
XPUT 319 30.95,87.07,114.26,-1.00,48.31,-1.00,80.70,111.08,85.33,187.44,-1.00,-1.00,-1.00,-1.00,-1.00
XPUT 320 31.42,87.63,113.87,-1.00,48.14,-1.00,81.00,110.98,85.04,186.80,-1.00,-1.00,-1.00,-1.00,-1.00
XPUT 321 31.31,87.91,114.91,-1.00,47.98,-1.00,81.01,110.60,85.04,186.73,-1.00,-1.00,-1.00,-1.00,-1.00
XPUT 322 31.49,88.75,114.81,-1.00,47.81,-1.00,81.60,111.37,85.32,186.38,-1.00,-1.00,-1.00,-1.00,-1.00
XPUT 323 31.39,89.59,114.99,-1.00,47.65,-1.00,81.89,111.85,85.03,186.32,-1.00,-1.00,-1.00,-1.00,-1.00
XPUT 324 31.85,89.57,114.88,-1.00,47.49,-1.00,82.18,111.47,85.31,185.97,-1.00,-1.00,-1.00,-1.00,-1.00
XPUT 325 32.31,90.69,116.19,-1.00,47.33,-1.00,82.75,111.94,85.30,186.76,-1.00,-1.00,-1.00,-1.00,-1.00
XPUT 326 32.20,90.38,116.93,-1.00,47.17,-1.00,82.76,111.85,85.02,186.13,-1.00,-1.00,-1.00,-1.00,-1.00
XPUT 327 33.22,91.49,117.67,-1.00,47.29,-1.00,82.48,113.44,85.58,186.91,-1.00,-1.00,-1.00,-1.00,-1.00
XPUT 328 33.11,91.18,117.83,-1.00,47.69,-1.00,82.20,113.06,85.29,186.57,-1.00,-1.00,-1.00,-1.00,-1.00
XPUT 329 33.00,91.16,117.44,-1.00,47.54,-1.00,82.49,113.53,85.00,185.95,-1.00,-1.00,-1.00,-1.00,-1.00
XPUT 330 32.89,90.85,117.33,-1.00,47.66,-1.00,82.49,113.15,85.28,185.33,-1.00,-1.00,-1.00,-1.00,-1.00
XPUT 331 32.78,91.11,118.05,-1.00,47.50,-1.00,82.78,113.61,85.00,185.55,-1.00,-1.00,-1.00,-1.00,-1.00
XPUT 332 32.67,91.08,118.49,-1.00,48.45,-1.00,83.06,114.06,84.72,185.49,-1.00,-1.00,-1.00,-1.00,-1.00
XPUT 333 32.56,92.16,118.38,-1.00,49.12,-1.00,82.78,113.69,84.71,185.16,-1.00,-1.00,-1.00,-1.00,-1.00
XPUT 334 32.45,92.69,118.82,-1.00,49.78,-1.00,83.34,114.14,84.44,184.55,-1.00,-1.00,-1.00,-1.00,-1.00
XPUT 335 32.35,92.38,119.25,-1.00,50.44,0.27,83.06,114.59,84.71,183.95,-1.00,-1.00,-1.00,-1.00,-1.00
XPUT 336 32.79,92.63,119.95,-1.00,50.28,0.27,83.07,114.22,84.71,183.35,-1.00,-1.00,-1.00,-1.00,-1.00
XPUT 337 32.68,92.60,120.38,-1.00,50.93,0.27,83.61,113.85,84.98,182.75,-1.00,-1.00,-1.00,-1.00,-1.00
XPUT 338 33.39,93.12,121.08,-1.00,50.77,0.27,83.89,115.38,85.24,183.25,-1.00,-1.00,-1.00,-1.00,-1.00
XPUT 339 33.83,94.17,122.58,-1.00,50.60,0.27,83.62,115.01,85.24,183.47,-1.00,-1.00,-1.00,-1.00,-1.00
XPUT 340 33.99,93.87,123.00,-1.00,50.44,0.27,83.35,114.64,85.77,183.15,-1.00,-1.00,-1.00,-1.00,-1.00
XPUT 341 34.41,93.57,123.41,-1.00,50.28,0.27,83.35,114.54,85.50,182.56,-1.00,-1.00,-1.00,-1.00,-1.00
XPUT 342 35.11,94.87,124.36,-1.00,50.12,0.27,83.62,114.97,85.23,183.58,-1.00,-1.00,-1.00,-1.00,-1.00
XPUT 343 35.26,95.11,124.23,-1.00,49.96,0.27,83.89,114.61,85.76,184.34,-1.00,-1.00,-1.00,-1.00,-1.00
XPUT 344 35.68,95.07,125.43,-1.00,49.80,0.27,84.42,115.84,86.02,185.08,-1.00,-1.00,-1.00,-1.00,-1.00
XPUT 345 35.84,94.77,126.89,-1.00,49.64,0.27,84.42,115.48,86.28,185.29,-1.00,-1.00,-1.00,-1.00,-1.00
XPUT 346 36.78,95.00,126.49,-1.00,49.48,0.26,84.68,115.64,86.27,185.24,-1.00,-1.00,-1.00,-1.00,-1.00
XPUT 347 36.93,94.97,127.68,-1.00,49.33,0.26,84.68,115.28,86.52,185.45,-1.00,-1.00,-1.00,-1.00,-1.00
XPUT 348 36.82,94.67,127.28,-1.00,49.17,0.26,84.94,114.92,86.52,184.86,-1.00,-1.00,-1.00,-1.00,-1.00
XPUT 349 37.22,94.90,128.45,-1.00,49.02,0.79,85.46,114.56,87.03,185.34,-1.00,-1.00,-1.00,-1.00,-1.00
XPUT 350 37.11,94.60,129.62,-1.00,49.39,0.78,85.72,114.20,87.54,185.28,-1.00,-1.00,-1.00,-1.00,-1.00
XPUT 351 37.77,94.83,130.52,-1.00,49.24,0.78,86.23,113.85,87.79,184.71,-1.00,-1.00,-1.00,-1.00,-1.00
XPUT 352 37.92,94.53,131.41,-1.00,49.34,0.78,86.22,114.01,88.04,184.91,-1.00,-1.00,-1.00,-1.00,-1.00
XPUT 353 38.32,94.24,131.27,-1.00,49.19,0.78,86.48,113.66,87.77,184.34,-1.00,-1.00,-1.00,-1.00,-1.00
XPUT 354 38.20,93.95,131.64,-1.00,49.56,0.77,86.21,113.31,87.76,184.29,-1.00,-1.00,-1.00,-1.00,-1.00
XPUT 355 38.60,93.66,132.26,-1.00,49.66,0.77,85.94,112.96,87.49,183.98,-1.00,-1.00,-1.00,-1.00,-1.00
XPUT 356 38.48,93.38,132.88,-1.00,49.51,0.77,86.45,112.62,87.73,184.19,-1.00,-1.00,-1.00,-1.00,-1.00
XPUT 357 39.13,93.09,133.76,-1.00,49.87,0.77,86.70,112.27,87.72,184.40,-1.00,-1.00,-1.00,-1.00,-1.00
XPUT 358 39.01,93.07,133.86,-1.00,49.97,0.76,86.44,112.19,87.97,185.11,-1.00,-1.00,-1.00,-1.00,-1.00
XPUT 359 39.15,92.78,134.47,-1.00,50.33,0.76,86.43,111.85,87.95,185.31,-1.00,-1.00,-1.00,-1.00,-1.00
XPUT 360 39.54,93.01,134.57,-1.00,50.94,0.76,86.17,111.51,88.70,185.51,-1.00,-1.00,-1.00,-1.00,-1.00
XPUT 361 39.42,92.98,135.68,-1.00,50.79,0.76,86.67,111.68,89.19,185.71,-1.00,-1.00,-1.00,-1.00,-1.00
XPUT 362 39.55,92.70,136.03,-1.00,50.63,0.76,86.91,111.34,89.18,185.66,-1.00,-1.00,-1.00,-1.00,-1.00
XPUT 363 40.18,92.43,136.38,-1.00,50.48,0.75,86.90,111.26,89.41,186.61,-1.00,-1.00,-1.00,-1.00,-1.00
XPUT 364 40.06,92.15,137.22,-1.00,50.33,0.75,87.14,111.43,90.65,187.30,-1.00,-1.00,-1.00,-1.00,-1.00
XPUT 365 40.45,92.37,137.31,-1.00,50.93,0.75,87.63,111.10,91.13,187.50,-1.00,-1.00,-1.00,-1.00,-1.00
XPUT 366 40.33,92.10,137.90,-1.00,51.28,0.75,87.87,111.02,90.86,187.44,-1.00,-1.00,-1.00,-1.00,-1.00
XPUT 367 40.95,92.08,137.49,-1.00,51.37,0.74,87.86,110.69,91.08,187.13,-1.00,-1.00,-1.00,-1.00,-1.00
XPUT 368 40.83,91.80,138.33,-1.00,51.72,0.99,88.09,110.86,90.81,187.07,-1.00,-1.00,-1.00,-1.00,-1.00
XPUT 369 41.20,92.03,138.17,-1.00,51.57,0.99,87.83,111.03,90.79,187.51,-1.00,-1.00,-1.00,-1.00,-1.00
XPUT 370 41.08,92.50,138.25,-1.00,51.41,0.98,87.82,111.44,91.27,188.93,-1.00,-1.00,-1.00,-1.00,-1.00
XPUT 371 40.96,92.23,138.58,-1.00,51.26,0.98,88.06,111.11,91.00,188.87,-1.00,-1.00,-1.00,-1.00,-1.00
XPUT 372 41.58,91.96,138.67,-1.00,51.36,0.98,88.04,111.52,91.22,188.56,-1.00,-1.00,-1.00,-1.00,-1.00
XPUT 373 41.46,91.69,138.27,-1.00,51.21,0.98,88.28,111.20,91.45,188.50,-1.00,-1.00,-1.00,-1.00,-1.00
XPUT 374 41.58,92.15,138.59,-1.00,52.03,0.97,88.51,111.12,91.91,189.17,-1.00,-1.00,-1.00,-1.00,-1.00
XPUT 375 41.94,92.37,139.65,-1.00,52.13,0.97,88.98,112.01,92.61,188.62,-1.00,-1.00,-1.00,-1.00,-1.00
XPUT 376 42.31,92.11,139.25,-1.00,52.46,0.97,88.96,111.69,93.07,188.32,-1.00,-1.00,-1.00,-1.00,-1.00
XPUT 377 42.43,92.08,140.29,-1.00,52.55,0.96,89.19,111.85,93.29,188.26,-1.00,-1.00,-1.00,-1.00,-1.00
XPUT 378 42.78,91.82,140.61,-1.00,52.88,1.44,88.93,111.53,93.50,187.96,-1.00,-1.00,-1.00,-1.00,-1.00
XPUT 379 42.66,91.56,141.17,-1.00,53.45,1.44,88.92,111.21,94.19,188.14,-1.00,-1.00,-1.00,-1.00,-1.00
XPUT 380 43.50,91.29,141.72,-1.00,53.77,1.43,89.14,111.61,94.40,188.09,-1.00,-1.00,-1.00,-1.00,-1.00
XPUT 381 43.37,91.04,141.80,-1.00,53.86,1.43,89.37,111.29,94.37,188.03,-1.00,-1.00,-1.00,-1.00,-1.00
XPUT 382 43.73,90.78,142.11,-1.00,54.18,1.43,89.35,111.21,94.58,187.73,-1.00,-1.00,-1.00,-1.00,-1.00
XPUT 383 43.60,90.52,142.89,-1.00,54.27,1.42,89.57,112.09,94.79,187.68,-1.00,-1.00,-1.00,-1.00,-1.00
XPUT 384 44.19,90.27,143.20,-1.00,54.59,1.42,90.03,111.77,94.52,187.38,-1.00,-1.00,-1.00,-1.00,-1.00
XPUT 385 44.77,90.01,143.50,-1.00,54.67,1.41,90.01,111.46,94.49,187.33,-1.00,-1.00,-1.00,-1.00,-1.00
XPUT 386 45.82,89.76,144.27,-1.00,55.69,1.41,89.76,111.61,94.69,186.81,-1.00,-1.00,-1.00,-1.00,-1.00
XPUT 387 45.69,89.51,144.81,-1.00,56.24,1.41,89.51,111.30,94.66,186.99,-1.00,-1.00,-1.00,-1.00,-1.00
XPUT 388 45.56,89.26,145.57,-1.00,57.48,1.40,89.96,110.99,94.87,186.93,-1.00,-1.00,-1.00,-1.00,-1.00
XPUT 389 45.44,89.01,145.87,-1.00,58.49,1.40,90.18,110.68,94.84,186.65,-1.00,-1.00,-1.00,-1.00,-1.00
XPUT 390 45.31,88.77,146.16,-1.00,58.79,1.39,90.39,111.31,95.04,186.59,-1.00,-1.00,-1.00,-1.00,-1.00
XPUT 391 45.19,88.52,147.61,-1.00,58.86,1.39,90.37,111.00,95.01,186.31,-1.00,-1.00,-1.00,-1.00,-1.00
XPUT 392 45.06,88.28,148.36,-1.00,59.16,1.39,90.59,110.69,95.21,186.26,-1.00,-1.00,-1.00,-1.00,-1.00
XPUT 393 44.94,88.03,149.34,-1.00,59.23,1.38,90.57,111.54,95.41,185.75,-1.00,-1.00,-1.00,-1.00,-1.00
XPUT 394 44.82,87.79,149.62,-1.00,59.06,1.38,90.78,111.47,95.38,185.47,-1.00,-1.00,-1.00,-1.00,-1.00
XPUT 395 44.69,87.55,151.04,-1.00,58.90,1.38,90.76,111.16,95.58,185.65,-1.00,-1.00,-1.00,-1.00,-1.00
XPUT 396 44.57,87.31,151.31,-1.00,58.74,1.37,90.51,111.31,95.54,185.60,-1.00,-1.00,-1.00,-1.00,-1.00
XPUT 397 44.45,87.08,152.04,-1.00,58.58,1.37,90.27,112.15,95.28,185.10,-1.00,-1.00,-1.00,-1.00,-1.00
XPUT 398 44.33,86.84,152.31,-1.00,58.42,1.36,90.48,111.85,95.03,185.05,-1.00,-1.00,-1.00,-1.00,-1.00
XPUT 399 44.21,86.61,152.58,-1.00,58.72,1.36,90.69,111.77,95.22,184.78,-1.00,-1.00,-1.00,-1.00,-1.00
XPUT 400 44.09,86.37,152.85,-1.00,58.79,1.36,90.67,112.15,94.97,184.73,-1.00,-1.00,-1.00,-1.00,-1.00
XPUT 401 43.97,86.14,153.11,-1.00,59.08,1.35,90.88,111.85,94.94,184.91,-1.00,-1.00,-1.00,-1.00,-1.00
XPUT 402 43.85,85.91,154.05,-1.00,59.60,1.35,90.63,111.55,95.13,184.64,-1.00,-1.00,-1.00,-1.00,-1.00
XPUT 403 43.74,85.68,154.54,-1.00,60.11,1.35,90.61,111.25,95.33,184.59,-1.00,-1.00,-1.00,-1.00,-1.00
XPUT 404 44.29,85.45,154.80,-1.00,60.40,1.34,91.04,110.95,95.07,184.55,-1.00,-1.00,-1.00,-1.00,-1.00
XPUT 405 44.17,85.22,155.06,-1.00,60.24,1.34,90.80,110.66,95.04,184.06,-1.00,-1.00,-1.00,-1.00,-1.00
XPUT 406 44.50,85.00,155.76,-1.00,61.19,1.34,91.01,110.36,95.23,183.57,-1.00,-1.00,-1.00,-1.00,-1.00
XPUT 407 44.38,84.77,156.01,-1.00,61.25,1.33,90.77,110.07,95.20,183.97,-1.00,-1.00,-1.00,-1.00,-1.00
XPUT 408 44.93,84.55,156.48,-1.00,61.09,1.33,90.53,109.78,94.95,183.49,-1.00,-1.00,-1.00,-1.00,-1.00
XPUT 409 44.81,84.33,156.73,-1.00,61.37,1.32,90.51,109.49,95.14,183.45,-1.00,-1.00,-1.00,-1.00,-1.00
XPUT 410 44.70,84.11,157.42,-1.00,61.21,1.32,90.27,109.21,95.11,183.18,-1.00,-1.00,-1.00,-1.00,-1.00
XPUT 411 44.58,83.89,158.11,-1.00,61.27,1.32,90.47,108.92,95.31,183.14,-1.00,-1.00,-1.00,-1.00,-1.00
XPUT 412 44.46,83.67,158.35,-1.00,61.11,1.31,90.68,108.64,95.28,183.32,-1.00,-1.00,-1.00,-1.00,-1.00
XPUT 413 44.35,83.45,159.25,-1.00,61.39,1.31,90.66,108.35,95.46,184.16,-1.00,-1.00,-1.00,-1.00,-1.00
XPUT 414 44.23,83.23,159.49,-1.00,61.44,1.31,90.86,108.07,95.22,184.77,-1.00,-1.00,-1.00,-1.00,-1.00
XPUT 415 44.33,83.02,160.60,-1.00,61.72,1.30,90.84,107.79,95.40,184.29,-1.00,-1.00,-1.00,-1.00,-1.00
XPUT 416 44.22,82.80,161.05,-1.00,61.78,1.30,91.04,107.51,95.16,184.90,-1.00,-1.00,-1.00,-1.00,-1.00
XPUT 417 44.54,82.59,161.29,-1.00,62.05,1.30,91.02,107.24,95.13,184.64,-1.00,-1.00,-1.00,-1.00,-1.00
XPUT 418 44.42,82.38,161.95,-1.00,61.89,1.29,90.79,106.96,94.88,184.16,-1.00,-1.00,-1.00,-1.00,-1.00
XPUT 419 44.95,82.17,162.61,-1.00,61.73,1.29,90.55,106.69,95.07,183.69,-1.00,-1.00,-1.00,-1.00,-1.00
XPUT 420 45.05,81.96,163.48,-1.00,61.57,1.29,90.75,106.41,95.04,184.29,-1.00,-1.00,-1.00,-1.00,-1.00
XPUT 421 45.37,81.75,164.13,-1.00,61.42,1.28,90.52,106.14,95.23,184.46,-1.00,-1.00,-1.00,-1.00,-1.00
XPUT 422 45.68,81.54,166.28,-1.00,61.26,1.28,90.93,105.87,95.63,185.06,-1.00,-1.00,-1.00,-1.00,-1.00
XPUT 423 46.41,81.33,167.13,-1.00,61.10,1.28,91.12,105.60,95.81,184.80,-1.00,-1.00,-1.00,-1.00,-1.00
XPUT 424 46.72,81.13,168.20,-1.00,60.95,1.27,90.89,105.34,95.57,184.97,-1.00,-1.00,-1.00,-1.00,-1.00
XPUT 425 47.24,80.92,169.47,-1.00,60.80,1.27,90.88,105.07,95.96,184.93,-1.00,-1.00,-1.00,-1.00,-1.00
XPUT 426 47.54,80.72,170.31,-1.00,61.28,1.27,91.07,104.80,95.93,185.73,-1.00,-1.00,-1.00,-1.00,-1.00
XPUT 427 47.42,80.51,171.14,-1.00,61.12,1.26,91.47,104.96,96.11,185.27,-1.00,-1.00,-1.00,-1.00,-1.00
XPUT 428 47.93,80.31,171.98,-1.00,61.39,1.26,91.45,104.70,96.50,186.48,-1.00,-1.00,-1.00,-1.00,-1.00
XPUT 429 48.02,80.11,171.55,-1.00,61.45,1.26,91.23,104.44,96.26,187.07,-1.00,-1.00,-1.00,-1.00,-1.00
XPUT 430 47.91,79.91,172.79,-1.00,61.92,1.26,91.00,104.18,96.65,188.27,-1.00,-1.00,-1.00,-1.00,-1.00
XPUT 431 47.79,79.71,174.66,-1.00,62.60,1.25,90.77,103.92,97.03,188.64,-1.00,-1.00,-1.00,-1.00,-1.00
XPUT 432 47.67,79.51,175.47,-1.00,62.65,1.25,90.96,103.66,97.21,189.42,-1.00,-1.00,-1.00,-1.00,-1.00
XPUT 433 47.55,79.32,176.08,-1.00,62.91,1.25,91.36,103.40,97.17,189.99,-1.00,-1.00,-1.00,-1.00,-1.00
XPUT 434 47.43,79.12,176.26,-1.00,63.38,1.24,91.14,103.15,97.56,191.18,-1.00,-1.00,-1.00,-1.00,-1.00
XPUT 435 47.32,78.93,176.86,-1.00,63.43,1.24,91.32,102.89,98.35,191.74,-1.00,-1.00,-1.00,-1.00,-1.00
XPUT 436 47.20,79.15,177.25,-1.00,63.89,1.24,91.31,102.64,98.73,192.09,-1.00,-1.00,-1.00,-1.00,-1.00
XPUT 437 47.08,79.16,177.85,-1.00,64.15,1.23,91.49,102.80,99.10,192.65,-1.00,-1.00,-1.00,-1.00,-1.00
XPUT 438 46.97,78.96,177.82,-1.00,64.61,1.23,91.47,102.55,99.47,193.20,-1.00,-1.00,-1.00,-1.00,-1.00
XPUT 439 46.85,79.18,178.62,-1.00,64.86,1.23,91.66,102.30,100.05,193.55,-1.00,-1.00,-1.00,-1.00,-1.00
XPUT 440 46.74,79.40,178.79,-1.00,64.90,1.22,91.85,102.05,100.42,194.10,-1.00,-1.00,-1.00,-1.00,-1.00
XPUT 441 46.63,79.41,178.77,-1.00,65.15,1.22,91.62,101.80,100.79,193.63,-1.00,-1.00,-1.00,-1.00,-1.00
XPUT 442 46.51,79.62,179.15,-1.00,65.61,1.22,91.40,101.56,101.15,193.57,-1.00,-1.00,-1.00,-1.00,-1.00
XPUT 443 46.40,79.63,179.12,-1.00,65.45,1.22,91.38,101.51,101.51,193.30,-1.00,-1.00,-1.00,-1.00,-1.00
XPUT 444 46.29,79.84,178.89,-1.00,65.29,1.21,91.57,101.27,101.67,193.44,-1.00,-1.00,-1.00,-1.00,-1.00
XPUT 445 46.58,79.85,179.47,-1.00,65.13,1.41,91.55,101.03,101.63,193.58,-1.00,-1.00,-1.00,-1.00,-1.00
XPUT 446 46.47,80.47,179.44,-1.00,65.38,1.41,91.73,100.78,101.99,194.12,-1.00,-1.00,-1.00,-1.00,-1.00
XPUT 447 46.36,80.47,179.81,-1.00,65.22,1.40,91.51,100.54,102.35,194.66,-1.00,-1.00,-1.00,-1.00,-1.00
XPUT 448 46.25,80.88,180.39,-1.00,65.27,1.40,91.49,100.70,103.11,195.20,-1.00,-1.00,-1.00,-1.00,-1.00
XPUT 449 46.14,81.29,182.15,-1.00,65.11,1.40,91.88,100.46,103.86,195.33,-1.00,-1.00,-1.00,-1.00,-1.00
XPUT 450 46.03,82.09,182.72,-1.00,65.36,1.39,92.06,100.22,104.81,195.47,-1.00,-1.00,-1.00,-1.00,-1.00
XPUT 451 45.92,82.30,182.88,-1.00,65.40,1.39,92.23,99.99,105.55,195.01,-1.00,-1.00,-1.00,-1.00,-1.00
XPUT 452 46.01,82.70,183.44,-1.00,65.64,1.39,92.02,99.75,105.90,194.74,-1.00,-1.00,-1.00,-1.00,-1.00
XPUT 453 45.90,83.09,183.60,-1.00,65.68,1.38,91.80,99.71,106.24,195.27,-1.00,-1.00,-1.00,-1.00,-1.00
XPUT 454 45.79,83.49,183.96,-1.00,65.92,1.78,91.58,99.48,106.98,195.21,-1.00,-1.00,-1.00,-1.00,-1.00
XPUT 455 45.68,83.69,184.51,-1.00,65.97,1.77,91.57,99.64,107.32,195.34,-1.00,-1.00,-1.00,-1.00,-1.00
XPUT 456 45.97,84.08,185.06,-1.00,65.81,1.77,91.74,99.41,107.66,195.47,-1.00,-1.00,-1.00,-1.00,-1.00
XPUT 457 45.86,84.08,185.22,-1.00,66.05,1.76,91.73,99.37,108.39,196.00,-1.00,-1.00,-1.00,-1.00,-1.00
XPUT 458 45.76,84.28,185.37,-1.00,66.29,1.76,91.90,99.14,108.72,196.32,-1.00,-1.00,-1.00,-1.00,-1.00
XPUT 459 45.65,84.28,185.52,-1.00,66.33,1.76,91.88,98.91,109.25,196.25,-1.00,-1.00,-1.00,-1.00,-1.00
XPUT 460 45.54,84.47,185.48,-1.00,66.56,1.75,92.06,99.07,110.36,196.97,-1.00,-1.00,-1.00,-1.00,-1.00
XPUT 461 45.63,84.86,185.64,-1.00,66.60,1.94,92.24,98.84,110.88,197.09,-1.00,-1.00,-1.00,-1.00,-1.00
XPUT 462 45.53,85.05,185.98,-1.00,66.84,1.94,92.22,98.80,111.98,197.22,-1.00,-1.00,-1.00,-1.00,-1.00
XPUT 463 45.42,85.63,186.52,-1.00,66.68,1.93,92.39,98.96,112.49,197.73,-1.00,-1.00,-1.00,-1.00,-1.00
XPUT 464 45.32,86.39,186.67,-1.00,66.53,1.93,92.18,98.73,112.81,197.86,-1.00,-1.00,-1.00,-1.00,-1.00
XPUT 465 45.60,86.58,187.59,-1.00,66.38,1.92,91.97,98.89,113.32,198.36,-1.00,-1.00,-1.00,-1.00,-1.00
XPUT 466 45.49,87.15,187.93,-1.00,66.23,1.92,91.95,98.67,113.64,199.06,-1.00,-1.00,-1.00,-1.00,-1.00
XPUT 467 45.77,87.52,188.46,-1.00,66.07,1.92,92.12,98.44,114.53,199.56,-1.00,-1.00,-1.00,-1.00,-1.00
XPUT 468 45.67,87.71,188.60,-1.00,65.92,1.91,92.10,98.79,114.65,199.87,-1.00,-1.00,-1.00,-1.00,-1.00
XPUT 469 45.57,88.46,189.12,-1.00,65.77,1.91,92.27,98.57,114.96,200.18,-1.00,-1.00,-1.00,-1.00,-1.00
XPUT 470 45.46,89.40,189.46,-1.00,65.63,1.90,92.07,98.34,115.27,200.30,-1.00,-1.00,-1.00,-1.00,-1.00
XPUT 471 45.36,89.77,190.55,-1.00,65.48,1.90,92.05,98.12,115.58,200.04,-1.00,-1.00,-1.00,-1.00,-1.00
XPUT 472 45.26,90.13,191.25,-1.00,65.33,1.89,92.22,97.90,115.89,199.96,-1.00,-1.00,-1.00,-1.00,-1.00
XPUT 473 45.15,90.50,191.58,-1.00,65.37,2.27,92.58,97.68,116.19,200.08,-1.00,-1.00,-1.00,-1.00,-1.00
XPUT 474 45.24,90.86,191.90,-1.00,65.60,2.26,92.75,97.46,116.50,199.82,-1.00,-1.00,-1.00,-1.00,-1.00
XPUT 475 45.14,91.60,192.41,-1.00,65.83,2.26,92.73,97.43,116.80,199.75,-1.00,-1.00,-1.00,-1.00,-1.00
XPUT 476 45.04,91.96,192.92,-1.00,65.68,2.25,92.89,97.21,117.29,199.68,-1.00,-1.00,-1.00,-1.00,-1.00
XPUT 477 44.94,92.87,193.05,-1.00,65.72,2.25,92.69,96.99,117.59,199.23,-1.00,-1.00,-1.00,-1.00,-1.00
XPUT 478 45.21,93.97,193.37,-1.00,65.95,2.24,92.48,97.15,117.89,198.79,-1.00,-1.00,-1.00,-1.00,-1.00
XPUT 479 45.11,94.88,193.87,-1.00,65.99,2.24,92.27,97.12,117.81,198.34,-1.00,-1.00,-1.00,-1.00,-1.00
XPUT 480 45.20,94.86,194.37,-1.00,65.84,2.23,92.26,96.91,118.11,198.09,-1.00,-1.00,-1.00,-1.00,-1.00
XPUT 481 45.10,95.02,194.50,-1.00,66.07,2.23,92.42,97.06,118.59,197.65,-1.00,-1.00,-1.00,-1.00,-1.00
XPUT 482 45.00,95.18,194.99,-1.00,65.92,2.22,92.77,97.22,119.07,197.22,-1.00,-1.00,-1.00,-1.00,-1.00
XPUT 483 44.90,94.97,194.75,-1.00,65.78,2.22,92.57,97.00,119.18,197.15,-1.00,-1.00,-1.00,-1.00,-1.00
XPUT 484 44.80,94.76,195.24,-1.00,65.63,2.21,92.74,96.79,119.47,196.72,-1.00,-1.00,-1.00,-1.00,-1.00
XPUT 485 44.70,94.74,195.00,-1.00,65.67,2.21,92.72,96.58,119.76,196.29,-1.00,-1.00,-1.00,-1.00,-1.00
XPUT 486 44.60,95.08,195.49,-1.00,65.90,2.20,92.88,96.37,120.05,196.04,-1.00,-1.00,-1.00,-1.00,-1.00
XPUT 487 44.51,94.88,195.98,-1.00,65.75,2.20,92.68,96.16,119.78,195.61,-1.00,-1.00,-1.00,-1.00,-1.00
XPUT 488 44.78,95.22,195.73,-1.00,65.61,2.19,92.48,95.95,119.89,195.19,-1.00,-1.00,-1.00,-1.00,-1.00
XPUT 489 44.68,95.37,196.04,-1.00,65.47,2.19,92.27,95.74,119.81,195.13,-1.00,-1.00,-1.00,-1.00,-1.00
XPUT 490 44.58,95.17,195.61,-1.00,65.33,2.18,92.07,95.53,119.55,194.70,-1.00,-1.00,-1.00,-1.00,-1.00
XPUT 491 44.49,95.33,195.73,-1.00,65.37,2.18,91.88,95.33,119.84,194.28,-1.00,-1.00,-1.00,-1.00,-1.00
XPUT 492 44.39,95.12,195.31,-1.00,65.59,2.17,91.68,95.12,119.94,194.04,-1.00,-1.00,-1.00,-1.00,-1.00
XPUT 493 44.29,94.91,195.61,-1.00,65.45,2.17,91.66,94.91,119.68,193.62,-1.00,-1.00,-1.00,-1.00,-1.00
XPUT 494 44.20,94.71,195.55,-1.00,65.67,2.16,91.46,94.71,119.42,193.21,-1.00,-1.00,-1.00,-1.00,-1.00
XPUT 495 44.10,94.51,195.13,-1.00,65.52,2.16,91.27,94.51,119.17,192.79,-1.00,-1.00,-1.00,-1.00,-1.00
