4 0 4.1 1.75 Intel, Oregon
PERC 1 0.0
PERC 2 0.0
PERC 3 0.0
PERC 4 0.0
PERC 5 0.0
PERC 6 0.0
PERC 7 0.0
PERC 8 0.0
PERC 9 0.0
PERC 10 0.0
PERC 11 0.0
PERC 12 0.0
PERC 13 0.0
PERC 14 0.0
PERC 15 0.0
PERC 16 0.0
PERC 17 0.0
PERC 18 0.0
PERC 19 0.0
PERC 20 0.0
PERC 21 0.0
PERC 22 0.0
PERC 23 0.0
PERC 24 0.0
PERC 25 0.0
PERC 26 0.0
PERC 27 0.0
PERC 28 0.0
PERC 29 0.0
PERC 30 0.0
PERC 31 0.2
PERC 32 0.5
PERC 33 0.7
PERC 34 0.8
PERC 35 1.0
PERC 36 1.3
PERC 37 1.5
PERC 38 1.9
PERC 39 2.0
PERC 40 2.3
PERC 41 2.6
PERC 42 2.9
PERC 43 3.2
PERC 44 3.4
PERC 45 3.6
PERC 46 3.8
PERC 47 4.1
PERC 48 4.4
PERC 49 4.7
PERC 50 4.8
PERC 51 4.9
PERC 52 5.3
PERC 53 5.6
PERC 54 5.8
PERC 55 6.2
PERC 56 6.4
PERC 57 6.7
PERC 58 6.9
PERC 59 7.0
PERC 60 7.3
PERC 61 7.4
PERC 62 7.5
PERC 63 7.6
PERC 64 7.8
PERC 65 8.1
PERC 66 8.4
PERC 67 8.5
PERC 68 8.6
PERC 69 8.8
PERC 70 9.0
PERC 71 9.2
PERC 72 9.4
PERC 73 9.4
PERC 74 9.4
PERC 75 9.6
PERC 76 9.8
PERC 77 9.9
PERC 78 10.0
PERC 79 10.1
PERC 80 10.3
PERC 81 10.5
PERC 82 10.6
PERC 83 10.9
PERC 84 11.1
PERC 85 11.4
PERC 86 11.6
PERC 87 11.9
PERC 88 12.0
PERC 89 12.3
PERC 90 12.4
PERC 91 12.6
PERC 92 12.7
PERC 93 12.8
PERC 94 13.0
PERC 95 13.0
PERC 96 13.1
PERC 97 13.3
PERC 98 13.5
PERC 99 13.6
PERC 100 13.7
PERC 101 13.9
PERC 102 14.1
PERC 103 14.3
PERC 104 14.5
PERC 105 14.9
PERC 106 15.2
PERC 107 15.5
PERC 108 15.8
PERC 109 16.0
PERC 110 16.2
PERC 111 16.4
PERC 112 16.8
PERC 113 17.0
PERC 114 17.2
PERC 115 17.5
PERC 116 17.7
PERC 117 17.9
PERC 118 18.1
PERC 119 18.3
PERC 120 18.5
PERC 121 18.7
PERC 122 19.0
PERC 123 19.2
PERC 124 19.5
PERC 125 19.8
PERC 126 19.9
PERC 127 20.1
PERC 128 20.4
PERC 129 20.5
PERC 130 20.8
PERC 131 21.1
PERC 132 21.4
PERC 133 21.7
PERC 134 22.0
PERC 135 22.1
PERC 136 22.5
PERC 137 22.8
PERC 138 23.1
PERC 139 23.5
PERC 140 23.7
PERC 141 24.0
PERC 142 24.1
PERC 143 24.3
PERC 144 24.4
PERC 145 24.6
PERC 146 24.8
PERC 147 24.9
PERC 148 25.1
PERC 149 25.4
PERC 150 25.6
PERC 151 25.8
PERC 152 26.1
PERC 153 26.3
PERC 154 26.5
PERC 155 26.7
PERC 156 26.9
PERC 157 27.0
PERC 158 27.1
PERC 159 27.2
PERC 160 27.5
PERC 161 27.6
PERC 162 27.7
PERC 163 27.9
PERC 164 28.1
PERC 165 28.2
PERC 166 28.4
PERC 167 28.6
PERC 168 28.9
PERC 169 29.3
PERC 170 29.6
PERC 171 29.8
PERC 172 30.0
PERC 173 30.3
PERC 174 30.5
PERC 175 30.6
PERC 176 30.8
PERC 177 30.9
PERC 178 31.1
PERC 179 31.3
PERC 180 31.4
PERC 181 31.5
PERC 182 31.8
PERC 183 31.9
PERC 184 32.0
PERC 185 32.2
PERC 186 32.5
PERC 187 32.9
PERC 188 33.2
PERC 189 33.4
PERC 190 33.8
PERC 191 34.0
PERC 192 34.3
PERC 193 34.5
PERC 194 34.7
PERC 195 35.1
PERC 196 35.4
PERC 197 35.6
PERC 198 35.7
PERC 199 35.8
PERC 200 36.1
PERC 201 36.2
PERC 202 36.4
PERC 203 36.6
PERC 204 36.7
PERC 205 36.9
PERC 206 37.3
PERC 207 37.5
PERC 208 37.7
PERC 209 38.0
PERC 210 38.1
PERC 211 38.3
PERC 212 38.4
PERC 213 38.5
PERC 214 38.8
PERC 215 38.9
PERC 216 39.0
PERC 217 39.2
PERC 218 39.4
PERC 219 39.6
PERC 220 39.9
PERC 221 40.1
PERC 222 40.4
PERC 223 40.8
PERC 224 41.0
PERC 225 41.1
PERC 226 41.4
PERC 227 41.6
PERC 228 41.8
PERC 229 42.0
PERC 230 42.2
PERC 231 42.3
PERC 232 42.5
PERC 233 42.6
PERC 234 42.8
PERC 235 42.8
PERC 236 43.0
PERC 237 43.2
PERC 238 43.5
PERC 239 43.8
PERC 240 44.0
PERC 241 44.2
PERC 242 44.4
PERC 243 44.6
PERC 244 44.9
PERC 245 45.1
PERC 246 45.2
PERC 247 45.4
PERC 248 45.7
PERC 249 45.9
PERC 250 46.0
PERC 251 46.2
PERC 252 46.5
PERC 253 46.9
PERC 254 47.2
PERC 255 47.4
PERC 256 47.7
PERC 257 47.8
PERC 258 48.0
PERC 259 48.2
PERC 260 48.3
PERC 261 48.5
PERC 262 48.7
PERC 263 49.0
PERC 264 49.3
PERC 265 49.5
PERC 266 49.7
PERC 267 50.0
PERC 268 50.2
PERC 269 50.3
PERC 270 50.4
PERC 271 50.5
PERC 272 50.8
PERC 273 51.0
PERC 274 51.3
PERC 275 51.5
PERC 276 51.8
PERC 277 52.0
PERC 278 52.2
PERC 279 52.4
PERC 280 52.5
PERC 281 52.8
PERC 282 53.0
PERC 283 53.2
PERC 284 53.4
PERC 285 53.5
PERC 286 53.7
PERC 287 54.0
PERC 288 54.1
PERC 289 54.3
PERC 290 54.5
PERC 291 54.8
PERC 292 55.0
PERC 293 55.3
PERC 294 55.5
PERC 295 55.8
PERC 296 55.9
PERC 297 56.2
PERC 298 56.5
PERC 299 56.8
PERC 300 57.1
PERC 301 57.4
PERC 302 57.6
PERC 303 57.9
PERC 304 58.0
PERC 305 58.2
PERC 306 58.3
PERC 307 58.6
PERC 308 58.8
PERC 309 59.0
PERC 310 59.2
PERC 311 59.4
PERC 312 59.7
PERC 313 60.1
PERC 314 60.3
PERC 315 60.6
PERC 316 60.8
PERC 317 61.1
PERC 318 61.2
PERC 319 61.4
PERC 320 61.6
PERC 321 61.9
PERC 322 62.1
PERC 323 62.4
PERC 324 62.5
PERC 325 62.8
PERC 326 63.3
PERC 327 63.5
PERC 328 63.6
PERC 329 63.9
PERC 330 64.1
PERC 331 64.3
PERC 332 64.6
PERC 333 64.8
PERC 334 65.1
PERC 335 65.3
PERC 336 65.6
PERC 337 65.8
PERC 338 66.0
PERC 339 66.2
PERC 340 66.5
PERC 341 66.6
PERC 342 66.9
PERC 343 67.1
PERC 344 67.2
PERC 345 67.3
PERC 346 67.4
PERC 347 67.5
PERC 348 67.7
PERC 349 67.9
PERC 350 68.1
PERC 351 68.2
PERC 352 68.4
PERC 353 68.8
PERC 354 69.0
PERC 355 69.1
PERC 356 69.4
PERC 357 69.5
PERC 358 69.7
PERC 359 69.9
PERC 360 70.2
PERC 361 70.3
PERC 362 70.6
PERC 363 70.8
PERC 364 71.1
PERC 365 71.3
PERC 366 71.5
PERC 367 71.6
PERC 368 72.0
PERC 369 72.1
PERC 370 72.4
PERC 371 72.7
PERC 372 72.9
PERC 373 73.1
PERC 374 73.4
PERC 375 73.7
PERC 376 73.8
PERC 377 74.1
PERC 378 74.2
PERC 379 74.4
PERC 380 74.5
PERC 381 74.8
PERC 382 75.0
PERC 383 75.3
PERC 384 75.5
PERC 385 75.7
PERC 386 75.9
PERC 387 76.0
PERC 388 76.2
PERC 389 76.4
PERC 390 76.7
PERC 391 76.9
PERC 392 77.1
PERC 393 77.4
PERC 394 77.7
PERC 395 77.9
PERC 396 78.1
PERC 397 78.4
PERC 398 78.6
PERC 399 78.8
PERC 400 78.9
PERC 401 79.0
PERC 402 79.3
PERC 403 79.5
PERC 404 79.8
PERC 405 80.0
PERC 406 80.1
PERC 407 80.4
PERC 408 80.5
PERC 409 80.7
PERC 410 81.0
PERC 411 81.3
PERC 412 81.7
PERC 413 82.0
PERC 414 82.3
PERC 415 82.5
PERC 416 82.8
PERC 417 82.9
PERC 418 83.0
PERC 419 83.4
PERC 420 83.6
PERC 421 83.7
PERC 422 83.9
PERC 423 84.1
PERC 424 84.3
PERC 425 84.5
PERC 426 84.8
PERC 427 85.1
PERC 428 85.2
PERC 429 85.5
PERC 430 85.6
PERC 431 85.8
PERC 432 85.9
PERC 433 86.0
PERC 434 86.3
PERC 435 86.6
PERC 436 86.8
PERC 437 87.1
PERC 438 87.4
PERC 439 87.5
PERC 440 87.8
PERC 441 88.0
PERC 442 88.3
PERC 443 88.4
PERC 444 88.6
PERC 445 88.9
PERC 446 89.1
PERC 447 89.4
PERC 448 89.6
PERC 449 89.8
PERC 450 90.1
PERC 451 90.4
PERC 452 90.7
PERC 453 91.0
PERC 454 91.3
PERC 455 91.5
PERC 456 91.7
PERC 457 91.9
PERC 458 92.3
PERC 459 92.6
PERC 460 92.8
PERC 461 93.1
PERC 462 93.3
PERC 463 93.5
PERC 464 93.8
PERC 465 94.1
PERC 466 94.3
PERC 467 94.5
PERC 468 94.7
PERC 469 95.0
PERC 470 95.4
PERC 471 95.8
PERC 472 96.0
PERC 473 96.3
PERC 474 96.6
PERC 475 96.9
PERC 476 97.1
PERC 477 97.3
PERC 478 97.4
PERC 479 97.6
PERC 480 97.8
PERC 481 98.0
PERC 482 98.2
PERC 483 98.4
PERC 484 98.8
PERC 485 99.1
PERC 486 99.3
PERC 487 99.5
PERC 488 99.6
PERC 489 99.7
PERC 490 99.8
PERC 491 99.9
PERC 492 100.0
XPUT 1 -1.00,-1.00,-1.00,-1.00,-1.00,-1.00,-1.00,-1.00,-1.00,-1.00,-1.00,-1.00,-1.00,-1.00,-1.00
XPUT 2 -1.00,-1.00,-1.00,-1.00,-1.00,-1.00,-1.00,-1.00,-1.00,-1.00,-1.00,-1.00,-1.00,-1.00,-1.00
XPUT 3 -1.00,-1.00,-1.00,-1.00,-1.00,-1.00,-1.00,-1.00,-1.00,-1.00,-1.00,-1.00,-1.00,-1.00,-1.00
XPUT 4 -1.00,-1.00,-1.00,-1.00,-1.00,-1.00,-1.00,-1.00,-1.00,-1.00,-1.00,-1.00,-1.00,-1.00,-1.00
XPUT 5 -1.00,-1.00,-1.00,-1.00,-1.00,-1.00,-1.00,-1.00,-1.00,-1.00,-1.00,-1.00,-1.00,-1.00,-1.00
XPUT 6 -1.00,-1.00,-1.00,-1.00,-1.00,-1.00,-1.00,-1.00,-1.00,-1.00,-1.00,-1.00,-1.00,-1.00,-1.00
XPUT 7 -1.00,-1.00,-1.00,-1.00,-1.00,-1.00,-1.00,-1.00,-1.00,-1.00,-1.00,-1.00,-1.00,-1.00,-1.00
XPUT 8 -1.00,-1.00,-1.00,-1.00,-1.00,-1.00,-1.00,-1.00,-1.00,-1.00,-1.00,-1.00,-1.00,-1.00,-1.00
XPUT 9 -1.00,-1.00,-1.00,-1.00,-1.00,-1.00,-1.00,-1.00,-1.00,-1.00,-1.00,-1.00,-1.00,-1.00,-1.00
XPUT 10 -1.00,-1.00,-1.00,-1.00,-1.00,-1.00,-1.00,-1.00,-1.00,-1.00,-1.00,-1.00,-1.00,-1.00,-1.00
XPUT 11 -1.00,-1.00,-1.00,-1.00,-1.00,-1.00,-1.00,-1.00,-1.00,-1.00,-1.00,-1.00,-1.00,-1.00,-1.00
XPUT 12 -1.00,-1.00,-1.00,-1.00,-1.00,-1.00,-1.00,-1.00,-1.00,-1.00,-1.00,-1.00,-1.00,-1.00,-1.00
XPUT 13 -1.00,-1.00,-1.00,-1.00,-1.00,-1.00,-1.00,-1.00,-1.00,-1.00,-1.00,-1.00,-1.00,-1.00,-1.00
XPUT 14 -1.00,-1.00,-1.00,-1.00,-1.00,-1.00,-1.00,-1.00,-1.00,-1.00,-1.00,-1.00,-1.00,-1.00,-1.00
XPUT 15 -1.00,-1.00,-1.00,-1.00,-1.00,-1.00,-1.00,-1.00,-1.00,-1.00,-1.00,-1.00,-1.00,-1.00,-1.00
XPUT 16 -1.00,-1.00,-1.00,-1.00,-1.00,-1.00,-1.00,-1.00,-1.00,-1.00,-1.00,-1.00,-1.00,-1.00,-1.00
XPUT 17 -1.00,-1.00,-1.00,-1.00,-1.00,-1.00,-1.00,-1.00,-1.00,-1.00,-1.00,-1.00,-1.00,-1.00,-1.00
XPUT 18 -1.00,-1.00,-1.00,-1.00,-1.00,-1.00,-1.00,-1.00,-1.00,-1.00,-1.00,-1.00,-1.00,-1.00,-1.00
XPUT 19 -1.00,-1.00,-1.00,-1.00,-1.00,-1.00,-1.00,-1.00,-1.00,-1.00,-1.00,-1.00,-1.00,-1.00,-1.00
XPUT 20 -1.00,-1.00,-1.00,-1.00,-1.00,-1.00,-1.00,-1.00,-1.00,-1.00,-1.00,-1.00,-1.00,-1.00,-1.00
XPUT 21 -1.00,-1.00,-1.00,-1.00,-1.00,-1.00,-1.00,-1.00,-1.00,-1.00,-1.00,-1.00,-1.00,-1.00,-1.00
XPUT 22 -1.00,-1.00,-1.00,-1.00,-1.00,-1.00,-1.00,-1.00,-1.00,-1.00,-1.00,-1.00,-1.00,-1.00,-1.00
XPUT 23 -1.00,-1.00,-1.00,-1.00,-1.00,-1.00,-1.00,-1.00,-1.00,-1.00,-1.00,-1.00,-1.00,-1.00,-1.00
XPUT 24 -1.00,-1.00,-1.00,-1.00,-1.00,-1.00,-1.00,-1.00,-1.00,-1.00,-1.00,-1.00,-1.00,-1.00,-1.00
XPUT 25 -1.00,-1.00,-1.00,-1.00,-1.00,-1.00,-1.00,-1.00,-1.00,-1.00,-1.00,-1.00,-1.00,-1.00,-1.00
XPUT 26 -1.00,-1.00,-1.00,-1.00,-1.00,-1.00,-1.00,-1.00,-1.00,-1.00,-1.00,-1.00,-1.00,-1.00,-1.00
XPUT 27 -1.00,-1.00,-1.00,-1.00,-1.00,-1.00,-1.00,-1.00,-1.00,-1.00,-1.00,-1.00,-1.00,-1.00,-1.00
XPUT 28 -1.00,-1.00,-1.00,-1.00,-1.00,-1.00,-1.00,-1.00,-1.00,-1.00,-1.00,-1.00,-1.00,-1.00,-1.00
XPUT 29 -1.00,-1.00,-1.00,-1.00,-1.00,-1.00,-1.00,-1.00,-1.00,-1.00,-1.00,-1.00,-1.00,-1.00,-1.00
XPUT 30 -1.00,-1.00,-1.00,-1.00,-1.00,-1.00,-1.00,-1.00,-1.00,-1.00,-1.00,-1.00,-1.00,-1.00,-1.00
XPUT 31 -1.00,-1.00,-1.00,-1.00,-1.00,-1.00,-1.00,-1.00,-1.00,-1.00,-1.00,-1.00,-1.00,-1.00,-1.00
XPUT 32 -1.00,-1.00,-1.00,-1.00,-1.00,-1.00,-1.00,-1.00,503.32,2432.70,-1.00,-1.00,-1.00,-1.00,-1.00
XPUT 33 -1.00,-1.00,-1.00,-1.00,-1.00,-1.00,-1.00,-1.00,293.60,1342.18,-1.00,-1.00,-1.00,-1.00,-1.00
XPUT 34 -1.00,-1.00,27.96,-1.00,-1.00,-1.00,-1.00,-1.00,279.62,1090.52,-1.00,-1.00,-1.00,-1.00,-1.00
XPUT 35 -1.00,-1.00,62.91,20.97,-1.00,-1.00,-1.00,-1.00,356.52,943.72,-1.00,-1.00,-1.00,-1.00,-1.00
XPUT 36 -1.00,-1.00,67.11,50.33,-1.00,-1.00,-1.00,-1.00,352.32,838.86,-1.00,-1.00,-1.00,-1.00,-1.00
XPUT 37 -1.00,-1.00,97.87,97.87,-1.00,-1.00,-1.00,-1.00,363.51,782.94,-1.00,-1.00,-1.00,-1.00,-1.00
XPUT 38 -1.00,-1.00,107.85,107.85,-1.00,-1.00,-1.00,-1.00,335.54,683.07,-1.00,-1.00,-1.00,-1.00,-1.00
XPUT 39 -1.00,-1.00,125.83,125.83,-1.00,-1.00,-1.00,-1.00,325.06,650.12,-1.00,-1.00,-1.00,-1.00,-1.00
XPUT 40 -1.00,-1.00,139.81,139.81,-1.00,-1.00,-1.00,-1.00,298.26,652.45,-1.00,-1.00,-1.00,-1.00,-1.00
XPUT 41 -1.00,-1.00,142.61,142.61,-1.00,-1.00,-1.00,-1.00,327.16,629.15,-1.00,-1.00,-1.00,-1.00,-1.00
XPUT 42 -1.00,-1.00,152.52,137.27,-1.00,-1.00,-1.00,-1.00,327.92,602.45,-1.00,-1.00,-1.00,-1.00,-1.00
XPUT 43 -1.00,-1.00,146.80,139.81,-1.00,-1.00,-1.00,-1.00,314.57,573.22,-1.00,-1.00,-1.00,-1.00,-1.00
XPUT 44 -1.00,-1.00,148.41,135.51,-1.00,-1.00,-1.00,-1.00,322.64,574.30,-1.00,-1.00,-1.00,-1.00,-1.00
XPUT 45 -1.00,-1.00,137.81,125.83,-1.00,-1.00,-1.00,-1.00,323.56,557.24,-1.00,-1.00,-1.00,-1.00,-1.00
XPUT 46 -1.00,-1.00,145.40,117.44,-1.00,-1.00,-1.00,-1.00,346.73,531.28,-1.00,-1.00,-1.00,-1.00,-1.00
XPUT 47 -1.00,-1.00,146.80,136.31,-1.00,-1.00,-1.00,-1.00,351.27,529.53,-1.00,-1.00,-1.00,-1.00,-1.00
XPUT 48 -1.00,-1.00,143.10,138.17,-1.00,-1.00,-1.00,-1.00,345.41,527.99,-1.00,-1.00,-1.00,-1.00,-1.00
XPUT 49 -1.00,-1.00,135.15,135.15,-1.00,-1.00,-1.00,-1.00,326.22,512.64,-1.00,-1.00,-1.00,-1.00,-1.00
XPUT 50 -1.00,-1.00,128.04,136.87,-1.00,-1.00,-1.00,-1.00,313.47,507.73,-1.00,-1.00,-1.00,-1.00,-1.00
XPUT 51 -1.00,-1.00,134.22,142.61,-1.00,-1.00,-1.00,-1.00,314.57,515.90,-1.00,-1.00,-1.00,-1.00,-1.00
XPUT 52 -1.00,-1.00,127.83,139.81,-1.00,-1.00,-1.00,-1.00,323.56,523.29,-1.00,-1.00,-1.00,-1.00,-1.00
XPUT 53 -1.00,-1.00,122.02,141.08,-1.00,-1.00,-1.00,-1.00,320.29,530.01,-1.00,-1.00,-1.00,-1.00,-1.00
XPUT 54 -1.00,-1.00,127.65,142.24,-1.00,-1.00,-1.00,-1.00,324.60,532.49,-1.00,-1.00,-1.00,-1.00,-1.00
XPUT 55 -1.00,-1.00,122.33,150.30,-1.00,-1.00,-1.00,-1.00,325.06,527.78,-1.00,-1.00,-1.00,-1.00,-1.00
XPUT 56 -1.00,-1.00,117.44,161.06,-1.00,-1.00,-1.00,-1.00,335.54,513.38,-1.00,-1.00,-1.00,-1.00,-1.00
XPUT 57 -1.00,-1.00,119.38,164.55,-1.00,-1.00,-1.00,-1.00,325.87,503.32,-1.00,-1.00,-1.00,-1.00,-1.00
XPUT 58 -1.00,-1.00,121.17,167.77,-1.00,-1.00,-1.00,-1.00,320.01,487.78,-1.00,-1.00,-1.00,-1.00,-1.00
XPUT 59 -1.00,-1.00,119.84,170.77,-1.00,-1.00,-1.00,-1.00,326.56,476.35,-1.00,-1.00,-1.00,-1.00,-1.00
XPUT 60 -1.00,-1.00,115.70,164.88,-1.00,-1.00,-1.00,-1.00,318.19,462.82,-1.00,-1.00,-1.00,-1.00,-1.00
XPUT 61 -1.00,-1.00,117.44,159.38,-1.00,-1.00,-1.00,-1.00,318.77,452.98,-1.00,-1.00,-1.00,-1.00,-1.00
XPUT 62 -1.00,-1.00,113.65,154.24,-1.00,-1.00,-1.00,-1.00,319.31,443.78,-1.00,-1.00,-1.00,-1.00,-1.00
XPUT 63 -1.00,-1.00,110.10,154.66,-1.00,-1.00,-1.00,-1.00,327.68,437.78,-1.00,-1.00,-1.00,-1.00,-1.00
XPUT 64 -1.00,-1.00,109.31,149.98,-1.00,-1.00,-1.00,-1.00,335.54,432.14,-1.00,-1.00,-1.00,-1.00,-1.00
XPUT 65 -1.00,-1.00,106.09,148.03,-1.00,-1.00,-1.00,-1.00,345.41,431.77,-1.00,-1.00,-1.00,-1.00,-1.00
XPUT 66 -1.00,-1.00,103.06,143.80,-1.00,-1.00,-1.00,-1.00,347.53,421.83,-1.00,-1.00,-1.00,-1.00,-1.00
XPUT 67 -1.00,-1.00,104.86,139.81,-1.00,-1.00,-1.00,-1.00,340.20,417.10,-1.00,-1.00,-1.00,-1.00,-1.00
XPUT 68 -1.00,-1.00,102.02,136.03,-1.00,-1.00,-1.00,-1.00,342.35,412.63,-1.00,-1.00,-1.00,-1.00,-1.00
XPUT 69 -1.00,-1.00,99.34,132.45,-1.00,-1.00,-1.00,-1.00,346.58,412.81,-1.00,-1.00,-1.00,-1.00,-1.00
XPUT 70 -1.00,-1.00,96.79,133.36,-1.00,-1.00,-1.00,-1.00,352.75,412.98,-1.00,-1.00,-1.00,-1.00,-1.00
XPUT 71 -1.00,-1.00,94.37,130.02,-1.00,-1.00,-1.00,-1.00,352.32,404.75,-1.00,-1.00,-1.00,-1.00,-1.00
XPUT 72 -1.00,-1.00,92.07,126.85,-1.00,-1.00,-1.00,-1.00,347.82,394.88,-1.00,-1.00,-1.00,-1.00,-1.00
XPUT 73 -1.00,-1.00,89.88,123.83,-1.00,-1.00,-1.00,-1.00,339.54,389.47,-1.00,-1.00,-1.00,-1.00,-1.00
XPUT 74 -1.00,-1.00,87.79,124.85,-1.00,-1.00,-1.00,-1.00,337.50,390.17,-1.00,-1.00,-1.00,-1.00,-1.00
XPUT 75 -1.00,-1.00,85.79,122.02,-1.00,-1.00,-1.00,-1.00,333.64,392.74,-1.00,-1.00,-1.00,-1.00,-1.00
XPUT 76 -1.00,-1.00,83.89,119.30,-1.00,-1.00,-1.00,-1.00,331.82,385.88,-1.00,-1.00,-1.00,-1.00,-1.00
XPUT 77 -1.00,-1.00,82.06,118.53,-1.00,-1.00,-1.00,-1.00,335.54,381.13,-1.00,-1.00,-1.00,-1.00,-1.00
XPUT 78 -1.00,-1.00,80.32,116.01,-1.00,-1.00,-1.00,-1.00,333.76,374.81,-1.00,-1.00,-1.00,-1.00,-1.00
XPUT 79 -1.00,-1.00,78.64,113.60,-1.00,-1.00,-1.00,-1.00,337.29,370.50,-1.00,-1.00,-1.00,-1.00,-1.00
XPUT 80 -1.00,-1.00,77.04,111.28,-1.00,-1.00,-1.00,-1.00,342.39,368.07,-1.00,-1.00,-1.00,-1.00,-1.00
XPUT 81 -1.00,-1.00,75.50,109.05,-1.00,-1.00,-1.00,-1.00,340.58,369.10,-1.00,-1.00,-1.00,-1.00,-1.00
XPUT 82 -1.00,-1.00,74.02,106.91,-1.00,-1.00,-1.00,-1.00,343.77,375.02,-1.00,-1.00,-1.00,-1.00,-1.00
XPUT 83 -1.00,-1.00,72.59,104.86,-1.00,-1.00,-1.00,-1.00,346.84,369.42,-1.00,-1.00,-1.00,-1.00,-1.00
XPUT 84 -1.00,-1.00,71.22,102.88,-1.00,-1.00,-1.00,-1.00,349.79,375.11,-1.00,-1.00,-1.00,-1.00,-1.00
XPUT 85 -1.00,-1.00,69.91,104.08,-1.00,-1.00,-1.00,-1.00,351.08,377.49,-1.00,-1.00,-1.00,-1.00,-1.00
XPUT 86 -1.00,-1.00,68.63,102.19,-1.00,-1.00,-1.00,-1.00,353.85,381.30,-1.00,-1.00,-1.00,-1.00,-1.00
XPUT 87 -1.00,-1.00,67.41,101.86,-1.00,-1.00,-1.00,-1.00,358.01,375.99,-1.00,-1.00,-1.00,-1.00,-1.00
XPUT 88 -1.00,-1.00,66.23,100.07,-1.00,-1.00,-1.00,-1.00,357.62,378.22,-1.00,-1.00,-1.00,-1.00,-1.00
XPUT 89 -1.00,-1.00,65.08,101.24,-1.00,-1.00,-1.00,-1.00,355.79,371.70,-1.00,-1.00,-1.00,-1.00,-1.00
XPUT 90 -1.00,-1.00,65.40,99.53,-1.00,-1.00,-1.00,-1.00,359.71,369.67,-1.00,-1.00,-1.00,-1.00,-1.00
XPUT 91 -1.00,-1.00,64.31,97.87,-1.00,-1.00,-1.00,-1.00,362.11,366.30,-1.00,-1.00,-1.00,-1.00,-1.00
XPUT 92 -1.00,-1.00,63.26,96.26,-1.00,-1.00,-1.00,-1.00,360.30,363.05,-1.00,-1.00,-1.00,-1.00,-1.00
XPUT 93 -1.00,-1.00,62.24,96.06,-1.00,-1.00,-1.00,-1.00,357.19,361.25,-1.00,-1.00,-1.00,-1.00,-1.00
XPUT 94 1.33,-1.00,61.25,94.54,-1.00,-1.00,-1.00,-1.00,351.52,356.85,-1.00,-1.00,-1.00,-1.00,-1.00
XPUT 95 1.31,-1.00,60.29,93.06,-1.00,-1.00,-1.00,-1.00,346.03,360.45,-1.00,-1.00,-1.00,-1.00,-1.00
XPUT 96 1.29,-1.00,61.95,94.21,-1.00,-1.00,-1.00,-1.00,342.00,356.19,-1.00,-1.00,-1.00,-1.00,-1.00
XPUT 97 1.27,-1.00,61.01,95.33,-1.00,-1.00,-1.00,-1.00,344.44,354.61,-1.00,-1.00,-1.00,-1.00,-1.00
XPUT 98 1.25,-1.00,60.10,93.90,-1.00,-1.00,-1.00,-1.00,345.56,351.82,-1.00,-1.00,-1.00,-1.00,-1.00
XPUT 99 1.23,-1.00,59.21,92.52,-1.00,-1.00,-1.00,-1.00,344.18,346.65,-1.00,-1.00,-1.00,-1.00,-1.00
XPUT 100 1.22,-1.00,58.36,92.40,-1.00,-1.00,-1.00,-1.00,342.84,348.92,-1.00,-1.00,-1.00,-1.00,-1.00
XPUT 101 1.20,-1.00,57.52,91.08,-1.00,-1.00,-1.00,-1.00,343.93,351.12,-1.00,-1.00,-1.00,-1.00,-1.00
XPUT 102 1.18,3.54,56.71,92.16,-1.00,-1.00,-1.00,-1.00,341.45,349.72,-1.00,-1.00,-1.00,-1.00,-1.00
XPUT 103 1.17,11.65,55.92,90.88,-1.00,-1.00,-1.00,-1.00,337.87,349.53,-1.00,-1.00,-1.00,-1.00,-1.00
XPUT 104 1.15,22.98,55.16,89.63,-1.00,-1.00,-1.00,-1.00,336.69,351.63,-1.00,-1.00,-1.00,-1.00,-1.00
XPUT 105 1.13,31.74,56.68,88.42,-1.00,-1.00,-1.00,-1.00,334.41,348.01,-1.00,-1.00,-1.00,-1.00,-1.00
XPUT 106 1.12,39.15,55.92,87.24,-1.00,-1.00,-1.00,1.12,335.54,348.97,-1.00,-1.00,-1.00,-1.00,-1.00
XPUT 107 1.10,47.46,55.19,86.09,-1.00,-1.00,-1.00,1.10,332.23,347.69,-1.00,-1.00,-1.00,-1.00,-1.00
XPUT 108 1.09,54.47,54.47,86.06,-1.00,-1.00,-1.00,1.09,331.19,343.17,-1.00,-1.00,-1.00,-1.00,-1.00
XPUT 109 1.08,57.00,53.77,84.96,-1.00,-1.00,1.08,3.23,329.09,342.00,-1.00,-1.00,-1.00,-1.00,-1.00
XPUT 110 1.06,59.46,53.09,83.89,-1.00,-1.00,1.06,3.19,328.11,340.85,-1.00,-1.00,-1.00,-1.00,-1.00
XPUT 111 1.05,68.16,52.43,82.84,-1.00,-1.00,1.05,3.15,327.16,341.84,-1.00,-1.00,-1.00,-1.00,-1.00
XPUT 112 1.04,70.42,51.78,81.81,-1.00,-1.00,1.04,4.14,328.29,339.69,-1.00,-1.00,-1.00,-1.00,-1.00
XPUT 113 1.02,72.63,52.17,82.86,-1.00,-1.00,1.02,4.09,327.36,338.61,-1.00,-1.00,-1.00,-1.00,-1.00
XPUT 114 3.03,78.83,51.54,81.86,-1.00,-1.00,1.01,6.06,326.45,337.57,-1.00,-1.00,-1.00,-1.00,-1.00
XPUT 115 3.00,80.89,50.93,80.89,-1.00,-1.00,1.00,5.99,325.56,333.55,-1.00,-1.00,-1.00,-1.00,-1.00
XPUT 116 2.96,83.89,50.33,79.94,-1.00,-1.00,0.99,5.92,326.66,332.58,-1.00,-1.00,-1.00,-1.00,-1.00
XPUT 117 2.93,87.79,49.75,79.01,-1.00,-1.00,0.98,5.85,325.79,331.64,-1.00,-1.00,-1.00,-1.00,-1.00
XPUT 118 2.89,88.71,49.17,79.07,-1.00,-1.00,0.96,6.75,323.01,329.76,-1.00,-1.00,-1.00,-1.00,-1.00
XPUT 119 2.86,90.56,48.62,78.17,-1.00,-1.00,0.95,6.67,321.25,329.82,-1.00,-1.00,-1.00,-1.00,-1.00
XPUT 120 2.83,92.37,48.07,77.29,-1.00,-1.00,0.94,8.48,322.35,329.89,-1.00,-1.00,-1.00,-1.00,-1.00
XPUT 121 2.80,96.00,47.54,76.43,-1.00,-1.00,0.93,8.39,321.56,329.95,-1.00,-1.00,-1.00,-1.00,-1.00
XPUT 122 2.77,98.64,47.01,75.59,-1.00,-1.00,0.92,8.30,320.80,330.94,-1.00,-1.00,-1.00,-1.00,-1.00
XPUT 123 2.74,103.95,46.50,74.77,-1.00,-1.00,0.91,8.21,320.04,332.81,-1.00,-1.00,-1.00,-1.00,-1.00
XPUT 124 2.71,105.53,47.81,73.96,-1.00,-1.00,2.71,8.12,319.31,331.94,-1.00,-1.00,-1.00,-1.00,-1.00
XPUT 125 2.68,105.30,47.30,73.18,-1.00,-1.00,2.68,8.03,318.59,330.19,-1.00,-1.00,-1.00,-1.00,-1.00
XPUT 126 2.65,108.61,46.80,72.41,-1.00,-1.00,2.65,7.95,317.88,327.60,-1.00,-1.00,-1.00,-1.00,-1.00
XPUT 127 2.62,111.85,46.31,73.40,-1.00,-1.00,2.62,7.86,318.07,328.55,-1.00,-1.00,-1.00,-1.00,-1.00
XPUT 128 2.59,113.29,45.83,72.64,-1.00,-1.00,2.59,8.65,315.65,326.90,-1.00,-1.00,-1.00,-1.00,-1.00
XPUT 129 2.57,112.99,46.22,71.90,-1.00,-1.00,2.57,8.56,316.71,326.98,-1.00,-1.00,-1.00,-1.00,-1.00
XPUT 130 2.54,116.08,45.76,71.18,-1.00,-1.00,2.54,10.17,317.75,326.22,-1.00,-1.00,-1.00,-1.00,-1.00
XPUT 131 2.52,117.44,45.30,70.46,-1.00,-1.00,2.52,10.07,319.61,328.83,-1.00,-1.00,-1.00,-1.00,-1.00
XPUT 132 2.49,120.43,44.85,69.77,-1.00,-1.00,2.49,9.97,319.76,328.90,-1.00,-1.00,-1.00,-1.00,-1.00
XPUT 133 3.29,124.18,44.41,69.08,-1.00,-1.00,2.47,9.87,322.39,328.97,-1.00,-1.00,-1.00,-1.00,-1.00
XPUT 134 3.26,124.61,43.98,68.41,-1.00,-1.00,2.44,9.77,321.70,326.59,-1.00,-1.00,-1.00,-1.00,-1.00
XPUT 135 3.23,126.64,43.56,67.75,-1.00,-1.00,3.23,11.29,322.64,327.48,-1.00,-1.00,-1.00,-1.00,-1.00
XPUT 136 3.20,131.02,43.14,67.11,-1.00,-1.00,3.20,11.18,321.96,330.75,-1.00,-1.00,-1.00,-1.00,-1.00
XPUT 137 3.17,132.16,42.73,66.48,-1.00,-1.00,3.17,11.08,321.30,332.38,-1.00,-1.00,-1.00,-1.00,-1.00
XPUT 138 3.14,130.93,42.34,65.85,-1.00,-1.00,3.14,10.98,324.57,337.90,-1.00,-1.00,-1.00,-1.00,-1.00
XPUT 139 4.66,129.71,41.94,65.24,-1.00,-1.00,3.11,10.87,324.67,339.43,-1.00,-1.00,-1.00,-1.00,-1.00
XPUT 140 4.62,129.29,41.56,64.65,-1.00,-1.00,3.08,10.77,325.54,340.93,-1.00,-1.00,-1.00,-1.00,-1.00
XPUT 141 4.58,129.64,41.18,64.82,-1.00,-1.00,3.05,10.68,324.11,339.36,-1.00,-1.00,-1.00,-1.00,-1.00
XPUT 142 4.53,132.25,40.81,64.24,-1.00,-1.00,3.02,10.58,323.45,337.06,-1.00,-1.00,-1.00,-1.00,-1.00
XPUT 143 4.49,133.32,40.45,63.66,-1.00,-1.00,3.00,10.49,322.81,335.54,-1.00,-1.00,-1.00,-1.00,-1.00
XPUT 144 4.45,132.88,40.09,63.10,-1.00,-1.00,2.97,11.14,322.92,334.06,-1.00,-1.00,-1.00,-1.00,-1.00
XPUT 145 4.42,133.92,39.74,64.02,-1.00,-1.00,2.94,11.04,323.03,331.87,-1.00,-1.00,-1.00,-1.00,-1.00
XPUT 146 4.38,134.22,39.39,63.46,-1.00,-1.00,2.92,10.94,322.41,330.44,-1.00,-1.00,-1.00,-1.00,-1.00
XPUT 147 4.34,135.23,39.05,62.91,-1.00,-1.00,2.89,10.85,322.53,329.76,-1.00,-1.00,-1.00,-1.00,-1.00
XPUT 148 4.30,134.07,38.72,62.38,-1.00,-1.00,2.87,10.75,324.79,329.81,-1.00,-1.00,-1.00,-1.00,-1.00
XPUT 149 4.27,135.07,38.39,61.85,-1.00,-1.00,2.84,10.66,324.17,330.57,-1.00,-1.00,-1.00,-1.00,-1.00
XPUT 150 4.23,135.35,38.07,62.74,-1.00,-1.00,2.82,10.57,323.56,331.31,-1.00,-1.00,-1.00,-1.00,-1.00
XPUT 151 4.19,136.31,39.15,62.22,-1.00,-1.00,2.80,10.49,325.06,330.65,-1.00,-1.00,-1.00,-1.00,-1.00
XPUT 152 4.16,137.27,38.82,62.39,-1.00,-1.00,2.77,10.40,324.45,331.38,-1.00,-1.00,-1.00,-1.00,-1.00
XPUT 153 4.13,138.21,38.51,61.88,-1.00,-1.00,2.75,10.31,323.17,330.73,-1.00,-1.00,-1.00,-1.00,-1.00
XPUT 154 4.09,139.13,38.19,62.74,-1.00,-1.00,2.73,11.59,321.22,330.09,-1.00,-1.00,-1.00,-1.00,-1.00
XPUT 155 4.06,139.36,37.88,62.24,-1.00,-1.00,2.71,11.50,322.01,329.46,-1.00,-1.00,-1.00,-1.00,-1.00
XPUT 156 4.03,138.24,37.58,61.74,-1.00,-1.00,2.68,11.41,320.78,328.16,-1.00,-1.00,-1.00,-1.00,-1.00
XPUT 157 3.99,137.15,37.28,61.25,-1.00,-1.00,2.66,11.32,320.23,327.56,-1.00,-1.00,-1.00,-1.00,-1.00
XPUT 158 3.96,136.07,36.99,60.77,-1.00,-1.00,2.64,11.23,320.35,325.64,-1.00,-1.00,-1.00,-1.00,-1.00
XPUT 159 4.59,135.00,36.70,60.29,-1.00,-1.00,2.62,11.14,323.09,327.68,-1.00,-1.00,-1.00,-1.00,-1.00
XPUT 160 4.55,133.96,36.42,59.83,-1.00,-1.00,2.60,11.05,322.54,325.79,-1.00,-1.00,-1.00,-1.00,-1.00
XPUT 161 4.52,134.86,36.14,59.37,-1.00,-1.00,2.58,10.97,321.35,324.57,-1.00,-1.00,-1.00,-1.00,-1.00
XPUT 162 4.48,134.47,35.86,58.91,-1.00,-1.00,2.56,10.89,320.82,324.66,-1.00,-1.00,-1.00,-1.00,-1.00
XPUT 163 4.45,133.46,36.22,59.10,-1.00,-1.00,2.54,10.80,320.29,324.11,-1.00,-1.00,-1.00,-1.00,-1.00
XPUT 164 4.42,132.45,37.21,58.66,-1.00,-1.00,2.52,10.72,319.15,321.67,-1.00,-1.00,-1.00,-1.00,-1.00
XPUT 165 4.38,131.46,36.93,58.22,-1.00,-1.00,2.50,10.64,319.27,322.40,-1.00,-1.00,-1.00,-1.00,-1.00
XPUT 166 4.35,131.73,36.66,57.79,-1.00,-1.00,2.49,10.56,321.25,323.74,-1.00,-1.00,-1.00,-1.00,-1.00
XPUT 167 4.32,132.00,36.39,57.36,-1.00,-1.00,2.47,10.49,320.74,326.29,-1.00,-1.00,-1.00,-1.00,-1.00
XPUT 168 4.29,132.87,36.74,58.17,-1.00,-1.00,2.45,10.41,323.30,327.58,-1.00,-1.00,-1.00,-1.00,-1.00
XPUT 169 4.26,133.73,36.47,57.75,-1.00,-1.00,2.43,10.33,323.39,329.47,-1.00,-1.00,-1.00,-1.00,-1.00
XPUT 170 4.22,133.37,37.42,57.94,-1.00,-1.00,2.41,10.26,322.87,329.51,-1.00,-1.00,-1.00,-1.00,-1.00
XPUT 171 4.19,133.62,37.15,57.52,-1.00,-1.00,2.40,10.19,322.96,330.15,-1.00,-1.00,-1.00,-1.00,-1.00
XPUT 172 5.35,133.86,36.89,58.30,-1.00,-1.00,2.38,10.71,322.46,331.38,-1.00,-1.00,-1.00,-1.00,-1.00
XPUT 173 5.32,133.51,36.63,59.07,-1.00,-1.00,2.36,10.63,320.78,330.23,-1.00,-1.00,-1.00,-1.00,-1.00
XPUT 174 5.28,133.75,37.54,58.66,-1.00,-1.00,2.35,10.56,319.71,329.68,-1.00,-1.00,-1.00,-1.00,-1.00
XPUT 175 5.24,133.40,37.28,58.84,-1.00,-1.00,2.33,10.49,320.40,328.55,-1.00,-1.00,-1.00,-1.00,-1.00
XPUT 176 5.21,133.64,37.60,58.43,-1.00,-1.00,3.47,10.41,318.19,326.87,-1.00,-1.00,-1.00,-1.00,-1.00
XPUT 177 5.17,132.72,37.35,59.18,-1.00,-1.00,3.45,10.34,318.31,325.78,-1.00,-1.00,-1.00,-1.00,-1.00
XPUT 178 5.14,132.39,38.23,59.35,-1.00,-1.00,3.42,10.27,317.85,324.13,-1.00,-1.00,-1.00,-1.00,-1.00
XPUT 179 5.10,132.63,37.98,58.95,-1.00,-1.00,3.40,10.20,316.84,325.91,-1.00,-1.00,-1.00,-1.00,-1.00
XPUT 180 5.07,132.30,38.28,58.55,-1.00,-1.00,3.38,10.13,314.71,323.72,-1.00,-1.00,-1.00,-1.00,-1.00
XPUT 181 5.59,131.42,38.03,59.28,-1.00,-1.00,3.36,10.07,315.41,323.80,-1.00,-1.00,-1.00,-1.00,-1.00
XPUT 182 5.56,131.66,38.89,59.44,-1.00,-1.00,3.33,10.00,313.88,322.77,-1.00,-1.00,-1.00,-1.00,-1.00
XPUT 183 5.52,130.80,38.63,59.05,-1.00,-1.00,3.31,9.93,312.92,322.30,-1.00,-1.00,-1.00,-1.00,-1.00
XPUT 184 5.48,131.04,38.93,59.76,-1.00,-1.00,3.29,9.87,313.07,320.74,-1.00,-1.00,-1.00,-1.00,-1.00
XPUT 185 5.45,130.19,39.76,59.92,-1.00,-1.00,3.27,9.80,313.76,322.47,-1.00,-1.00,-1.00,-1.00,-1.00
XPUT 186 6.49,130.97,39.51,59.53,-1.00,-1.00,3.25,9.74,314.98,323.64,-1.00,-1.00,-1.00,-1.00,-1.00
XPUT 187 6.45,130.67,40.33,60.23,-1.00,-1.00,3.23,10.75,315.65,325.87,-1.00,-1.00,-1.00,-1.00,-1.00
XPUT 188 6.41,130.91,40.07,59.84,-1.00,-1.00,3.21,10.69,315.24,325.93,-1.00,-1.00,-1.00,-1.00,-1.00
XPUT 189 7.43,131.67,40.35,59.46,-1.00,-1.00,3.19,10.62,314.84,329.70,-1.00,-1.00,-1.00,-1.00,-1.00
XPUT 190 7.39,130.84,41.15,59.09,-1.00,-1.00,3.17,10.55,315.50,329.74,-1.00,-1.00,-1.00,-1.00,-1.00
XPUT 191 7.34,131.07,41.42,58.72,-1.00,-1.00,3.15,10.49,316.67,329.25,-1.00,-1.00,-1.00,-1.00,-1.00
XPUT 192 7.29,130.78,42.20,59.92,-1.00,-1.00,3.13,10.42,316.27,329.29,-1.00,-1.00,-1.00,-1.00,-1.00
XPUT 193 7.77,131.01,41.94,59.55,-1.00,-1.00,3.11,10.36,315.87,328.81,-1.00,-1.00,-1.00,-1.00,-1.00
XPUT 194 7.72,130.72,43.23,60.73,-1.00,-1.00,3.09,10.81,316.50,329.37,-1.00,-1.00,-1.00,-1.00,-1.00
XPUT 195 7.67,130.94,43.48,61.38,-1.00,-1.00,3.07,10.74,318.66,328.89,-1.00,-1.00,-1.00,-1.00,-1.00
XPUT 196 7.63,130.66,43.21,61.01,-1.00,-1.00,3.05,10.68,317.75,329.44,-1.00,-1.00,-1.00,-1.00,-1.00
XPUT 197 7.58,130.88,43.96,61.15,-1.00,-1.00,3.03,10.61,316.34,327.46,-1.00,-1.00,-1.00,-1.00,-1.00
XPUT 198 7.53,130.60,43.70,62.79,-1.00,-1.00,3.01,10.55,314.45,326.50,-1.00,-1.00,-1.00,-1.00,-1.00
XPUT 199 8.49,131.82,44.44,62.42,-1.00,-1.00,3.00,11.48,315.07,324.56,-1.00,-1.00,-1.00,-1.00,-1.00
XPUT 200 8.44,131.54,44.18,62.05,-1.00,-1.00,2.98,11.42,314.70,323.14,-1.00,-1.00,-1.00,-1.00,-1.00
XPUT 201 8.88,131.75,43.92,62.17,-1.00,-1.00,2.96,11.35,314.33,322.22,-1.00,-1.00,-1.00,-1.00,-1.00
XPUT 202 8.83,131.47,43.66,62.79,-1.00,-1.00,2.94,11.28,314.94,320.83,-1.00,-1.00,-1.00,-1.00,-1.00
XPUT 203 8.78,130.71,43.41,62.43,-1.00,-1.00,2.93,12.19,314.57,318.96,-1.00,-1.00,-1.00,-1.00,-1.00
XPUT 204 8.73,131.41,43.64,62.07,-1.00,-1.00,2.91,12.12,314.21,319.54,-1.00,-1.00,-1.00,-1.00,-1.00
XPUT 205 9.64,132.58,43.39,62.19,-1.00,-1.00,2.89,12.05,315.30,320.12,-1.00,-1.00,-1.00,-1.00,-1.00
XPUT 206 9.59,131.82,44.10,61.84,-1.00,-1.00,2.88,11.98,316.37,319.73,-1.00,-1.00,-1.00,-1.00,-1.00
XPUT 207 9.53,132.50,43.85,61.48,-1.00,-1.00,2.86,12.39,317.91,318.39,-1.00,-1.00,-1.00,-1.00,-1.00
XPUT 208 9.48,132.23,43.60,62.09,-1.00,-1.00,2.84,12.32,318.01,318.01,-1.00,-1.00,-1.00,-1.00,-1.00
XPUT 209 9.43,131.48,43.36,61.74,-1.00,-1.00,2.83,12.25,318.11,318.58,-1.00,-1.00,-1.00,-1.00,-1.00
XPUT 210 9.37,131.69,43.11,62.80,-1.00,-1.00,2.81,12.18,318.20,317.74,-1.00,-1.00,-1.00,-1.00,-1.00
XPUT 211 9.32,130.96,42.88,62.45,-1.00,-1.00,2.80,13.05,317.37,316.44,-1.00,-1.00,-1.00,-1.00,-1.00
XPUT 212 9.27,130.70,42.64,62.10,-1.00,-1.00,2.78,12.98,317.01,315.62,-1.00,-1.00,-1.00,-1.00,-1.00
XPUT 213 9.22,130.90,42.86,61.76,-1.00,-1.00,2.77,12.91,316.65,316.65,-1.00,-1.00,-1.00,-1.00,-1.00
XPUT 214 9.17,130.18,42.63,62.80,-1.00,-1.00,2.75,12.84,315.83,315.83,-1.00,-1.00,-1.00,-1.00,-1.00
XPUT 215 9.12,129.48,42.40,62.46,-1.00,-1.00,2.74,12.77,315.48,315.48,-1.00,-1.00,-1.00,-1.00,-1.00
XPUT 216 9.07,129.23,43.08,62.12,-1.00,-1.00,2.72,12.70,314.23,314.23,-1.00,-1.00,-1.00,-1.00,-1.00
XPUT 217 9.02,129.44,43.30,61.79,-1.00,-1.00,2.71,12.63,315.70,313.45,-1.00,-1.00,-1.00,-1.00,-1.00
XPUT 218 8.97,128.74,43.06,62.35,-1.00,-1.00,2.69,12.56,316.70,314.01,-1.00,-1.00,-1.00,-1.00,-1.00
XPUT 219 8.92,128.06,43.73,62.02,-1.00,-1.00,2.68,12.49,317.70,315.02,-1.00,-1.00,-1.00,-1.00,-1.00
XPUT 220 8.88,128.27,43.50,61.69,-1.00,-1.00,2.66,12.43,317.35,314.68,-1.00,-1.00,-1.00,-1.00,-1.00
XPUT 221 8.83,127.60,43.27,61.81,-1.00,-1.00,2.65,12.36,319.21,315.68,-1.00,-1.00,-1.00,-1.00,-1.00
XPUT 222 8.78,127.37,43.92,61.49,-1.00,-1.00,2.64,12.74,320.17,317.54,-1.00,-1.00,-1.00,-1.00,-1.00
XPUT 223 9.18,126.70,43.69,61.17,-1.00,-1.00,2.62,12.67,320.69,317.19,-1.00,-1.00,-1.00,-1.00,-1.00
XPUT 224 9.13,126.92,43.46,60.85,-1.00,-1.00,2.61,12.60,321.20,316.42,-1.00,-1.00,-1.00,-1.00,-1.00
XPUT 225 9.08,126.26,43.24,61.40,-1.00,-1.00,2.59,12.54,322.57,316.09,-1.00,-1.00,-1.00,-1.00,-1.00
XPUT 226 9.03,126.04,43.02,61.09,-1.00,-1.00,2.58,12.48,324.36,315.76,-1.00,-1.00,-1.00,-1.00,-1.00
XPUT 227 8.99,125.40,43.23,60.77,-1.00,-1.00,2.57,12.41,323.99,316.28,-1.00,-1.00,-1.00,-1.00,-1.00
XPUT 228 8.94,124.76,43.01,60.47,-1.00,-1.00,2.55,12.35,324.47,315.96,-1.00,-1.00,-1.00,-1.00,-1.00
XPUT 229 8.90,124.98,42.79,60.58,-1.00,-1.00,2.54,12.29,324.11,316.06,-1.00,-1.00,-1.00,-1.00,-1.00
XPUT 230 8.85,124.78,42.58,60.28,-1.00,-1.00,2.53,12.22,324.58,315.31,-1.00,-1.00,-1.00,-1.00,-1.00
XPUT 231 8.81,124.15,42.36,59.98,-1.00,-1.00,2.52,12.16,324.22,314.99,-1.00,-1.00,-1.00,-1.00,-1.00
XPUT 232 8.76,123.53,42.15,60.51,-1.00,-1.00,2.50,12.10,324.69,314.26,-1.00,-1.00,-1.00,-1.00,-1.00
XPUT 233 8.72,123.75,41.94,60.22,-1.00,-1.00,2.49,12.04,324.33,313.95,-1.00,-1.00,-1.00,-1.00,-1.00
XPUT 234 8.68,123.14,42.56,59.92,-1.00,-1.00,2.48,11.98,323.15,312.40,-1.00,-1.00,-1.00,-1.00,-1.00
XPUT 235 8.64,122.54,42.35,59.62,-1.00,-1.00,2.47,11.92,323.62,311.28,-1.00,-1.00,-1.00,-1.00,-1.00
XPUT 236 8.59,122.76,42.15,59.74,-1.00,-1.00,2.46,11.87,324.09,310.99,-1.00,-1.00,-1.00,-1.00,-1.00
XPUT 237 9.37,122.57,42.35,60.27,-1.00,-1.00,2.44,11.81,325.77,311.11,-1.00,-1.00,-1.00,-1.00,-1.00
XPUT 238 9.32,121.98,42.15,59.98,-1.00,-1.00,2.43,11.75,326.63,312.04,-1.00,-1.00,-1.00,-1.00,-1.00
XPUT 239 9.28,122.20,41.94,60.49,-1.00,-1.00,2.42,12.50,327.48,311.75,-1.00,-1.00,-1.00,-1.00,-1.00
XPUT 240 9.23,121.61,41.74,60.21,-1.00,-1.00,2.41,12.44,327.92,311.06,-1.00,-1.00,-1.00,-1.00,-1.00
XPUT 241 9.19,121.44,42.34,59.92,-1.00,-1.00,2.40,12.38,327.95,309.98,-1.00,-1.00,-1.00,-1.00,-1.00
XPUT 242 9.94,120.86,42.14,60.03,-1.00,-1.00,2.39,12.32,329.18,309.31,-1.00,-1.00,-1.00,-1.00,-1.00
XPUT 243 9.89,121.08,41.94,59.75,-1.00,-1.00,2.37,12.27,330.40,310.22,-1.00,-1.00,-1.00,-1.00,-1.00
XPUT 244 9.85,120.51,41.75,59.47,-1.00,-1.00,2.36,12.21,330.42,311.13,-1.00,-1.00,-1.00,-1.00,-1.00
XPUT 245 9.80,120.34,41.55,59.19,-1.00,-1.00,2.35,12.15,330.06,310.85,-1.00,-1.00,-1.00,-1.00,-1.00
XPUT 246 9.75,120.56,41.36,58.92,-1.00,-1.00,2.34,12.10,330.08,310.57,-1.00,-1.00,-1.00,-1.00,-1.00
XPUT 247 10.10,120.39,41.17,58.64,-1.00,-1.00,2.33,12.04,331.66,311.08,-1.00,-1.00,-1.00,-1.00,-1.00
XPUT 248 10.05,119.84,40.98,58.37,-1.00,-1.00,2.32,11.98,331.29,310.80,-1.00,-1.00,-1.00,-1.00,-1.00
XPUT 249 10.00,120.06,41.17,58.10,-1.00,-1.00,2.31,11.93,331.70,309.38,-1.00,-1.00,-1.00,-1.00,-1.00
XPUT 250 9.96,119.51,40.99,58.61,-1.00,-1.00,2.30,11.87,332.10,309.11,-1.00,-1.00,-1.00,-1.00,-1.00
XPUT 251 10.68,119.73,40.80,58.34,-1.00,-1.00,2.29,11.82,332.88,309.62,-1.00,-1.00,-1.00,-1.00,-1.00
XPUT 252 11.01,119.57,41.37,58.07,-1.00,-1.00,2.28,12.15,334.41,311.25,-1.00,-1.00,-1.00,-1.00,-1.00
XPUT 253 10.96,119.78,41.19,57.81,-1.00,-1.00,2.27,12.09,335.17,311.74,-1.00,-1.00,-1.00,-1.00,-1.00
XPUT 254 10.91,119.62,41.00,57.93,-1.00,-1.00,2.26,12.04,335.92,310.72,-1.00,-1.00,-1.00,-1.00,-1.00
XPUT 255 11.61,119.84,41.19,57.67,-1.00,-1.00,2.25,11.98,337.04,310.45,-1.00,-1.00,-1.00,-1.00,-1.00
XPUT 256 11.56,119.30,41.01,57.42,-1.00,-1.00,2.24,11.93,337.04,310.19,-1.00,-1.00,-1.00,-1.00,-1.00
XPUT 257 11.88,119.15,40.83,57.16,-1.00,-1.00,2.23,11.88,337.40,309.93,-1.00,-1.00,-1.00,-1.00,-1.00
XPUT 258 11.83,118.62,40.65,56.91,-1.00,-1.00,2.22,11.83,337.76,309.31,-1.00,-1.00,-1.00,-1.00,-1.00
XPUT 259 11.77,118.10,40.47,56.66,-1.00,-1.00,2.21,11.77,337.75,308.69,-1.00,-1.00,-1.00,-1.00,-1.00
XPUT 260 12.45,118.32,41.03,57.15,-1.00,-1.00,2.20,11.72,337.38,308.44,-1.00,-1.00,-1.00,-1.00,-1.00
XPUT 261 12.40,117.81,40.85,56.90,-1.00,-1.00,2.19,11.67,337.73,308.19,-1.00,-1.00,-1.00,-1.00,-1.00
XPUT 262 12.71,117.30,41.40,56.65,-1.00,-1.00,2.18,12.35,338.45,309.03,-1.00,-1.00,-1.00,-1.00,-1.00
XPUT 263 12.66,117.51,41.58,56.41,-1.00,-1.00,2.17,12.29,339.88,308.43,-1.00,-1.00,-1.00,-1.00,-1.00
XPUT 264 13.32,117.01,41.40,56.16,-1.00,-1.00,2.16,12.24,340.58,308.18,-1.00,-1.00,-1.00,-1.00,-1.00
XPUT 265 13.26,116.87,41.94,55.92,-1.00,-1.00,2.15,12.19,341.64,306.87,-1.00,-1.00,-1.00,-1.00,-1.00
XPUT 266 13.21,117.08,41.76,55.69,-1.00,-1.00,2.14,12.14,342.68,306.99,-1.00,-1.00,-1.00,-1.00,-1.00
XPUT 267 13.86,116.59,41.94,55.45,-1.00,-1.00,2.13,12.09,342.65,307.11,-1.00,-1.00,-1.00,-1.00,-1.00
XPUT 268 13.80,116.10,41.77,55.22,-1.00,-1.00,2.12,12.03,342.27,306.87,-1.00,-1.00,-1.00,-1.00,-1.00
XPUT 269 13.75,115.61,41.59,54.98,-1.00,-1.00,2.11,11.98,341.18,305.94,-1.00,-1.00,-1.00,-1.00,-1.00
XPUT 270 13.69,115.47,41.42,54.75,-1.00,-1.00,2.11,11.93,340.46,305.71,-1.00,-1.00,-1.00,-1.00,-1.00
XPUT 271 13.98,115.69,41.94,54.53,-1.00,-1.00,2.10,11.88,341.14,305.83,-1.00,-1.00,-1.00,-1.00,-1.00
XPUT 272 13.92,115.56,41.77,54.65,-1.00,-1.00,2.09,12.18,340.77,305.96,-1.00,-1.00,-1.00,-1.00,-1.00
XPUT 273 13.87,115.78,41.94,54.42,-1.00,-1.00,2.08,12.13,341.09,306.77,-1.00,-1.00,-1.00,-1.00,-1.00
XPUT 274 14.50,115.30,41.77,54.20,-1.00,-1.00,2.07,12.08,340.72,307.24,-1.00,-1.00,-1.00,-1.00,-1.00
XPUT 275 14.44,116.55,41.60,54.66,-1.00,-1.00,2.06,12.03,341.05,307.01,-1.00,-1.00,-1.00,-1.00,-1.00
XPUT 276 14.38,116.41,42.11,54.44,-1.00,-1.00,2.05,11.98,341.02,306.44,-1.00,-1.00,-1.00,-1.00,-1.00
XPUT 277 14.32,116.62,42.63,54.22,-1.00,-1.00,2.05,11.94,341.00,307.24,-1.00,-1.00,-1.00,-1.00,-1.00
XPUT 278 14.26,116.49,42.45,54.00,-1.00,-1.00,2.04,11.89,339.96,307.70,-1.00,-1.00,-1.00,-1.00,-1.00
XPUT 279 14.54,116.02,42.28,53.78,-1.00,-1.00,2.03,11.84,340.28,307.47,-1.00,-1.00,-1.00,-1.00,-1.00
XPUT 280 14.49,116.56,42.45,53.57,-1.00,-1.00,2.02,11.79,340.26,307.92,-1.00,-1.00,-1.00,-1.00,-1.00
XPUT 281 15.10,116.10,42.28,53.69,-1.00,-1.00,2.01,11.74,339.57,308.03,-1.00,-1.00,-1.00,-1.00,-1.00
XPUT 282 15.04,116.30,42.78,53.47,-1.00,-1.00,2.01,11.70,339.22,307.81,-1.00,-1.00,-1.00,-1.00,-1.00
XPUT 283 15.31,116.51,42.94,53.93,-1.00,-1.00,2.00,11.65,338.87,307.25,-1.00,-1.00,-1.00,-1.00,-1.00
XPUT 284 15.25,116.05,42.77,53.71,-1.00,-1.00,1.99,11.60,338.53,306.70,-1.00,-1.00,-1.00,-1.00,-1.00
XPUT 285 15.19,115.59,43.26,53.50,-1.00,-1.00,1.98,11.56,338.52,307.47,-1.00,-1.00,-1.00,-1.00,-1.00
XPUT 286 15.13,115.47,43.42,53.29,-1.00,-1.00,1.97,12.17,338.18,307.25,-1.00,-1.00,-1.00,-1.00,-1.00
XPUT 287 15.73,116.00,43.25,53.08,-1.00,-1.00,1.97,12.12,337.18,306.38,-1.00,-1.00,-1.00,-1.00,-1.00
XPUT 288 15.67,117.18,43.09,52.88,-1.00,-1.00,1.96,12.08,336.52,306.49,-1.00,-1.00,-1.00,-1.00,-1.00
XPUT 289 15.61,117.05,42.92,52.67,-1.00,-1.00,1.95,12.03,336.52,306.28,-1.00,-1.00,-1.00,-1.00,-1.00
XPUT 290 15.55,117.25,43.40,52.47,-1.00,-1.00,1.94,11.98,337.49,306.39,-1.00,-1.00,-1.00,-1.00,-1.00
XPUT 291 15.49,117.44,43.23,52.91,-1.00,-1.00,1.94,11.94,337.48,306.51,-1.00,-1.00,-1.00,-1.00,-1.00
XPUT 292 15.43,117.95,43.39,53.03,-1.00,-1.00,1.93,11.89,337.47,306.62,-1.00,-1.00,-1.00,-1.00,-1.00
XPUT 293 16.01,118.47,43.22,52.83,-1.00,-1.00,1.92,12.49,337.47,306.41,-1.00,-1.00,-1.00,-1.00,-1.00
XPUT 294 15.95,118.33,43.06,53.27,-1.00,-1.00,1.91,12.44,338.10,305.88,-1.00,-1.00,-1.00,-1.00,-1.00
XPUT 295 15.89,118.52,42.90,53.06,-1.00,-1.00,1.91,12.39,338.09,305.68,-1.00,-1.00,-1.00,-1.00,-1.00
XPUT 296 15.83,119.02,42.73,52.86,-1.00,-1.00,1.90,12.35,338.08,306.11,-1.00,-1.00,-1.00,-1.00,-1.00
XPUT 297 15.77,119.52,43.20,52.67,-1.00,-1.00,1.89,12.30,339.01,306.85,-1.00,-1.00,-1.00,-1.00,-1.00
XPUT 298 15.71,119.70,43.04,52.47,-1.00,-1.00,1.89,12.57,339.63,307.58,-1.00,-1.00,-1.00,-1.00,-1.00
XPUT 299 15.65,119.57,42.88,52.27,-1.00,-1.00,1.88,12.52,340.24,308.31,-1.00,-1.00,-1.00,-1.00,-1.00
XPUT 300 15.59,119.75,43.35,52.08,-1.00,-1.00,1.87,12.47,340.85,308.41,-1.00,-1.00,-1.00,-1.00,-1.00
XPUT 301 15.53,119.30,43.19,52.20,-1.00,-1.00,1.86,12.43,341.76,308.51,-1.00,-1.00,-1.00,-1.00,-1.00
XPUT 302 15.48,119.17,43.03,52.00,-1.00,-1.00,1.86,12.38,342.35,308.92,-1.00,-1.00,-1.00,-1.00,-1.00
XPUT 303 15.42,119.35,42.87,51.81,-1.00,-1.00,1.85,12.34,342.02,309.33,-1.00,-1.00,-1.00,-1.00,-1.00
XPUT 304 15.67,119.53,42.71,51.62,-1.00,-1.00,1.84,12.29,341.08,309.12,-1.00,-1.00,-1.00,-1.00,-1.00
XPUT 305 15.61,119.40,42.56,51.43,-1.00,-1.00,1.84,12.25,341.06,308.30,-1.00,-1.00,-1.00,-1.00,-1.00
XPUT 306 15.56,119.58,42.40,51.25,-1.00,-1.00,1.83,12.20,341.65,308.70,-1.00,-1.00,-1.00,-1.00,-1.00
XPUT 307 15.50,119.14,42.25,51.06,-1.00,-1.00,1.82,12.77,341.93,308.49,-1.00,-1.00,-1.00,-1.00,-1.00
XPUT 308 15.44,119.02,42.09,50.88,-1.00,-1.00,1.82,12.72,342.51,308.29,-1.00,-1.00,-1.00,-1.00,-1.00
XPUT 309 15.39,119.19,41.94,50.69,-1.00,-1.00,2.11,12.67,343.09,308.09,-1.00,-1.00,-1.00,-1.00,-1.00
XPUT 310 15.33,119.67,41.79,50.51,-1.00,-1.00,2.10,12.63,342.76,306.98,-1.00,-1.00,-1.00,-1.00,-1.00
XPUT 311 15.28,119.84,41.64,50.33,-1.00,-1.00,2.10,12.88,343.33,307.98,-1.00,-1.00,-1.00,-1.00,-1.00
XPUT 312 15.82,119.71,41.50,50.75,-1.00,-1.00,2.09,12.84,344.50,308.98,-1.00,-1.00,-1.00,-1.00,-1.00
XPUT 313 15.77,119.28,41.65,50.57,-1.00,-1.00,2.08,12.79,344.77,309.07,-1.00,-1.00,-1.00,-1.00,-1.00
XPUT 314 15.71,119.46,41.50,50.39,-1.00,-1.00,2.07,12.75,345.33,310.05,-1.00,-1.00,-1.00,-1.00,-1.00
XPUT 315 15.65,119.33,41.35,50.21,-1.00,-1.00,2.07,12.70,345.88,310.14,-1.00,-1.00,-1.00,-1.00,-1.00
XPUT 316 15.60,119.80,41.21,50.04,-1.00,-1.00,2.06,12.66,347.02,309.94,-1.00,-1.00,-1.00,-1.00,-1.00
XPUT 317 15.84,119.38,41.65,49.86,-1.00,-1.00,2.05,12.61,346.69,309.15,-1.00,-1.00,-1.00,-1.00,-1.00
XPUT 318 15.78,118.96,41.50,49.98,-1.00,-1.00,2.05,12.57,346.94,308.95,-1.00,-1.00,-1.00,-1.00,-1.00
XPUT 319 16.31,119.13,41.36,49.81,-1.00,-1.00,2.04,12.52,347.49,308.46,-1.00,-1.00,-1.00,-1.00,-1.00
XPUT 320 16.25,119.59,41.22,49.64,-1.00,-1.00,2.03,12.48,347.74,308.26,-1.00,-1.00,-1.00,-1.00,-1.00
XPUT 321 16.20,119.18,41.36,49.46,-1.00,-1.00,2.02,12.44,348.85,308.64,-1.00,-1.00,-1.00,-1.00,-1.00
XPUT 322 16.43,118.77,41.22,49.29,-1.00,-1.00,2.02,12.40,348.80,308.74,-1.00,-1.00,-1.00,-1.00,-1.00
XPUT 323 16.38,118.93,41.66,49.13,-1.00,-1.00,2.01,12.35,349.05,308.25,-1.00,-1.00,-1.00,-1.00,-1.00
XPUT 324 16.32,118.81,41.80,48.96,-1.00,-1.00,2.00,12.31,349.29,308.92,-1.00,-1.00,-1.00,-1.00,-1.00
XPUT 325 16.26,118.98,41.66,49.36,-1.00,-1.00,2.00,12.84,349.81,311.01,-1.00,-1.00,-1.00,-1.00,-1.00
XPUT 326 16.21,118.86,42.09,49.19,-1.00,-1.00,1.99,12.80,350.05,311.37,-1.00,-1.00,-1.00,-1.00,-1.00
XPUT 327 16.15,118.46,41.94,49.03,-1.00,-1.00,1.98,12.75,350.00,310.61,-1.00,-1.00,-1.00,-1.00,-1.00
XPUT 328 16.66,118.06,42.37,49.43,-1.00,-1.00,1.98,12.71,349.95,310.97,-1.00,-1.00,-1.00,-1.00,-1.00
XPUT 329 16.61,118.23,42.51,49.26,-1.00,-1.00,1.97,12.67,349.62,311.34,-1.00,-1.00,-1.00,-1.00,-1.00
XPUT 330 16.83,118.11,42.36,49.10,-1.00,-1.00,1.96,12.62,348.73,311.42,-1.00,-1.00,-1.00,-1.00,-1.00
XPUT 331 17.34,117.72,42.78,49.21,-1.00,-1.00,1.96,12.86,348.97,311.50,-1.00,-1.00,-1.00,-1.00,-1.00
XPUT 332 17.28,117.89,42.64,49.61,-1.00,-1.00,1.95,12.82,349.20,311.58,-1.00,-1.00,-1.00,-1.00,-1.00
XPUT 333 17.78,118.33,42.78,49.44,-1.00,-1.00,1.94,12.78,349.99,311.10,-1.00,-1.00,-1.00,-1.00,-1.00
XPUT 334 17.72,117.94,42.64,49.28,-1.00,-1.00,1.94,12.74,349.94,311.46,-1.00,-1.00,-1.00,-1.00,-1.00
XPUT 335 17.66,118.10,43.32,49.12,-1.00,-1.00,1.93,12.69,350.72,311.54,-1.00,-1.00,-1.00,-1.00,-1.00
XPUT 336 17.60,117.99,43.18,48.96,-1.00,-1.00,1.93,12.65,350.67,311.34,-1.00,-1.00,-1.00,-1.00,-1.00
XPUT 337 17.82,117.60,43.59,49.07,-1.00,-1.00,1.92,12.61,351.17,310.32,-1.00,-1.00,-1.00,-1.00,-1.00
XPUT 338 17.76,118.59,43.72,48.91,-1.00,-1.00,1.91,12.57,350.85,309.86,-1.00,-1.00,-1.00,-1.00,-1.00
XPUT 339 17.70,119.02,44.12,48.75,-1.00,-1.00,1.91,13.07,351.34,309.67,-1.00,-1.00,-1.00,-1.00,-1.00
XPUT 340 17.65,119.18,43.98,48.59,-1.00,-1.00,1.90,13.03,350.75,309.21,-1.00,-1.00,-1.00,-1.00,-1.00
XPUT 341 17.59,119.61,44.38,48.44,-1.00,-1.00,1.89,12.99,350.70,308.48,-1.00,-1.00,-1.00,-1.00,-1.00
XPUT 342 18.07,119.49,44.24,48.28,-1.00,-1.00,1.89,12.95,351.46,308.03,-1.00,-1.00,-1.00,-1.00,-1.00
XPUT 343 18.01,119.65,44.09,48.13,-1.00,-1.00,1.88,12.91,351.41,307.31,-1.00,-1.00,-1.00,-1.00,-1.00
XPUT 344 17.96,119.53,43.95,47.97,-1.00,-1.00,1.88,12.86,350.28,306.33,-1.00,-1.00,-1.00,-1.00,-1.00
XPUT 345 17.90,119.68,43.81,48.35,-1.00,-1.00,1.87,12.82,349.70,305.89,-1.00,-1.00,-1.00,-1.00,-1.00
XPUT 346 17.84,119.30,43.67,48.20,-1.00,-1.00,1.86,12.78,348.86,305.19,-1.00,-1.00,-1.00,-1.00,-1.00
XPUT 347 18.58,119.46,43.54,48.31,-1.00,-1.00,1.86,12.74,349.08,305.28,-1.00,-1.00,-1.00,-1.00,-1.00
XPUT 348 18.52,119.35,43.66,48.16,-1.00,-1.00,1.85,12.70,348.78,304.58,-1.00,-1.00,-1.00,-1.00,-1.00
XPUT 349 18.47,119.50,43.53,48.54,-1.00,-1.00,1.85,13.19,348.47,304.15,-1.00,-1.00,-1.00,-1.00,-1.00
XPUT 350 18.41,119.12,43.39,48.65,-1.00,-1.00,1.84,13.15,348.43,303.46,-1.00,-1.00,-1.00,-1.00,-1.00
XPUT 351 18.35,119.01,43.78,48.50,-1.00,0.26,1.84,13.11,347.60,303.04,-1.00,-1.00,-1.00,-1.00,-1.00
XPUT 352 18.29,120.21,43.64,48.87,-1.00,0.26,1.83,13.07,348.09,304.19,-1.00,-1.00,-1.00,-1.00,-1.00
XPUT 353 18.50,119.84,43.51,48.72,-1.00,0.26,1.82,13.29,347.53,304.28,-1.00,-1.00,-1.00,-1.00,-1.00
XPUT 354 18.44,119.99,43.37,48.57,-1.00,0.26,1.82,13.25,347.23,304.12,-1.00,-1.00,-1.00,-1.00,-1.00
XPUT 355 18.38,120.13,43.50,48.93,-1.00,0.26,1.81,13.20,347.45,304.22,-1.00,-1.00,-1.00,-1.00,-1.00
XPUT 356 18.33,120.02,43.36,48.78,-1.00,0.26,1.81,13.16,347.42,303.28,-1.00,-1.00,-1.00,-1.00,-1.00
XPUT 357 18.27,120.43,43.23,48.63,-1.00,0.26,1.80,13.64,346.87,302.61,-1.00,-1.00,-1.00,-1.00,-1.00
XPUT 358 18.21,120.83,43.10,48.74,-1.00,0.77,1.80,13.60,347.09,302.20,-1.00,-1.00,-1.00,-1.00,-1.00
XPUT 359 18.67,121.48,42.97,48.59,-1.00,0.77,1.79,13.55,347.05,302.04,-1.00,-1.00,-1.00,-1.00,-1.00
XPUT 360 18.61,121.37,43.35,48.44,-1.00,0.76,1.78,13.51,346.76,301.38,-1.00,-1.00,-1.00,-1.00,-1.00
XPUT 361 19.07,121.76,43.47,48.30,-1.00,0.76,1.78,13.73,346.73,300.97,-1.00,-1.00,-1.00,-1.00,-1.00
XPUT 362 19.01,122.15,43.34,48.66,-1.00,0.76,1.77,13.69,346.44,301.33,-1.00,-1.00,-1.00,-1.00,-1.00
XPUT 363 18.95,123.05,43.21,48.51,-1.00,0.76,1.77,13.64,346.91,300.68,-1.00,-1.00,-1.00,-1.00,-1.00
XPUT 364 18.89,123.44,43.58,48.37,-1.00,0.76,1.76,13.60,346.63,300.28,-1.00,-1.00,-1.00,-1.00,-1.00
XPUT 365 19.09,123.82,43.45,48.22,-1.00,0.75,1.76,13.56,346.34,299.63,-1.00,-1.00,-1.00,-1.00,-1.00
XPUT 366 19.03,124.20,43.32,48.08,-1.00,0.75,1.75,13.52,346.56,299.24,-1.00,-1.00,-1.00,-1.00,-1.00
XPUT 367 19.47,125.08,43.69,48.18,-1.00,0.75,1.75,13.48,346.78,298.59,-1.00,-1.00,-1.00,-1.00,-1.00
XPUT 368 19.42,125.21,43.56,48.04,-1.00,0.75,1.74,13.44,346.75,298.70,-1.00,-1.00,-1.00,-1.00,-1.00
XPUT 369 19.36,125.58,43.43,48.40,-1.00,0.74,1.74,13.90,347.46,298.07,-1.00,-1.00,-1.00,-1.00,-1.00
XPUT 370 19.30,125.95,43.30,48.25,-1.00,0.74,1.73,13.86,347.92,298.43,-1.00,-1.00,-1.00,-1.00,-1.00
XPUT 371 19.24,125.83,43.42,48.11,-1.00,0.99,1.73,13.82,347.63,297.80,-1.00,-1.00,-1.00,-1.00,-1.00
XPUT 372 19.43,126.44,43.30,48.22,-1.00,0.98,1.72,13.78,347.35,297.66,-1.00,-1.00,-1.00,-1.00,-1.00
XPUT 373 19.38,126.32,43.17,48.57,-1.00,0.98,1.72,13.74,347.81,298.02,-1.00,-1.00,-1.00,-1.00,-1.00
XPUT 374 19.32,126.69,43.04,48.42,-1.00,0.98,1.71,13.70,348.02,298.37,-1.00,-1.00,-1.00,-1.00,-1.00
XPUT 375 19.26,126.32,42.92,48.77,-1.00,0.98,1.71,13.66,347.74,298.23,-1.00,-1.00,-1.00,-1.00,-1.00
XPUT 376 19.69,126.44,42.79,48.63,-1.00,1.46,1.70,13.62,347.94,298.10,-1.00,-1.00,-1.00,-1.00,-1.00
XPUT 377 19.64,126.31,42.67,48.73,-1.00,1.45,1.70,13.58,347.18,297.97,-1.00,-1.00,-1.00,-1.00,-1.00
XPUT 378 19.58,126.43,43.03,48.59,-1.00,1.45,1.69,13.54,347.87,297.11,-1.00,-1.00,-1.00,-1.00,-1.00
XPUT 379 19.53,126.55,42.91,48.93,-1.00,1.45,1.69,13.50,347.11,296.73,-1.00,-1.00,-1.00,-1.00,-1.00
XPUT 380 19.47,126.91,43.02,49.03,-1.00,1.44,1.68,13.46,346.84,296.61,-1.00,-1.00,-1.00,-1.00,-1.00
XPUT 381 19.41,126.79,42.90,48.89,-1.00,1.44,1.68,13.42,347.53,296.96,-1.00,-1.00,-1.00,-1.00,-1.00
XPUT 382 19.60,127.62,42.78,48.75,-1.00,1.43,1.67,13.38,347.49,296.83,-1.00,-1.00,-1.00,-1.00,-1.00
XPUT 383 19.54,127.97,42.66,49.09,-1.00,1.67,1.67,13.35,347.22,296.22,-1.00,-1.00,-1.00,-1.00,-1.00
XPUT 384 19.49,127.61,42.54,48.95,-1.00,1.66,1.66,13.31,346.71,296.57,-1.00,-1.00,-1.00,-1.00,-1.00
XPUT 385 19.43,127.25,42.89,49.05,-1.00,1.66,1.66,13.27,346.92,296.44,-1.00,-1.00,-1.00,-1.00,-1.00
XPUT 386 19.38,126.89,42.77,48.91,-1.00,2.13,1.65,13.23,346.65,296.08,-1.00,-1.00,-1.00,-1.00,-1.00
XPUT 387 19.32,126.54,42.65,49.25,-1.00,2.12,1.65,13.43,346.62,295.96,-1.00,-1.00,-1.00,-1.00,-1.00
XPUT 388 19.27,126.18,42.53,49.11,-1.00,2.11,1.64,13.39,347.29,295.83,-1.00,-1.00,-1.00,-1.00,-1.00
XPUT 389 19.21,125.83,42.41,49.21,-1.00,2.11,1.64,13.36,347.26,296.41,-1.00,-1.00,-1.00,-1.00,-1.00
XPUT 390 19.16,125.48,42.53,49.07,-1.00,2.10,1.64,13.32,347.46,296.29,-1.00,-1.00,-1.00,-1.00,-1.00
XPUT 391 19.11,125.13,42.41,49.40,-1.00,2.10,1.63,13.28,347.89,297.10,-1.00,-1.00,-1.00,-1.00,-1.00
XPUT 392 19.52,124.78,42.29,49.73,-1.00,2.09,1.63,13.25,348.56,297.20,-1.00,-1.00,-1.00,-1.00,-1.00
XPUT 393 19.47,124.44,42.17,49.82,-1.00,2.09,1.62,13.21,348.98,297.54,-1.00,-1.00,-1.00,-1.00,-1.00
XPUT 394 19.41,124.10,42.06,50.15,-1.00,2.08,1.62,13.17,348.95,298.11,-1.00,-1.00,-1.00,-1.00,-1.00
XPUT 395 19.36,123.76,41.94,50.01,-1.00,2.07,1.61,13.14,349.14,298.44,-1.00,-1.00,-1.00,-1.00,-1.00
XPUT 396 19.31,123.42,41.83,50.56,-1.00,2.07,1.61,13.10,349.33,299.00,-1.00,-1.00,-1.00,-1.00,-1.00
XPUT 397 19.25,123.08,42.17,50.42,-1.00,2.06,1.60,13.06,349.53,299.33,-1.00,-1.00,-1.00,-1.00,-1.00
XPUT 398 19.20,122.74,42.06,50.29,-1.00,2.06,1.60,13.03,349.26,299.43,-1.00,-1.00,-1.00,-1.00,-1.00
XPUT 399 19.15,122.41,41.94,50.38,-1.00,2.05,1.60,12.99,348.99,299.07,-1.00,-1.00,-1.00,-1.00,-1.00
XPUT 400 19.10,122.08,41.83,50.24,-1.00,2.05,1.59,12.96,348.96,298.94,-1.00,-1.00,-1.00,-1.00,-1.00
XPUT 401 19.04,121.75,41.94,50.56,-1.00,2.04,1.59,12.92,349.60,299.27,-1.00,-1.00,-1.00,-1.00,-1.00
XPUT 402 18.99,121.42,42.28,50.42,-1.00,2.03,1.58,12.89,349.56,298.69,-1.00,-1.00,-1.00,-1.00,-1.00
XPUT 403 18.94,121.09,42.62,50.74,-1.00,2.03,1.58,13.30,349.75,299.46,-1.00,-1.00,-1.00,-1.00,-1.00
XPUT 404 19.12,120.77,42.73,50.83,-1.00,2.02,1.57,13.27,348.81,299.34,-1.00,-1.00,-1.00,-1.00,-1.00
XPUT 405 19.07,120.45,43.29,51.14,-1.00,2.02,1.57,13.23,348.33,299.21,-1.00,-1.00,-1.00,-1.00,-1.00
XPUT 406 19.01,120.12,43.62,51.00,-1.00,2.01,1.57,13.20,348.07,299.75,-1.00,-1.00,-1.00,-1.00,-1.00
XPUT 407 18.96,119.81,43.50,50.87,-1.00,2.01,1.56,13.16,348.04,299.63,-1.00,-1.00,-1.00,-1.00,-1.00
XPUT 408 18.91,119.49,44.50,50.95,-1.00,2.00,1.56,13.13,348.00,299.28,-1.00,-1.00,-1.00,-1.00,-1.00
XPUT 409 18.86,119.17,44.61,51.26,-1.00,2.00,1.55,13.09,347.97,299.59,-1.00,-1.00,-1.00,-1.00,-1.00
XPUT 410 18.81,118.86,45.15,51.35,-1.00,1.99,1.55,13.06,348.60,300.13,-1.00,-1.00,-1.00,-1.00,-1.00
XPUT 411 18.76,118.54,45.70,51.88,-1.00,1.99,1.55,13.02,348.35,301.11,-1.00,-1.00,-1.00,-1.00,-1.00
XPUT 412 18.71,118.23,46.02,52.62,-1.00,1.98,1.54,12.99,348.31,301.20,-1.00,-1.00,-1.00,-1.00,-1.00
XPUT 413 18.67,117.92,46.12,52.70,-1.00,1.98,1.54,13.18,348.50,301.95,-1.00,-1.00,-1.00,-1.00,-1.00
XPUT 414 18.62,117.62,46.87,52.57,-1.00,1.97,1.53,13.14,348.25,301.81,-1.00,-1.00,-1.00,-1.00,-1.00
XPUT 415 18.57,117.31,46.75,53.08,-1.00,2.18,1.53,13.11,348.00,302.56,-1.00,-1.00,-1.00,-1.00,-1.00
XPUT 416 18.52,117.00,46.85,53.38,-1.00,2.18,1.53,13.07,347.53,302.21,-1.00,-1.00,-1.00,-1.00,-1.00
XPUT 417 18.47,116.70,47.16,53.24,-1.00,2.17,1.52,13.04,347.28,302.08,-1.00,-1.00,-1.00,-1.00,-1.00
XPUT 418 18.86,116.40,47.69,53.11,-1.00,2.60,1.52,13.01,348.33,301.73,-1.00,-1.00,-1.00,-1.00,-1.00
XPUT 419 18.81,116.10,47.78,52.97,-1.00,2.59,1.51,12.97,348.95,301.17,-1.00,-1.00,-1.00,-1.00,-1.00
XPUT 420 18.76,115.80,48.09,53.48,-1.00,2.59,1.51,12.94,348.27,300.83,-1.00,-1.00,-1.00,-1.00,-1.00
XPUT 421 18.71,115.50,47.97,53.34,-1.00,2.58,1.51,12.91,348.02,300.70,-1.00,-1.00,-1.00,-1.00,-1.00
XPUT 422 19.09,115.21,48.49,53.21,-1.00,2.57,1.50,12.87,348.20,300.36,-1.00,-1.00,-1.00,-1.00,-1.00
XPUT 423 19.05,114.92,48.36,53.50,-1.00,2.57,1.50,12.84,348.60,300.24,-1.00,-1.00,-1.00,-1.00,-1.00
XPUT 424 19.00,114.62,48.67,53.36,-1.00,2.56,1.49,12.81,349.42,300.11,-1.00,-1.00,-1.00,-1.00,-1.00
XPUT 425 18.95,114.33,49.18,53.23,-1.00,2.98,1.49,13.20,349.60,299.99,-1.00,-1.00,-1.00,-1.00,-1.00
XPUT 426 19.11,114.04,49.27,53.30,-1.00,2.97,1.49,13.17,349.56,299.87,-1.00,-1.00,-1.00,-1.00,-1.00
XPUT 427 19.07,113.75,49.15,53.17,-1.00,2.97,1.48,13.13,349.74,299.74,-1.00,-1.00,-1.00,-1.00,-1.00
XPUT 428 19.02,113.47,49.02,53.04,-1.00,2.96,1.48,13.10,350.12,300.05,-1.00,-1.00,-1.00,-1.00,-1.00
XPUT 429 19.39,113.18,48.90,53.32,-1.00,2.95,1.48,13.07,349.88,299.92,-1.00,-1.00,-1.00,-1.00,-1.00
XPUT 430 19.34,112.90,49.41,53.19,-1.00,3.15,1.47,13.03,349.42,299.80,-1.00,-1.00,-1.00,-1.00,-1.00
XPUT 431 19.29,112.62,49.28,53.06,-1.00,3.15,1.47,13.00,348.97,299.05,-1.00,-1.00,-1.00,-1.00,-1.00
XPUT 432 19.25,112.34,49.58,53.13,-1.00,3.14,1.46,12.97,348.31,298.94,-1.00,-1.00,-1.00,-1.00,-1.00
XPUT 433 19.20,112.06,50.08,53.00,-1.00,3.13,1.46,12.94,348.06,299.44,-1.00,-1.00,-1.00,-1.00,-1.00
XPUT 434 19.36,111.78,50.37,53.29,-1.00,3.12,1.46,12.91,347.83,300.37,-1.00,-1.00,-1.00,-1.00,-1.00
XPUT 435 19.31,111.50,50.46,53.16,-1.00,3.11,1.45,12.87,348.42,300.66,-1.00,-1.00,-1.00,-1.00,-1.00
XPUT 436 19.26,111.23,50.75,53.65,-1.00,3.11,1.45,13.26,348.18,300.95,-1.00,-1.00,-1.00,-1.00,-1.00
XPUT 437 19.63,110.95,51.24,53.51,-1.00,3.10,1.45,13.22,348.56,300.42,-1.00,-1.00,-1.00,-1.00,-1.00
XPUT 438 19.58,110.68,51.11,53.59,-1.00,3.09,1.44,13.19,348.74,300.09,-1.00,-1.00,-1.00,-1.00,-1.00
XPUT 439 19.53,110.41,51.40,54.28,-1.00,3.08,1.44,13.16,348.70,300.59,-1.00,-1.00,-1.00,-1.00,-1.00
XPUT 440 19.48,110.14,51.28,54.15,-1.00,3.08,1.44,13.13,348.88,300.88,-1.00,-1.00,-1.00,-1.00,-1.00
XPUT 441 19.44,109.87,51.35,54.63,-1.00,3.07,1.43,13.09,349.25,300.35,-1.00,-1.00,-1.00,-1.00,-1.00
XPUT 442 19.39,109.60,51.64,54.70,-1.00,3.47,1.43,13.06,349.02,299.62,-1.00,-1.00,-1.00,-1.00,-1.00
XPUT 443 19.34,109.34,51.51,54.57,-1.00,3.46,1.43,13.03,349.19,299.91,-1.00,-1.00,-1.00,-1.00,-1.00
XPUT 444 19.30,109.07,51.59,54.84,-1.00,3.45,1.42,13.00,349.56,299.80,-1.00,-1.00,-1.00,-1.00,-1.00
XPUT 445 19.25,108.81,51.47,54.71,-1.00,3.44,1.42,12.97,349.73,300.69,-1.00,-1.00,-1.00,-1.00,-1.00
XPUT 446 19.20,108.55,51.75,54.78,-1.00,3.44,1.41,12.94,349.90,301.18,-1.00,-1.00,-1.00,-1.00,-1.00
XPUT 447 19.16,108.69,51.62,55.05,-1.00,3.43,1.41,12.91,349.86,301.06,-1.00,-1.00,-1.00,-1.00,-1.00
XPUT 448 19.11,108.63,51.50,55.32,-1.00,3.42,1.41,12.87,350.03,300.74,-1.00,-1.00,-1.00,-1.00,-1.00
XPUT 449 19.07,109.37,51.38,55.39,-1.00,3.41,1.40,12.84,350.80,300.63,-1.00,-1.00,-1.00,-1.00,-1.00
XPUT 450 19.02,110.11,51.85,55.66,-1.00,3.40,1.40,12.81,350.56,300.31,-1.00,-1.00,-1.00,-1.00,-1.00
XPUT 451 18.97,110.65,51.93,55.52,-1.00,3.40,1.40,12.78,350.92,300.19,-1.00,-1.00,-1.00,-1.00,-1.00
XPUT 452 18.93,110.98,51.81,55.59,-1.00,3.39,1.39,12.75,351.48,300.08,-1.00,-1.00,-1.00,-1.00,-1.00
XPUT 453 19.08,111.32,52.08,55.86,-1.00,3.38,1.39,12.72,351.45,299.56,-1.00,-1.00,-1.00,-1.00,-1.00
XPUT 454 19.04,111.45,51.96,55.73,-1.00,3.37,1.39,12.69,351.61,299.25,-1.00,-1.00,-1.00,-1.00,-1.00
XPUT 455 18.99,111.78,52.23,55.79,-1.00,3.36,1.38,12.66,351.97,298.75,-1.00,-1.00,-1.00,-1.00,-1.00
XPUT 456 18.95,112.11,52.31,55.66,-1.00,3.36,1.38,12.63,351.53,298.83,-1.00,-1.00,-1.00,-1.00,-1.00
XPUT 457 18.90,112.24,52.58,55.92,-1.00,3.35,1.38,12.80,352.28,298.92,-1.00,-1.00,-1.00,-1.00,-1.00
XPUT 458 18.86,112.57,52.45,55.79,-1.00,3.34,1.38,12.77,352.24,299.59,-1.00,-1.00,-1.00,-1.00,-1.00
XPUT 459 18.82,112.31,52.33,55.86,-1.00,3.53,1.37,12.74,352.40,299.48,-1.00,-1.00,-1.00,-1.00,-1.00
XPUT 460 19.16,113.02,52.80,56.12,-1.00,3.52,1.37,12.71,352.17,298.98,-1.00,-1.00,-1.00,-1.00,-1.00
XPUT 461 19.12,112.95,52.87,56.38,-1.00,3.51,1.37,12.68,351.74,298.87,-1.00,-1.00,-1.00,-1.00,-1.00
XPUT 462 19.07,113.28,52.75,56.44,-1.00,3.50,1.36,12.65,351.50,298.76,-1.00,-1.00,-1.00,-1.00,-1.00
XPUT 463 19.03,113.40,53.40,56.70,-1.00,3.50,1.36,12.62,351.47,299.04,-1.00,-1.00,-1.00,-1.00,-1.00
XPUT 464 19.37,113.72,53.28,56.76,-1.00,3.49,1.36,12.59,351.62,298.93,-1.00,-1.00,-1.00,-1.00,-1.00
XPUT 465 19.33,113.85,53.15,56.63,-1.00,3.48,1.35,12.56,351.78,298.82,-1.00,-1.00,-1.00,-1.00,-1.00
XPUT 466 19.28,113.78,53.61,56.50,-1.00,3.47,1.35,12.53,351.55,298.90,-1.00,-1.00,-1.00,-1.00,-1.00
XPUT 467 19.24,113.90,53.68,56.37,-1.00,3.46,1.35,12.51,351.71,298.80,-1.00,-1.00,-1.00,-1.00,-1.00
XPUT 468 19.20,113.83,53.94,56.24,-1.00,3.46,1.34,12.48,351.48,299.46,-1.00,-1.00,-1.00,-1.00,-1.00
XPUT 469 19.15,113.57,54.01,56.12,-1.00,3.83,1.34,12.83,351.44,300.88,-1.00,-1.00,-1.00,-1.00,-1.00
XPUT 470 19.30,113.70,53.89,56.37,-1.00,3.82,1.34,12.80,351.60,302.10,-1.00,-1.00,-1.00,-1.00,-1.00
XPUT 471 19.26,113.63,53.76,56.24,-1.00,3.81,1.33,12.77,351.37,302.94,-1.00,-1.00,-1.00,-1.00,-1.00
XPUT 472 19.21,113.37,53.64,56.11,-1.00,3.80,1.33,12.74,351.14,303.59,-1.00,-1.00,-1.00,-1.00,-1.00
XPUT 473 19.17,113.87,53.90,55.99,-1.00,3.80,1.33,12.91,351.30,304.23,-1.00,-1.00,-1.00,-1.00,-1.00
XPUT 474 19.13,113.80,53.97,56.05,-1.00,3.79,1.33,12.88,351.45,304.11,-1.00,-1.00,-1.00,-1.00,-1.00
XPUT 475 19.08,114.12,54.22,55.92,-1.00,3.78,1.32,12.85,351.23,304.18,-1.00,-1.00,-1.00,-1.00,-1.00
XPUT 476 19.04,114.24,54.10,55.80,-1.00,3.77,1.32,12.82,351.38,304.25,-1.00,-1.00,-1.00,-1.00,-1.00
XPUT 477 19.00,113.98,53.98,56.43,-1.00,3.76,1.32,12.79,350.78,303.76,-1.00,-1.00,-1.00,-1.00,-1.00
XPUT 478 19.33,113.72,54.42,56.30,-1.00,3.75,1.31,12.76,350.37,303.45,-1.00,-1.00,-1.00,-1.00,-1.00
XPUT 479 19.29,113.66,54.30,56.74,-1.00,3.74,1.31,12.73,350.34,302.96,-1.00,-1.00,-1.00,-1.00,-1.00
XPUT 480 19.24,113.78,54.18,56.61,-1.00,3.74,1.31,12.70,350.86,302.85,-1.00,-1.00,-1.00,-1.00,-1.00
XPUT 481 19.20,114.46,54.06,56.48,-1.00,3.73,1.30,12.68,350.64,302.18,-1.00,-1.00,-1.00,-1.00,-1.00
XPUT 482 19.16,114.39,54.31,56.92,-1.00,3.72,1.30,12.65,350.42,302.25,-1.00,-1.00,-1.00,-1.00,-1.00
XPUT 483 19.12,115.06,54.38,56.98,-1.00,3.71,1.30,12.62,350.76,302.70,-1.00,-1.00,-1.00,-1.00,-1.00
XPUT 484 19.07,114.81,54.63,56.85,-1.00,3.70,1.30,12.96,351.47,302.58,-1.00,-1.00,-1.00,-1.00,-1.00
XPUT 485 19.03,114.56,54.51,56.72,-1.00,3.70,1.29,12.93,351.62,302.47,-1.00,-1.00,-1.00,-1.00,-1.00
XPUT 486 19.17,114.31,54.39,56.60,-1.00,3.69,1.29,12.91,351.58,302.73,-1.00,-1.00,-1.00,-1.00,-1.00
XPUT 487 19.13,114.06,54.82,56.48,-1.00,3.68,1.29,12.88,351.18,302.25,-1.00,-1.00,-1.00,-1.00,-1.00
XPUT 488 19.09,113.81,54.70,56.35,-1.00,3.67,1.28,13.03,350.60,301.95,-1.00,-1.00,-1.00,-1.00,-1.00
XPUT 489 19.05,113.74,54.95,56.23,-1.00,3.66,1.28,13.00,350.20,301.48,-1.00,-1.00,-1.00,-1.00,-1.00
XPUT 490 19.01,113.49,54.83,56.11,-1.00,3.66,1.28,12.98,349.80,301.19,-1.00,-1.00,-1.00,-1.00,-1.00
