5 0 -0.1 -2.5 UC Berkeley, DSL
PERC 1 0.0
PERC 2 0.0
PERC 3 0.0
PERC 4 0.0
PERC 5 0.0
PERC 6 0.0
PERC 7 0.0
PERC 8 0.0
PERC 9 0.0
PERC 10 0.0
PERC 11 0.0
PERC 12 0.0
PERC 13 0.0
PERC 14 0.0
PERC 15 0.0
PERC 16 0.0
PERC 17 0.0
PERC 18 0.0
PERC 19 0.0
PERC 20 0.0
PERC 21 0.0
PERC 22 0.0
PERC 23 0.0
PERC 24 0.0
PERC 25 0.0
PERC 26 0.0
PERC 27 0.0
PERC 28 0.0
PERC 29 0.0
PERC 30 0.0
PERC 31 0.0
PERC 32 0.0
PERC 33 0.0
PERC 34 0.0
PERC 35 0.0
PERC 36 0.0
PERC 37 0.0
PERC 38 0.0
PERC 39 0.0
PERC 40 0.0
PERC 41 0.0
PERC 42 0.0
PERC 43 0.0
PERC 44 0.0
PERC 45 0.0
PERC 46 0.0
PERC 47 0.0
PERC 48 0.0
PERC 49 0.0
PERC 50 0.0
PERC 51 0.0
PERC 52 0.0
PERC 53 0.0
PERC 54 0.0
PERC 55 0.0
PERC 56 0.0
PERC 57 0.0
PERC 58 0.0
PERC 59 0.0
PERC 60 0.0
PERC 61 0.0
PERC 62 0.0
PERC 63 0.0
PERC 64 0.0
PERC 65 0.0
PERC 66 0.0
PERC 67 0.0
PERC 68 0.0
PERC 69 0.0
PERC 70 0.0
PERC 71 0.0
PERC 72 0.0
PERC 73 0.0
PERC 74 0.0
PERC 75 0.0
PERC 76 0.0
PERC 77 0.0
PERC 78 0.0
PERC 79 0.0
PERC 80 0.0
PERC 81 0.0
PERC 82 0.0
PERC 83 0.0
PERC 84 0.0
PERC 85 0.0
PERC 86 0.0
PERC 87 0.0
PERC 88 0.0
PERC 89 0.0
PERC 90 0.0
PERC 91 0.0
PERC 92 0.0
PERC 93 0.0
PERC 94 0.1
PERC 95 0.1
PERC 96 0.1
PERC 97 0.1
PERC 98 0.1
PERC 99 0.1
PERC 100 0.1
PERC 101 0.1
PERC 102 0.1
PERC 103 0.1
PERC 104 0.1
PERC 105 0.1
PERC 106 0.1
PERC 107 0.1
PERC 108 0.2
PERC 109 0.2
PERC 110 0.2
PERC 111 0.2
PERC 112 0.2
PERC 113 0.2
PERC 114 0.2
PERC 115 0.2
PERC 116 0.2
PERC 117 0.3
PERC 118 0.3
PERC 119 0.3
PERC 120 0.4
PERC 121 0.4
PERC 122 0.4
PERC 123 0.4
PERC 124 0.4
PERC 125 0.4
PERC 126 0.4
PERC 127 0.5
PERC 128 0.5
PERC 129 0.5
PERC 130 0.5
PERC 131 0.5
PERC 132 0.6
PERC 133 0.6
PERC 134 0.7
PERC 135 0.7
PERC 136 0.7
PERC 137 0.7
PERC 138 0.7
PERC 139 0.8
PERC 140 0.8
PERC 141 0.8
PERC 142 0.8
PERC 143 0.8
PERC 144 0.9
PERC 145 0.9
PERC 146 0.9
PERC 147 1.0
PERC 148 1.0
PERC 149 1.0
PERC 150 1.0
PERC 151 1.1
PERC 152 1.1
PERC 153 1.3
PERC 154 1.5
PERC 155 1.6
PERC 156 1.7
PERC 157 1.8
PERC 158 1.9
PERC 159 2.0
PERC 160 2.1
PERC 161 2.2
PERC 162 2.2
PERC 163 2.2
PERC 164 2.2
PERC 165 2.2
PERC 166 2.2
PERC 167 2.4
PERC 168 2.5
PERC 169 2.6
PERC 170 2.7
PERC 171 2.7
PERC 172 2.7
PERC 173 2.7
PERC 174 2.7
PERC 175 2.7
PERC 176 2.7
PERC 177 2.7
PERC 178 2.7
PERC 179 2.7
PERC 180 2.7
PERC 181 2.7
PERC 182 2.7
PERC 183 2.7
PERC 184 2.7
PERC 185 2.7
PERC 186 2.7
PERC 187 2.7
PERC 188 2.7
PERC 189 2.7
PERC 190 2.7
PERC 191 2.7
PERC 192 2.7
PERC 193 2.7
PERC 194 2.7
PERC 195 2.7
PERC 196 2.7
PERC 197 2.7
PERC 198 2.7
PERC 199 2.7
PERC 200 2.7
PERC 201 2.7
PERC 202 2.8
PERC 203 2.8
PERC 204 2.8
PERC 205 2.8
PERC 206 2.8
PERC 207 2.8
PERC 208 2.8
PERC 209 2.8
PERC 210 2.8
PERC 211 2.8
PERC 212 2.8
PERC 213 2.9
PERC 214 2.9
PERC 215 3.0
PERC 216 3.0
PERC 217 3.0
PERC 218 3.0
PERC 219 3.0
PERC 220 3.0
PERC 221 3.1
PERC 222 3.1
PERC 223 3.2
PERC 224 3.3
PERC 225 3.3
PERC 226 3.4
PERC 227 3.4
PERC 228 3.4
PERC 229 3.5
PERC 230 3.5
PERC 231 3.6
PERC 232 3.7
PERC 233 3.7
PERC 234 3.7
PERC 235 3.7
PERC 236 3.7
PERC 237 3.7
PERC 238 3.7
PERC 239 3.7
PERC 240 3.7
PERC 241 3.7
PERC 242 3.7
PERC 243 3.8
PERC 244 3.8
PERC 245 3.9
PERC 246 3.9
PERC 247 4.0
PERC 248 4.0
PERC 249 4.0
PERC 250 4.1
PERC 251 4.1
PERC 252 4.2
PERC 253 4.2
PERC 254 4.2
PERC 255 4.3
PERC 256 4.3
PERC 257 4.3
PERC 258 4.4
PERC 259 4.4
PERC 260 4.4
PERC 261 4.5
PERC 262 4.5
PERC 263 4.5
PERC 264 4.5
PERC 265 4.6
PERC 266 4.6
PERC 267 4.6
PERC 268 4.6
PERC 269 4.6
PERC 270 4.6
PERC 271 4.6
PERC 272 4.7
PERC 273 4.7
PERC 274 4.7
PERC 275 4.7
PERC 276 4.7
PERC 277 4.8
PERC 278 4.8
PERC 279 4.8
PERC 280 4.8
PERC 281 4.8
PERC 282 4.8
PERC 283 4.8
PERC 284 4.8
PERC 285 4.8
PERC 286 4.8
PERC 287 4.8
PERC 288 4.9
PERC 289 5.0
PERC 290 5.0
PERC 291 5.0
PERC 292 5.0
PERC 293 5.1
PERC 294 5.3
PERC 295 5.4
PERC 296 5.5
PERC 297 5.7
PERC 298 5.8
PERC 299 6.0
PERC 300 6.2
PERC 301 6.4
PERC 302 6.4
PERC 303 6.7
PERC 304 6.9
PERC 305 7.0
PERC 306 7.1
PERC 307 7.2
PERC 308 7.4
PERC 309 7.7
PERC 310 7.9
PERC 311 7.9
PERC 312 8.1
PERC 313 8.3
PERC 314 8.4
PERC 315 8.6
PERC 316 8.9
PERC 317 9.2
PERC 318 9.4
PERC 319 9.6
PERC 320 9.6
PERC 321 9.6
PERC 322 9.7
PERC 323 9.8
PERC 324 9.9
PERC 325 10.0
PERC 326 10.2
PERC 327 10.3
PERC 328 10.5
PERC 329 10.7
PERC 330 10.9
PERC 331 11.0
PERC 332 11.2
PERC 333 11.3
PERC 334 11.6
PERC 335 11.9
PERC 336 12.2
PERC 337 12.3
PERC 338 12.7
PERC 339 12.8
PERC 340 12.8
PERC 341 12.9
PERC 342 12.9
PERC 343 13.0
PERC 344 13.0
PERC 345 13.3
PERC 346 13.4
PERC 347 13.6
PERC 348 13.8
PERC 349 13.9
PERC 350 14.0
PERC 351 14.0
PERC 352 14.2
PERC 353 14.3
PERC 354 14.5
PERC 355 14.8
PERC 356 15.1
PERC 357 15.3
PERC 358 15.4
PERC 359 15.5
PERC 360 15.5
PERC 361 15.7
PERC 362 15.9
PERC 363 16.1
PERC 364 16.2
PERC 365 16.4
PERC 366 16.5
PERC 367 16.6
PERC 368 16.7
PERC 369 16.9
PERC 370 17.0
PERC 371 17.1
PERC 372 17.3
PERC 373 17.5
PERC 374 17.6
PERC 375 17.6
PERC 376 17.7
PERC 377 18.0
PERC 378 18.3
PERC 379 18.5
PERC 380 18.9
PERC 381 18.9
PERC 382 19.0
PERC 383 19.2
PERC 384 19.4
PERC 385 19.7
PERC 386 19.9
PERC 387 20.1
PERC 388 20.3
PERC 389 20.6
PERC 390 21.0
PERC 391 21.3
PERC 392 21.5
PERC 393 21.8
PERC 394 21.9
PERC 395 21.9
PERC 396 22.1
PERC 397 22.4
PERC 398 22.7
PERC 399 23.0
PERC 400 23.4
PERC 401 23.7
PERC 402 24.0
PERC 403 24.4
PERC 404 24.7
PERC 405 25.1
PERC 406 25.4
PERC 407 25.5
PERC 408 25.7
PERC 409 26.0
PERC 410 26.2
PERC 411 26.5
PERC 412 26.7
PERC 413 26.9
PERC 414 27.2
PERC 415 27.3
PERC 416 27.5
PERC 417 27.7
PERC 418 27.9
PERC 419 28.0
PERC 420 28.3
PERC 421 28.6
PERC 422 28.9
PERC 423 29.2
PERC 424 29.4
PERC 425 29.6
PERC 426 29.8
PERC 427 30.0
PERC 428 30.2
PERC 429 30.4
PERC 430 30.6
PERC 431 30.7
PERC 432 31.1
PERC 433 31.3
PERC 434 31.5
PERC 435 31.7
PERC 436 32.0
PERC 437 32.2
PERC 438 32.5
PERC 439 32.7
PERC 440 32.9
PERC 441 33.2
PERC 442 33.4
PERC 443 33.6
PERC 444 33.8
PERC 445 34.0
PERC 446 34.4
PERC 447 34.7
PERC 448 34.9
PERC 449 35.1
PERC 450 35.3
PERC 451 35.5
PERC 452 35.5
PERC 453 35.7
PERC 454 35.9
PERC 455 35.9
PERC 456 36.1
PERC 457 36.3
PERC 458 36.5
PERC 459 36.6
PERC 460 36.9
PERC 461 37.2
PERC 462 37.4
PERC 463 37.7
PERC 464 38.0
PERC 465 38.2
PERC 466 38.4
PERC 467 38.8
PERC 468 39.0
PERC 469 39.3
PERC 470 39.6
PERC 471 40.0
PERC 472 40.3
PERC 473 40.6
PERC 474 40.9
PERC 475 41.0
PERC 476 41.0
PERC 477 41.2
PERC 478 41.4
PERC 479 41.6
PERC 480 41.8
PERC 481 42.2
PERC 482 42.5
PERC 483 42.9
PERC 484 43.2
PERC 485 43.5
PERC 486 43.6
PERC 487 43.9
PERC 488 44.2
PERC 489 44.4
PERC 490 44.9
PERC 491 45.3
PERC 492 45.6
PERC 493 45.9
PERC 494 46.2
PERC 495 46.6
PERC 496 46.9
PERC 497 47.2
PERC 498 47.5
PERC 499 47.8
PERC 500 48.2
PERC 501 48.4
PERC 502 48.6
PERC 503 48.8
PERC 504 49.0
PERC 505 49.2
PERC 506 49.4
PERC 507 49.6
PERC 508 49.8
PERC 509 50.0
PERC 510 50.3
PERC 511 50.5
PERC 512 50.7
PERC 513 51.0
PERC 514 51.3
PERC 515 51.5
PERC 516 51.8
PERC 517 52.0
PERC 518 52.3
PERC 519 52.6
PERC 520 52.9
PERC 521 53.2
PERC 522 53.4
PERC 523 53.8
PERC 524 54.0
PERC 525 54.3
PERC 526 54.5
PERC 527 54.7
PERC 528 55.0
PERC 529 55.3
PERC 530 55.7
PERC 531 56.0
PERC 532 56.4
PERC 533 56.7
PERC 534 57.1
PERC 535 57.5
PERC 536 57.8
PERC 537 58.2
PERC 538 58.4
PERC 539 58.6
PERC 540 58.9
PERC 541 59.2
PERC 542 59.5
PERC 543 59.8
PERC 544 60.1
PERC 545 60.4
PERC 546 60.7
PERC 547 61.0
PERC 548 61.3
PERC 549 61.7
PERC 550 62.0
PERC 551 62.1
PERC 552 62.4
PERC 553 62.8
PERC 554 63.0
PERC 555 63.4
PERC 556 63.7
PERC 557 64.0
PERC 558 64.1
PERC 559 64.2
PERC 560 64.2
PERC 561 64.4
PERC 562 64.4
PERC 563 64.6
PERC 564 64.7
PERC 565 64.8
PERC 566 64.9
PERC 567 65.0
PERC 568 65.1
PERC 569 65.2
PERC 570 65.4
PERC 571 65.6
PERC 572 65.9
PERC 573 66.2
PERC 574 66.4
PERC 575 66.7
PERC 576 66.9
PERC 577 67.0
PERC 578 67.2
PERC 579 67.5
PERC 580 67.8
PERC 581 68.0
PERC 582 68.3
PERC 583 68.7
PERC 584 69.1
PERC 585 69.5
PERC 586 69.9
PERC 587 70.2
PERC 588 70.4
PERC 589 70.8
PERC 590 71.1
PERC 591 71.4
PERC 592 71.7
PERC 593 72.5
PERC 594 72.6
PERC 595 72.7
PERC 596 72.9
PERC 597 73.0
PERC 598 73.2
PERC 599 73.5
PERC 600 73.6
PERC 601 73.9
PERC 602 74.1
PERC 603 74.4
PERC 604 74.6
PERC 605 74.9
PERC 606 75.1
PERC 607 75.4
PERC 608 75.6
PERC 609 76.4
PERC 610 76.9
PERC 611 77.0
PERC 612 77.4
PERC 613 77.6
PERC 614 77.8
PERC 615 78.0
PERC 616 78.3
PERC 617 78.6
PERC 618 79.0
PERC 619 79.3
PERC 620 79.5
PERC 621 79.8
PERC 622 80.1
PERC 623 80.4
PERC 624 80.8
PERC 625 81.2
PERC 626 81.6
PERC 627 82.0
PERC 628 82.3
PERC 629 82.6
PERC 630 82.9
PERC 631 83.2
PERC 632 83.5
PERC 633 83.8
PERC 634 84.1
PERC 635 84.5
PERC 636 84.8
PERC 637 85.1
PERC 638 85.2
PERC 639 85.4
PERC 640 85.5
PERC 641 85.8
PERC 642 86.0
PERC 643 86.2
PERC 644 86.5
PERC 645 86.8
PERC 646 87.1
PERC 647 87.3
PERC 648 87.5
PERC 649 87.7
PERC 650 87.9
PERC 651 88.0
PERC 652 88.3
PERC 653 88.5
PERC 654 88.8
PERC 655 89.1
PERC 656 89.3
PERC 657 89.4
PERC 658 89.6
PERC 659 89.8
PERC 660 90.0
PERC 661 90.2
PERC 662 90.4
PERC 663 90.7
PERC 664 91.1
PERC 665 91.4
PERC 666 91.7
PERC 667 92.2
PERC 668 92.6
PERC 669 93.0
PERC 670 93.5
PERC 671 93.8
PERC 672 94.1
PERC 673 94.4
PERC 674 94.7
PERC 675 95.0
PERC 676 95.3
PERC 677 95.5
PERC 678 95.7
PERC 679 96.1
PERC 680 96.5
PERC 681 96.9
PERC 682 97.2
PERC 683 97.7
PERC 684 98.0
PERC 685 98.5
PERC 686 98.8
PERC 687 99.1
PERC 688 99.4
PERC 689 99.7
PERC 690 99.8
PERC 691 99.9
PERC 692 100.0
XPUT 1 -1.00,-1.00,-1.00,-1.00,-1.00,-1.00,-1.00,-1.00,-1.00,-1.00,-1.00,-1.00,-1.00,-1.00,-1.00
XPUT 2 -1.00,-1.00,-1.00,-1.00,-1.00,-1.00,-1.00,-1.00,-1.00,-1.00,-1.00,-1.00,-1.00,-1.00,-1.00
XPUT 3 -1.00,-1.00,-1.00,-1.00,-1.00,-1.00,-1.00,-1.00,-1.00,-1.00,-1.00,-1.00,-1.00,-1.00,-1.00
XPUT 4 -1.00,-1.00,-1.00,-1.00,-1.00,-1.00,-1.00,-1.00,-1.00,-1.00,-1.00,-1.00,-1.00,-1.00,-1.00
XPUT 5 -1.00,-1.00,-1.00,-1.00,-1.00,-1.00,-1.00,-1.00,-1.00,-1.00,-1.00,-1.00,-1.00,-1.00,-1.00
XPUT 6 -1.00,-1.00,-1.00,-1.00,-1.00,-1.00,-1.00,-1.00,-1.00,-1.00,-1.00,-1.00,-1.00,-1.00,-1.00
XPUT 7 -1.00,-1.00,-1.00,-1.00,-1.00,-1.00,-1.00,-1.00,-1.00,-1.00,-1.00,-1.00,-1.00,-1.00,-1.00
XPUT 8 -1.00,-1.00,-1.00,-1.00,-1.00,-1.00,-1.00,-1.00,-1.00,-1.00,-1.00,-1.00,-1.00,-1.00,-1.00
XPUT 9 -1.00,-1.00,-1.00,-1.00,-1.00,-1.00,-1.00,-1.00,-1.00,-1.00,-1.00,-1.00,-1.00,-1.00,-1.00
XPUT 10 -1.00,-1.00,-1.00,-1.00,-1.00,-1.00,-1.00,-1.00,-1.00,-1.00,-1.00,-1.00,-1.00,-1.00,-1.00
XPUT 11 -1.00,-1.00,-1.00,-1.00,-1.00,-1.00,-1.00,-1.00,-1.00,-1.00,-1.00,-1.00,-1.00,-1.00,-1.00
XPUT 12 -1.00,-1.00,-1.00,-1.00,-1.00,-1.00,-1.00,-1.00,-1.00,-1.00,-1.00,-1.00,-1.00,-1.00,-1.00
XPUT 13 -1.00,-1.00,-1.00,-1.00,-1.00,-1.00,-1.00,-1.00,-1.00,-1.00,-1.00,-1.00,-1.00,-1.00,-1.00
XPUT 14 -1.00,-1.00,-1.00,-1.00,-1.00,-1.00,-1.00,-1.00,-1.00,-1.00,-1.00,-1.00,-1.00,-1.00,-1.00
XPUT 15 -1.00,-1.00,-1.00,-1.00,-1.00,-1.00,-1.00,-1.00,-1.00,-1.00,-1.00,-1.00,-1.00,-1.00,-1.00
XPUT 16 -1.00,-1.00,-1.00,-1.00,-1.00,-1.00,-1.00,-1.00,-1.00,-1.00,-1.00,-1.00,-1.00,-1.00,-1.00
XPUT 17 -1.00,-1.00,-1.00,-1.00,-1.00,-1.00,-1.00,-1.00,-1.00,-1.00,-1.00,-1.00,-1.00,-1.00,-1.00
XPUT 18 -1.00,-1.00,-1.00,-1.00,-1.00,-1.00,-1.00,-1.00,-1.00,-1.00,-1.00,-1.00,-1.00,-1.00,-1.00
XPUT 19 -1.00,-1.00,-1.00,-1.00,-1.00,-1.00,-1.00,-1.00,-1.00,-1.00,-1.00,-1.00,-1.00,-1.00,-1.00
XPUT 20 -1.00,-1.00,-1.00,-1.00,-1.00,-1.00,-1.00,-1.00,-1.00,-1.00,-1.00,-1.00,-1.00,-1.00,-1.00
XPUT 21 -1.00,-1.00,-1.00,-1.00,-1.00,-1.00,-1.00,-1.00,-1.00,-1.00,-1.00,-1.00,-1.00,-1.00,-1.00
XPUT 22 -1.00,-1.00,-1.00,-1.00,-1.00,-1.00,-1.00,-1.00,-1.00,-1.00,-1.00,-1.00,-1.00,-1.00,-1.00
XPUT 23 -1.00,-1.00,-1.00,-1.00,-1.00,-1.00,-1.00,-1.00,-1.00,-1.00,-1.00,-1.00,-1.00,-1.00,-1.00
XPUT 24 -1.00,-1.00,-1.00,-1.00,-1.00,-1.00,-1.00,-1.00,-1.00,-1.00,-1.00,-1.00,-1.00,-1.00,-1.00
XPUT 25 -1.00,-1.00,-1.00,-1.00,-1.00,-1.00,-1.00,-1.00,-1.00,-1.00,-1.00,-1.00,-1.00,-1.00,-1.00
XPUT 26 -1.00,-1.00,-1.00,-1.00,-1.00,-1.00,-1.00,-1.00,-1.00,-1.00,-1.00,-1.00,-1.00,-1.00,-1.00
XPUT 27 -1.00,-1.00,-1.00,-1.00,-1.00,-1.00,-1.00,-1.00,-1.00,-1.00,-1.00,-1.00,-1.00,-1.00,-1.00
XPUT 28 -1.00,-1.00,-1.00,-1.00,-1.00,-1.00,-1.00,-1.00,-1.00,-1.00,-1.00,-1.00,-1.00,-1.00,-1.00
XPUT 29 -1.00,-1.00,-1.00,-1.00,-1.00,-1.00,-1.00,-1.00,-1.00,-1.00,-1.00,-1.00,-1.00,-1.00,-1.00
XPUT 30 -1.00,-1.00,-1.00,-1.00,-1.00,-1.00,-1.00,-1.00,-1.00,-1.00,-1.00,-1.00,-1.00,-1.00,-1.00
XPUT 31 -1.00,-1.00,-1.00,-1.00,-1.00,-1.00,-1.00,-1.00,-1.00,-1.00,-1.00,-1.00,-1.00,-1.00,-1.00
XPUT 32 -1.00,-1.00,-1.00,-1.00,-1.00,-1.00,-1.00,-1.00,-1.00,-1.00,-1.00,-1.00,-1.00,-1.00,-1.00
XPUT 33 -1.00,-1.00,-1.00,-1.00,-1.00,-1.00,-1.00,-1.00,-1.00,-1.00,-1.00,-1.00,-1.00,-1.00,-1.00
XPUT 34 -1.00,-1.00,-1.00,-1.00,-1.00,-1.00,-1.00,-1.00,-1.00,-1.00,-1.00,-1.00,-1.00,-1.00,-1.00
XPUT 35 -1.00,-1.00,-1.00,-1.00,-1.00,-1.00,-1.00,-1.00,-1.00,-1.00,-1.00,-1.00,-1.00,-1.00,-1.00
XPUT 36 -1.00,-1.00,-1.00,-1.00,-1.00,-1.00,-1.00,-1.00,-1.00,-1.00,-1.00,-1.00,-1.00,-1.00,-1.00
XPUT 37 -1.00,-1.00,-1.00,-1.00,-1.00,-1.00,-1.00,-1.00,-1.00,-1.00,-1.00,-1.00,-1.00,-1.00,-1.00
XPUT 38 -1.00,-1.00,-1.00,-1.00,-1.00,-1.00,-1.00,-1.00,-1.00,-1.00,-1.00,-1.00,-1.00,-1.00,-1.00
XPUT 39 -1.00,-1.00,-1.00,-1.00,-1.00,-1.00,-1.00,-1.00,-1.00,-1.00,-1.00,-1.00,-1.00,-1.00,-1.00
XPUT 40 -1.00,-1.00,-1.00,-1.00,-1.00,-1.00,-1.00,-1.00,-1.00,-1.00,-1.00,-1.00,-1.00,-1.00,-1.00
XPUT 41 -1.00,-1.00,-1.00,-1.00,-1.00,-1.00,-1.00,-1.00,-1.00,-1.00,-1.00,-1.00,-1.00,-1.00,-1.00
XPUT 42 -1.00,-1.00,-1.00,-1.00,-1.00,-1.00,-1.00,-1.00,-1.00,-1.00,-1.00,-1.00,-1.00,-1.00,-1.00
XPUT 43 -1.00,-1.00,-1.00,-1.00,-1.00,-1.00,-1.00,-1.00,-1.00,-1.00,-1.00,-1.00,-1.00,-1.00,-1.00
XPUT 44 -1.00,-1.00,-1.00,-1.00,-1.00,-1.00,-1.00,-1.00,-1.00,-1.00,-1.00,-1.00,-1.00,-1.00,-1.00
XPUT 45 -1.00,-1.00,-1.00,-1.00,-1.00,-1.00,-1.00,-1.00,-1.00,-1.00,-1.00,-1.00,-1.00,-1.00,-1.00
XPUT 46 -1.00,-1.00,-1.00,-1.00,-1.00,-1.00,-1.00,-1.00,-1.00,-1.00,-1.00,-1.00,-1.00,-1.00,-1.00
XPUT 47 -1.00,-1.00,-1.00,-1.00,-1.00,-1.00,-1.00,-1.00,-1.00,-1.00,-1.00,-1.00,-1.00,-1.00,-1.00
XPUT 48 -1.00,-1.00,-1.00,-1.00,-1.00,-1.00,-1.00,-1.00,-1.00,-1.00,-1.00,-1.00,-1.00,-1.00,-1.00
XPUT 49 -1.00,-1.00,-1.00,-1.00,-1.00,-1.00,-1.00,-1.00,-1.00,-1.00,-1.00,-1.00,-1.00,-1.00,-1.00
XPUT 50 -1.00,-1.00,-1.00,-1.00,-1.00,-1.00,-1.00,-1.00,-1.00,-1.00,-1.00,-1.00,-1.00,-1.00,-1.00
XPUT 51 -1.00,-1.00,-1.00,-1.00,-1.00,-1.00,-1.00,-1.00,-1.00,-1.00,-1.00,-1.00,-1.00,-1.00,-1.00
XPUT 52 -1.00,-1.00,-1.00,-1.00,-1.00,-1.00,-1.00,-1.00,-1.00,-1.00,-1.00,-1.00,-1.00,-1.00,-1.00
XPUT 53 -1.00,-1.00,-1.00,-1.00,-1.00,-1.00,-1.00,-1.00,-1.00,-1.00,-1.00,-1.00,-1.00,-1.00,-1.00
XPUT 54 -1.00,-1.00,-1.00,-1.00,-1.00,-1.00,-1.00,-1.00,-1.00,-1.00,-1.00,-1.00,-1.00,-1.00,-1.00
XPUT 55 -1.00,-1.00,-1.00,-1.00,-1.00,-1.00,-1.00,-1.00,-1.00,-1.00,-1.00,-1.00,-1.00,-1.00,-1.00
XPUT 56 -1.00,-1.00,-1.00,-1.00,-1.00,-1.00,-1.00,-1.00,-1.00,-1.00,-1.00,-1.00,-1.00,-1.00,-1.00
XPUT 57 -1.00,-1.00,-1.00,-1.00,-1.00,-1.00,-1.00,-1.00,-1.00,-1.00,-1.00,-1.00,-1.00,-1.00,-1.00
XPUT 58 -1.00,-1.00,-1.00,-1.00,-1.00,-1.00,-1.00,-1.00,-1.00,-1.00,-1.00,-1.00,-1.00,-1.00,-1.00
XPUT 59 -1.00,-1.00,-1.00,-1.00,-1.00,-1.00,-1.00,-1.00,-1.00,-1.00,-1.00,-1.00,-1.00,-1.00,-1.00
XPUT 60 -1.00,-1.00,-1.00,-1.00,-1.00,-1.00,-1.00,-1.00,-1.00,-1.00,-1.00,-1.00,-1.00,-1.00,-1.00
XPUT 61 -1.00,-1.00,-1.00,-1.00,-1.00,-1.00,-1.00,-1.00,-1.00,-1.00,-1.00,-1.00,-1.00,-1.00,-1.00
XPUT 62 -1.00,-1.00,-1.00,-1.00,-1.00,-1.00,-1.00,-1.00,-1.00,-1.00,-1.00,-1.00,-1.00,-1.00,-1.00
XPUT 63 -1.00,-1.00,-1.00,-1.00,-1.00,-1.00,-1.00,-1.00,-1.00,-1.00,-1.00,-1.00,-1.00,-1.00,-1.00
XPUT 64 -1.00,-1.00,-1.00,-1.00,-1.00,-1.00,-1.00,-1.00,-1.00,-1.00,-1.00,-1.00,-1.00,-1.00,-1.00
XPUT 65 -1.00,-1.00,-1.00,-1.00,-1.00,-1.00,-1.00,-1.00,-1.00,-1.00,-1.00,-1.00,-1.00,-1.00,-1.00
XPUT 66 -1.00,-1.00,-1.00,-1.00,-1.00,-1.00,-1.00,-1.00,-1.00,-1.00,-1.00,-1.00,-1.00,-1.00,-1.00
XPUT 67 -1.00,-1.00,-1.00,-1.00,-1.00,-1.00,-1.00,-1.00,-1.00,-1.00,-1.00,-1.00,-1.00,-1.00,-1.00
XPUT 68 -1.00,-1.00,-1.00,-1.00,-1.00,-1.00,-1.00,-1.00,-1.00,-1.00,-1.00,-1.00,-1.00,-1.00,-1.00
XPUT 69 -1.00,-1.00,-1.00,-1.00,-1.00,-1.00,-1.00,-1.00,-1.00,-1.00,-1.00,-1.00,-1.00,-1.00,-1.00
XPUT 70 -1.00,-1.00,-1.00,-1.00,-1.00,-1.00,-1.00,-1.00,-1.00,-1.00,-1.00,-1.00,-1.00,-1.00,-1.00
XPUT 71 -1.00,-1.00,-1.00,-1.00,-1.00,-1.00,-1.00,-1.00,-1.00,-1.00,-1.00,-1.00,-1.00,-1.00,-1.00
XPUT 72 -1.00,-1.00,-1.00,-1.00,-1.00,-1.00,-1.00,-1.00,-1.00,-1.00,-1.00,-1.00,-1.00,-1.00,-1.00
XPUT 73 -1.00,-1.00,-1.00,-1.00,-1.00,-1.00,-1.00,-1.00,-1.00,-1.00,-1.00,-1.00,-1.00,-1.00,-1.00
XPUT 74 -1.00,-1.00,-1.00,-1.00,-1.00,-1.00,-1.00,-1.00,-1.00,-1.00,-1.00,-1.00,-1.00,-1.00,-1.00
XPUT 75 -1.00,-1.00,-1.00,-1.00,-1.00,-1.00,-1.00,-1.00,-1.00,-1.00,-1.00,-1.00,-1.00,-1.00,-1.00
XPUT 76 -1.00,-1.00,-1.00,-1.00,-1.00,-1.00,-1.00,-1.00,-1.00,-1.00,-1.00,-1.00,-1.00,-1.00,-1.00
XPUT 77 -1.00,-1.00,-1.00,-1.00,-1.00,-1.00,-1.00,-1.00,-1.00,-1.00,-1.00,-1.00,-1.00,-1.00,-1.00
XPUT 78 -1.00,-1.00,-1.00,-1.00,-1.00,-1.00,-1.00,-1.00,-1.00,-1.00,-1.00,-1.00,-1.00,-1.00,-1.00
XPUT 79 -1.00,-1.00,-1.00,-1.00,-1.00,-1.00,-1.00,-1.00,-1.00,-1.00,-1.00,-1.00,-1.00,-1.00,-1.00
XPUT 80 -1.00,-1.00,-1.00,-1.00,-1.00,-1.00,-1.00,-1.00,-1.00,-1.00,-1.00,-1.00,-1.00,-1.00,-1.00
XPUT 81 -1.00,-1.00,-1.00,-1.00,-1.00,-1.00,-1.00,-1.00,-1.00,-1.00,-1.00,-1.00,-1.00,-1.00,-1.00
XPUT 82 -1.00,-1.00,-1.00,-1.00,-1.00,-1.00,-1.00,-1.00,-1.00,-1.00,-1.00,-1.00,-1.00,-1.00,-1.00
XPUT 83 -1.00,-1.00,-1.00,-1.00,-1.00,-1.00,-1.00,-1.00,-1.00,-1.00,-1.00,-1.00,-1.00,-1.00,-1.00
XPUT 84 -1.00,-1.00,-1.00,-1.00,-1.00,-1.00,-1.00,-1.00,-1.00,-1.00,-1.00,-1.00,-1.00,-1.00,-1.00
XPUT 85 -1.00,-1.00,-1.00,-1.00,-1.00,-1.00,-1.00,-1.00,-1.00,-1.00,-1.00,-1.00,-1.00,-1.00,-1.00
XPUT 86 -1.00,-1.00,-1.00,-1.00,-1.00,-1.00,-1.00,-1.00,-1.00,-1.00,-1.00,-1.00,-1.00,-1.00,-1.00
XPUT 87 -1.00,-1.00,-1.00,-1.00,-1.00,-1.00,-1.00,-1.00,-1.00,-1.00,-1.00,-1.00,-1.00,-1.00,-1.00
XPUT 88 -1.00,-1.00,-1.00,-1.00,-1.00,-1.00,-1.00,-1.00,-1.00,-1.00,-1.00,-1.00,-1.00,-1.00,-1.00
XPUT 89 -1.00,-1.00,-1.00,-1.00,-1.00,-1.00,-1.00,-1.00,-1.00,-1.00,-1.00,-1.00,-1.00,-1.00,-1.00
XPUT 90 -1.00,-1.00,-1.00,-1.00,-1.00,-1.00,-1.00,-1.00,-1.00,-1.00,-1.00,-1.00,-1.00,-1.00,-1.00
XPUT 91 -1.00,-1.00,-1.00,-1.00,-1.00,-1.00,-1.00,-1.00,-1.00,-1.00,-1.00,-1.00,-1.00,-1.00,-1.00
XPUT 92 -1.00,-1.00,-1.00,-1.00,-1.00,-1.00,-1.00,-1.00,-1.00,-1.00,-1.00,-1.00,-1.00,-1.00,-1.00
XPUT 93 -1.00,-1.00,-1.00,-1.00,-1.00,-1.00,-1.00,-1.00,-1.00,-1.00,-1.00,-1.00,-1.00,-1.00,-1.00
XPUT 94 -1.00,-1.00,-1.00,-1.00,-1.00,-1.00,-1.00,-1.00,-1.00,-1.00,-1.00,-1.00,-1.00,-1.00,-1.00
XPUT 95 -1.00,-1.00,251.66,-1.00,83.89,-1.00,-1.00,251.66,-1.00,-1.00,-1.00,-1.00,-1.00,-1.00,-1.00
XPUT 96 -1.00,-1.00,125.83,-1.00,41.94,-1.00,-1.00,125.83,-1.00,-1.00,-1.00,-1.00,-1.00,-1.00,-1.00
XPUT 97 -1.00,-1.00,83.89,-1.00,27.96,-1.00,-1.00,83.89,-1.00,-1.00,-1.00,-1.00,-1.00,-1.00,-1.00
XPUT 98 -1.00,-1.00,62.91,-1.00,20.97,-1.00,-1.00,62.91,-1.00,-1.00,-1.00,-1.00,-1.00,-1.00,-1.00
XPUT 99 -1.00,-1.00,50.33,-1.00,16.78,-1.00,-1.00,50.33,-1.00,-1.00,-1.00,-1.00,-1.00,-1.00,-1.00
XPUT 100 -1.00,-1.00,41.94,-1.00,13.98,-1.00,-1.00,41.94,-1.00,-1.00,-1.00,-1.00,-1.00,-1.00,-1.00
XPUT 101 -1.00,-1.00,35.95,-1.00,11.98,-1.00,-1.00,47.93,-1.00,-1.00,-1.00,-1.00,-1.00,-1.00,-1.00
XPUT 102 -1.00,-1.00,31.46,-1.00,10.49,-1.00,-1.00,41.94,-1.00,-1.00,-1.00,-1.00,-1.00,-1.00,-1.00
XPUT 103 -1.00,-1.00,27.96,-1.00,9.32,-1.00,-1.00,37.28,-1.00,-1.00,-1.00,-1.00,-1.00,-1.00,-1.00
XPUT 104 -1.00,-1.00,25.17,-1.00,8.39,-1.00,-1.00,33.55,-1.00,-1.00,-1.00,-1.00,-1.00,-1.00,-1.00
XPUT 105 -1.00,-1.00,22.88,-1.00,7.63,-1.00,-1.00,30.50,-1.00,-1.00,-1.00,-1.00,-1.00,-1.00,-1.00
XPUT 106 -1.00,-1.00,20.97,-1.00,6.99,-1.00,-1.00,27.96,-1.00,-1.00,-1.00,-1.00,-1.00,-1.00,-1.00
XPUT 107 6.45,-1.00,19.36,-1.00,6.45,-1.00,-1.00,25.81,-1.00,-1.00,-1.00,-1.00,-1.00,-1.00,-1.00
XPUT 108 5.99,-1.00,17.98,-1.00,5.99,-1.00,-1.00,23.97,-1.00,-1.00,-1.00,-1.00,-1.00,-1.00,-1.00
XPUT 109 5.59,-1.00,16.78,-1.00,5.59,-1.00,-1.00,22.37,-1.00,-1.00,-1.00,-1.00,-1.00,-1.00,-1.00
XPUT 110 5.24,-1.00,15.73,-1.00,5.24,-1.00,-1.00,20.97,-1.00,-1.00,-1.00,-1.00,-1.00,-1.00,-1.00
XPUT 111 4.93,-1.00,14.80,-1.00,4.93,-1.00,-1.00,19.74,-1.00,-1.00,-1.00,-1.00,-1.00,-1.00,-1.00
XPUT 112 4.66,-1.00,13.98,-1.00,4.66,-1.00,-1.00,18.64,-1.00,-1.00,-1.00,-1.00,-1.00,-1.00,-1.00
XPUT 113 4.42,-1.00,13.25,-1.00,13.25,-1.00,-1.00,17.66,-1.00,-1.00,-1.00,-1.00,-1.00,-1.00,-1.00
XPUT 114 4.19,-1.00,12.58,-1.00,16.78,-1.00,-1.00,16.78,-1.00,-1.00,-1.00,-1.00,-1.00,-1.00,-1.00
XPUT 115 3.99,-1.00,11.98,-1.00,15.98,-1.00,-1.00,15.98,-1.00,-1.00,-1.00,-1.00,-1.00,-1.00,-1.00
XPUT 116 3.81,-1.00,11.44,-1.00,22.88,-1.00,-1.00,15.25,-1.00,-1.00,-1.00,-1.00,-1.00,-1.00,-1.00
XPUT 117 3.65,-1.00,10.94,-1.00,25.53,-1.00,-1.00,14.59,-1.00,-1.00,-1.00,-1.00,-1.00,-1.00,-1.00
XPUT 118 3.50,-1.00,10.49,-1.00,31.46,-1.00,-1.00,13.98,-1.00,-1.00,-1.00,-1.00,-1.00,-1.00,-1.00
XPUT 119 3.36,-1.00,10.07,-1.00,33.55,-1.00,-1.00,13.42,-1.00,-1.00,-1.00,-1.00,-1.00,-1.00,-1.00
XPUT 120 3.23,-1.00,9.68,-1.00,32.26,-1.00,-1.00,12.91,-1.00,-1.00,-1.00,-1.00,-1.00,-1.00,-1.00
XPUT 121 3.11,-1.00,9.32,-1.00,31.07,-1.00,-1.00,18.64,-1.00,-1.00,-1.00,-1.00,-1.00,-1.00,-1.00
XPUT 122 3.00,-1.00,8.99,-1.00,29.96,-1.00,-1.00,17.98,-1.00,-1.00,-1.00,-1.00,-1.00,-1.00,-1.00
XPUT 123 2.89,-1.00,8.68,-1.00,28.93,-1.00,-1.00,17.36,-1.00,-1.00,-1.00,-1.00,-1.00,-1.00,-1.00
XPUT 124 2.80,-1.00,8.39,-1.00,27.96,-1.00,-1.00,16.78,-1.00,-1.00,-1.00,-1.00,-1.00,-1.00,-1.00
XPUT 125 2.71,-1.00,8.12,-1.00,32.47,-1.00,-1.00,16.24,-1.00,-1.00,-1.00,-1.00,-1.00,-1.00,-1.00
XPUT 126 2.62,-1.00,7.86,-1.00,36.70,-1.00,-1.00,15.73,-1.00,-1.00,-1.00,-1.00,-1.00,-1.00,-1.00
XPUT 127 2.54,-1.00,7.63,-1.00,35.59,-1.00,-1.00,15.25,-1.00,-1.00,-1.00,-1.00,-1.00,-1.00,-1.00
XPUT 128 2.47,-1.00,7.40,-1.00,34.54,-1.00,-1.00,14.80,-1.00,-1.00,-1.00,-1.00,-1.00,-1.00,-1.00
XPUT 129 2.40,-1.00,7.19,-1.00,40.74,-1.00,-1.00,14.38,-1.00,-1.00,-1.00,-1.00,-1.00,-1.00,-1.00
XPUT 130 2.33,-1.00,9.32,-1.00,39.61,-1.00,-1.00,13.98,-1.00,-1.00,-1.00,-1.00,-1.00,-1.00,-1.00
XPUT 131 2.27,-1.00,9.07,-1.00,45.34,-1.00,-1.00,13.60,-1.00,-1.00,-1.00,-1.00,-1.00,-1.00,-1.00
XPUT 132 2.21,-1.00,8.83,-1.00,46.36,-1.00,-1.00,13.25,-1.00,-1.00,-1.00,-1.00,-1.00,-1.00,-1.00
XPUT 133 2.15,-1.00,12.91,-1.00,49.47,-1.00,-1.00,12.91,-1.00,-1.00,-1.00,-1.00,-1.00,-1.00,-1.00
XPUT 134 2.10,-1.00,12.58,-1.00,48.23,-1.00,-1.00,12.58,-1.00,-1.00,-1.00,-1.00,-1.00,-1.00,-1.00
XPUT 135 2.05,-1.00,12.28,-1.00,47.06,-1.00,-1.00,12.28,-1.00,-1.00,-1.00,-1.00,-1.00,-1.00,-1.00
XPUT 136 2.00,-1.00,11.98,-1.00,45.94,-1.00,-1.00,11.98,-1.00,-1.00,-1.00,-1.00,-1.00,-1.00,-1.00
XPUT 137 1.95,-1.00,11.71,-1.00,48.77,-1.00,-1.00,11.71,-1.00,-1.00,-1.00,-1.00,-1.00,-1.00,-1.00
XPUT 138 1.91,-1.00,11.44,-1.00,49.57,-1.00,-1.00,11.44,-1.00,-1.00,-1.00,-1.00,-1.00,-1.00,-1.00
XPUT 139 1.86,-1.00,11.18,-1.00,52.20,-1.00,-1.00,11.18,-1.00,-1.00,-1.00,-1.00,-1.00,-1.00,-1.00
XPUT 140 1.82,-1.00,10.94,-1.00,51.06,-1.00,-1.00,10.94,-1.00,-1.00,-1.00,-1.00,-1.00,-1.00,-1.00
XPUT 141 1.78,-1.00,10.71,-1.00,51.76,-1.00,-1.00,10.71,-1.00,-1.00,-1.00,-1.00,-1.00,-1.00,-1.00
XPUT 142 1.75,-1.00,10.49,-1.00,50.68,-1.00,-1.00,10.49,-1.00,-1.00,-1.00,-1.00,-1.00,-1.00,-1.00
XPUT 143 1.71,-1.00,10.27,-1.00,53.07,-1.00,-1.00,10.27,-1.00,-1.00,-1.00,-1.00,-1.00,-1.00,-1.00
XPUT 144 1.68,-1.00,10.07,-1.00,52.01,-1.00,-1.00,10.07,-1.00,-1.00,-1.00,-1.00,-1.00,-1.00,-1.00
XPUT 145 1.64,-1.00,9.87,-1.00,52.63,-1.00,-1.00,9.87,-1.00,-1.00,-1.00,-1.00,-1.00,-1.00,-1.00
XPUT 146 1.61,-1.00,9.68,-1.00,56.46,-1.00,-1.00,9.68,-1.00,-1.00,-1.00,-1.00,-1.00,-1.00,-1.00
XPUT 147 1.58,-1.00,9.50,-1.00,55.40,-1.00,-1.00,9.50,-1.00,-1.00,-1.00,-1.00,-1.00,-1.00,-1.00
XPUT 148 1.55,-1.00,9.32,-1.00,60.58,-1.00,-1.00,9.32,-1.00,-1.00,-1.00,-1.00,-1.00,-1.00,-1.00
XPUT 149 1.53,-1.00,9.15,-1.00,61.01,-1.00,-1.00,9.15,-1.00,-1.00,-1.00,-1.00,-1.00,-1.00,-1.00
XPUT 150 1.50,-1.00,8.99,-1.00,62.91,-1.00,-1.00,8.99,-1.00,-1.00,-1.00,-1.00,-1.00,-1.00,-1.00
XPUT 151 1.47,-1.00,8.83,-1.00,66.23,-1.00,-1.00,8.83,-1.00,-1.00,-1.00,-1.00,-1.00,-1.00,-1.00
XPUT 152 1.45,-1.00,8.68,-1.00,73.76,-1.00,-1.00,8.68,-1.00,-1.00,-1.00,-1.00,-1.00,-1.00,-1.00
XPUT 153 1.42,-1.00,8.53,-1.00,85.31,-1.00,-1.00,8.53,-1.00,-1.00,-1.00,-1.00,-1.00,-1.00,-1.00
XPUT 154 1.40,-1.00,8.39,-1.00,95.07,-1.00,-1.00,8.39,-1.00,-1.00,-1.00,-1.00,-1.00,-1.00,-1.00
XPUT 155 1.38,-1.00,8.25,-1.00,97.64,-1.00,-1.00,8.25,-1.00,-1.00,-1.00,-1.00,-1.00,-1.00,-1.00
XPUT 156 1.35,-1.00,8.12,-1.00,105.53,-1.00,-1.00,8.12,-1.00,-1.00,-1.00,-1.00,-1.00,-1.00,-1.00
XPUT 157 1.33,-1.00,7.99,-1.00,111.85,-1.00,-1.00,7.99,-1.00,-1.00,-1.00,-1.00,-1.00,-1.00,-1.00
XPUT 158 3.93,-1.00,7.86,-1.00,116.65,-1.00,-1.00,7.86,-1.00,-1.00,-1.00,-1.00,-1.00,-1.00,-1.00
XPUT 159 3.87,-1.00,7.74,-1.00,118.73,-1.00,-1.00,7.74,-1.00,-1.00,-1.00,-1.00,-1.00,-1.00,-1.00
XPUT 160 3.81,-1.00,7.63,-1.00,120.75,-1.00,-1.00,7.63,-1.00,-1.00,-1.00,-1.00,-1.00,-1.00,-1.00
XPUT 161 3.76,-1.00,7.51,-1.00,118.94,-1.00,-1.00,7.51,-1.00,-1.00,-1.00,-1.00,-1.00,-1.00,-1.00
XPUT 162 3.70,-1.00,7.40,-1.00,117.19,-1.00,-1.00,7.40,-1.00,-1.00,-1.00,-1.00,-1.00,-1.00,-1.00
XPUT 163 3.65,-1.00,7.29,-1.00,115.50,-1.00,-1.00,7.29,-1.00,-1.00,-1.00,-1.00,-1.00,-1.00,-1.00
XPUT 164 3.60,-1.00,7.19,-1.00,113.85,-1.00,-1.00,7.19,-1.00,-1.00,-1.00,-1.00,-1.00,-1.00,-1.00
XPUT 165 3.54,-1.00,7.09,-1.00,113.42,-1.00,-1.00,7.09,-1.00,-1.00,-1.00,-1.00,-1.00,-1.00,-1.00
XPUT 166 3.50,-1.00,6.99,-1.00,121.17,-1.00,-1.00,6.99,-1.00,-1.00,-1.00,-1.00,-1.00,-1.00,-1.00
XPUT 167 3.45,-1.00,6.89,-1.00,131.00,-1.00,-1.00,6.89,-1.00,-1.00,-1.00,-1.00,-1.00,-1.00,-1.00
XPUT 168 3.40,-1.00,6.80,-1.00,133.76,-1.00,-1.00,6.80,-1.00,-1.00,-1.00,-1.00,-1.00,-1.00,-1.00
XPUT 169 3.36,-1.00,6.71,-1.00,134.22,-1.00,-1.00,6.71,-1.00,-1.00,-1.00,-1.00,-1.00,-1.00,-1.00
XPUT 170 3.31,-1.00,6.62,-1.00,132.45,-1.00,-1.00,6.62,-1.00,-1.00,-1.00,-1.00,-1.00,-1.00,-1.00
XPUT 171 3.27,-1.00,6.54,-1.00,130.73,-1.00,-1.00,6.54,-1.00,-1.00,-1.00,-1.00,-1.00,-1.00,-1.00
XPUT 172 3.23,-1.00,6.45,-1.00,129.06,-1.00,-1.00,6.45,-1.00,-1.00,-1.00,-1.00,-1.00,-1.00,-1.00
XPUT 173 3.19,-1.00,6.37,-1.00,127.42,-1.00,-1.00,6.37,-1.00,-1.00,-1.00,-1.00,-1.00,-1.00,-1.00
XPUT 174 3.15,-1.00,6.29,-1.00,125.83,-1.00,-1.00,6.29,-1.00,-1.00,-1.00,-1.00,-1.00,-1.00,-1.00
XPUT 175 3.11,-1.00,6.21,-1.00,124.28,-1.00,-1.00,6.21,-1.00,-1.00,-1.00,-1.00,-1.00,-1.00,-1.00
XPUT 176 3.07,-1.00,6.14,-1.00,122.76,-1.00,-1.00,6.14,-1.00,-1.00,-1.00,-1.00,-1.00,-1.00,-1.00
XPUT 177 3.03,-1.00,6.06,-1.00,121.28,-1.00,-1.00,6.06,-1.00,-1.00,-1.00,-1.00,-1.00,-1.00,-1.00
XPUT 178 3.00,-1.00,5.99,-1.00,119.84,-1.00,-1.00,5.99,-1.00,-1.00,-1.00,-1.00,-1.00,-1.00,-1.00
XPUT 179 2.96,-1.00,6.91,-1.00,118.43,-1.00,-1.00,5.92,-1.00,-1.00,-1.00,-1.00,-1.00,-1.00,-1.00
XPUT 180 2.93,-1.00,6.83,-1.00,117.05,-1.00,-1.00,5.85,-1.00,-1.00,-1.00,-1.00,-1.00,-1.00,-1.00
XPUT 181 2.89,-1.00,8.68,-1.00,115.70,-1.00,-1.00,5.79,-1.00,-1.00,-1.00,-1.00,-1.00,-1.00,-1.00
XPUT 182 2.86,-1.00,8.58,-1.00,114.39,-1.00,-1.00,5.72,-1.00,-1.00,-1.00,-1.00,-1.00,-1.00,-1.00
XPUT 183 2.83,-1.00,8.48,-1.00,113.10,-1.00,-1.00,5.66,-1.00,-1.00,-1.00,-1.00,-1.00,-1.00,-1.00
XPUT 184 2.80,-1.00,8.39,-1.00,111.85,-1.00,-1.00,5.59,-1.00,-1.00,-1.00,-1.00,-1.00,-1.00,-1.00
XPUT 185 2.77,-1.00,8.30,-1.00,110.62,-1.00,-1.00,5.53,-1.00,-1.00,-1.00,-1.00,-1.00,-1.00,-1.00
XPUT 186 2.74,-1.00,8.21,-1.00,109.42,-1.00,-1.00,5.47,-1.00,-1.00,-1.00,-1.00,-1.00,-1.00,-1.00
XPUT 187 2.71,-1.00,8.12,-1.00,108.24,-1.00,-1.00,5.41,-1.00,-1.00,-1.00,-1.00,-1.00,-1.00,-1.00
XPUT 188 2.68,-1.00,8.03,-1.00,107.09,-1.00,-1.00,5.35,-1.00,-1.00,-1.00,-1.00,-1.00,-1.00,-1.00
XPUT 189 2.65,-1.00,7.95,-1.00,105.96,-1.00,-1.00,5.30,-1.00,-1.00,-1.00,-1.00,-1.00,-1.00,-1.00
XPUT 190 2.62,-1.00,7.86,-1.00,104.86,-1.00,-1.00,5.24,-1.00,-1.00,-1.00,-1.00,-1.00,-1.00,-1.00
XPUT 191 2.59,-1.00,7.78,-1.00,103.78,-1.00,-1.00,5.19,-1.00,-1.00,-1.00,-1.00,-1.00,-1.00,-1.00
XPUT 192 2.57,-1.00,7.70,-1.00,102.72,-1.00,-1.00,5.14,-1.00,-1.00,-1.00,-1.00,-1.00,-1.00,-1.00
XPUT 193 2.54,-1.00,7.63,-1.00,101.68,-1.00,-1.00,5.08,-1.00,-1.00,-1.00,-1.00,-1.00,-1.00,-1.00
XPUT 194 2.52,-1.00,7.55,-1.00,100.66,-1.00,-1.00,5.03,-1.00,-1.00,-1.00,-1.00,-1.00,-1.00,-1.00
XPUT 195 2.49,-1.00,7.47,-1.00,99.67,-1.00,-1.00,4.98,-1.00,-1.00,-1.00,-1.00,-1.00,-1.00,-1.00
XPUT 196 2.47,-1.00,7.40,-1.00,98.69,-1.00,-1.00,4.93,-1.00,-1.00,-1.00,-1.00,-1.00,-1.00,-1.00
XPUT 197 2.44,-1.00,7.33,-1.00,97.73,-1.00,-1.00,4.89,-1.00,-1.00,-1.00,-1.00,-1.00,-1.00,-1.00
XPUT 198 2.42,-1.00,7.26,-1.00,96.79,-1.00,-1.00,4.84,-1.00,-1.00,-1.00,-1.00,-1.00,-1.00,-1.00
XPUT 199 2.40,-1.00,7.19,-1.00,95.87,-1.00,-1.00,4.79,-1.00,-1.00,-1.00,-1.00,-1.00,-1.00,-1.00
XPUT 200 2.37,-1.00,7.12,-1.00,94.97,-1.00,-1.00,4.75,-1.00,-1.00,-1.00,-1.00,-1.00,-1.00,-1.00
XPUT 201 2.35,-1.00,7.06,-1.00,94.86,-1.00,-1.00,4.70,-1.00,-1.00,-1.00,-1.00,-1.00,-1.00,-1.00
XPUT 202 2.33,-1.00,6.99,-1.00,93.98,-1.00,-1.00,4.66,-1.00,-1.00,-1.00,-1.00,-1.00,-1.00,-1.00
XPUT 203 2.31,-1.00,7.70,-1.00,93.12,-1.00,-1.00,4.62,-1.00,-1.00,-1.00,-1.00,-1.00,-1.00,-1.00
XPUT 204 2.29,-1.00,7.63,-1.00,92.27,-1.00,-1.00,4.58,-1.00,-1.00,-1.00,-1.00,-1.00,-1.00,-1.00
XPUT 205 2.27,-1.00,9.07,-1.00,91.44,-1.00,-1.00,4.53,-1.00,-1.00,-1.00,-1.00,-1.00,-1.00,-1.00
XPUT 206 2.25,-1.00,8.99,-1.00,90.63,-1.00,-1.00,4.49,-1.00,-1.00,-1.00,-1.00,-1.00,-1.00,-1.00
XPUT 207 2.23,-1.00,8.91,-1.00,89.82,-1.00,-1.00,4.45,-1.00,-1.00,-1.00,-1.00,-1.00,-1.00,-1.00
XPUT 208 2.21,-1.00,8.83,-1.00,89.04,-1.00,-1.00,4.42,-1.00,-1.00,-1.00,-1.00,-1.00,-1.00,-1.00
XPUT 209 2.19,-1.00,8.75,-1.00,88.26,-1.00,-1.00,4.38,-1.00,-1.00,-1.00,-1.00,-1.00,-1.00,-1.00
XPUT 210 2.17,-1.00,8.68,-1.00,87.50,-1.00,-1.00,4.34,-1.00,-1.00,-1.00,-1.00,-1.00,-1.00,-1.00
XPUT 211 2.15,-1.00,8.60,-1.00,86.75,-1.00,-1.00,4.30,-1.00,-1.00,-1.00,-1.00,-1.00,-1.00,-1.00
XPUT 212 2.13,-1.00,8.53,-1.00,87.44,-1.00,-1.00,4.98,-1.00,-1.00,-1.00,-1.00,-1.00,-1.00,-1.00
XPUT 213 2.11,-1.00,8.46,-1.00,88.12,-1.00,-1.00,4.93,-1.00,-1.00,-1.00,-1.00,-1.00,-1.00,-1.00
XPUT 214 2.10,-1.00,8.39,-1.00,88.08,-1.00,-1.00,4.89,-1.00,-1.00,-1.00,-1.00,-1.00,-1.00,-1.00
XPUT 215 2.08,-1.00,8.32,-1.00,87.35,-1.00,-1.00,4.85,-1.00,-1.00,-1.00,-1.00,-1.00,-1.00,-1.00
XPUT 216 2.06,-1.00,8.25,-1.00,86.64,-1.00,-1.00,4.81,-1.00,-1.00,-1.00,-1.00,-1.00,-1.00,-1.00
XPUT 217 2.05,-1.00,8.18,-1.00,85.93,-1.00,-1.00,6.14,-1.00,-1.00,-1.00,-1.00,-1.00,-1.00,-1.00
XPUT 218 2.03,-1.00,8.12,-1.00,86.59,-1.00,-1.00,6.09,-1.00,-1.00,-1.00,-1.00,-1.00,-1.00,-1.00
XPUT 219 2.01,-1.00,8.05,-1.00,86.57,-1.00,-1.00,6.04,-1.00,-1.00,-1.00,-1.00,-1.00,-1.00,-1.00
XPUT 220 2.00,-1.00,7.99,-1.00,87.21,-1.00,-1.00,5.99,-1.00,-1.00,-1.00,-1.00,-1.00,-1.00,-1.00
XPUT 221 1.98,-1.00,7.93,-1.00,87.19,-1.00,-1.00,5.94,-1.00,-1.00,-1.00,-1.00,-1.00,-1.00,-1.00
XPUT 222 1.97,-1.00,9.18,-1.00,87.82,-1.00,-1.00,5.90,-1.00,-1.00,-1.00,-1.00,-1.00,-1.00,-1.00
XPUT 223 1.95,-1.00,9.75,-1.00,89.09,-1.00,-1.00,5.85,-1.00,-1.00,-1.00,-1.00,-1.00,-1.00,-1.00
XPUT 224 1.94,-1.00,9.68,-1.00,89.69,-1.00,-1.00,5.81,-1.00,-1.00,-1.00,-1.00,-1.00,-1.00,-1.00
XPUT 225 1.92,-1.00,9.61,-1.00,90.93,-1.00,-1.00,5.76,-1.00,-1.00,-1.00,-1.00,-1.00,-1.00,-1.00
XPUT 226 1.91,-1.00,9.53,-1.00,90.88,-1.00,-1.00,5.72,-1.00,-1.00,-1.00,-1.00,-1.00,-1.00,-1.00
XPUT 227 1.89,-1.00,9.46,-1.00,91.45,-1.00,-1.00,5.68,-1.00,-1.00,-1.00,-1.00,-1.00,-1.00,-1.00
XPUT 228 1.88,-1.00,9.39,-1.00,92.65,-1.00,-1.00,5.63,-1.00,-1.00,-1.00,-1.00,-1.00,-1.00,-1.00
XPUT 229 1.86,-1.00,9.32,-1.00,93.83,-1.00,-1.00,5.59,-1.00,-1.00,-1.00,-1.00,-1.00,-1.00,-1.00
XPUT 230 1.85,-1.00,9.25,-1.00,94.99,-1.00,-1.00,5.55,-1.00,-1.00,-1.00,-1.00,-1.00,-1.00,-1.00
XPUT 231 1.84,-1.00,9.18,-1.00,96.13,-1.00,-1.00,5.51,-1.00,-1.00,-1.00,-1.00,-1.00,-1.00,-1.00
XPUT 232 1.82,-1.00,9.12,-1.00,96.65,-1.00,-1.00,5.47,-1.00,-1.00,-1.00,-1.00,-1.00,-1.00,-1.00
XPUT 233 1.81,-1.00,9.05,-1.00,95.96,-1.00,-1.00,5.43,-1.00,-1.00,-1.00,-1.00,-1.00,-1.00,-1.00
XPUT 234 1.80,-1.00,8.99,-1.00,95.27,-1.00,-1.00,5.39,-1.00,-1.00,-1.00,-1.00,-1.00,-1.00,-1.00
XPUT 235 1.78,-1.00,8.92,-1.00,94.59,-1.00,-1.00,5.35,-1.00,-1.00,-1.00,-1.00,-1.00,-1.00,-1.00
XPUT 236 1.77,-1.00,8.86,-1.00,93.93,-1.00,-1.00,5.32,-1.00,-1.00,-1.00,-1.00,-1.00,-1.00,-1.00
XPUT 237 1.76,-1.00,8.80,-1.00,93.27,-1.00,-1.00,5.28,-1.00,-1.00,-1.00,-1.00,-1.00,-1.00,-1.00
XPUT 238 1.75,-1.00,8.74,-1.00,92.62,-1.00,-1.00,5.24,-1.00,-1.00,-1.00,-1.00,-1.00,-1.00,-1.00
XPUT 239 1.74,-1.00,8.68,-1.00,91.99,-1.00,-1.00,5.21,-1.00,-1.00,-1.00,-1.00,-1.00,-1.00,-1.00
XPUT 240 1.72,-1.00,8.62,-1.00,91.36,-1.00,-1.00,5.75,-1.00,-1.00,-1.00,-1.00,-1.00,-1.00,-1.00
XPUT 241 1.71,-1.00,8.56,-1.00,90.73,-1.00,-1.00,5.71,-1.00,-1.00,-1.00,-1.00,-1.00,-1.00,-1.00
XPUT 242 1.70,-1.00,8.50,0.57,90.12,-1.00,-1.00,5.67,-1.00,-1.00,-1.00,-1.00,-1.00,-1.00,-1.00
XPUT 243 1.69,-1.00,8.44,0.56,89.52,-1.00,-1.00,6.76,-1.00,-1.00,-1.00,-1.00,-1.00,-1.00,-1.00
XPUT 244 1.68,-1.00,8.39,1.68,88.92,-1.00,-1.00,6.71,0.56,-1.00,-1.00,-1.00,-1.00,-1.00,-1.00
XPUT 245 1.67,-1.00,8.33,2.22,88.33,-1.00,-1.00,6.67,1.67,-1.00,-1.00,-1.00,-1.00,-1.00,-1.00
XPUT 246 1.66,-1.00,8.28,2.21,87.75,-1.00,-1.00,6.62,2.21,-1.00,-1.00,-1.00,-1.00,-1.00,-1.00
XPUT 247 1.64,-1.00,8.22,2.19,87.18,-1.00,-1.00,6.58,3.29,-1.00,-1.00,-1.00,-1.00,-1.00,-1.00
XPUT 248 1.63,-1.00,8.17,2.18,86.61,-1.00,-1.00,6.54,4.90,-1.00,-1.00,-1.00,-1.00,-1.00,-1.00
XPUT 249 1.62,-1.00,8.12,2.16,86.05,-1.00,-1.00,6.49,5.41,-1.00,-1.00,-1.00,-1.00,-1.00,-1.00
XPUT 250 1.61,-1.00,8.07,2.15,85.50,-1.00,-1.00,6.45,5.38,-1.00,-1.00,-1.00,-1.00,-1.00,-1.00
XPUT 251 1.60,-1.00,8.01,3.21,84.95,-1.00,-1.00,7.48,6.41,-1.00,-1.00,-1.00,-1.00,-1.00,-1.00
XPUT 252 1.59,-1.00,7.96,3.19,84.42,-1.00,-1.00,7.43,6.37,-1.00,-1.00,-1.00,-1.00,-1.00,-1.00
XPUT 253 1.58,-1.00,7.91,3.17,83.89,-1.00,-1.00,7.91,7.39,-1.00,-1.00,-1.00,-1.00,-1.00,-1.00
XPUT 254 1.57,-1.00,7.86,3.15,83.36,-1.00,-1.00,7.86,7.86,-1.00,-1.00,-1.00,-1.00,-1.00,-1.00
XPUT 255 1.56,-1.00,7.82,3.13,82.84,-1.00,-1.00,7.82,8.86,-1.00,-1.00,-1.00,-1.00,-1.00,-1.00
XPUT 256 1.55,-1.00,7.77,3.11,82.33,-1.00,-1.00,7.77,9.32,-1.00,-1.00,-1.00,-1.00,-1.00,-1.00
XPUT 257 1.54,-1.00,7.72,3.09,81.83,-1.00,-1.00,7.72,10.29,-1.00,-1.00,-1.00,-1.00,-1.00,-1.00
XPUT 258 1.53,-1.00,7.67,3.07,81.33,-1.00,-1.00,7.67,10.23,-1.00,-1.00,-1.00,-1.00,-1.00,-1.00
XPUT 259 1.53,-1.00,7.63,3.05,81.34,-1.00,-1.00,7.63,10.68,-1.00,-1.00,-1.00,-1.00,-1.00,-1.00
XPUT 260 1.52,-1.00,7.58,3.03,81.86,-1.00,-1.00,7.58,11.62,-1.00,-1.00,-1.00,-1.00,-1.00,-1.00
XPUT 261 1.51,-1.00,7.53,3.01,81.37,-1.00,-1.00,7.53,12.56,-1.00,-1.00,-1.00,-1.00,-1.00,-1.00
XPUT 262 1.50,-1.00,7.49,3.00,80.89,-1.00,-1.00,7.49,12.48,-1.00,-1.00,-1.00,-1.00,-1.00,-1.00
XPUT 263 1.49,-1.00,7.45,2.98,81.40,-1.00,-1.00,7.45,12.41,-1.00,-1.00,-1.00,-1.00,-1.00,-1.00
XPUT 264 1.48,-1.00,7.40,2.96,81.42,-1.00,-1.00,7.40,12.83,-1.00,-1.00,-1.00,-1.00,-1.00,-1.00
XPUT 265 1.47,-1.00,7.36,2.94,80.94,-1.00,-1.00,7.36,12.75,-1.00,-1.00,-1.00,-1.00,-1.00,-1.00
XPUT 266 1.46,-1.00,7.32,2.93,80.47,-1.00,-1.00,7.32,12.68,-1.00,-1.00,-1.00,-1.00,-1.00,-1.00
XPUT 267 1.45,-1.00,7.27,2.91,80.01,-1.00,-1.00,7.27,13.58,-1.00,-1.00,-1.00,-1.00,-1.00,-1.00
XPUT 268 1.45,-1.00,7.23,2.89,79.55,-1.00,-1.00,7.23,13.50,-1.00,-1.00,-1.00,-1.00,-1.00,-1.00
XPUT 269 1.44,-1.00,7.19,2.88,79.09,-1.00,-1.00,7.19,13.42,-1.00,-1.00,-1.00,-1.00,-1.00,-1.00
XPUT 270 1.43,-1.00,7.15,2.86,78.64,-1.00,-1.00,7.15,13.35,-1.00,-1.00,-1.00,-1.00,-1.00,-1.00
XPUT 271 1.42,-1.00,7.11,2.84,79.15,-1.00,-1.00,7.11,13.27,-1.00,-1.00,-1.00,-1.00,-1.00,-1.00
XPUT 272 1.41,-1.00,7.07,2.83,78.70,-1.00,-1.00,7.07,13.20,-1.00,-1.00,-1.00,-1.00,-1.00,-1.00
XPUT 273 1.41,-1.00,7.03,2.81,78.26,-1.00,-1.00,7.03,13.12,-1.00,-1.00,-1.00,-1.00,-1.00,-1.00
XPUT 274 1.40,-1.00,6.99,2.80,78.29,-1.00,-1.00,6.99,13.51,-1.00,-1.00,-1.00,-1.00,-1.00,-1.00
XPUT 275 1.39,-1.00,6.95,2.78,77.86,-1.00,-1.00,6.95,13.44,-1.00,-1.00,-1.00,-1.00,-1.00,-1.00
XPUT 276 1.38,-1.00,6.91,2.77,78.36,-1.00,-1.00,6.91,13.37,-1.00,-1.00,-1.00,-1.00,-1.00,-1.00
XPUT 277 1.38,-1.00,6.88,2.75,77.93,-1.00,-1.00,6.88,13.29,-1.00,-1.00,-1.00,-1.00,-1.00,-1.00
XPUT 278 1.37,-1.00,6.84,2.74,77.50,-1.00,-1.00,6.84,13.22,-1.00,-1.00,-1.00,-1.00,-1.00,-1.00
XPUT 279 1.36,-1.00,6.80,2.72,77.08,-1.00,-1.00,6.80,13.15,-1.00,-1.00,-1.00,-1.00,-1.00,-1.00
XPUT 280 1.35,-1.00,6.77,2.71,76.67,-1.00,-1.00,6.77,13.08,-1.00,-1.00,-1.00,-1.00,-1.00,-1.00
XPUT 281 1.35,-1.00,6.73,2.69,76.26,-1.00,-1.00,6.73,13.91,-1.00,-1.00,-1.00,-1.00,-1.00,-1.00
XPUT 282 1.34,-1.00,6.69,2.68,75.85,-1.00,-1.00,6.69,13.83,-1.00,-1.00,-1.00,-1.00,-1.00,-1.00
XPUT 283 1.33,-1.00,6.66,2.66,75.45,-1.00,-1.00,6.66,14.20,-1.00,-1.00,-1.00,-1.00,-1.00,-1.00
XPUT 284 1.32,-1.00,6.62,2.65,75.06,-1.00,-1.00,6.62,14.13,-1.00,-1.00,-1.00,-1.00,-1.00,-1.00
XPUT 285 1.32,-1.00,6.59,2.64,74.66,-1.00,-1.00,6.59,14.05,-1.00,-1.00,-1.00,-1.00,-1.00,-1.00
XPUT 286 1.31,-1.00,6.55,2.62,74.27,-1.00,-1.00,6.55,13.98,-1.00,-1.00,-1.00,-1.00,-1.00,-1.00
XPUT 287 1.30,-1.00,6.52,2.61,73.89,-1.00,-1.00,6.52,14.78,-1.00,-1.00,-1.00,-1.00,-1.00,-1.00
XPUT 288 1.30,-1.00,6.49,2.59,73.51,-1.00,-1.00,6.49,15.13,1.30,-1.00,-1.00,-1.00,-1.00,-1.00
XPUT 289 1.29,-1.00,6.45,2.58,73.13,-1.00,-1.00,6.45,15.06,1.72,-1.00,-1.00,-1.00,-1.00,-1.00
XPUT 290 1.28,-1.00,6.42,2.57,73.19,-1.00,-1.00,6.42,15.84,1.71,-1.00,-1.00,-1.00,-1.00,-1.00
XPUT 291 1.28,-1.00,6.39,2.55,72.81,-1.00,-1.00,6.39,15.76,1.70,-1.00,-1.00,-1.00,-1.00,-1.00
XPUT 292 1.27,-1.00,6.36,2.54,73.29,-1.00,-1.00,6.36,16.52,2.54,-1.00,-1.00,-1.00,-1.00,-1.00
XPUT 293 1.26,-1.00,6.32,2.53,73.77,-1.00,-1.00,6.32,16.86,3.79,-1.00,-1.00,-1.00,-1.00,-1.00
XPUT 294 1.26,-1.00,6.29,2.52,73.82,-1.00,-1.00,6.29,17.62,4.19,-1.00,-1.00,-1.00,-1.00,-1.00
XPUT 295 1.25,-1.00,6.26,2.50,74.29,-1.00,-1.00,6.26,17.95,5.01,-1.00,-1.00,-1.00,-1.00,-1.00
XPUT 296 1.25,-1.00,6.23,2.49,74.33,-1.00,-1.00,7.06,19.10,8.31,-1.00,-1.00,-1.00,-1.00,-1.00
XPUT 297 1.24,-1.00,6.20,2.48,74.79,-1.00,-1.00,7.02,19.84,8.68,-1.00,-1.00,-1.00,-1.00,-1.00
XPUT 298 1.23,-1.00,6.17,2.47,74.84,-1.00,-1.00,6.99,20.56,10.69,-1.00,-1.00,-1.00,-1.00,-1.00
XPUT 299 1.23,-1.00,6.14,2.46,75.70,-1.00,-1.00,7.37,20.46,13.09,-1.00,-1.00,-1.00,-1.00,-1.00
XPUT 300 1.22,-1.00,6.11,2.44,76.15,-1.00,-1.00,7.33,20.77,15.07,-1.00,-1.00,-1.00,-1.00,-1.00
XPUT 301 1.22,-1.00,6.08,2.43,77.00,-1.00,-1.00,7.29,21.48,14.99,-1.00,-1.00,-1.00,-1.00,-1.00
XPUT 302 1.21,-1.00,6.05,2.42,77.84,-1.00,-1.00,7.26,22.58,17.34,-1.00,-1.00,-1.00,-1.00,-1.00
XPUT 303 1.20,-1.00,6.02,2.41,78.27,-1.00,-1.00,7.22,22.88,20.47,-1.00,-1.00,-1.00,-1.00,-1.00
XPUT 304 1.20,-1.00,5.99,2.80,77.89,-1.00,-1.00,7.19,22.77,22.37,-1.00,-1.00,-1.00,-1.00,-1.00
XPUT 305 1.19,-1.00,5.96,2.78,77.53,-1.00,-1.00,7.16,22.66,22.66,-1.00,-1.00,-1.00,-1.00,-1.00
XPUT 306 1.19,-1.00,5.94,2.77,78.35,-1.00,-1.00,7.12,22.55,23.74,-1.00,-1.00,-1.00,-1.00,-1.00
XPUT 307 1.18,-1.00,5.91,3.54,78.77,-1.00,-1.00,7.09,23.24,26.78,-1.00,-1.00,-1.00,-1.00,-1.00
XPUT 308 1.18,-1.00,5.88,3.53,78.79,-1.00,-1.00,7.06,23.52,29.79,-1.00,-1.00,-1.00,-1.00,-1.00
XPUT 309 1.17,-1.00,5.85,3.51,79.59,-1.00,-1.00,7.02,23.41,31.99,-1.00,-1.00,-1.00,-1.00,-1.00
XPUT 310 1.17,-1.00,5.83,3.50,80.39,-1.00,-1.00,6.99,24.08,31.85,-1.00,-1.00,-1.00,-1.00,-1.00
XPUT 311 1.16,-1.00,5.80,3.48,80.02,-1.00,-1.00,6.96,23.97,35.56,-1.00,-1.00,-1.00,-1.00,-1.00
XPUT 312 1.15,-1.00,5.77,3.46,79.65,-1.00,-1.00,6.93,24.63,38.48,-1.00,-1.00,-1.00,-1.00,-1.00
XPUT 313 1.15,-1.00,5.75,3.45,79.29,-1.00,-1.00,6.89,24.90,39.45,-1.00,-1.00,-1.00,-1.00,-1.00
XPUT 314 1.14,-1.00,5.72,3.43,78.93,-1.00,-1.00,6.86,24.78,43.47,-1.00,-1.00,-1.00,-1.00,-1.00
XPUT 315 1.14,-1.00,5.69,3.42,78.57,-1.00,-1.00,6.83,25.43,46.69,-1.00,-1.00,-1.00,-1.00,-1.00
XPUT 316 1.13,-1.00,5.67,3.40,79.35,-1.00,-1.00,6.80,25.32,52.52,-1.00,-1.00,-1.00,-1.00,-1.00
XPUT 317 1.13,-1.00,5.64,3.39,80.50,-1.00,-1.00,6.77,25.58,54.54,-1.00,-1.00,-1.00,-1.00,-1.00
XPUT 318 1.12,-1.00,5.62,3.37,81.64,-1.00,-1.00,6.74,26.21,54.30,-1.00,-1.00,-1.00,-1.00,-1.00
XPUT 319 1.12,-1.00,5.59,3.36,81.28,-1.00,-1.00,6.71,27.22,54.06,-1.00,-1.00,-1.00,-1.00,-1.00
XPUT 320 1.11,-1.00,5.57,3.34,80.92,-1.00,-1.00,6.68,27.10,53.82,-1.00,-1.00,-1.00,-1.00,-1.00
XPUT 321 1.11,-1.00,5.54,3.33,80.56,-1.00,-1.00,6.65,27.72,53.58,-1.00,-1.00,-1.00,-1.00,-1.00
XPUT 322 1.10,-1.00,5.52,3.31,80.21,-1.00,-1.00,6.62,27.96,54.45,-1.00,-1.00,-1.00,-1.00,-1.00
XPUT 323 1.10,-1.00,5.49,3.30,79.86,-1.00,-1.00,6.59,28.57,56.05,-1.00,-1.00,-1.00,-1.00,-1.00
XPUT 324 1.09,-1.00,5.47,3.28,79.51,-1.00,-1.00,6.56,28.45,58.36,-1.00,-1.00,-1.00,-1.00,-1.00
XPUT 325 1.09,-1.00,5.45,3.27,79.17,-1.00,-1.00,6.54,28.69,59.92,-1.00,-1.00,-1.00,-1.00,-1.00
XPUT 326 1.08,-1.00,5.42,3.25,78.82,-1.00,-1.00,6.51,28.56,62.55,-1.00,-1.00,-1.00,-1.00,-1.00
XPUT 327 1.08,-1.00,5.40,3.24,78.49,-1.00,-1.00,6.48,28.44,66.24,-1.00,-1.00,-1.00,-1.00,-1.00
XPUT 328 1.08,-1.00,5.38,3.23,78.15,-1.00,-1.00,6.45,29.04,67.75,-1.00,-1.00,-1.00,-1.00,-1.00
XPUT 329 1.07,-1.00,5.35,3.21,77.82,-1.00,-1.00,6.43,29.27,70.68,-1.00,-1.00,-1.00,-1.00,-1.00
XPUT 330 1.07,-1.00,5.33,3.20,77.49,-1.00,-1.00,6.40,29.15,73.22,-1.00,-1.00,-1.00,-1.00,-1.00
XPUT 331 1.06,-1.00,5.31,3.19,77.16,-1.00,-1.00,6.37,29.73,75.04,-1.00,-1.00,-1.00,-1.00,-1.00
XPUT 332 1.06,-1.00,5.29,3.17,76.84,-1.00,-1.00,6.34,30.66,75.78,-1.00,-1.00,-1.00,-1.00,-1.00
XPUT 333 1.05,-1.00,5.26,3.16,76.52,-1.00,-1.00,6.32,31.24,79.32,-1.00,-1.00,-1.00,-1.00,-1.00
XPUT 334 1.05,-1.00,5.24,3.15,77.25,-1.00,-1.00,6.29,32.51,82.14,-1.00,-1.00,-1.00,-1.00,-1.00
XPUT 335 1.04,-1.00,5.22,3.13,77.62,-1.00,-1.00,6.27,33.07,85.63,-1.00,-1.00,-1.00,-1.00,-1.00
XPUT 336 1.04,-1.00,5.20,3.47,77.30,-1.00,-1.00,6.24,33.28,85.97,-1.00,-1.00,-1.00,-1.00,-1.00
XPUT 337 1.04,-1.00,5.18,4.14,79.74,-1.00,-1.00,6.21,35.56,87.68,-1.00,-1.00,-1.00,-1.00,-1.00
XPUT 338 1.03,-1.00,5.16,4.13,79.42,-1.00,-1.00,6.19,35.75,87.32,-1.00,-1.00,-1.00,-1.00,-1.00
XPUT 339 1.03,-1.00,5.14,4.11,79.43,-1.00,-1.00,6.16,36.29,86.97,-1.00,-1.00,-1.00,-1.00,-1.00
XPUT 340 1.02,-1.00,5.12,4.09,79.79,-1.00,-1.00,6.14,36.49,86.61,-1.00,-1.00,-1.00,-1.00,-1.00
XPUT 341 1.02,-1.00,5.09,4.08,79.47,-1.00,-1.00,6.11,37.02,86.26,-1.00,-1.00,-1.00,-1.00,-1.00
XPUT 342 1.01,-1.00,5.07,4.06,79.15,-1.00,-1.00,6.09,37.21,86.93,-1.00,-1.00,-1.00,-1.00,-1.00
XPUT 343 1.01,-1.00,5.05,4.04,78.83,-1.00,-1.00,6.06,37.06,87.25,-1.00,-1.00,-1.00,-1.00,-1.00
XPUT 344 1.01,-1.00,5.03,4.03,78.52,-1.00,-1.00,6.04,36.91,90.60,-1.00,-1.00,-1.00,-1.00,-1.00
XPUT 345 1.00,-1.00,5.01,4.01,78.20,-1.00,-1.00,6.02,36.76,92.91,-1.00,-1.00,-1.00,-1.00,-1.00
XPUT 346 1.00,-1.00,4.99,3.99,77.89,-1.00,-1.00,6.66,36.62,94.54,-1.00,-1.00,-1.00,-1.00,-1.00
XPUT 347 0.99,-1.00,4.97,3.98,77.92,-1.00,-1.00,6.63,37.14,96.82,-1.00,-1.00,-1.00,-1.00,-1.00
XPUT 348 0.99,-1.00,4.95,3.96,78.27,-1.00,-1.00,6.61,37.65,96.77,-1.00,-1.00,-1.00,-1.00,-1.00
XPUT 349 0.99,-1.00,4.93,3.95,77.96,-1.00,-1.00,6.91,37.50,97.04,-1.00,-1.00,-1.00,-1.00,-1.00
XPUT 350 0.98,-1.00,4.92,4.59,78.32,-1.00,-1.00,6.88,37.36,96.99,-1.00,-1.00,-1.00,-1.00,-1.00
XPUT 351 0.98,-1.00,4.90,4.57,78.34,-1.00,-1.00,6.85,37.54,97.92,-1.00,-1.00,-1.00,-1.00,-1.00
XPUT 352 0.98,-1.00,4.88,4.88,78.03,-1.00,-1.00,6.83,38.04,98.52,-1.00,-1.00,-1.00,-1.00,-1.00
XPUT 353 0.97,-1.00,4.86,4.86,78.70,-1.00,-1.00,6.80,37.89,100.08,-1.00,-1.00,-1.00,-1.00,-1.00
XPUT 354 0.97,-1.00,4.84,4.84,79.05,-1.00,-1.00,6.78,38.07,103.57,-1.00,-1.00,-1.00,-1.00,-1.00
XPUT 355 0.96,-1.00,4.82,4.82,79.07,-1.00,-1.00,6.75,38.89,107.35,-1.00,-1.00,-1.00,-1.00,-1.00
XPUT 356 0.96,-1.00,4.80,4.80,80.04,-1.00,-1.00,6.72,39.38,107.26,-1.00,-1.00,-1.00,-1.00,-1.00
XPUT 357 0.96,-1.00,4.78,4.78,80.70,-1.00,-1.00,6.70,39.23,107.49,-1.00,-1.00,-1.00,-1.00,-1.00
XPUT 358 0.95,-1.00,4.77,4.77,80.39,-1.00,-1.00,6.67,40.04,107.72,-1.00,-1.00,-1.00,-1.00,-1.00
XPUT 359 0.95,-1.00,4.75,4.75,80.09,-1.00,-1.00,6.65,40.52,108.26,-1.00,-1.00,-1.00,-1.00,-1.00
XPUT 360 0.95,-1.00,4.73,4.73,79.79,-1.00,-1.00,6.62,41.31,109.75,-1.00,-1.00,-1.00,-1.00,-1.00
XPUT 361 0.94,-1.00,4.71,4.71,79.49,-1.00,-1.00,6.60,41.47,111.85,-1.00,-1.00,-1.00,-1.00,-1.00
XPUT 362 0.94,-1.00,4.70,4.70,79.19,-1.00,-1.00,6.57,41.94,113.31,-1.00,-1.00,-1.00,-1.00,-1.00
XPUT 363 0.94,-1.00,4.68,4.68,79.21,-1.00,-1.00,6.55,41.79,114.45,-1.00,-1.00,-1.00,-1.00,-1.00
XPUT 364 0.93,-1.00,4.66,4.66,79.85,-1.00,-1.00,6.52,41.63,115.27,-1.00,-1.00,-1.00,-1.00,-1.00
XPUT 365 0.93,-1.00,4.64,4.64,81.10,-1.00,-1.00,6.50,41.48,115.46,-1.00,-1.00,-1.00,-1.00,-1.00
XPUT 366 0.93,-1.00,4.63,4.63,81.42,-1.00,-1.00,6.48,41.33,116.58,-1.00,-1.00,-1.00,-1.00,-1.00
XPUT 367 0.92,-1.00,4.61,4.61,81.12,-1.00,-1.00,6.45,41.17,117.99,-1.00,-1.00,-1.00,-1.00,-1.00
XPUT 368 0.92,-1.00,4.59,4.59,80.82,-1.00,-1.00,6.43,41.33,119.09,-1.00,-1.00,-1.00,-1.00,-1.00
XPUT 369 0.92,-1.00,4.58,4.58,80.53,-1.00,-1.00,6.41,41.18,120.49,-1.00,-1.00,-1.00,-1.00,-1.00
XPUT 370 0.91,-1.00,4.56,4.56,80.24,-1.00,-1.00,6.38,41.64,121.88,-1.00,-1.00,-1.00,-1.00,-1.00
XPUT 371 0.91,-1.00,4.54,4.54,79.95,-1.00,-1.00,6.36,41.49,123.86,-1.00,-1.00,-1.00,-1.00,-1.00
XPUT 372 0.91,-1.00,4.53,4.53,79.66,-1.00,-1.00,6.34,41.94,125.83,-1.00,-1.00,-1.00,-1.00,-1.00
XPUT 373 0.90,-1.00,4.51,4.51,79.38,-1.00,-1.00,6.31,41.79,127.18,-1.00,-1.00,-1.00,-1.00,-1.00
XPUT 374 0.90,-1.00,4.49,4.49,79.09,-1.00,-1.00,6.29,41.64,127.33,-1.00,-1.00,-1.00,-1.00,-1.00
XPUT 375 0.90,-1.00,4.48,4.48,78.81,-1.00,-1.00,6.27,41.79,127.77,-1.00,-1.00,-1.00,-1.00,-1.00
XPUT 376 0.89,-1.00,5.95,4.46,78.53,-1.00,-1.00,6.25,42.24,129.10,-1.00,-1.00,-1.00,-1.00,-1.00
XPUT 377 0.89,-1.00,6.22,4.45,78.55,-1.00,-1.00,6.22,42.98,131.91,-1.00,-1.00,-1.00,-1.00,-1.00
XPUT 378 0.89,-1.00,6.79,4.43,78.27,-1.00,-1.00,6.20,43.72,133.21,-1.00,-1.00,-1.00,-1.00,-1.00
XPUT 379 0.88,-1.00,7.65,4.42,78.88,-1.00,-1.00,6.18,44.15,135.10,-1.00,-1.00,-1.00,-1.00,-1.00
XPUT 380 0.88,-1.00,7.63,4.40,78.61,-1.00,-1.00,6.16,44.00,134.92,-1.00,-1.00,-1.00,-1.00,-1.00
XPUT 381 0.88,-1.00,7.60,4.38,78.92,-1.00,-1.00,6.14,43.84,136.50,-1.00,-1.00,-1.00,-1.00,-1.00
XPUT 382 0.87,-1.00,7.57,4.37,78.93,-1.00,-1.00,6.12,43.98,137.19,-1.00,-1.00,-1.00,-1.00,-1.00
XPUT 383 0.87,-1.00,8.42,4.35,79.82,-1.00,-1.00,6.10,43.83,138.17,-1.00,-1.00,-1.00,-1.00,-1.00
XPUT 384 0.87,-1.00,9.83,4.34,80.41,-1.00,-1.00,6.07,43.68,139.42,-1.00,-1.00,-1.00,-1.00,-1.00
XPUT 385 0.86,-1.00,10.09,4.32,80.14,-1.00,-1.00,6.05,43.53,140.96,-1.00,-1.00,-1.00,-1.00,-1.00
XPUT 386 0.86,-1.00,10.05,4.31,79.86,-1.00,-1.00,6.03,43.95,143.07,-1.00,-1.00,-1.00,-1.00,-1.00
XPUT 387 0.86,-1.00,10.02,4.29,79.59,-1.00,-1.00,6.01,44.09,145.73,-1.00,-1.00,-1.00,-1.00,-1.00
XPUT 388 0.86,-1.00,9.99,4.28,79.32,-1.00,-1.00,5.99,44.51,149.23,-1.00,-1.00,-1.00,-1.00,-1.00
XPUT 389 0.85,-1.00,9.95,4.27,79.05,-1.00,-1.00,5.97,44.64,153.27,-1.00,-1.00,-1.00,-1.00,-1.00
XPUT 390 0.85,-1.00,9.92,4.25,78.78,-1.00,-1.00,5.95,44.49,157.00,-1.00,-1.00,-1.00,-1.00,-1.00
XPUT 391 0.85,-1.00,9.89,4.24,78.52,-1.00,-1.00,5.93,44.34,160.15,-1.00,-1.00,-1.00,-1.00,-1.00
XPUT 392 0.84,-1.00,9.85,4.22,78.26,-1.00,-1.00,5.91,44.20,162.71,-1.00,-1.00,-1.00,-1.00,-1.00
XPUT 393 0.84,-1.00,9.82,4.21,77.99,-1.00,-1.00,5.89,44.05,163.84,-1.00,-1.00,-1.00,-1.00,-1.00
XPUT 394 0.84,-1.00,9.79,4.19,77.73,-1.00,-1.00,5.87,44.46,163.58,-1.00,-1.00,-1.00,-1.00,-1.00
XPUT 395 0.84,-1.00,9.75,4.18,77.48,-1.00,-1.00,5.85,44.59,164.43,-1.00,-1.00,-1.00,-1.00,-1.00
XPUT 396 0.83,-1.00,10.28,4.72,77.22,-1.00,-1.00,5.83,44.44,167.77,-1.00,-1.00,-1.00,-1.00,-1.00
XPUT 397 0.83,-1.00,10.24,4.98,76.96,-1.00,-1.00,5.81,44.85,170.82,-1.00,-1.00,-1.00,-1.00,-1.00
XPUT 398 0.83,-1.00,10.21,4.97,76.71,-1.00,-1.00,5.79,44.70,174.39,-1.00,-1.00,-1.00,-1.00,-1.00
XPUT 399 0.83,-1.00,10.18,4.95,76.46,-1.00,-1.00,5.78,45.11,178.77,-1.00,-1.00,-1.00,-1.00,-1.00
XPUT 400 0.82,-1.00,10.14,4.93,76.21,-1.00,-1.00,5.76,45.23,181.48,-1.00,-1.00,-1.00,-1.00,-1.00
XPUT 401 0.82,-1.00,10.11,4.92,75.96,-1.00,-1.00,5.74,45.63,184.71,-1.00,-1.00,-1.00,-1.00,-1.00
XPUT 402 0.82,-1.00,11.44,4.90,75.72,-1.00,-1.00,5.72,45.48,187.93,-1.00,-1.00,-1.00,-1.00,-1.00
XPUT 403 0.81,0.27,11.40,4.89,75.47,-1.00,-1.00,5.70,45.61,191.12,-1.00,-1.00,-1.00,-1.00,-1.00
XPUT 404 0.81,0.27,11.37,4.87,75.50,-1.00,-1.00,5.68,46.00,194.29,-1.00,-1.00,-1.00,-1.00,-1.00
XPUT 405 0.81,0.27,11.33,4.86,75.79,-1.00,-1.00,5.66,46.12,196.63,-1.00,-1.00,-1.00,-1.00,-1.00
XPUT 406 0.81,0.81,11.29,4.84,75.55,-1.00,-1.00,5.65,46.51,197.62,-1.00,-1.00,-1.00,-1.00,-1.00
XPUT 407 0.80,1.61,11.52,4.82,75.58,-1.00,-1.00,5.63,46.37,198.06,-1.00,-1.00,-1.00,-1.00,-1.00
XPUT 408 0.80,1.87,11.49,4.81,76.14,-1.00,-1.00,5.61,46.75,199.03,-1.00,-1.00,-1.00,-1.00,-1.00
XPUT 409 0.80,2.66,11.98,4.79,75.90,-1.00,-1.00,5.59,46.60,200.00,-1.00,-1.00,-1.00,-1.00,-1.00
XPUT 410 0.80,4.51,11.95,4.78,75.66,-1.00,-1.00,5.57,46.72,201.49,-1.00,-1.00,-1.00,-1.00,-1.00
XPUT 411 0.79,4.76,12.17,4.76,75.42,-1.00,-1.00,5.56,47.10,202.17,-1.00,-1.00,-1.00,-1.00,-1.00
XPUT 412 0.79,4.75,12.66,5.28,75.18,-1.00,-1.00,5.54,47.75,202.59,-1.00,-1.00,-1.00,-1.00,-1.00
XPUT 413 0.79,6.57,12.62,5.26,74.95,-1.00,-1.00,5.52,47.86,203.80,-1.00,-1.00,-1.00,-1.00,-1.00
XPUT 414 0.79,6.82,13.11,5.51,75.24,-1.00,-1.00,5.51,47.71,203.16,-1.00,-1.00,-1.00,-1.00,-1.00
XPUT 415 0.78,8.36,13.07,5.49,75.78,-1.00,-1.00,5.49,47.56,202.79,-1.00,-1.00,-1.00,-1.00,-1.00
XPUT 416 0.78,8.86,13.29,5.47,76.07,-1.00,-1.00,5.47,47.41,202.94,-1.00,-1.00,-1.00,-1.00,-1.00
XPUT 417 0.78,9.09,13.25,5.45,76.61,-1.00,-1.00,5.45,47.27,203.09,-1.00,-1.00,-1.00,-1.00,-1.00
XPUT 418 0.78,9.06,13.72,5.44,76.38,-1.00,-1.00,5.44,47.64,203.76,-1.00,-1.00,-1.00,-1.00,-1.00
XPUT 419 0.77,9.03,13.68,5.42,76.40,-1.00,-1.00,5.42,47.75,205.46,-1.00,-1.00,-1.00,-1.00,-1.00
XPUT 420 0.77,10.04,14.41,5.40,77.45,-1.00,-1.00,5.40,47.60,206.63,-1.00,-1.00,-1.00,-1.00,-1.00
XPUT 421 0.77,11.03,14.62,5.39,77.22,-1.00,-1.00,5.39,48.48,207.53,-1.00,-1.00,-1.00,-1.00,-1.00
XPUT 422 0.77,12.79,14.58,5.37,77.75,-1.00,-1.00,5.37,48.34,207.67,-1.00,-1.00,-1.00,-1.00,-1.00
XPUT 423 0.76,14.53,15.04,5.35,78.02,-1.00,-1.00,5.35,48.44,207.04,-1.00,-1.00,-1.00,-1.00,-1.00
XPUT 424 0.76,14.49,15.76,5.34,78.80,-1.00,-1.00,5.34,49.06,206.41,-1.00,-1.00,-1.00,-1.00,-1.00
XPUT 425 0.76,14.45,16.22,5.32,79.07,-1.00,-1.00,5.32,48.91,206.55,-1.00,-1.00,-1.00,-1.00,-1.00
XPUT 426 0.76,14.40,16.42,5.31,78.83,-1.00,-1.00,5.31,49.52,207.19,-1.00,-1.00,-1.00,-1.00,-1.00
XPUT 427 0.76,14.36,16.88,5.29,79.35,-1.00,-1.00,5.29,49.37,208.08,-1.00,-1.00,-1.00,-1.00,-1.00
XPUT 428 0.75,14.32,17.58,5.27,79.62,-1.00,-1.00,5.78,49.23,208.71,-1.00,-1.00,-1.00,-1.00,-1.00
XPUT 429 0.75,14.27,17.53,5.26,79.63,-1.00,-1.00,5.76,49.08,210.09,-1.00,-1.00,-1.00,-1.00,-1.00
XPUT 430 0.75,14.23,17.73,5.24,80.14,-1.00,-1.00,5.74,48.93,209.72,-1.00,-1.00,-1.00,-1.00,-1.00
XPUT 431 0.75,14.19,18.17,6.22,81.15,-1.00,-1.00,5.73,49.29,211.08,-1.00,-1.00,-1.00,-1.00,-1.00
XPUT 432 0.74,14.15,18.61,6.20,81.65,-1.00,-1.00,5.71,49.64,211.95,-1.00,-1.00,-1.00,-1.00,-1.00
XPUT 433 0.74,14.10,18.56,6.19,82.15,-1.00,-1.00,5.69,49.74,212.81,-1.00,-1.00,-1.00,-1.00,-1.00
XPUT 434 0.74,14.06,18.50,6.17,81.91,-1.00,-1.00,5.67,50.33,213.91,-1.00,-1.00,-1.00,-1.00,-1.00
XPUT 435 0.74,14.02,18.45,6.15,83.39,-1.00,-1.00,5.66,50.18,215.25,-1.00,-1.00,-1.00,-1.00,-1.00
XPUT 436 0.74,13.98,18.40,6.13,83.40,-1.00,-1.00,5.64,50.53,216.34,-1.00,-1.00,-1.00,-1.00,-1.00
XPUT 437 0.73,13.94,18.34,6.11,83.89,-1.00,-1.00,5.63,50.38,218.15,-1.00,-1.00,-1.00,-1.00,-1.00
XPUT 438 0.73,13.90,18.29,6.10,83.64,-1.00,-1.00,6.10,50.97,218.98,-1.00,-1.00,-1.00,-1.00,-1.00
XPUT 439 0.73,13.86,18.24,6.08,83.89,-1.00,-1.00,6.08,51.55,220.29,-1.00,-1.00,-1.00,-1.00,-1.00
XPUT 440 0.73,13.82,18.18,6.06,83.89,-1.00,-1.00,6.06,52.13,221.11,-1.00,-1.00,-1.00,-1.00,-1.00
XPUT 441 0.73,14.50,18.13,6.04,83.64,-1.00,-1.00,6.04,52.46,221.92,-1.00,-1.00,-1.00,-1.00,-1.00
XPUT 442 0.72,14.46,18.08,6.03,84.61,-1.00,-1.00,6.03,53.03,222.49,-1.00,-1.00,-1.00,-1.00,-1.00
XPUT 443 0.72,14.42,18.03,6.01,85.09,-1.00,-1.00,6.01,54.08,221.85,-1.00,-1.00,-1.00,-1.00,-1.00
XPUT 444 0.72,15.34,17.98,5.99,85.32,-1.00,-1.00,5.99,54.89,221.22,-1.00,-1.00,-1.00,-1.00,-1.00
XPUT 445 0.72,17.92,18.64,5.97,85.08,-1.00,-1.00,5.97,56.16,220.59,-1.00,-1.00,-1.00,-1.00,-1.00
XPUT 446 0.71,19.30,18.83,5.96,84.84,-1.00,-1.00,5.96,57.67,219.96,-1.00,-1.00,-1.00,-1.00,-1.00
XPUT 447 0.71,19.25,19.96,5.94,84.60,-1.00,-1.00,5.94,59.41,219.34,-1.00,-1.00,-1.00,-1.00,-1.00
XPUT 448 0.71,19.19,21.09,5.92,84.36,-1.00,-1.00,5.92,60.66,218.72,-1.00,-1.00,-1.00,-1.00,-1.00
XPUT 449 0.71,19.14,21.03,5.91,84.12,-1.00,-1.00,5.91,62.62,218.10,-1.00,-1.00,-1.00,-1.00,-1.00
XPUT 450 0.71,19.32,20.97,5.89,83.89,-1.00,-1.00,5.89,63.62,217.49,-1.00,-1.00,-1.00,-1.00,-1.00
XPUT 451 0.70,19.27,20.91,5.87,83.65,-1.00,-1.00,5.87,64.15,216.88,-1.00,-1.00,-1.00,-1.00,-1.00
XPUT 452 0.70,19.68,20.85,5.86,84.82,-1.00,-1.00,5.86,64.67,216.28,-1.00,-1.00,-1.00,-1.00,-1.00
XPUT 453 0.70,19.63,20.80,5.84,85.99,-1.00,-1.00,5.84,64.96,215.67,-1.00,-1.00,-1.00,-1.00,-1.00
XPUT 454 0.70,19.57,20.74,5.83,85.75,-1.00,-1.00,5.83,65.01,215.07,-1.00,-1.00,-1.00,-1.00,-1.00
XPUT 455 0.70,19.52,20.68,5.81,87.14,-1.00,-1.00,5.81,65.53,214.48,-1.00,-1.00,-1.00,-1.00,-1.00
XPUT 456 0.70,19.70,20.62,5.79,87.13,-1.00,-1.00,5.79,66.51,213.89,-1.00,-1.00,-1.00,-1.00,-1.00
XPUT 457 0.69,20.10,20.57,5.78,88.05,-1.00,-1.00,5.78,67.02,213.30,-1.00,-1.00,-1.00,-1.00,-1.00
XPUT 458 0.69,20.05,20.74,5.76,88.03,-1.00,-1.00,5.76,67.52,213.17,-1.00,-1.00,-1.00,-1.00,-1.00
XPUT 459 0.69,19.99,21.37,5.75,87.79,-1.00,-1.00,5.75,69.64,212.82,-1.00,-1.00,-1.00,-1.00,-1.00
XPUT 460 -1.00,20.40,22.46,5.73,87.55,-1.00,-1.00,5.73,71.05,212.24,-1.00,-1.00,-1.00,-1.00,-1.00
XPUT 461 -1.00,20.57,23.09,5.71,87.31,-1.00,-1.00,5.71,72.69,211.66,-1.00,-1.00,-1.00,-1.00,-1.00
XPUT 462 -1.00,20.52,23.48,5.70,87.53,-1.00,-1.00,5.70,75.00,211.54,-1.00,-1.00,-1.00,-1.00,-1.00
XPUT 463 -1.00,20.91,23.42,5.68,87.30,-1.00,-1.00,5.68,76.61,211.19,-1.00,-1.00,-1.00,-1.00,-1.00
XPUT 464 -1.00,20.86,23.35,5.67,87.74,-1.00,-1.00,5.67,78.22,211.08,-1.00,-1.00,-1.00,-1.00,-1.00
XPUT 465 -1.00,21.03,23.29,5.65,88.18,-1.00,-1.00,5.65,78.23,211.41,-1.00,-1.00,-1.00,-1.00,-1.00
XPUT 466 -1.00,21.65,23.23,5.64,89.07,-1.00,-1.00,5.64,79.60,211.97,-1.00,-1.00,-1.00,-1.00,-1.00
XPUT 467 -1.00,22.04,23.16,5.62,89.96,-1.00,-1.00,5.62,79.39,212.08,-1.00,-1.00,-1.00,-1.00,-1.00
XPUT 468 -1.00,22.43,23.10,5.61,90.39,-1.00,-1.00,5.61,80.07,213.08,-1.00,-1.00,-1.00,-1.00,-1.00
XPUT 469 -1.00,22.37,23.04,5.59,91.04,-1.00,-1.00,5.59,81.43,213.85,-1.00,-1.00,-1.00,-1.00,-1.00
XPUT 470 -1.00,22.53,23.87,5.58,91.47,-1.00,-1.00,5.58,82.55,213.28,-1.00,-1.00,-1.00,-1.00,-1.00
XPUT 471 -1.00,22.47,24.92,5.56,91.67,-1.00,-1.00,5.56,83.00,214.05,-1.00,-1.00,-1.00,-1.00,-1.00
XPUT 472 -1.00,22.41,25.96,5.55,91.88,-1.00,-1.00,5.55,83.89,215.26,-1.00,-1.00,-1.00,-1.00,-1.00
XPUT 473 -1.00,22.80,25.90,5.53,91.85,-1.00,-1.00,5.53,83.89,216.02,-1.00,-1.00,-1.00,-1.00,-1.00
XPUT 474 -1.00,22.96,25.83,5.52,91.61,-1.00,-1.00,5.52,83.67,216.12,-1.00,-1.00,-1.00,-1.00,-1.00
XPUT 475 -1.00,23.34,25.76,5.50,91.81,-1.00,-1.00,5.50,83.89,215.55,-1.00,-1.00,-1.00,-1.00,-1.00
XPUT 476 -1.00,23.28,25.69,5.49,91.79,-1.00,-1.00,5.49,84.54,214.99,-1.00,-1.00,-1.00,-1.00,-1.00
XPUT 477 -1.00,23.44,25.63,5.48,92.21,-1.00,-1.00,5.48,85.86,214.42,-1.00,-1.00,-1.00,-1.00,-1.00
XPUT 478 -1.00,24.03,25.56,5.46,92.41,-1.00,-1.00,5.46,86.51,214.52,-1.00,-1.00,-1.00,-1.00,-1.00
XPUT 479 -1.00,23.97,25.49,5.45,92.60,-1.00,-1.00,5.45,87.37,214.62,-1.00,-1.00,-1.00,-1.00,-1.00
XPUT 480 -1.00,24.34,25.43,5.43,93.01,-1.00,-1.00,5.43,88.23,215.80,-1.00,-1.00,-1.00,-1.00,-1.00
XPUT 481 -1.00,24.71,25.36,5.42,93.42,-1.00,-1.00,5.42,89.31,216.98,-1.00,-1.00,-1.00,-1.00,-1.00
XPUT 482 -1.00,24.86,25.30,5.41,94.05,-1.00,-1.00,5.41,90.37,217.71,-1.00,-1.00,-1.00,-1.00,-1.00
XPUT 483 -1.00,25.45,25.23,5.39,93.81,-1.00,-1.00,5.39,91.65,218.66,-1.00,-1.00,-1.00,-1.00,-1.00
XPUT 484 -1.00,25.81,25.17,5.38,94.43,-1.00,-1.00,5.38,92.70,218.32,-1.00,-1.00,-1.00,-1.00,-1.00
XPUT 485 -1.00,25.75,25.10,5.36,94.18,-1.00,-1.00,5.36,93.33,218.40,-1.00,-1.00,-1.00,-1.00,-1.00
XPUT 486 -1.00,25.89,25.04,5.35,93.94,-1.00,-1.00,5.35,94.16,219.34,-1.00,-1.00,-1.00,-1.00,-1.00
XPUT 487 -1.00,26.25,24.97,5.34,93.92,-1.00,-1.00,5.34,94.99,220.28,-1.00,-1.00,-1.00,-1.00,-1.00
XPUT 488 -1.00,26.19,24.91,5.32,94.11,-1.00,-1.00,5.32,95.81,221.21,-1.00,-1.00,-1.00,-1.00,-1.00
XPUT 489 -1.00,26.76,25.48,5.31,94.72,-1.00,-1.00,5.31,96.42,222.14,-1.00,-1.00,-1.00,-1.00,-1.00
XPUT 490 -1.00,27.11,26.06,5.30,95.33,-1.00,-1.00,5.30,97.23,223.06,-1.00,-1.00,-1.00,-1.00,-1.00
XPUT 491 -1.00,27.26,26.62,5.28,95.30,-1.00,-1.00,5.28,98.04,223.13,-1.00,-1.00,-1.00,-1.00,-1.00
XPUT 492 -1.00,27.19,27.19,5.27,95.48,-1.00,-1.00,5.27,98.43,224.47,-1.00,-1.00,-1.00,-1.00,-1.00
XPUT 493 -1.00,27.12,27.54,5.26,95.87,-1.00,-1.00,5.26,99.02,225.17,-1.00,-1.00,-1.00,-1.00,-1.00
XPUT 494 -1.00,27.47,27.68,5.24,96.47,-1.00,-1.00,5.24,99.82,226.07,-1.00,-1.00,-1.00,-1.00,-1.00
XPUT 495 -1.00,27.40,28.24,5.23,96.65,-1.00,-1.00,5.23,100.20,226.76,-1.00,-1.00,-1.00,-1.00,-1.00
XPUT 496 -1.00,27.54,28.59,5.22,96.82,-1.00,-1.00,5.22,101.00,227.87,-1.00,-1.00,-1.00,-1.00,-1.00
XPUT 497 -1.00,27.48,28.93,5.20,96.79,-1.00,-1.00,5.20,101.79,228.14,-1.00,-1.00,-1.00,-1.00,-1.00
XPUT 498 -1.00,27.82,28.86,5.19,97.17,-1.00,-1.00,5.19,102.16,229.03,-1.00,-1.00,-1.00,-1.00,-1.00
XPUT 499 -1.00,27.96,29.62,5.18,97.56,-1.00,-1.00,5.18,103.15,229.29,-1.00,-1.00,-1.00,-1.00,-1.00
XPUT 500 -1.00,28.31,30.58,5.17,97.32,-1.00,-1.00,5.17,103.93,228.72,-1.00,-1.00,-1.00,-1.00,-1.00
XPUT 501 -1.00,28.24,31.53,5.15,97.49,-1.00,-1.00,5.15,104.91,228.16,-1.00,-1.00,-1.00,-1.00,-1.00
XPUT 502 -1.00,28.58,32.07,5.14,97.25,-1.00,-1.00,5.14,105.68,227.60,-1.00,-1.00,-1.00,-1.00,-1.00
XPUT 503 -1.00,28.51,32.20,5.13,97.01,-1.00,-1.00,5.13,106.65,227.05,-1.00,-1.00,-1.00,-1.00,-1.00
XPUT 504 -1.00,29.05,32.53,5.12,97.19,-1.00,-1.00,5.12,107.42,226.49,-1.00,-1.00,-1.00,-1.00,-1.00
XPUT 505 -1.00,29.19,32.66,5.10,97.15,-1.00,-1.00,5.10,108.38,225.94,-1.00,-1.00,-1.00,-1.00,-1.00
XPUT 506 -1.00,29.52,32.98,5.09,97.32,-1.00,-1.00,5.09,108.73,225.39,-1.00,-1.00,-1.00,-1.00,-1.00
XPUT 507 -1.00,30.06,33.31,5.08,97.29,-1.00,-1.00,5.08,109.68,224.85,-1.00,-1.00,-1.00,-1.00,-1.00
XPUT 508 -1.00,30.39,33.84,5.07,97.46,-1.00,-1.00,5.07,110.02,224.30,-1.00,-1.00,-1.00,-1.00,-1.00
XPUT 509 -1.00,30.93,33.96,5.05,97.83,-1.00,-1.00,5.05,111.17,223.76,-1.00,-1.00,-1.00,-1.00,-1.00
XPUT 510 -1.00,31.05,34.48,5.04,97.80,-1.00,-1.00,5.04,111.71,223.23,-1.00,-1.00,-1.00,-1.00,-1.00
XPUT 511 -1.00,31.58,34.80,5.03,97.97,-1.00,-1.00,5.03,111.85,222.69,-1.00,-1.00,-1.00,-1.00,-1.00
XPUT 512 -1.00,32.91,35.72,5.02,98.34,-1.00,-1.00,5.02,112.18,222.16,-1.00,-1.00,-1.00,-1.00,-1.00
XPUT 513 -1.00,33.03,36.44,5.01,98.70,-1.00,-1.00,5.01,112.92,221.63,-1.00,-1.00,-1.00,-1.00,-1.00
XPUT 514 -1.00,33.35,37.75,4.99,98.87,-1.00,-1.00,4.99,113.25,221.10,-1.00,-1.00,-1.00,-1.00,-1.00
XPUT 515 -1.00,33.28,39.05,4.98,98.63,-1.00,-1.00,4.98,113.77,220.57,-1.00,-1.00,-1.00,-1.00,-1.00
XPUT 516 -1.00,33.79,39.96,4.97,98.40,-1.00,-1.00,4.97,114.50,220.05,-1.00,-1.00,-1.00,-1.00,-1.00
XPUT 517 -1.00,34.31,39.86,4.96,98.76,-1.00,-1.00,4.96,115.42,219.53,-1.00,-1.00,-1.00,-1.00,-1.00
XPUT 518 -1.00,35.22,40.76,4.95,98.92,-1.00,-1.00,4.95,116.13,219.01,-1.00,-1.00,-1.00,-1.00,-1.00
XPUT 519 -1.00,36.32,40.86,4.93,98.89,-1.00,-1.00,4.93,117.05,218.50,-1.00,-1.00,-1.00,-1.00,-1.00
XPUT 520 -1.00,37.22,41.16,4.92,99.05,-1.00,-1.00,4.92,118.15,217.99,-1.00,-1.00,-1.00,-1.00,-1.00
XPUT 521 -1.00,37.33,41.65,4.91,99.01,-1.00,-1.00,4.91,118.46,217.48,-1.00,-1.00,-1.00,-1.00,-1.00
XPUT 522 -1.00,38.42,42.14,4.90,99.37,-1.00,-1.00,4.90,119.36,216.97,-1.00,-1.00,-1.00,-1.00,-1.00
XPUT 523 -1.00,39.30,42.63,4.89,99.53,-1.00,-1.00,4.89,120.06,216.46,-1.00,-1.00,-1.00,-1.00,-1.00
XPUT 524 -1.00,39.60,43.11,4.88,99.88,-1.00,-1.00,4.88,120.37,215.96,-1.00,-1.00,-1.00,-1.00,-1.00
XPUT 525 -1.00,40.29,43.40,4.87,100.04,-1.00,-1.00,4.87,120.67,215.46,-1.00,-1.00,-1.00,-1.00,-1.00
XPUT 526 -1.00,41.17,43.88,4.85,99.81,-1.00,-1.00,4.85,121.36,214.96,-1.00,-1.00,-1.00,-1.00,-1.00
XPUT 527 -1.00,42.23,44.36,4.84,99.77,-1.00,-1.00,4.84,121.86,214.46,-1.00,-1.00,-1.00,-1.00,-1.00
XPUT 528 -1.00,43.49,45.23,4.83,99.54,-1.00,-1.00,4.83,122.16,213.97,-1.00,-1.00,-1.00,-1.00,-1.00
XPUT 529 -1.00,44.16,46.86,4.82,99.31,-1.00,-1.00,4.82,122.84,213.48,-1.00,-1.00,-1.00,-1.00,-1.00
XPUT 530 -1.00,45.02,48.10,4.81,99.47,-1.00,-1.00,4.81,123.52,212.99,-1.00,-1.00,-1.00,-1.00,-1.00
XPUT 531 -1.00,46.07,49.14,4.80,99.24,-1.00,-1.00,4.80,123.81,212.50,-1.00,-1.00,-1.00,-1.00,-1.00
XPUT 532 -1.00,47.11,49.80,4.79,99.02,-1.00,-1.00,4.79,124.49,212.01,-1.00,-1.00,-1.00,-1.00,-1.00
XPUT 533 -1.00,48.34,51.02,4.78,98.98,-1.00,-1.00,4.78,125.35,211.53,-1.00,-1.00,-1.00,-1.00,-1.00
XPUT 534 -1.00,49.38,52.43,4.77,99.14,-1.00,-1.00,4.77,126.21,211.05,-1.00,-1.00,-1.00,-1.00,-1.00
XPUT 535 -1.00,49.84,53.07,4.76,98.91,-1.00,-1.00,4.76,126.88,210.57,-1.00,-1.00,-1.00,-1.00,-1.00
XPUT 536 -1.00,50.86,54.09,4.74,98.69,-1.00,-1.00,4.74,128.11,210.09,-1.00,-1.00,-1.00,-1.00,-1.00
XPUT 537 -1.00,51.32,54.72,4.73,98.66,-1.00,-1.00,4.73,128.57,209.62,-1.00,-1.00,-1.00,-1.00,-1.00
XPUT 538 -1.00,51.96,55.17,4.72,98.81,-1.00,-1.00,4.72,128.29,209.15,-1.00,-1.00,-1.00,-1.00,-1.00
XPUT 539 -1.00,52.97,56.55,4.71,98.97,-1.00,-1.00,4.71,128.00,208.68,-1.00,-1.00,-1.00,-1.00,-1.00
XPUT 540 -1.00,53.98,57.74,4.70,99.31,-1.00,-1.00,4.70,127.71,208.21,-1.00,-1.00,-1.00,-1.00,-1.00
XPUT 541 -1.00,54.99,58.93,4.69,99.27,-1.00,-1.00,4.69,127.42,207.74,-1.00,-1.00,-1.00,-1.00,-1.00
XPUT 542 -1.00,55.42,60.11,4.68,99.61,-1.00,-1.00,4.68,127.14,207.28,-1.00,-1.00,-1.00,-1.00,-1.00
XPUT 543 -1.00,56.80,60.91,4.67,99.77,-1.00,-1.00,4.67,126.86,206.82,-1.00,-1.00,-1.00,-1.00,-1.00
XPUT 544 -1.00,57.79,61.89,4.66,99.73,-1.00,-1.00,4.66,126.57,206.36,-1.00,-1.00,-1.00,-1.00,-1.00
XPUT 545 -1.00,58.96,63.05,4.65,100.25,-1.00,-1.00,4.65,126.29,205.90,-1.00,-1.00,-1.00,-1.00,-1.00
XPUT 546 -1.00,60.32,64.21,4.64,100.59,-1.00,-1.00,4.64,126.01,205.45,-1.00,-1.00,-1.00,-1.00,-1.00
XPUT 547 -1.00,61.29,65.00,4.63,100.55,-1.00,-1.00,4.63,125.74,204.99,-1.00,-1.00,-1.00,-1.00,-1.00
XPUT 548 -1.00,62.64,65.96,4.62,101.25,-1.00,-1.00,4.62,125.46,204.54,-1.00,-1.00,-1.00,-1.00,-1.00
XPUT 549 -1.00,64.16,66.37,4.61,101.40,-1.00,-1.00,4.61,125.18,204.09,-1.00,-1.00,-1.00,-1.00,-1.00
XPUT 550 -1.00,64.94,66.23,4.60,101.91,-1.00,-1.00,4.60,124.91,203.64,-1.00,-1.00,-1.00,-1.00,-1.00
XPUT 551 -1.00,66.08,66.82,4.59,102.24,-1.00,-1.00,4.59,124.64,203.20,-1.00,-1.00,-1.00,-1.00,-1.00
XPUT 552 -1.00,67.40,67.77,4.58,102.38,-1.00,-1.00,4.58,124.73,202.76,-1.00,-1.00,-1.00,-1.00,-1.00
XPUT 553 -1.00,68.17,68.72,4.57,102.34,-1.00,-1.00,4.57,124.64,202.31,-1.00,-1.00,-1.00,-1.00,-1.00
XPUT 554 0.18,69.48,68.93,4.56,102.85,-1.00,-1.00,4.56,124.92,201.87,-1.00,-1.00,-1.00,-1.00,-1.00
XPUT 555 0.18,70.42,69.51,4.55,103.17,-1.00,-1.00,4.55,125.01,201.44,-1.00,-1.00,-1.00,-1.00,-1.00
XPUT 556 0.18,71.18,69.91,4.54,103.13,-1.00,-1.00,4.72,125.10,201.00,-1.00,-1.00,-1.00,-1.00,-1.00
XPUT 557 0.18,71.20,70.12,4.53,103.27,-1.00,-1.00,4.71,125.01,200.57,-1.00,-1.00,-1.00,-1.00,-1.00
XPUT 558 0.18,71.05,70.33,4.52,103.23,-1.00,-1.00,4.70,125.11,200.13,-1.00,-1.00,-1.00,-1.00,-1.00
XPUT 559 0.54,70.90,70.18,4.51,103.01,-1.00,-1.00,4.69,124.84,199.70,-1.00,-1.00,-1.00,-1.00,-1.00
XPUT 560 0.54,71.11,70.03,4.50,103.51,-1.00,-1.00,4.68,125.11,199.27,-1.00,-1.00,-1.00,-1.00,-1.00
XPUT 561 0.54,71.13,69.88,4.49,103.47,-1.00,-1.00,4.67,124.84,198.85,-1.00,-1.00,-1.00,-1.00,-1.00
XPUT 562 0.54,70.98,70.44,4.48,103.60,-1.00,-1.00,4.66,124.75,198.42,-1.00,-1.00,-1.00,-1.00,-1.00
XPUT 563 0.54,71.19,70.65,4.47,103.56,-1.00,-1.00,4.65,124.49,198.00,-1.00,-1.00,-1.00,-1.00,-1.00
XPUT 564 0.54,71.04,71.04,4.46,103.70,-1.00,-1.00,4.64,124.22,197.58,-1.00,-1.00,-1.00,-1.00,-1.00
XPUT 565 0.53,70.88,71.42,4.45,104.01,-1.00,-1.00,4.63,123.96,197.16,-1.00,-1.00,-1.00,-1.00,-1.00
XPUT 566 0.53,71.09,71.80,4.44,104.32,-1.00,-1.00,4.62,123.70,196.74,-1.00,-1.00,-1.00,-1.00,-1.00
XPUT 567 0.53,70.94,72.00,4.43,104.10,-1.00,-1.00,4.61,123.43,196.33,-1.00,-1.00,-1.00,-1.00,-1.00
XPUT 568 0.53,70.97,72.03,4.42,104.42,-1.00,-1.00,4.60,123.17,195.91,-1.00,-1.00,-1.00,-1.00,-1.00
XPUT 569 0.53,70.82,72.41,4.59,104.73,-1.00,-1.00,4.59,122.92,195.50,-1.00,-1.00,-1.00,-1.00,-1.00
XPUT 570 0.53,71.02,73.14,4.93,105.74,-1.00,-1.00,4.58,122.66,195.09,-1.00,-1.00,-1.00,-1.00,-1.00
XPUT 571 0.53,71.05,73.86,4.92,106.22,-1.00,-1.00,4.57,122.40,194.68,-1.00,-1.00,-1.00,-1.00,-1.00
XPUT 572 0.53,71.25,74.76,4.91,107.05,-1.00,-1.00,4.56,122.49,194.27,-1.00,-1.00,-1.00,-1.00,-1.00
XPUT 573 0.53,71.10,75.13,4.90,107.53,-1.00,-1.00,4.90,122.24,194.39,-1.00,-1.00,-1.00,-1.00,-1.00
XPUT 574 0.52,71.13,75.85,4.89,108.00,-1.00,-1.00,4.89,122.33,194.69,-1.00,-1.00,-1.00,-1.00,-1.00
XPUT 575 0.52,70.98,75.86,4.88,108.65,-1.00,-1.00,4.88,122.08,194.80,-1.00,-1.00,-1.00,-1.00,-1.00
XPUT 576 0.52,70.83,75.71,4.87,108.43,-1.00,-1.00,4.87,121.83,195.44,-1.00,-1.00,-1.00,-1.00,-1.00
XPUT 577 0.52,70.69,75.55,5.04,108.72,-1.00,-1.00,4.86,121.57,195.91,-1.00,-1.00,-1.00,-1.00,-1.00
XPUT 578 0.52,70.89,75.39,5.37,109.88,-1.00,-1.00,4.85,121.50,196.20,-1.00,-1.00,-1.00,-1.00,-1.00
XPUT 579 0.52,70.91,75.24,5.36,111.04,-1.00,-1.00,4.84,121.76,195.79,-1.00,-1.00,-1.00,-1.00,-1.00
XPUT 580 0.52,71.11,75.08,5.35,111.33,-1.00,-1.00,4.83,121.86,196.60,-1.00,-1.00,-1.00,-1.00,-1.00
XPUT 581 0.52,70.97,75.27,5.34,112.14,-1.00,-1.00,4.82,121.78,196.71,-1.00,-1.00,-1.00,-1.00,-1.00
XPUT 582 0.52,71.17,75.12,5.33,113.28,-1.00,-1.00,4.81,122.05,197.85,-1.00,-1.00,-1.00,-1.00,-1.00
XPUT 583 0.51,71.53,74.97,5.32,114.08,-1.00,-1.00,4.80,122.66,198.48,-1.00,-1.00,-1.00,-1.00,-1.00
XPUT 584 0.51,71.56,75.33,5.31,114.87,-1.00,-1.00,4.79,122.92,198.93,-1.00,-1.00,-1.00,-1.00,-1.00
XPUT 585 0.51,71.76,75.51,5.30,115.49,-1.00,-1.00,4.78,123.52,199.38,-1.00,-1.00,-1.00,-1.00,-1.00
XPUT 586 0.51,72.12,75.53,5.29,115.77,-1.00,-1.00,4.77,123.61,200.00,-1.00,-1.00,-1.00,-1.00,-1.00
XPUT 587 0.51,71.98,75.38,5.27,116.05,-1.00,-1.00,4.76,123.87,200.44,-1.00,-1.00,-1.00,-1.00,-1.00
XPUT 588 0.68,72.34,75.57,5.26,116.66,-1.00,-1.00,4.75,124.13,201.22,-1.00,-1.00,-1.00,-1.00,-1.00
XPUT 589 0.68,72.53,75.58,5.25,117.27,-1.00,-1.00,4.75,124.05,202.00,-1.00,-1.00,-1.00,-1.00,-1.00
XPUT 590 0.68,73.06,75.77,5.24,117.54,-1.00,-1.00,4.74,124.14,201.60,-1.00,-1.00,-1.00,-1.00,-1.00
XPUT 591 0.68,73.42,76.12,5.23,118.32,-1.00,-1.00,4.73,124.39,201.70,-1.00,-1.00,-1.00,-1.00,-1.00
XPUT 592 1.18,74.45,76.98,5.73,119.09,-1.00,-1.00,4.72,125.16,202.30,-1.00,-1.00,-1.00,-1.00,-1.00
XPUT 593 1.18,74.47,76.83,5.72,119.19,-1.00,-1.00,4.71,125.24,201.90,-1.00,-1.00,-1.00,-1.00,-1.00
XPUT 594 1.17,74.66,77.01,5.70,119.45,-1.00,-1.00,4.70,124.99,201.83,-1.00,-1.00,-1.00,-1.00,-1.00
XPUT 595 1.17,74.68,76.85,5.86,119.55,-1.00,-1.00,4.69,124.91,201.59,-1.00,-1.00,-1.00,-1.00,-1.00
XPUT 596 1.17,74.86,76.70,5.85,119.48,-1.00,-1.00,4.68,124.99,201.53,-1.00,-1.00,-1.00,-1.00,-1.00
XPUT 597 1.17,75.21,76.55,5.84,119.58,-1.00,-1.00,4.67,125.25,201.29,-1.00,-1.00,-1.00,-1.00,-1.00
XPUT 598 1.50,75.40,76.40,6.16,119.84,-1.00,-1.00,4.66,125.50,201.39,-1.00,-1.00,-1.00,-1.00,-1.00
XPUT 599 1.49,75.75,76.24,6.15,120.10,-1.00,-1.00,4.65,125.58,200.99,-1.00,-1.00,-1.00,-1.00,-1.00
XPUT 600 1.49,76.09,76.26,6.13,120.36,-1.00,-1.00,4.64,125.99,200.60,-1.00,-1.00,-1.00,-1.00,-1.00
XPUT 601 1.49,76.44,76.77,6.12,120.45,-1.00,-1.00,4.63,126.41,200.20,-1.00,-1.00,-1.00,-1.00,-1.00
XPUT 602 1.49,76.79,76.79,6.11,120.88,-1.00,-1.00,4.79,126.65,199.81,-1.00,-1.00,-1.00,-1.00,-1.00
XPUT 603 1.48,76.96,76.96,6.10,120.97,-1.00,-1.00,4.78,126.90,199.74,-1.00,-1.00,-1.00,-1.00,-1.00
XPUT 604 1.64,77.47,77.31,6.09,121.55,-1.00,-1.00,4.77,126.65,199.35,-1.00,-1.00,-1.00,-1.00,-1.00
XPUT 605 1.64,77.98,77.32,6.07,121.97,-1.00,-1.00,4.76,126.57,198.96,-1.00,-1.00,-1.00,-1.00,-1.00
XPUT 606 1.64,78.48,77.82,6.06,122.22,-1.00,-1.00,4.75,127.14,198.57,-1.00,-1.00,-1.00,-1.00,-1.00
XPUT 607 1.64,78.82,78.16,6.38,122.31,-1.00,-1.00,4.74,127.38,198.19,-1.00,-1.00,-1.00,-1.00,-1.00
XPUT 608 2.28,79.81,78.99,6.85,123.05,-1.00,-1.00,5.06,128.11,198.78,-1.00,-1.00,-1.00,-1.00,-1.00
XPUT 609 2.28,80.63,79.81,7.33,122.82,-1.00,-1.00,5.21,129.01,198.39,-1.00,-1.00,-1.00,-1.00,-1.00
XPUT 610 2.28,80.96,79.66,7.32,122.90,-1.00,-1.00,5.20,128.76,198.50,-1.00,-1.00,-1.00,-1.00,-1.00
XPUT 611 2.27,81.61,79.83,7.30,123.15,-1.00,-1.00,5.19,128.99,198.93,-1.00,-1.00,-1.00,-1.00,-1.00
XPUT 612 2.43,81.94,79.84,7.29,123.08,-1.00,-1.00,5.18,128.91,199.03,-1.00,-1.00,-1.00,-1.00,-1.00
XPUT 613 2.42,81.78,80.01,7.27,122.84,-1.00,-1.00,5.17,128.98,199.13,-1.00,-1.00,-1.00,-1.00,-1.00
XPUT 614 2.42,81.63,79.85,7.26,122.93,-1.00,-1.00,5.16,129.22,199.55,-1.00,-1.00,-1.00,-1.00,-1.00
XPUT 615 2.74,81.47,79.86,7.41,123.49,-1.00,-1.00,5.15,129.45,200.14,-1.00,-1.00,-1.00,-1.00,-1.00
XPUT 616 2.73,81.31,79.71,7.39,123.90,-1.00,-1.00,5.14,129.69,200.56,-1.00,-1.00,-1.00,-1.00,-1.00
XPUT 617 2.89,81.16,79.56,7.70,124.47,-1.00,-1.00,5.13,130.24,201.45,-1.00,-1.00,-1.00,-1.00,-1.00
XPUT 618 2.88,81.00,79.72,8.00,124.71,-1.00,-1.00,5.12,130.47,201.71,-1.00,-1.00,-1.00,-1.00,-1.00
XPUT 619 2.88,80.85,80.05,7.99,124.47,-1.00,-1.00,5.11,131.02,202.45,-1.00,-1.00,-1.00,-1.00,-1.00
XPUT 620 3.19,80.70,80.22,7.97,124.23,-1.00,-1.00,5.10,131.25,202.70,-1.00,-1.00,-1.00,-1.00,-1.00
XPUT 621 3.18,80.54,80.54,8.12,124.32,-1.00,-1.00,5.09,131.96,203.43,-1.00,-1.00,-1.00,-1.00,-1.00
XPUT 622 3.18,80.39,80.87,8.42,124.08,-1.00,-1.00,5.08,132.50,204.00,-1.00,-1.00,-1.00,-1.00,-1.00
XPUT 623 3.33,80.24,80.87,8.56,123.85,-1.00,-1.00,5.07,133.04,204.88,-1.00,-1.00,-1.00,-1.00,-1.00
XPUT 624 3.32,80.09,81.35,8.55,123.61,-1.00,-1.00,5.38,133.90,205.76,-1.00,-1.00,-1.00,-1.00,-1.00
XPUT 625 3.32,79.94,81.83,8.85,123.38,-1.00,-1.00,5.37,134.44,206.79,-1.00,-1.00,-1.00,-1.00,-1.00
XPUT 626 3.63,79.79,82.15,8.83,123.15,-1.00,-1.00,5.36,134.97,207.82,-1.00,-1.00,-1.00,-1.00,-1.00
XPUT 627 3.62,79.64,82.31,8.81,122.92,-1.00,-1.00,5.35,135.67,208.69,-1.00,-1.00,-1.00,-1.00,-1.00
XPUT 628 3.61,79.49,82.94,8.80,122.69,-1.00,-1.00,5.34,136.20,209.56,-1.00,-1.00,-1.00,-1.00,-1.00
XPUT 629 3.61,79.34,83.26,8.78,122.61,-1.00,-1.00,5.33,136.88,209.64,-1.00,-1.00,-1.00,-1.00,-1.00
XPUT 630 3.91,79.19,83.73,8.76,122.39,-1.00,-1.00,5.48,137.41,209.56,-1.00,-1.00,-1.00,-1.00,-1.00
XPUT 631 3.91,79.04,84.35,8.75,122.16,-1.00,-1.00,5.47,137.78,209.79,-1.00,-1.00,-1.00,-1.00,-1.00
XPUT 632 3.90,78.90,84.67,8.73,122.24,-1.00,-1.00,5.46,138.61,210.18,-1.00,-1.00,-1.00,-1.00,-1.00
XPUT 633 4.05,78.75,85.29,8.72,122.17,-1.00,-1.00,5.45,138.82,210.73,-1.00,-1.00,-1.00,-1.00,-1.00
XPUT 634 4.04,78.60,85.91,8.70,121.95,-1.00,-1.00,5.44,139.03,211.58,-1.00,-1.00,-1.00,-1.00,-1.00
XPUT 635 4.03,78.46,86.68,8.68,121.72,-1.00,-1.00,5.74,139.24,212.43,-1.00,-1.00,-1.00,-1.00,-1.00
XPUT 636 4.02,78.31,86.98,8.82,121.50,-1.00,-1.00,5.73,139.29,213.27,-1.00,-1.00,-1.00,-1.00,-1.00
XPUT 637 4.02,78.17,87.13,9.11,121.27,-1.00,-1.00,5.72,139.50,212.88,-1.00,-1.00,-1.00,-1.00,-1.00
XPUT 638 4.01,78.03,87.59,9.25,121.36,-1.00,-1.00,5.71,139.24,212.49,-1.00,-1.00,-1.00,-1.00,-1.00
XPUT 639 4.00,77.88,88.20,9.54,121.44,-1.00,-1.00,5.70,138.99,212.10,-1.00,-1.00,-1.00,-1.00,-1.00
XPUT 640 4.30,77.74,88.96,9.99,121.37,-1.00,-1.00,5.68,138.73,211.71,-1.00,-1.00,-1.00,-1.00,-1.00
XPUT 641 4.29,77.60,89.25,10.43,121.46,-1.00,-1.00,5.67,138.48,211.33,-1.00,-1.00,-1.00,-1.00,-1.00
XPUT 642 4.44,77.46,89.86,10.87,121.70,-1.00,-1.00,5.66,138.38,210.94,-1.00,-1.00,-1.00,-1.00,-1.00
XPUT 643 4.43,77.32,90.46,11.46,121.63,-1.00,-1.00,5.96,138.13,210.56,-1.00,-1.00,-1.00,-1.00,-1.00
XPUT 644 4.88,77.18,91.21,12.05,121.71,-1.00,-1.00,5.95,138.34,210.17,-1.00,-1.00,-1.00,-1.00,-1.00
XPUT 645 4.87,77.04,91.95,12.94,121.49,-1.00,-1.00,5.94,138.39,209.79,-1.00,-1.00,-1.00,-1.00,-1.00
XPUT 646 4.86,76.90,92.70,12.92,121.27,-1.00,-1.00,5.93,138.29,209.41,-1.00,-1.00,-1.00,-1.00,-1.00
XPUT 647 5.16,76.76,93.59,12.89,121.35,-1.00,-1.00,5.92,138.04,209.03,-1.00,-1.00,-1.00,-1.00,-1.00
XPUT 648 5.15,76.62,94.64,13.17,121.29,-1.00,-1.00,5.91,138.09,208.66,-1.00,-1.00,-1.00,-1.00,-1.00
XPUT 649 5.14,76.48,95.07,13.15,121.52,-1.00,-1.00,5.89,138.15,208.28,-1.00,-1.00,-1.00,-1.00,-1.00
XPUT 650 5.13,76.34,95.35,13.58,121.60,-1.00,-1.00,5.88,137.90,207.90,-1.00,-1.00,-1.00,-1.00,-1.00
XPUT 651 5.12,76.21,96.39,14.31,121.39,-1.00,-1.00,5.87,137.80,207.53,-1.00,-1.00,-1.00,-1.00,-1.00
XPUT 652 5.11,76.07,96.97,15.03,121.32,-1.00,-1.00,5.86,137.56,207.16,-1.00,-1.00,-1.00,-1.00,-1.00
XPUT 653 5.10,75.93,97.99,15.46,121.40,-1.00,-1.00,5.85,137.61,206.79,-1.00,-1.00,-1.00,-1.00,-1.00
XPUT 654 5.09,75.80,98.27,16.03,121.34,-1.00,-1.00,5.84,137.51,207.02,-1.00,-1.00,-1.00,-1.00,-1.00
XPUT 655 5.08,75.66,98.69,16.00,121.42,-1.00,-1.00,5.83,137.57,206.95,-1.00,-1.00,-1.00,-1.00,-1.00
XPUT 656 5.07,75.53,98.51,16.27,121.65,-1.00,-1.00,5.82,137.32,206.58,-1.00,-1.00,-1.00,-1.00,-1.00
XPUT 657 5.07,75.39,98.64,16.24,121.73,-1.00,-1.00,5.81,137.08,207.11,-1.00,-1.00,-1.00,-1.00,-1.00
XPUT 658 5.21,75.26,98.76,16.21,121.66,-1.00,-1.00,5.80,136.84,207.48,-1.00,-1.00,-1.00,-1.00,-1.00
XPUT 659 5.49,75.13,99.03,16.18,121.75,-1.00,-1.00,5.79,136.59,208.01,-1.00,-1.00,-1.00,-1.00,-1.00
XPUT 660 5.48,74.99,99.30,16.15,121.98,-1.00,-1.00,5.78,136.35,208.08,-1.00,-1.00,-1.00,-1.00,-1.00
XPUT 661 5.47,74.86,99.57,16.13,122.06,-1.00,-1.00,5.77,136.26,207.72,-1.00,-1.00,-1.00,-1.00,-1.00
XPUT 662 5.76,74.73,100.57,16.10,122.28,-1.00,-1.00,5.76,136.31,208.09,-1.00,-1.00,-1.00,-1.00,-1.00
XPUT 663 5.90,74.60,101.28,16.07,122.51,-1.00,-1.00,5.75,136.37,208.46,-1.00,-1.00,-1.00,-1.00,-1.00
XPUT 664 5.89,74.47,101.84,16.04,122.89,-1.00,-1.00,5.74,136.28,208.98,-1.00,-1.00,-1.00,-1.00,-1.00
XPUT 665 6.32,74.34,102.25,16.01,123.26,-1.00,-1.00,5.73,136.33,208.76,-1.00,-1.00,-1.00,-1.00,-1.00
XPUT 666 6.31,74.65,103.54,15.99,123.63,-1.00,-1.00,5.72,136.53,209.13,-1.00,-1.00,-1.00,-1.00,-1.00
XPUT 667 6.59,75.25,104.24,15.96,123.85,-1.00,-1.00,5.71,136.44,209.20,-1.00,-1.00,-1.00,-1.00,-1.00
XPUT 668 6.58,75.70,104.93,15.93,124.37,-1.00,-1.00,5.70,136.21,209.72,-1.00,-1.00,-1.00,-1.00,-1.00
XPUT 669 7.00,75.86,105.77,15.90,124.59,-1.00,-1.00,5.69,136.41,209.93,-1.00,-1.00,-1.00,-1.00,-1.00
XPUT 670 6.99,76.46,106.46,15.87,125.25,-1.00,-1.00,5.68,136.17,209.72,-1.00,-1.00,-1.00,-1.00,-1.00
XPUT 671 7.27,76.47,107.15,15.85,125.61,-1.00,-1.00,5.67,135.93,209.79,-1.00,-1.00,-1.00,-1.00,-1.00
XPUT 672 7.40,77.06,107.25,15.82,125.39,-1.00,-1.00,5.66,135.70,210.15,-1.00,-1.00,-1.00,-1.00,-1.00
XPUT 673 7.68,77.51,107.07,15.79,125.61,-1.00,-1.00,5.65,136.04,210.51,-1.00,-1.00,-1.00,-1.00,-1.00
XPUT 674 7.67,77.96,106.88,16.20,125.54,-1.00,-1.00,5.64,135.95,211.02,-1.00,-1.00,-1.00,-1.00,-1.00
XPUT 675 7.65,77.82,106.70,16.46,125.61,-1.00,-1.00,5.63,136.15,211.52,-1.00,-1.00,-1.00,-1.00,-1.00
XPUT 676 7.64,77.69,106.66,16.58,125.40,-1.00,-1.00,5.62,136.21,211.88,-1.00,-1.00,-1.00,-1.00,-1.00
XPUT 677 7.63,77.56,107.20,16.55,125.18,-1.00,-1.00,5.61,136.40,212.23,-1.00,-1.00,-1.00,-1.00,-1.00
XPUT 678 8.19,77.42,107.87,16.81,125.11,-1.00,-1.00,5.60,136.60,212.30,-1.00,-1.00,-1.00,-1.00,-1.00
XPUT 679 8.17,78.15,108.41,16.92,125.18,-1.00,-1.00,5.59,136.37,212.08,-1.00,-1.00,-1.00,-1.00,-1.00
XPUT 680 8.16,79.16,108.65,16.89,125.26,-1.00,-1.00,5.58,136.57,212.86,-1.00,-1.00,-1.00,-1.00,-1.00
XPUT 681 8.43,79.46,108.89,16.86,125.04,-1.00,-1.00,5.57,136.62,213.22,-1.00,-1.00,-1.00,-1.00,-1.00
XPUT 682 8.42,80.60,109.14,16.83,124.97,-1.00,-1.00,5.56,136.81,213.71,-1.00,-1.00,-1.00,-1.00,-1.00
XPUT 683 8.40,80.90,109.66,16.81,125.05,-1.00,-1.00,5.55,137.01,214.20,-1.00,-1.00,-1.00,-1.00,-1.00
XPUT 684 8.39,81.75,110.19,16.78,124.98,-1.00,-1.00,5.69,137.06,214.69,-1.00,-1.00,-1.00,-1.00,-1.00
XPUT 685 8.80,81.76,110.85,17.03,125.05,-1.00,-1.00,5.68,136.83,214.90,-1.00,-1.00,-1.00,-1.00,-1.00
XPUT 686 8.79,81.90,111.23,17.00,124.84,-1.00,-1.00,5.67,136.74,215.38,-1.00,-1.00,-1.00,-1.00,-1.00
XPUT 687 8.77,82.19,111.61,17.12,124.63,-1.00,-1.00,5.66,136.79,215.73,-1.00,-1.00,-1.00,-1.00,-1.00
XPUT 688 8.76,82.47,111.99,17.37,124.42,-1.00,-1.00,5.93,136.70,215.51,-1.00,-1.00,-1.00,-1.00,-1.00
XPUT 689 8.74,82.48,112.08,17.34,124.35,-1.00,-1.00,5.92,136.47,215.43,-1.00,-1.00,-1.00,-1.00,-1.00
XPUT 690 8.73,82.62,112.32,17.31,124.14,-1.00,-1.00,5.91,136.53,215.06,-1.00,-1.00,-1.00,-1.00,-1.00
