6 0 2 3.5 U. of Georgia
PERC 1 0.0
PERC 2 0.0
PERC 3 0.0
PERC 4 0.0
PERC 5 0.0
PERC 6 0.0
PERC 7 0.0
PERC 8 0.0
PERC 9 0.0
PERC 10 0.0
PERC 11 0.0
PERC 12 0.0
PERC 13 0.0
PERC 14 0.0
PERC 15 0.0
PERC 16 0.0
PERC 17 0.0
PERC 18 0.0
PERC 19 0.0
PERC 20 0.0
PERC 21 0.0
PERC 22 0.0
PERC 23 0.0
PERC 24 0.0
PERC 25 0.0
PERC 26 0.0
PERC 27 0.0
PERC 28 0.0
PERC 29 0.0
PERC 30 0.0
PERC 31 0.0
PERC 32 0.0
PERC 33 0.0
PERC 34 0.6
PERC 35 0.6
PERC 36 0.6
PERC 37 0.6
PERC 38 1.1
PERC 39 1.1
PERC 40 1.1
PERC 41 1.6
PERC 42 1.6
PERC 43 1.6
PERC 44 2.1
PERC 45 2.1
PERC 46 2.1
PERC 47 2.6
PERC 48 2.6
PERC 49 2.6
PERC 50 2.7
PERC 51 3.1
PERC 52 3.2
PERC 53 3.2
PERC 54 3.2
PERC 55 3.8
PERC 56 3.8
PERC 57 3.9
PERC 58 3.9
PERC 59 3.9
PERC 60 3.9
PERC 61 3.9
PERC 62 4.9
PERC 63 4.9
PERC 64 4.9
PERC 65 5.4
PERC 66 5.4
PERC 67 5.9
PERC 68 5.9
PERC 69 5.9
PERC 70 5.9
PERC 71 6.0
PERC 72 6.0
PERC 73 6.5
PERC 74 6.6
PERC 75 6.6
PERC 76 6.6
PERC 77 6.6
PERC 78 6.6
PERC 79 7.1
PERC 80 7.2
PERC 81 7.2
PERC 82 7.3
PERC 83 7.3
PERC 84 7.4
PERC 85 7.8
PERC 86 7.8
PERC 87 7.8
PERC 88 7.8
PERC 89 7.9
PERC 90 8.4
PERC 91 8.5
PERC 92 8.7
PERC 93 8.8
PERC 94 8.8
PERC 95 8.8
PERC 96 8.8
PERC 97 8.8
PERC 98 8.8
PERC 99 8.8
PERC 100 8.8
PERC 101 8.8
PERC 102 8.8
PERC 103 8.8
PERC 104 8.8
PERC 105 8.9
PERC 106 8.9
PERC 107 8.9
PERC 108 9.0
PERC 109 9.0
PERC 110 9.0
PERC 111 9.0
PERC 112 9.1
PERC 113 9.1
PERC 114 9.1
PERC 115 9.1
PERC 116 9.1
PERC 117 9.2
PERC 118 9.2
PERC 119 9.2
PERC 120 9.2
PERC 121 9.2
PERC 122 9.3
PERC 123 9.3
PERC 124 9.4
PERC 125 9.4
PERC 126 9.5
PERC 127 9.6
PERC 128 9.8
PERC 129 9.8
PERC 130 9.9
PERC 131 9.9
PERC 132 9.9
PERC 133 9.9
PERC 134 9.9
PERC 135 9.9
PERC 136 10.0
PERC 137 10.2
PERC 138 10.2
PERC 139 10.3
PERC 140 10.3
PERC 141 10.3
PERC 142 10.3
PERC 143 10.4
PERC 144 10.4
PERC 145 10.4
PERC 146 10.5
PERC 147 10.7
PERC 148 10.8
PERC 149 10.8
PERC 150 10.8
PERC 151 10.8
PERC 152 13.6
PERC 153 16.8
PERC 154 16.8
PERC 155 16.8
PERC 156 16.8
PERC 157 17.3
PERC 158 17.3
PERC 159 17.3
PERC 160 17.4
PERC 161 17.4
PERC 162 17.8
PERC 163 18.5
PERC 164 19.2
PERC 165 20.1
PERC 166 20.6
PERC 167 20.6
PERC 168 20.8
PERC 169 20.9
PERC 170 21.0
PERC 171 21.5
PERC 172 22.1
PERC 173 22.3
PERC 174 22.6
PERC 175 23.1
PERC 176 23.1
PERC 177 23.3
PERC 178 23.8
PERC 179 24.1
PERC 180 24.5
PERC 181 25.7
PERC 182 25.7
PERC 183 25.7
PERC 184 25.7
PERC 185 26.8
PERC 186 26.8
PERC 187 27.3
PERC 188 27.4
PERC 189 27.5
PERC 190 28.0
PERC 191 28.0
PERC 192 28.5
PERC 193 29.1
PERC 194 30.1
PERC 195 30.2
PERC 196 31.2
PERC 197 32.2
PERC 198 32.2
PERC 199 32.8
PERC 200 32.8
PERC 201 33.8
PERC 202 34.0
PERC 203 34.8
PERC 204 35.3
PERC 205 35.3
PERC 206 35.9
PERC 207 35.9
PERC 208 37.4
PERC 209 37.4
PERC 210 37.9
PERC 211 37.9
PERC 212 37.9
PERC 213 38.4
PERC 214 39.1
PERC 215 40.0
PERC 216 41.5
PERC 217 41.5
PERC 218 41.5
PERC 219 42.0
PERC 220 42.5
PERC 221 42.9
PERC 222 42.9
PERC 223 42.9
PERC 224 44.1
PERC 225 45.5
PERC 226 46.0
PERC 227 46.0
PERC 228 46.0
PERC 229 47.0
PERC 230 47.0
PERC 231 47.0
PERC 232 47.9
PERC 233 48.1
PERC 234 48.7
PERC 235 48.7
PERC 236 48.7
PERC 237 48.8
PERC 238 49.3
PERC 239 49.7
PERC 240 50.8
PERC 241 51.8
PERC 242 51.8
PERC 243 51.8
PERC 244 52.9
PERC 245 53.4
PERC 246 53.9
PERC 247 54.6
PERC 248 55.6
PERC 249 55.7
PERC 250 55.7
PERC 251 55.8
PERC 252 56.2
PERC 253 56.7
PERC 254 57.3
PERC 255 57.3
PERC 256 57.5
PERC 257 58.5
PERC 258 58.5
PERC 259 58.5
PERC 260 58.5
PERC 261 59.6
PERC 262 60.1
PERC 263 61.1
PERC 264 62.6
PERC 265 62.6
PERC 266 62.8
PERC 267 63.7
PERC 268 64.7
PERC 269 64.7
PERC 270 64.7
PERC 271 65.8
PERC 272 65.9
PERC 273 65.9
PERC 274 66.4
PERC 275 67.9
PERC 276 67.9
PERC 277 68.1
PERC 278 70.0
PERC 279 70.5
PERC 280 70.5
PERC 281 71.5
PERC 282 71.5
PERC 283 72.0
PERC 284 73.0
PERC 285 73.6
PERC 286 74.6
PERC 287 74.8
PERC 288 75.2
PERC 289 75.8
PERC 290 76.6
PERC 291 77.2
PERC 292 77.7
PERC 293 77.8
PERC 294 78.2
PERC 295 78.2
PERC 296 79.2
PERC 297 79.2
PERC 298 79.3
PERC 299 79.3
PERC 300 79.4
PERC 301 79.9
PERC 302 79.9
PERC 303 79.9
PERC 304 81.2
PERC 305 81.4
PERC 306 82.3
PERC 307 82.9
PERC 308 82.9
PERC 309 83.9
PERC 310 83.9
PERC 311 84.0
PERC 312 84.6
PERC 313 84.6
PERC 314 86.0
PERC 315 87.1
PERC 316 87.6
PERC 317 87.7
PERC 318 88.7
PERC 319 89.2
PERC 320 89.2
PERC 321 89.2
PERC 322 89.3
PERC 323 90.4
PERC 324 90.4
PERC 325 90.5
PERC 326 90.9
PERC 327 91.0
PERC 328 91.5
PERC 329 93.4
PERC 330 93.4
PERC 331 94.5
PERC 332 94.5
PERC 333 95.0
PERC 334 95.0
PERC 335 95.3
PERC 336 96.1
PERC 337 96.7
PERC 338 98.8
PERC 339 100.0
XPUT 1 -1.00,-1.00,-1.00,-1.00,-1.00,-1.00,-1.00,-1.00,-1.00,-1.00,-1.00,-1.00,-1.00,-1.00,-1.00
XPUT 2 -1.00,-1.00,-1.00,-1.00,-1.00,-1.00,-1.00,-1.00,-1.00,-1.00,-1.00,-1.00,-1.00,-1.00,-1.00
XPUT 3 -1.00,-1.00,-1.00,-1.00,-1.00,-1.00,-1.00,-1.00,-1.00,-1.00,-1.00,-1.00,-1.00,-1.00,-1.00
XPUT 4 -1.00,-1.00,-1.00,-1.00,-1.00,-1.00,-1.00,-1.00,-1.00,-1.00,-1.00,-1.00,-1.00,-1.00,-1.00
XPUT 5 -1.00,-1.00,-1.00,-1.00,-1.00,-1.00,-1.00,-1.00,-1.00,-1.00,-1.00,-1.00,-1.00,-1.00,-1.00
XPUT 6 -1.00,-1.00,-1.00,-1.00,-1.00,-1.00,-1.00,-1.00,-1.00,-1.00,-1.00,-1.00,-1.00,-1.00,-1.00
XPUT 7 -1.00,-1.00,-1.00,-1.00,-1.00,-1.00,-1.00,-1.00,-1.00,-1.00,-1.00,-1.00,-1.00,-1.00,-1.00
XPUT 8 -1.00,-1.00,-1.00,-1.00,-1.00,-1.00,-1.00,-1.00,-1.00,-1.00,-1.00,-1.00,-1.00,-1.00,-1.00
XPUT 9 -1.00,-1.00,-1.00,-1.00,-1.00,-1.00,-1.00,-1.00,-1.00,-1.00,-1.00,-1.00,-1.00,-1.00,-1.00
XPUT 10 -1.00,-1.00,-1.00,-1.00,-1.00,-1.00,-1.00,-1.00,-1.00,-1.00,-1.00,-1.00,-1.00,-1.00,-1.00
XPUT 11 -1.00,-1.00,-1.00,-1.00,-1.00,-1.00,-1.00,-1.00,-1.00,-1.00,-1.00,-1.00,-1.00,-1.00,-1.00
XPUT 12 -1.00,-1.00,-1.00,-1.00,-1.00,-1.00,-1.00,-1.00,-1.00,-1.00,-1.00,-1.00,-1.00,-1.00,-1.00
XPUT 13 -1.00,-1.00,-1.00,-1.00,-1.00,-1.00,-1.00,-1.00,-1.00,-1.00,-1.00,-1.00,-1.00,-1.00,-1.00
XPUT 14 -1.00,-1.00,-1.00,-1.00,-1.00,-1.00,-1.00,-1.00,-1.00,-1.00,-1.00,-1.00,-1.00,-1.00,-1.00
XPUT 15 -1.00,-1.00,-1.00,-1.00,-1.00,-1.00,-1.00,-1.00,-1.00,-1.00,-1.00,-1.00,-1.00,-1.00,-1.00
XPUT 16 -1.00,-1.00,-1.00,-1.00,-1.00,-1.00,-1.00,-1.00,-1.00,-1.00,-1.00,-1.00,-1.00,-1.00,-1.00
XPUT 17 -1.00,-1.00,-1.00,-1.00,-1.00,-1.00,-1.00,-1.00,-1.00,-1.00,-1.00,-1.00,-1.00,-1.00,-1.00
XPUT 18 -1.00,-1.00,-1.00,-1.00,-1.00,-1.00,-1.00,-1.00,-1.00,-1.00,-1.00,-1.00,-1.00,-1.00,-1.00
XPUT 19 -1.00,-1.00,-1.00,-1.00,-1.00,-1.00,-1.00,-1.00,-1.00,-1.00,-1.00,-1.00,-1.00,-1.00,-1.00
XPUT 20 -1.00,-1.00,-1.00,-1.00,-1.00,-1.00,-1.00,-1.00,-1.00,-1.00,-1.00,-1.00,-1.00,-1.00,-1.00
XPUT 21 -1.00,-1.00,-1.00,-1.00,-1.00,-1.00,-1.00,-1.00,-1.00,-1.00,-1.00,-1.00,-1.00,-1.00,-1.00
XPUT 22 -1.00,-1.00,-1.00,-1.00,-1.00,-1.00,-1.00,-1.00,-1.00,-1.00,-1.00,-1.00,-1.00,-1.00,-1.00
XPUT 23 -1.00,-1.00,-1.00,-1.00,-1.00,-1.00,-1.00,-1.00,-1.00,-1.00,-1.00,-1.00,-1.00,-1.00,-1.00
XPUT 24 -1.00,-1.00,-1.00,-1.00,-1.00,-1.00,-1.00,-1.00,-1.00,-1.00,-1.00,-1.00,-1.00,-1.00,-1.00
XPUT 25 -1.00,-1.00,-1.00,-1.00,-1.00,-1.00,-1.00,-1.00,-1.00,-1.00,-1.00,-1.00,-1.00,-1.00,-1.00
XPUT 26 -1.00,-1.00,-1.00,-1.00,-1.00,-1.00,-1.00,-1.00,-1.00,-1.00,-1.00,-1.00,-1.00,-1.00,-1.00
XPUT 27 -1.00,-1.00,-1.00,-1.00,-1.00,-1.00,-1.00,-1.00,-1.00,-1.00,-1.00,-1.00,-1.00,-1.00,-1.00
XPUT 28 -1.00,-1.00,-1.00,-1.00,-1.00,-1.00,-1.00,-1.00,-1.00,-1.00,-1.00,-1.00,-1.00,-1.00,-1.00
XPUT 29 -1.00,-1.00,-1.00,-1.00,-1.00,-1.00,-1.00,-1.00,-1.00,-1.00,-1.00,-1.00,-1.00,-1.00,-1.00
XPUT 30 -1.00,-1.00,-1.00,-1.00,-1.00,-1.00,-1.00,-1.00,-1.00,-1.00,-1.00,-1.00,-1.00,-1.00,-1.00
XPUT 31 -1.00,-1.00,-1.00,-1.00,-1.00,-1.00,-1.00,-1.00,-1.00,-1.00,-1.00,-1.00,-1.00,-1.00,-1.00
XPUT 32 -1.00,-1.00,-1.00,-1.00,-1.00,-1.00,-1.00,-1.00,-1.00,-1.00,-1.00,-1.00,-1.00,-1.00,-1.00
XPUT 33 -1.00,-1.00,-1.00,-1.00,-1.00,-1.00,-1.00,-1.00,-1.00,-1.00,-1.00,-1.00,-1.00,-1.00,-1.00
XPUT 34 -1.00,-1.00,-1.00,-1.00,-1.00,-1.00,-1.00,-1.00,-1.00,-1.00,-1.00,-1.00,-1.00,-1.00,-1.00
XPUT 35 -1.00,-1.00,2097.15,-1.00,-1.00,-1.00,-1.00,-1.00,251.66,251.66,-1.00,-1.00,-1.00,-1.00,-1.00
XPUT 36 -1.00,-1.00,1048.58,-1.00,41.94,-1.00,-1.00,-1.00,125.83,125.83,-1.00,-1.00,-1.00,-1.00,-1.00
XPUT 37 -1.00,-1.00,1398.10,-1.00,27.96,-1.00,-1.00,-1.00,83.89,83.89,-1.00,-1.00,-1.00,-1.00,-1.00
XPUT 38 -1.00,-1.00,1048.58,-1.00,20.97,-1.00,-1.00,-1.00,62.91,62.91,-1.00,-1.00,-1.00,-1.00,-1.00
XPUT 39 -1.00,-1.00,838.86,-1.00,16.78,-1.00,-1.00,-1.00,50.33,50.33,-1.00,-1.00,-1.00,-1.00,-1.00
XPUT 40 -1.00,-1.00,1048.58,-1.00,13.98,-1.00,-1.00,-1.00,41.94,41.94,-1.00,-1.00,-1.00,-1.00,-1.00
XPUT 41 -1.00,-1.00,898.78,-1.00,11.98,-1.00,-1.00,-1.00,35.95,35.95,-1.00,-1.00,-1.00,-1.00,-1.00
XPUT 42 -1.00,-1.00,786.43,-1.00,10.49,-1.00,-1.00,-1.00,31.46,31.46,-1.00,-1.00,-1.00,-1.00,-1.00
XPUT 43 -1.00,-1.00,932.07,-1.00,9.32,-1.00,-1.00,-1.00,27.96,27.96,-1.00,-1.00,-1.00,-1.00,-1.00
XPUT 44 -1.00,-1.00,838.86,-1.00,8.39,-1.00,-1.00,-1.00,25.17,25.17,-1.00,-1.00,-1.00,-1.00,-1.00
XPUT 45 -1.00,-1.00,762.60,-1.00,7.63,-1.00,-1.00,-1.00,22.88,22.88,-1.00,-1.00,-1.00,-1.00,-1.00
XPUT 46 -1.00,-1.00,873.81,-1.00,6.99,-1.00,-1.00,-1.00,20.97,20.97,-1.00,-1.00,-1.00,-1.00,-1.00
XPUT 47 -1.00,-1.00,806.60,-1.00,6.45,-1.00,-1.00,-1.00,19.36,25.81,-1.00,-1.00,-1.00,-1.00,-1.00
XPUT 48 -1.00,-1.00,748.98,-1.00,5.99,-1.00,-1.00,-1.00,17.98,23.97,-1.00,-1.00,-1.00,-1.00,-1.00
XPUT 49 -1.00,-1.00,721.42,-1.00,5.59,-1.00,-1.00,-1.00,16.78,22.37,-1.00,-1.00,-1.00,-1.00,-1.00
XPUT 50 -1.00,-1.00,786.43,-1.00,5.24,-1.00,-1.00,-1.00,15.73,20.97,-1.00,-1.00,-1.00,-1.00,-1.00
XPUT 51 -1.00,-1.00,740.17,-1.00,4.93,-1.00,-1.00,-1.00,14.80,29.61,-1.00,-1.00,-1.00,-1.00,-1.00
XPUT 52 -1.00,-1.00,699.05,-1.00,4.66,-1.00,-1.00,-1.00,27.96,27.96,-1.00,-1.00,-1.00,-1.00,-1.00
XPUT 53 -1.00,-1.00,662.26,-1.00,4.42,-1.00,-1.00,-1.00,26.49,26.49,-1.00,-1.00,-1.00,-1.00,-1.00
XPUT 54 -1.00,-1.00,734.00,-1.00,4.19,-1.00,-1.00,-1.00,37.75,25.17,-1.00,-1.00,-1.00,-1.00,-1.00
XPUT 55 -1.00,-1.00,699.05,-1.00,3.99,-1.00,-1.00,-1.00,35.95,23.97,-1.00,-1.00,-1.00,-1.00,-1.00
XPUT 56 -1.00,-1.00,667.28,-1.00,3.81,-1.00,-1.00,-1.00,38.13,26.69,-1.00,-1.00,-1.00,-1.00,-1.00
XPUT 57 -1.00,-1.00,638.26,3.65,3.65,-1.00,-1.00,-1.00,36.47,25.53,-1.00,-1.00,-1.00,-1.00,-1.00
XPUT 58 -1.00,-1.00,611.67,3.50,3.50,-1.00,-1.00,-1.00,41.94,24.47,-1.00,-1.00,-1.00,-1.00,-1.00
XPUT 59 -1.00,-1.00,587.20,3.36,3.36,-1.00,-1.00,-1.00,40.27,23.49,-1.00,-1.00,-1.00,-1.00,-1.00
XPUT 60 -1.00,-1.00,564.62,3.23,3.23,-1.00,-1.00,-1.00,38.72,22.58,-1.00,-1.00,-1.00,-1.00,-1.00
XPUT 61 -1.00,-1.00,699.05,3.11,3.11,-1.00,-1.00,-1.00,37.28,21.75,-1.00,-1.00,-1.00,-1.00,-1.00
XPUT 62 -1.00,-1.00,674.08,3.00,3.00,-1.00,-1.00,-1.00,35.95,20.97,-1.00,-1.00,-1.00,-1.00,-1.00
XPUT 63 -1.00,-1.00,650.84,2.89,2.89,-1.00,-1.00,-1.00,34.71,20.25,-1.00,-1.00,-1.00,-1.00,-1.00
XPUT 64 -1.00,-1.00,699.05,2.80,2.80,-1.00,-1.00,-1.00,33.55,19.57,-1.00,-1.00,-1.00,-1.00,-1.00
XPUT 65 -1.00,-1.00,676.50,2.71,2.71,-1.00,-1.00,-1.00,32.47,18.94,-1.00,-1.00,-1.00,-1.00,-1.00
XPUT 66 -1.00,-1.00,720.90,2.62,2.62,-1.00,-1.00,-1.00,31.46,18.35,-1.00,-1.00,-1.00,-1.00,-1.00
XPUT 67 -1.00,-1.00,699.05,2.54,2.54,-1.00,-1.00,-1.00,30.50,17.79,-1.00,-1.00,-1.00,-1.00,-1.00
XPUT 68 -1.00,-1.00,678.49,2.47,2.47,-1.00,-1.00,-1.00,29.61,17.27,-1.00,-1.00,-1.00,-1.00,-1.00
XPUT 69 -1.00,-1.00,659.10,2.40,2.40,-1.00,-1.00,-1.00,28.76,16.78,-1.00,-1.00,-1.00,-1.00,-1.00
XPUT 70 -1.00,-1.00,640.80,2.33,2.33,-1.00,-1.00,-1.00,32.62,16.31,-1.00,-1.00,-1.00,-1.00,-1.00
XPUT 71 -1.00,-1.00,623.48,6.80,2.27,-1.00,-1.00,-1.00,31.74,15.87,-1.00,-1.00,-1.00,-1.00,-1.00
XPUT 72 -1.00,-1.00,662.26,6.62,2.21,-1.00,-1.00,-1.00,30.91,15.45,-1.00,-1.00,-1.00,-1.00,-1.00
XPUT 73 -1.00,-1.00,645.28,6.45,2.15,-1.00,-1.00,2.15,32.26,21.51,-1.00,-1.00,-1.00,-1.00,-1.00
XPUT 74 -1.00,-1.00,629.15,6.29,2.10,-1.00,-1.00,2.10,31.46,20.97,-1.00,-1.00,-1.00,-1.00,-1.00
XPUT 75 -1.00,-1.00,613.80,6.14,2.05,-1.00,-1.00,2.05,30.69,20.46,-1.00,-1.00,-1.00,-1.00,-1.00
XPUT 76 -1.00,-1.00,599.19,5.99,2.00,-1.00,-1.00,2.00,29.96,19.97,-1.00,-1.00,-1.00,-1.00,-1.00
XPUT 77 -1.00,-1.00,585.25,5.85,1.95,-1.00,-1.00,5.85,29.26,19.51,-1.00,-1.00,-1.00,-1.00,-1.00
XPUT 78 -1.00,-1.00,619.61,5.72,1.91,-1.00,-1.00,5.72,28.60,19.07,-1.00,-1.00,-1.00,-1.00,-1.00
XPUT 79 -1.00,-1.00,605.84,5.59,1.86,-1.00,-1.00,5.59,31.69,22.37,-1.00,-1.00,-1.00,-1.00,-1.00
XPUT 80 -1.00,-1.00,592.67,5.47,1.82,-1.00,-1.00,5.47,31.00,21.88,-1.00,-1.00,-1.00,-1.00,-1.00
XPUT 81 -1.00,-1.00,580.06,7.14,1.78,-1.00,-1.00,7.14,30.34,21.42,-1.00,-1.00,-1.00,-1.00,-1.00
XPUT 82 -1.00,-1.00,567.98,6.99,1.75,-1.00,-1.00,6.99,29.71,20.97,-1.00,-1.00,-1.00,-1.00,-1.00
XPUT 83 -1.00,-1.00,571.79,6.85,1.71,-1.00,-1.00,6.85,29.10,20.54,-1.00,-1.00,-1.00,-1.00,-1.00
XPUT 84 -1.00,-1.00,587.20,6.71,1.68,-1.00,-1.00,6.71,28.52,20.13,-1.00,-1.00,-1.00,-1.00,-1.00
XPUT 85 -1.00,-1.00,575.69,6.58,1.64,-1.00,-1.00,6.58,27.96,19.74,-1.00,-1.00,-1.00,-1.00,-1.00
XPUT 86 -1.00,-1.00,564.62,6.45,1.61,-1.00,-1.00,6.45,27.42,19.36,-1.00,-1.00,-1.00,-1.00,-1.00
XPUT 87 -1.00,-1.00,553.96,6.33,1.58,-1.00,-1.00,6.33,28.49,22.16,-1.00,-1.00,-1.00,-1.00,-1.00
XPUT 88 -1.00,-1.00,543.71,9.32,1.55,-1.00,-1.00,9.32,31.07,21.75,-1.00,-1.00,-1.00,-1.00,-1.00
XPUT 89 -1.00,-1.00,571.95,9.15,1.53,-1.00,-1.00,9.15,30.50,21.35,-1.00,-1.00,-1.00,-1.00,-1.00
XPUT 90 -1.00,-1.00,567.73,8.99,1.50,-1.00,-1.00,8.99,29.96,20.97,-1.00,-1.00,-1.00,-1.00,-1.00
XPUT 91 -1.00,-1.00,573.96,8.83,1.47,-1.00,-1.00,8.83,29.43,20.60,-1.00,-1.00,-1.00,-1.00,-1.00
XPUT 92 -1.00,-1.00,564.06,8.68,1.45,-1.00,-1.00,10.12,28.93,20.25,-1.00,-1.00,-1.00,-1.00,-1.00
XPUT 93 -1.00,-1.00,554.50,8.53,1.42,-1.00,-1.00,9.95,28.44,19.91,-1.00,-1.00,-1.00,-1.00,-1.00
XPUT 94 -1.00,-1.00,545.26,8.39,1.40,-1.00,-1.00,9.79,27.96,19.57,-1.00,-1.00,-1.00,-1.00,-1.00
XPUT 95 -1.00,-1.00,536.32,8.25,1.38,-1.00,-1.00,9.63,27.50,19.25,-1.00,-1.00,-1.00,-1.00,-1.00
XPUT 96 -1.00,-1.00,527.67,9.47,1.35,-1.00,-1.00,9.47,27.06,18.94,-1.00,-1.00,-1.00,-1.00,-1.00
XPUT 97 -1.00,-1.00,519.29,9.32,1.33,-1.00,-1.00,11.98,26.63,18.64,-1.00,-1.00,-1.00,-1.00,-1.00
XPUT 98 -1.00,-1.00,511.18,9.18,1.31,-1.00,-1.00,11.80,26.21,18.35,-1.00,-1.00,-1.00,-1.00,-1.00
XPUT 99 -1.00,-1.00,503.32,9.03,1.29,-1.00,-1.00,11.61,25.81,18.07,-1.00,-1.00,-1.00,-1.00,-1.00
XPUT 100 -1.00,-1.00,495.69,8.90,1.27,-1.00,-1.00,11.44,25.42,17.79,-1.00,-1.00,-1.00,-1.00,-1.00
XPUT 101 -1.00,-1.00,488.29,8.76,1.25,-1.00,-1.00,11.27,25.04,17.53,-1.00,-1.00,-1.00,-1.00,-1.00
XPUT 102 -1.00,-1.00,481.11,8.64,1.23,-1.00,-1.00,11.10,24.67,17.27,-1.00,-1.00,-1.00,-1.00,-1.00
XPUT 103 -1.00,-1.00,474.14,8.51,1.22,-1.00,-1.00,10.94,24.31,17.02,-1.00,-1.00,-1.00,-1.00,-1.00
XPUT 104 -1.00,-1.00,467.37,8.39,1.20,-1.00,-1.00,11.98,25.17,16.78,-1.00,-1.00,-1.00,-1.00,-1.00
XPUT 105 -1.00,-1.00,460.78,8.27,1.18,-1.00,-1.00,11.81,24.81,16.54,-1.00,-1.00,-1.00,-1.00,-1.00
XPUT 106 -1.00,-1.00,454.38,10.49,1.17,-1.00,-1.00,13.98,24.47,16.31,-1.00,-1.00,-1.00,-1.00,-1.00
XPUT 107 -1.00,-1.00,448.16,10.34,3.45,-1.00,-1.00,13.79,26.43,16.09,-1.00,-1.00,-1.00,-1.00,-1.00
XPUT 108 -1.00,-1.00,442.10,10.20,3.40,-1.00,-1.00,15.87,26.07,15.87,-1.00,-1.00,-1.00,-1.00,-1.00
XPUT 109 -1.00,-1.00,436.21,10.07,3.36,-1.00,-1.00,15.66,25.73,15.66,-1.00,-1.00,-1.00,-1.00,-1.00
XPUT 110 -1.00,-1.00,430.47,9.93,3.31,-1.00,-1.00,15.45,25.39,15.45,-1.00,-1.00,-1.00,-1.00,-1.00
XPUT 111 -1.00,-1.00,424.88,9.80,3.27,-1.00,-1.00,16.34,25.06,15.25,-1.00,-1.00,-1.00,-1.00,-1.00
XPUT 112 -1.00,-1.00,419.43,9.68,3.23,-1.00,-1.00,16.13,24.74,15.06,-1.00,-1.00,-1.00,-1.00,-1.00
XPUT 113 -1.00,-1.00,414.12,10.62,3.19,-1.00,-1.00,15.93,24.42,14.87,-1.00,-1.00,-1.00,-1.00,-1.00
XPUT 114 -1.00,-1.00,408.94,10.49,3.15,-1.00,-1.00,15.73,24.12,14.68,-1.00,-1.00,-1.00,-1.00,-1.00
XPUT 115 -1.00,-1.00,403.90,10.36,3.11,-1.00,-1.00,17.61,23.82,14.50,-1.00,-1.00,-1.00,-1.00,-1.00
XPUT 116 -1.00,-1.00,398.97,10.23,3.07,-1.00,-1.00,17.39,23.53,15.35,-1.00,-1.00,-1.00,-1.00,-1.00
XPUT 117 -1.00,-1.00,394.16,10.11,3.03,-1.00,-1.00,17.18,23.25,15.16,-1.00,-1.00,-1.00,-1.00,-1.00
XPUT 118 -1.00,-1.00,389.47,9.99,3.00,-1.00,-1.00,16.98,22.97,14.98,-1.00,-1.00,-1.00,-1.00,-1.00
XPUT 119 -1.00,-1.00,384.89,9.87,2.96,-1.00,-1.00,16.78,24.67,14.80,-1.00,-1.00,-1.00,-1.00,-1.00
XPUT 120 -1.00,-1.00,380.41,9.75,2.93,-1.00,-1.00,16.58,24.39,14.63,-1.00,-1.00,-1.00,-1.00,-1.00
XPUT 121 -1.00,-1.00,376.04,11.57,2.89,-1.00,-1.00,17.36,24.11,14.46,-1.00,-1.00,-1.00,-1.00,-1.00
XPUT 122 -1.00,-1.00,371.77,11.44,2.86,-1.00,-1.00,19.07,23.83,16.21,-1.00,-1.00,-1.00,-1.00,-1.00
XPUT 123 -1.00,-1.00,367.59,11.31,2.83,-1.00,-1.00,19.79,23.56,16.02,-1.00,-1.00,-1.00,-1.00,-1.00
XPUT 124 -1.00,-1.00,363.51,11.18,3.73,-1.00,-1.00,19.57,23.30,18.64,-1.00,-1.00,-1.00,-1.00,-1.00
XPUT 125 -1.00,-1.00,359.51,11.06,3.69,-1.00,-1.00,21.20,25.81,18.44,-1.00,-1.00,-1.00,-1.00,-1.00
XPUT 126 -1.00,-1.00,355.60,10.94,3.65,-1.00,-1.00,23.71,26.44,18.24,-1.00,-1.00,-1.00,-1.00,-1.00
XPUT 127 -1.00,-1.00,351.78,12.63,5.41,-1.00,-1.00,25.26,27.96,18.04,-1.00,-1.00,-1.00,-1.00,-1.00
XPUT 128 -1.00,-1.00,348.04,12.49,5.35,-1.00,-1.00,25.88,27.66,17.85,-1.00,-1.00,-1.00,-1.00,-1.00
XPUT 129 -1.00,-1.00,344.37,12.36,5.30,-1.00,-1.00,28.26,27.37,17.66,-1.00,-1.00,-1.00,-1.00,-1.00
XPUT 130 -1.00,-1.00,340.79,12.23,5.24,-1.00,-1.00,27.96,27.96,17.48,-1.00,-1.00,-1.00,-1.00,-1.00
XPUT 131 -1.00,-1.00,337.27,12.97,5.19,-1.00,-1.00,27.67,27.67,17.30,-1.00,-1.00,-1.00,-1.00,-1.00
XPUT 132 -1.00,-1.00,333.83,12.84,5.14,-1.00,-1.00,27.39,27.39,17.12,-1.00,-1.00,-1.00,-1.00,-1.00
XPUT 133 -1.00,-1.00,330.46,12.71,5.08,-1.00,-1.00,27.11,27.11,16.95,-1.00,-1.00,-1.00,-1.00,-1.00
XPUT 134 -1.00,-1.00,327.16,12.58,5.03,-1.00,-1.00,26.84,26.84,16.78,-1.00,-1.00,-1.00,-1.00,-1.00
XPUT 135 -1.00,-1.00,323.92,12.46,4.98,-1.00,-1.00,29.07,28.24,17.44,-1.00,-1.00,-1.00,-1.00,-1.00
XPUT 136 -1.00,-1.00,320.74,12.34,4.93,-1.00,-1.00,32.07,30.43,17.27,-1.00,-1.00,-1.00,-1.00,-1.00
XPUT 137 -1.00,-1.00,317.63,13.85,4.89,-1.00,-1.00,31.76,31.76,17.10,-1.00,-1.00,-1.00,-1.00,-1.00
XPUT 138 -1.00,-1.00,314.57,13.71,4.84,-1.00,-1.00,32.26,31.46,16.94,-1.00,-1.00,-1.00,-1.00,-1.00
XPUT 139 -1.00,-1.00,311.58,13.58,4.79,-1.00,-1.00,31.96,31.16,16.78,-1.00,-1.00,-1.00,-1.00,-1.00
XPUT 140 -1.00,-1.00,308.64,13.45,4.75,-1.00,-1.00,31.66,31.66,16.62,-1.00,-1.00,-1.00,-1.00,-1.00
XPUT 141 -1.00,-1.00,305.75,14.11,4.70,-1.00,-1.00,31.36,31.36,16.46,-1.00,-1.00,-1.00,-1.00,-1.00
XPUT 142 -1.00,-1.00,302.92,13.98,4.66,-1.00,-1.00,34.95,31.07,16.31,-1.00,-1.00,-1.00,-1.00,-1.00
XPUT 143 -1.00,-1.00,300.14,13.85,5.39,-1.00,-1.00,34.63,30.78,16.16,-1.00,-1.00,-1.00,-1.00,-1.00
XPUT 144 -1.00,-1.00,297.41,13.73,5.34,-1.00,-1.00,34.32,30.50,16.01,-1.00,-1.00,-1.00,-1.00,-1.00
XPUT 145 -1.00,-1.00,294.73,13.60,5.29,-1.00,-1.00,34.76,31.74,17.38,-1.00,-1.00,-1.00,-1.00,-1.00
XPUT 146 -1.00,-1.00,292.10,14.98,5.24,-1.00,-1.00,35.95,32.21,19.47,-1.00,-1.00,-1.00,-1.00,-1.00
XPUT 147 -1.00,-1.00,289.52,14.85,5.20,-1.00,-1.00,37.86,31.92,19.30,-1.00,-1.00,-1.00,-1.00,-1.00
XPUT 148 -1.00,-1.00,286.98,14.72,5.15,-1.00,-1.00,37.53,31.64,19.13,-1.00,-1.00,-1.00,-1.00,-1.00
XPUT 149 -1.00,-1.00,284.48,14.59,5.11,-1.00,-1.00,37.20,31.37,18.97,-1.00,-1.00,-1.00,-1.00,-1.00
XPUT 150 -1.00,-1.00,282.03,14.46,5.06,-1.00,-1.00,38.33,32.54,18.80,-1.00,-1.00,-1.00,-1.00,-1.00
XPUT 151 -1.00,-1.00,376.41,15.06,5.02,-1.00,-1.00,38.00,32.26,20.08,-1.00,-1.00,-1.00,-1.00,-1.00
XPUT 152 -1.00,-1.00,486.25,14.93,4.98,-1.00,-1.00,38.39,31.99,19.91,-1.00,-1.00,-1.00,-1.00,-1.00
XPUT 153 -1.00,-1.00,482.17,14.80,4.93,-1.00,-1.00,38.07,31.72,19.74,-1.00,-1.00,-1.00,-1.00,-1.00
XPUT 154 -1.00,-1.00,478.15,14.68,4.89,-1.00,-1.00,37.75,31.46,19.57,-1.00,-1.00,-1.00,-1.00,-1.00
XPUT 155 -1.00,-1.00,474.20,14.56,4.85,-1.00,-1.00,37.44,31.20,19.41,-1.00,-1.00,-1.00,-1.00,-1.00
XPUT 156 -1.00,-1.00,487.50,14.44,4.81,-1.00,-1.00,37.13,30.94,19.25,-1.00,-1.00,-1.00,-1.00,-1.00
XPUT 157 -1.00,-1.00,483.54,14.32,4.77,-1.00,-1.00,36.83,30.69,19.10,-1.00,-1.00,-1.00,-1.00,-1.00
XPUT 158 -1.00,-1.00,479.64,15.56,4.74,-1.00,-1.00,36.53,30.44,18.94,-1.00,-1.00,-1.00,-1.00,-1.00
XPUT 159 -1.00,-1.00,475.80,15.44,4.70,-1.00,-1.00,38.25,30.87,18.79,-1.00,-1.00,-1.00,-1.00,-1.00
XPUT 160 -1.00,-1.00,472.03,15.31,4.66,-1.00,-1.00,37.95,30.63,18.64,-1.00,-1.00,-1.00,-1.00,-1.00
XPUT 161 -1.00,-1.00,480.86,15.19,4.62,-1.00,-1.00,37.65,31.70,18.49,-1.00,-1.00,-1.00,-1.00,-1.00
XPUT 162 -1.00,-1.00,497.42,15.07,4.59,-1.00,-1.00,37.36,31.46,18.35,-1.00,-1.00,-1.00,-1.00,-1.00
XPUT 163 -1.00,-1.00,515.67,14.96,4.55,-1.00,-1.00,40.32,31.21,18.21,-1.00,-1.00,-1.00,-1.00,-1.00
XPUT 164 -1.00,-1.00,538.16,14.84,4.52,-1.00,-1.00,40.01,32.26,18.07,-1.00,-1.00,-1.00,-1.00,-1.00
XPUT 165 -1.00,-1.00,550.06,16.01,4.48,-1.00,-1.00,39.70,32.02,17.93,-1.00,-1.00,-1.00,-1.00,-1.00
XPUT 166 -1.00,-1.00,545.90,15.89,4.45,-1.00,-1.00,39.40,31.78,17.79,-1.00,-1.00,-1.00,-1.00,-1.00
XPUT 167 -1.00,0.63,541.79,15.77,4.42,-1.00,-1.00,42.26,33.43,18.29,-1.00,-1.00,-1.00,-1.00,-1.00
XPUT 168 -1.00,0.63,537.75,16.28,4.38,-1.00,-1.00,41.94,33.18,18.15,-1.00,-1.00,-1.00,-1.00,-1.00
XPUT 169 -1.00,0.62,533.76,16.16,4.35,-1.00,-1.00,45.36,32.93,18.02,-1.00,-1.00,-1.00,-1.00,-1.00
XPUT 170 -1.00,0.62,545.26,16.04,4.32,-1.00,-1.00,45.03,32.69,17.89,-1.00,-1.00,-1.00,-1.00,-1.00
XPUT 171 -1.00,1.84,556.59,17.14,4.29,-1.00,-1.00,44.70,33.06,17.76,-1.00,-1.00,-1.00,-1.00,-1.00
XPUT 172 -1.00,1.82,557.42,17.02,4.26,-1.00,-1.00,45.59,32.82,17.63,-1.00,-1.00,-1.00,-1.00,-1.00
XPUT 173 -1.00,1.81,563.67,16.90,4.22,-1.00,-1.00,45.26,32.59,17.50,-1.00,-1.00,-1.00,-1.00,-1.00
XPUT 174 -1.00,1.80,574.62,16.78,4.19,-1.00,-1.00,44.94,32.36,17.38,-1.00,-1.00,-1.00,-1.00,-1.00
XPUT 175 -1.00,1.78,570.54,16.66,4.16,-1.00,-1.00,44.62,32.13,17.25,-1.00,-1.00,-1.00,-1.00,-1.00
XPUT 176 -1.00,1.77,568.30,16.54,4.14,-1.00,-1.00,46.67,31.90,17.13,-1.00,-1.00,-1.00,-1.00,-1.00
XPUT 177 -1.00,1.76,578.99,16.43,4.11,-1.00,-1.00,46.34,31.68,17.01,-1.00,-1.00,-1.00,-1.00,-1.00
XPUT 178 -1.00,1.75,584.29,16.89,4.08,-1.00,-1.00,46.02,31.46,16.89,-1.00,-1.00,-1.00,-1.00,-1.00
XPUT 179 -1.00,1.74,590.10,16.78,4.05,-1.00,-1.00,46.86,32.40,16.78,-1.00,-1.00,-1.00,-1.00,-1.00
XPUT 180 -1.00,1.72,619.38,16.66,4.02,-1.00,-1.00,46.54,32.18,16.66,-1.00,-1.00,-1.00,-1.00,-1.00
XPUT 181 -1.00,1.71,615.16,16.55,3.99,-1.00,-1.00,46.22,31.96,16.55,-1.00,-1.00,-1.00,-1.00,-1.00
XPUT 182 -1.00,1.70,611.01,16.44,3.97,-1.00,-1.00,45.91,31.74,16.44,-1.00,-1.00,-1.00,-1.00,-1.00
XPUT 183 -1.00,1.69,606.91,16.33,3.94,-1.00,-1.00,45.60,31.53,16.33,-1.00,-1.00,-1.00,-1.00,-1.00
XPUT 184 -1.00,1.68,630.82,16.22,3.91,-1.00,-1.00,47.54,31.32,16.22,-1.00,-1.00,-1.00,-1.00,-1.00
XPUT 185 -1.00,1.67,626.65,17.22,3.89,-1.00,-1.00,47.22,31.67,16.11,-1.00,-1.00,-1.00,-1.00,-1.00
XPUT 186 -1.00,1.66,636.32,17.11,3.86,-1.00,-1.00,46.91,31.46,16.00,-1.00,-1.00,-1.00,-1.00,-1.00
XPUT 187 0.55,1.64,632.16,17.00,3.84,-1.00,-1.00,46.60,31.25,15.90,-1.00,-1.00,-1.00,-1.00,-1.00
XPUT 188 0.54,1.63,630.24,16.89,3.81,-1.00,-1.00,46.30,31.05,15.80,-1.00,-1.00,-1.00,-1.00,-1.00
XPUT 189 0.54,1.62,637.53,17.32,3.79,-1.00,-1.00,49.79,30.85,15.69,-1.00,-1.00,-1.00,-1.00,-1.00
XPUT 190 0.54,1.61,633.45,17.21,3.76,-1.00,-1.00,49.47,30.65,15.59,-1.00,-1.00,-1.00,-1.00,-1.00
XPUT 191 0.53,1.60,642.77,17.10,3.74,-1.00,-1.00,49.16,30.46,15.49,-1.00,-1.00,-1.00,-1.00,-1.00
XPUT 192 0.53,1.59,652.51,16.99,3.72,-1.00,-1.00,48.85,31.32,15.40,-1.00,-1.00,-1.00,-1.00,-1.00
XPUT 193 0.53,1.58,674.25,17.94,3.69,-1.00,-1.00,49.07,31.13,15.30,-1.00,-1.00,-1.00,-1.00,-1.00
XPUT 194 0.52,1.57,671.61,17.83,3.67,-1.00,-1.00,49.81,30.93,15.20,-1.00,-1.00,-1.00,-1.00,-1.00
XPUT 195 0.52,1.56,691.93,17.72,3.65,-1.00,-1.00,51.06,30.74,15.11,-1.00,-1.00,-1.00,-1.00,-1.00
XPUT 196 0.52,1.55,713.55,17.61,3.62,-1.00,-1.00,50.75,30.55,15.02,-1.00,-1.00,-1.00,-1.00,-1.00
XPUT 197 0.51,1.54,709.17,17.50,3.60,-1.00,-1.00,50.43,30.36,14.92,-1.00,-1.00,-1.00,-1.00,-1.00
XPUT 198 0.51,1.53,717.64,17.90,3.58,-1.00,-1.00,51.15,30.18,14.83,-1.00,-1.00,-1.00,-1.00,-1.00
XPUT 199 0.51,1.53,713.79,17.79,3.56,-1.00,-1.00,50.84,30.00,14.74,-1.00,-1.00,-1.00,-1.00,-1.00
XPUT 200 0.51,1.52,734.26,17.69,3.54,-1.00,-1.00,50.53,29.81,14.65,-1.00,-1.00,-1.00,-1.00,-1.00
XPUT 201 0.50,1.51,736.89,17.58,3.52,-1.00,-1.00,50.23,29.64,14.57,-1.00,-1.00,-1.00,-1.00,-1.00
XPUT 202 0.50,1.50,750.48,17.48,3.50,-1.00,-1.00,49.93,29.96,14.48,-1.00,-1.00,-1.00,-1.00,-1.00
XPUT 203 0.50,1.49,758.45,17.37,3.47,-1.00,-1.00,49.64,29.78,14.39,-1.00,-1.00,-1.00,-1.00,-1.00
XPUT 204 0.49,1.48,753.99,17.27,3.45,-1.00,-1.00,49.84,29.61,14.31,-1.00,-1.00,-1.00,-1.00,-1.00
XPUT 205 0.49,1.47,761.84,17.17,3.43,-1.00,-1.00,51.02,29.43,14.23,-1.00,-1.00,-1.00,-1.00,-1.00
XPUT 206 0.49,1.46,757.41,17.07,3.41,-1.00,-1.00,50.72,29.26,14.14,-1.00,-1.00,-1.00,-1.00,-1.00
XPUT 207 0.48,1.45,789.40,16.97,3.39,-1.00,-1.00,50.43,29.09,14.06,-1.00,-1.00,-1.00,-1.00,-1.00
XPUT 208 0.48,1.45,784.87,16.87,3.37,-1.00,-1.00,50.14,28.93,13.98,-1.00,-1.00,-1.00,-1.00,-1.00
XPUT 209 0.48,1.44,792.36,16.78,3.36,-1.00,-1.00,49.85,28.76,13.90,-1.00,-1.00,-1.00,-1.00,-1.00
XPUT 210 0.48,1.43,787.86,16.68,3.34,-1.00,-1.00,50.52,28.60,13.82,-1.00,-1.00,-1.00,-1.00,-1.00
XPUT 211 0.47,1.42,783.41,16.59,3.32,-1.00,-1.00,50.24,28.44,13.74,-1.00,-1.00,-1.00,-1.00,-1.00
XPUT 212 0.47,1.41,790.79,16.49,3.30,-1.00,-1.00,49.95,28.28,13.67,-1.00,-1.00,-1.00,-1.00,-1.00
XPUT 213 0.47,1.41,800.90,17.34,3.28,-1.00,-1.00,49.68,28.12,13.59,-1.00,-1.00,-1.00,-1.00,-1.00
XPUT 214 0.47,1.40,816.96,17.24,3.26,-1.00,-1.00,49.87,27.96,13.51,-1.00,-1.00,-1.00,-1.00,-1.00
XPUT 215 0.46,1.39,847.20,17.15,3.24,-1.00,-1.00,50.98,27.81,13.44,-1.00,-1.00,-1.00,-1.00,-1.00
XPUT 216 0.46,1.38,842.55,17.05,3.23,-1.00,-1.00,50.70,27.65,13.37,-1.00,-1.00,-1.00,-1.00,-1.00
XPUT 217 0.46,1.38,837.94,16.96,3.21,-1.00,-1.00,50.42,27.50,13.29,-1.00,-1.00,-1.00,-1.00,-1.00
XPUT 218 0.46,1.37,844.79,16.87,3.19,-1.00,-1.00,50.15,27.35,13.22,-1.00,-1.00,-1.00,-1.00,-1.00
XPUT 219 0.45,1.36,851.56,16.78,3.17,-1.00,-1.00,49.88,27.21,13.15,-1.00,-1.00,-1.00,-1.00,-1.00
XPUT 220 0.45,1.35,853.74,16.69,3.16,-1.00,-1.00,49.61,27.06,13.08,-1.00,-1.00,-1.00,-1.00,-1.00
XPUT 221 0.45,1.35,849.18,16.60,3.14,-1.00,-1.00,49.34,26.92,13.01,-1.00,-1.00,-1.00,-1.00,-1.00
XPUT 222 0.45,1.34,844.66,17.40,3.12,-1.00,-1.00,49.08,26.77,12.94,-1.00,-1.00,-1.00,-1.00,-1.00
XPUT 223 0.44,1.33,868.15,17.31,3.11,-1.00,-1.00,48.82,26.63,12.87,-1.00,-1.00,-1.00,-1.00,-1.00
XPUT 224 0.44,1.32,890.96,17.22,3.09,-1.00,-1.00,50.33,27.37,12.80,-1.00,-1.00,-1.00,-1.00,-1.00
XPUT 225 0.44,1.32,897.27,17.13,3.07,-1.00,-1.00,50.07,27.23,12.74,-1.00,-1.00,-1.00,-1.00,-1.00
XPUT 226 0.44,1.31,892.60,17.04,3.06,-1.00,-1.00,49.81,27.09,12.67,-1.00,-1.00,-1.00,-1.00,-1.00
XPUT 227 0.43,1.30,887.98,16.95,3.04,-1.00,-1.00,49.55,26.95,12.60,-1.00,-1.00,-1.00,-1.00,-1.00
XPUT 228 0.43,1.30,905.02,16.86,3.03,-1.00,-1.00,49.29,26.81,12.54,-1.00,-1.00,-1.00,-1.00,-1.00
XPUT 229 0.43,1.29,900.38,16.78,3.01,-1.00,-1.00,49.04,26.67,12.48,-1.00,-1.00,-1.00,-1.00,-1.00
XPUT 230 0.43,1.28,895.78,16.69,3.00,-1.00,-1.00,50.07,26.54,12.41,-1.00,-1.00,-1.00,-1.00,-1.00
XPUT 231 0.43,1.28,906.57,17.03,2.98,-1.00,-1.00,51.10,26.40,12.35,-1.00,-1.00,-1.00,-1.00,-1.00
XPUT 232 0.42,1.27,907.92,16.95,2.97,-1.00,-1.00,50.84,26.27,12.29,-1.00,-1.00,-1.00,-1.00,-1.00
XPUT 233 0.42,1.26,913.89,16.86,2.95,-1.00,-1.00,50.58,26.98,12.22,-1.00,-1.00,-1.00,-1.00,-1.00
XPUT 234 0.42,1.26,909.33,16.78,2.94,-1.00,-1.00,50.33,26.84,12.16,-1.00,-1.00,-1.00,-1.00,-1.00
XPUT 235 0.42,1.25,904.80,16.69,2.92,-1.00,-1.00,50.08,26.71,12.10,-1.00,-1.00,-1.00,-1.00,-1.00
XPUT 236 0.42,1.25,900.32,16.61,2.91,-1.00,-1.00,51.91,26.58,12.04,-1.00,-1.00,-1.00,-1.00,-1.00
XPUT 237 0.41,1.24,906.22,16.53,2.89,-1.00,-1.00,51.65,26.45,11.98,-1.00,-1.00,-1.00,-1.00,-1.00
XPUT 238 0.41,1.23,911.64,16.45,2.88,-1.00,-1.00,51.40,26.32,11.92,-1.00,-1.00,-1.00,-1.00,-1.00
XPUT 239 0.41,1.23,927.66,17.19,2.86,-1.00,-1.00,51.15,26.19,11.87,-1.00,-1.00,-1.00,-1.00,-1.00
XPUT 240 0.41,1.22,943.51,17.10,2.85,-1.00,-1.00,50.90,26.06,11.81,-1.00,-1.00,-1.00,-1.00,-1.00
XPUT 241 0.41,1.22,938.96,17.02,2.84,-1.00,-1.00,50.66,25.94,11.75,-1.00,-1.00,-1.00,-1.00,-1.00
XPUT 242 0.40,1.21,934.85,16.94,2.82,-1.00,-1.00,50.82,25.81,11.70,-1.00,-1.00,-1.00,-1.00,-1.00
XPUT 243 0.40,1.20,950.04,17.26,2.81,-1.00,-1.00,51.38,25.69,11.64,-1.00,-1.00,-1.00,-1.00,-1.00
XPUT 244 0.40,1.20,955.50,17.18,2.80,-1.00,-1.00,51.53,25.57,11.58,-1.00,-1.00,-1.00,-1.00,-1.00
XPUT 245 0.40,1.19,960.91,17.10,2.78,-1.00,-1.00,51.29,25.44,11.53,-1.00,-1.00,-1.00,-1.00,-1.00
XPUT 246 0.40,1.19,969.83,17.01,2.77,-1.00,-1.00,51.04,25.72,11.47,-1.00,-1.00,-1.00,-1.00,-1.00
XPUT 247 0.39,1.18,984.97,16.93,2.76,-1.00,-1.00,50.80,25.60,11.42,-1.00,-1.00,-1.00,-1.00,-1.00
XPUT 248 0.39,1.18,980.37,16.86,2.74,-1.00,-1.00,51.74,25.48,11.37,-1.00,-1.00,-1.00,-1.00,-1.00
XPUT 249 0.39,1.17,975.81,17.56,2.73,-1.00,-1.00,51.50,25.36,11.31,-1.00,-1.00,-1.00,-1.00,-1.00
XPUT 250 0.39,1.17,972.46,17.48,2.72,-1.00,-1.00,51.26,25.24,11.26,-1.00,-1.00,-1.00,-1.00,-1.00
XPUT 251 0.39,1.16,976.48,17.40,2.71,-1.00,-1.00,51.03,25.13,11.21,-1.00,-1.00,-1.00,-1.00,-1.00
XPUT 252 0.38,1.15,981.62,17.32,2.69,-1.00,-1.00,50.79,25.01,11.16,-1.00,-1.00,-1.00,-1.00,-1.00
XPUT 253 0.38,1.15,986.71,17.24,2.68,-1.00,-1.00,51.71,24.90,11.11,-1.00,-1.00,-1.00,-1.00,-1.00
XPUT 254 0.38,1.14,982.23,17.16,2.67,-1.00,-1.00,51.48,24.78,11.06,-1.00,-1.00,-1.00,-1.00,-1.00
XPUT 255 1.14,1.14,980.82,17.08,2.66,-1.00,-1.00,51.24,24.67,11.01,-1.00,-1.00,-1.00,-1.00,-1.00
XPUT 256 1.13,1.13,995.67,17.00,2.65,-1.00,-1.00,51.01,24.56,10.96,-1.00,-1.00,-1.00,-1.00,-1.00
XPUT 257 1.13,1.13,991.21,17.30,2.63,-1.00,-1.00,51.54,24.45,10.91,-1.00,-1.00,-1.00,-1.00,-1.00
XPUT 258 1.12,1.12,986.78,17.23,2.62,-1.00,-1.00,51.31,24.34,10.86,-1.00,-1.00,-1.00,-1.00,-1.00
XPUT 259 1.12,1.12,982.40,17.15,2.61,-1.00,-1.00,51.08,24.23,10.81,-1.00,-1.00,-1.00,-1.00,-1.00
XPUT 260 1.11,1.11,996.61,17.07,2.60,-1.00,-1.00,50.85,24.87,10.76,-1.00,-1.00,-1.00,-1.00,-1.00
XPUT 261 1.11,1.11,1001.46,17.00,2.59,-1.00,-1.00,50.63,24.76,10.72,-1.00,-1.00,-1.00,-1.00,-1.00
XPUT 262 1.10,1.10,1015.46,16.92,2.58,-1.00,-1.00,51.14,24.65,10.67,-1.00,-1.00,-1.00,-1.00,-1.00
XPUT 263 1.10,1.10,1038.50,16.85,2.56,-1.00,-1.00,50.92,24.54,10.62,-1.00,-1.00,-1.00,-1.00,-1.00
XPUT 264 1.09,1.09,1033.99,16.78,2.55,-1.00,-1.00,50.70,24.44,10.58,-1.00,-1.00,-1.00,-1.00,-1.00
XPUT 265 1.09,1.09,1032.05,17.43,2.54,-1.00,-1.00,50.84,24.33,10.53,-1.00,-1.00,-1.00,-1.00,-1.00
XPUT 266 1.08,1.08,1043.15,17.36,2.53,-1.00,-1.00,50.62,24.23,10.49,-1.00,-1.00,-1.00,-1.00,-1.00
XPUT 267 1.08,1.08,1056.68,17.28,2.52,-1.00,-1.00,51.12,24.48,10.44,-1.00,-1.00,-1.00,-1.00,-1.00
XPUT 268 1.08,1.08,1052.16,17.21,2.51,-1.00,-1.00,50.91,24.38,10.40,-1.00,-1.00,-1.00,-1.00,-1.00
XPUT 269 1.07,1.07,1047.68,17.13,2.50,-1.00,-1.00,50.69,24.27,10.35,-1.00,-1.00,-1.00,-1.00,-1.00
XPUT 270 1.07,1.07,1061.02,17.06,2.49,-1.00,-1.00,51.54,24.88,10.31,-1.00,-1.00,-1.00,-1.00,-1.00
XPUT 271 1.06,1.06,1056.54,17.70,2.48,-1.00,-1.00,51.32,24.78,10.26,-1.00,-1.00,-1.00,-1.00,-1.00
XPUT 272 1.06,1.06,1052.10,17.62,2.47,-1.00,-1.00,51.46,24.67,10.22,-1.00,-1.00,-1.00,-1.00,-1.00
XPUT 273 1.05,1.40,1056.47,17.55,2.46,-1.00,-1.00,51.24,24.57,10.18,-1.00,-1.00,-1.00,-1.00,-1.00
XPUT 274 1.05,1.40,1078.29,17.83,2.45,-1.00,-1.00,51.03,24.47,10.14,-1.00,-1.00,-1.00,-1.00,-1.00
XPUT 275 1.04,1.39,1073.81,17.75,2.44,-1.00,-1.00,50.82,24.37,10.09,-1.00,-1.00,-1.00,-1.00,-1.00
XPUT 276 1.04,1.39,1071.11,17.68,2.43,-1.00,-1.00,52.00,24.26,10.05,-1.00,-1.00,-1.00,-1.00,-1.00
XPUT 277 1.04,1.38,1098.46,17.61,2.42,-1.00,-1.00,52.13,24.16,10.01,-1.00,-1.00,-1.00,-1.00,-1.00
XPUT 278 1.03,1.38,1102.55,17.53,2.41,-1.00,-1.00,51.91,24.41,9.97,-1.00,-1.00,-1.00,-1.00,-1.00
XPUT 279 1.03,1.37,1098.05,17.46,2.40,-1.00,-1.00,51.70,24.31,9.93,-1.00,-1.00,-1.00,-1.00,-1.00
XPUT 280 1.02,1.36,1110.30,17.39,2.39,-1.00,-1.00,51.49,24.21,9.89,-1.00,-1.00,-1.00,-1.00,-1.00
XPUT 281 1.02,1.36,1105.80,17.32,2.38,-1.00,-1.00,51.28,24.11,9.85,-1.00,-1.00,-1.00,-1.00,-1.00
XPUT 282 1.01,1.35,1109.80,17.93,2.37,-1.00,-1.00,51.08,24.02,9.81,-1.00,-1.00,-1.00,-1.00,-1.00
XPUT 283 1.01,1.35,1122.19,17.86,2.36,-1.00,-1.00,51.54,23.92,9.77,-1.00,-1.00,-1.00,-1.00,-1.00
XPUT 284 1.01,1.34,1126.09,17.78,2.35,-1.00,-1.00,52.34,23.82,9.73,-1.00,-1.00,-1.00,-1.00,-1.00
XPUT 285 1.00,1.34,1138.31,17.71,2.34,-1.00,-1.00,52.47,23.73,9.69,-1.00,-1.00,-1.00,-1.00,-1.00
XPUT 286 1.00,2.00,1134.79,17.98,2.33,-1.00,-1.00,52.26,24.30,9.65,-1.00,-1.00,-1.00,-1.00,-1.00
XPUT 287 0.99,1.99,1137.60,17.90,2.32,-1.00,-1.00,52.06,24.20,9.62,-1.00,-1.00,-1.00,-1.00,-1.00
XPUT 288 0.99,1.98,1141.38,17.83,2.31,-1.00,-1.00,52.51,24.11,9.58,-1.00,-1.00,-1.00,-1.00,-1.00
XPUT 289 0.99,1.97,1150.06,17.76,2.30,-1.00,-1.00,52.31,24.01,9.54,-1.00,-1.00,-1.00,-1.00,-1.00
XPUT 290 0.98,1.97,1156.06,17.69,2.29,-1.00,-1.00,52.10,23.92,9.50,-1.00,-1.00,-1.00,-1.00,-1.00
XPUT 291 0.98,1.96,1159.72,17.63,2.28,-1.00,-1.00,51.90,23.83,9.47,-1.00,-1.00,-1.00,-1.00,-1.00
XPUT 292 0.98,1.95,1155.22,17.56,2.28,-1.00,-1.00,52.67,23.74,9.43,-1.00,-1.00,-1.00,-1.00,-1.00
XPUT 293 0.97,1.94,1157.89,17.49,2.27,-1.00,-1.00,52.47,23.64,9.39,-1.00,-1.00,-1.00,-1.00,-1.00
XPUT 294 0.97,1.94,1153.43,17.42,2.26,-1.00,-1.00,52.27,23.55,9.36,-1.00,-1.00,-1.00,-1.00,-1.00
XPUT 295 0.96,1.93,1165.08,18.00,2.25,-1.00,-1.00,52.07,23.46,9.32,-1.00,-1.00,-1.00,-1.00,-1.00
XPUT 296 0.96,1.92,1160.64,17.93,2.24,-1.00,-1.00,51.87,23.37,9.29,-1.00,-1.00,-1.00,-1.00,-1.00
XPUT 297 0.96,1.91,1156.22,18.18,2.23,-1.00,-1.00,52.63,23.28,9.25,-1.00,-1.00,-1.00,-1.00,-1.00
XPUT 298 0.95,1.91,1151.84,18.11,2.22,-1.00,-1.00,52.43,23.20,9.21,-1.00,-1.00,-1.00,-1.00,-1.00
XPUT 299 0.95,1.90,1147.50,18.68,2.22,-1.00,-1.00,52.23,23.11,9.18,-1.00,-1.00,-1.00,-1.00,-1.00
XPUT 300 0.95,1.89,1151.07,18.61,2.21,-1.00,-1.00,52.98,23.02,9.15,-1.00,-1.00,-1.00,-1.00,-1.00
XPUT 301 0.94,1.89,1146.76,18.54,2.20,-1.00,-1.00,52.78,22.94,9.11,-1.00,-1.00,-1.00,-1.00,-1.00
XPUT 302 0.94,1.88,1142.48,18.47,2.19,-1.00,-1.00,52.59,22.85,9.08,-1.00,-1.00,-1.00,-1.00,-1.00
XPUT 303 0.94,1.87,1158.19,18.40,2.18,-1.00,-1.00,52.39,22.76,9.04,-1.00,-1.00,-1.00,-1.00,-1.00
XPUT 304 0.93,1.86,1156.70,18.33,2.17,-1.00,-1.00,52.20,22.68,9.01,-1.00,-1.00,-1.00,-1.00,-1.00
XPUT 305 0.93,1.86,1166.05,18.26,2.17,-1.00,-1.00,52.00,22.60,8.98,-1.00,-1.00,-1.00,-1.00,-1.00
XPUT 306 0.93,1.85,1169.47,18.50,2.16,-1.00,-1.00,53.35,22.51,8.94,-1.00,-1.00,-1.00,-1.00,-1.00
XPUT 307 0.92,1.84,1165.19,18.44,2.15,-1.00,-1.00,53.77,22.43,8.91,-1.00,-1.00,-1.00,-1.00,-1.00
XPUT 308 0.92,1.84,1176.24,18.37,2.14,-1.00,-1.00,53.58,22.35,8.88,-1.00,-1.00,-1.00,-1.00,-1.00
XPUT 309 0.92,1.83,1171.96,18.30,2.14,-1.00,-1.00,53.38,22.27,8.85,-1.00,-1.00,-1.00,-1.00,-1.00
XPUT 310 0.91,1.82,1167.72,18.84,2.13,-1.00,-1.00,53.19,22.80,8.81,-1.00,-1.00,-1.00,-1.00,-1.00
XPUT 311 0.91,1.82,1171.07,18.78,2.12,-1.00,-1.00,54.81,22.71,8.78,-1.00,-1.00,-1.00,-1.00,-1.00
XPUT 312 0.91,1.81,1166.86,18.71,2.11,-1.00,-1.00,54.62,22.63,8.75,-1.00,-1.00,-1.00,-1.00,-1.00
XPUT 313 0.90,1.80,1184.33,18.64,2.10,-1.00,-1.00,54.42,22.55,8.72,-1.00,-1.00,-1.00,-1.00,-1.00
XPUT 314 0.90,1.80,1195.08,19.17,2.10,-1.00,-1.00,54.23,22.47,8.69,-1.00,-1.00,-1.00,-1.00,-1.00
XPUT 315 0.90,1.79,1198.29,19.11,2.09,-1.00,-1.00,54.93,22.39,8.66,-1.00,-1.00,-1.00,-1.00,-1.00
XPUT 316 0.89,1.78,1194.04,19.04,2.08,-1.00,-1.00,55.03,22.31,8.63,-1.00,-1.00,-1.00,-1.00,-1.00
XPUT 317 0.89,1.78,1204.64,18.97,2.07,-1.00,-1.00,54.84,22.23,8.60,-1.00,-1.00,-1.00,-1.00,-1.00
XPUT 318 0.89,1.77,1207.78,18.90,2.07,-1.00,-1.00,54.64,22.15,8.57,-1.00,-1.00,-1.00,-1.00,-1.00
XPUT 319 0.88,1.77,1203.54,18.84,2.06,-1.00,-1.00,54.45,22.08,8.54,-1.00,-1.00,-1.00,-1.00,-1.00
XPUT 320 0.88,1.76,1199.34,18.77,2.05,-1.00,-1.00,54.26,22.00,8.51,-1.00,-1.00,-1.00,-1.00,-1.00
XPUT 321 0.88,1.75,1196.03,19.00,2.05,-1.00,-1.00,54.07,21.92,8.48,-1.00,-1.00,-1.00,-1.00,-1.00
XPUT 322 0.87,2.04,1205.57,18.93,2.04,-1.00,-1.00,55.92,21.85,8.45,-1.00,-1.00,-1.00,-1.00,-1.00
XPUT 323 0.87,2.03,1201.40,18.87,2.03,-1.00,-1.00,55.73,21.77,8.42,-1.00,-1.00,-1.00,-1.00,-1.00
XPUT 324 0.87,2.02,1199.86,18.80,2.02,-1.00,-1.00,55.54,21.69,8.39,-1.00,-1.00,-1.00,-1.00,-1.00
XPUT 325 0.86,2.02,1200.35,19.31,2.02,-1.00,-1.00,55.35,21.91,8.36,-1.00,-1.00,-1.00,-1.00,-1.00
XPUT 326 0.86,2.01,1196.24,19.25,2.01,-1.00,-1.00,56.88,21.83,8.33,-1.00,-1.00,-1.00,-1.00,-1.00
XPUT 327 0.86,2.00,1199.31,19.18,2.00,-1.00,-1.00,56.69,21.76,8.30,-1.00,-1.00,-1.00,-1.00,-1.00
XPUT 328 0.86,2.00,1220.91,19.40,2.00,-1.00,-1.00,56.49,21.68,8.27,-1.00,-1.00,-1.00,-1.00,-1.00
XPUT 329 0.85,1.99,1216.77,19.34,1.99,-1.00,-1.00,56.30,22.18,8.25,-1.00,-1.00,-1.00,-1.00,-1.00
XPUT 330 0.85,1.98,1226.55,19.27,1.98,-1.00,-1.00,56.68,22.39,8.22,-1.00,-1.00,-1.00,-1.00,-1.00
XPUT 331 0.85,1.98,1222.42,19.21,1.98,-1.00,-1.00,57.62,22.31,8.19,-1.00,-1.00,-1.00,-1.00,-1.00
XPUT 332 0.84,1.97,1225.36,19.14,1.97,-1.00,-1.00,57.43,22.24,8.16,-1.00,-1.00,-1.00,-1.00,-1.00
XPUT 333 0.84,1.96,1221.26,19.08,1.96,-1.00,-1.00,57.23,22.16,8.14,-1.00,-1.00,-1.00,-1.00,-1.00
XPUT 334 0.84,1.96,1220.54,19.01,1.96,-1.00,-1.00,57.04,22.09,8.11,-1.00,-1.00,-1.00,-1.00,-1.00
XPUT 335 0.84,1.95,1228.19,18.95,1.95,-1.00,-1.00,56.85,22.02,8.08,-1.00,-1.00,-1.00,-1.00,-1.00
XPUT 336 0.83,1.94,1231.63,18.89,1.94,-1.00,-1.00,56.66,21.94,8.06,-1.00,-1.00,-1.00,-1.00,-1.00
XPUT 337 0.83,1.94,1256.91,19.38,1.94,-1.00,-1.00,56.48,21.87,8.03,-1.00,-1.00,-1.00,-1.00,-1.00
