7 0 3 -2.5 U. of Houston
PERC 1 0.0
PERC 2 0.0
PERC 3 0.0
PERC 4 0.0
PERC 5 0.0
PERC 6 0.0
PERC 7 0.0
PERC 8 0.0
PERC 9 0.0
PERC 10 0.0
PERC 11 0.0
PERC 12 0.0
PERC 13 0.0
PERC 14 0.0
PERC 15 0.0
PERC 16 0.0
PERC 17 0.0
PERC 18 0.0
PERC 19 0.0
PERC 20 0.0
PERC 21 0.0
PERC 22 0.0
PERC 23 0.0
PERC 24 0.0
PERC 25 0.0
PERC 26 0.0
PERC 27 0.0
PERC 28 0.0
PERC 29 0.0
PERC 30 0.0
PERC 31 0.0
PERC 32 0.0
PERC 33 0.0
PERC 34 0.0
PERC 35 0.0
PERC 36 0.0
PERC 37 0.0
PERC 38 0.0
PERC 39 0.0
PERC 40 0.0
PERC 41 0.0
PERC 42 0.0
PERC 43 0.1
PERC 44 0.2
PERC 45 0.2
PERC 46 0.3
PERC 47 0.5
PERC 48 0.5
PERC 49 0.5
PERC 50 0.7
PERC 51 0.9
PERC 52 0.9
PERC 53 1.0
PERC 54 1.2
PERC 55 1.4
PERC 56 1.5
PERC 57 1.6
PERC 58 1.6
PERC 59 1.8
PERC 60 1.9
PERC 61 1.9
PERC 62 2.0
PERC 63 2.1
PERC 64 2.4
PERC 65 2.4
PERC 66 2.5
PERC 67 2.7
PERC 68 2.8
PERC 69 3.1
PERC 70 3.2
PERC 71 3.4
PERC 72 3.6
PERC 73 3.8
PERC 74 4.0
PERC 75 4.1
PERC 76 4.3
PERC 77 4.5
PERC 78 4.5
PERC 79 4.7
PERC 80 4.9
PERC 81 5.1
PERC 82 5.2
PERC 83 5.4
PERC 84 5.5
PERC 85 5.6
PERC 86 5.8
PERC 87 6.0
PERC 88 6.0
PERC 89 6.1
PERC 90 6.4
PERC 91 6.5
PERC 92 6.5
PERC 93 6.7
PERC 94 6.9
PERC 95 7.0
PERC 96 7.2
PERC 97 7.4
PERC 98 7.6
PERC 99 7.8
PERC 100 7.9
PERC 101 8.0
PERC 102 8.3
PERC 103 8.5
PERC 104 8.6
PERC 105 8.9
PERC 106 9.0
PERC 107 9.3
PERC 108 9.6
PERC 109 9.8
PERC 110 10.0
PERC 111 10.2
PERC 112 10.5
PERC 113 10.8
PERC 114 10.9
PERC 115 11.2
PERC 116 11.4
PERC 117 11.7
PERC 118 12.0
PERC 119 12.1
PERC 120 12.4
PERC 121 12.7
PERC 122 12.8
PERC 123 13.1
PERC 124 13.2
PERC 125 13.4
PERC 126 13.4
PERC 127 13.6
PERC 128 13.9
PERC 129 14.1
PERC 130 14.4
PERC 131 14.5
PERC 132 14.7
PERC 133 14.9
PERC 134 15.1
PERC 135 15.2
PERC 136 15.5
PERC 137 15.6
PERC 138 15.9
PERC 139 16.0
PERC 140 16.1
PERC 141 16.3
PERC 142 16.5
PERC 143 16.6
PERC 144 16.8
PERC 145 17.2
PERC 146 17.4
PERC 147 17.7
PERC 148 18.0
PERC 149 18.1
PERC 150 18.5
PERC 151 18.8
PERC 152 19.1
PERC 153 19.2
PERC 154 19.4
PERC 155 19.5
PERC 156 19.7
PERC 157 19.8
PERC 158 20.0
PERC 159 20.1
PERC 160 20.3
PERC 161 20.4
PERC 162 20.4
PERC 163 20.7
PERC 164 20.8
PERC 165 21.0
PERC 166 21.1
PERC 167 21.4
PERC 168 21.5
PERC 169 21.8
PERC 170 22.0
PERC 171 22.2
PERC 172 22.4
PERC 173 22.6
PERC 174 22.8
PERC 175 23.0
PERC 176 23.2
PERC 177 23.4
PERC 178 23.7
PERC 179 24.0
PERC 180 24.2
PERC 181 24.4
PERC 182 24.5
PERC 183 24.8
PERC 184 24.9
PERC 185 25.1
PERC 186 25.3
PERC 187 25.5
PERC 188 25.6
PERC 189 25.9
PERC 190 26.0
PERC 191 26.3
PERC 192 26.5
PERC 193 26.6
PERC 194 27.0
PERC 195 27.2
PERC 196 27.4
PERC 197 27.7
PERC 198 28.0
PERC 199 28.3
PERC 200 28.6
PERC 201 28.8
PERC 202 29.0
PERC 203 29.4
PERC 204 29.5
PERC 205 29.8
PERC 206 29.9
PERC 207 30.1
PERC 208 30.3
PERC 209 30.5
PERC 210 30.7
PERC 211 30.9
PERC 212 30.9
PERC 213 31.1
PERC 214 31.4
PERC 215 31.6
PERC 216 31.8
PERC 217 32.0
PERC 218 32.2
PERC 219 32.4
PERC 220 32.6
PERC 221 32.9
PERC 222 33.0
PERC 223 33.2
PERC 224 33.2
PERC 225 33.4
PERC 226 33.4
PERC 227 33.8
PERC 228 33.9
PERC 229 34.1
PERC 230 34.3
PERC 231 34.5
PERC 232 34.7
PERC 233 35.0
PERC 234 35.0
PERC 235 35.3
PERC 236 35.5
PERC 237 35.7
PERC 238 36.0
PERC 239 36.2
PERC 240 36.4
PERC 241 36.5
PERC 242 36.8
PERC 243 36.9
PERC 244 37.1
PERC 245 37.3
PERC 246 37.6
PERC 247 37.8
PERC 248 38.1
PERC 249 38.3
PERC 250 38.5
PERC 251 38.6
PERC 252 38.8
PERC 253 39.0
PERC 254 39.1
PERC 255 39.5
PERC 256 39.7
PERC 257 39.9
PERC 258 40.1
PERC 259 40.4
PERC 260 40.5
PERC 261 40.8
PERC 262 41.0
PERC 263 41.3
PERC 264 41.4
PERC 265 41.6
PERC 266 41.6
PERC 267 41.9
PERC 268 42.0
PERC 269 42.2
PERC 270 42.3
PERC 271 42.5
PERC 272 42.6
PERC 273 42.9
PERC 274 43.2
PERC 275 43.2
PERC 276 43.4
PERC 277 43.6
PERC 278 43.8
PERC 279 43.9
PERC 280 44.1
PERC 281 44.4
PERC 282 44.4
PERC 283 44.5
PERC 284 44.7
PERC 285 44.9
PERC 286 45.1
PERC 287 45.2
PERC 288 45.5
PERC 289 45.7
PERC 290 45.9
PERC 291 46.2
PERC 292 46.5
PERC 293 46.6
PERC 294 46.9
PERC 295 47.1
PERC 296 47.3
PERC 297 47.6
PERC 298 48.0
PERC 299 48.1
PERC 300 48.5
PERC 301 48.6
PERC 302 48.8
PERC 303 48.9
PERC 304 49.1
PERC 305 49.5
PERC 306 49.7
PERC 307 50.0
PERC 308 50.3
PERC 309 50.4
PERC 310 50.8
PERC 311 51.0
PERC 312 51.2
PERC 313 51.5
PERC 314 51.6
PERC 315 51.8
PERC 316 52.0
PERC 317 52.1
PERC 318 52.4
PERC 319 52.5
PERC 320 52.8
PERC 321 53.0
PERC 322 53.2
PERC 323 53.4
PERC 324 53.6
PERC 325 53.7
PERC 326 53.9
PERC 327 54.1
PERC 328 54.2
PERC 329 54.3
PERC 330 54.5
PERC 331 54.8
PERC 332 55.1
PERC 333 55.4
PERC 334 55.7
PERC 335 55.8
PERC 336 56.1
PERC 337 56.4
PERC 338 56.5
PERC 339 56.5
PERC 340 56.8
PERC 341 57.0
PERC 342 57.1
PERC 343 57.2
PERC 344 57.5
PERC 345 57.8
PERC 346 57.9
PERC 347 58.2
PERC 348 58.5
PERC 349 58.8
PERC 350 59.0
PERC 351 59.3
PERC 352 59.5
PERC 353 59.9
PERC 354 60.0
PERC 355 60.2
PERC 356 60.4
PERC 357 60.6
PERC 358 60.8
PERC 359 61.0
PERC 360 61.2
PERC 361 61.5
PERC 362 61.8
PERC 363 62.1
PERC 364 62.2
PERC 365 62.7
PERC 366 62.7
PERC 367 63.0
PERC 368 63.2
PERC 369 63.5
PERC 370 63.6
PERC 371 63.7
PERC 372 64.0
PERC 373 64.0
PERC 374 64.3
PERC 375 64.4
PERC 376 64.8
PERC 377 64.9
PERC 378 65.2
PERC 379 65.4
PERC 380 65.6
PERC 381 66.0
PERC 382 66.0
PERC 383 66.4
PERC 384 66.6
PERC 385 66.9
PERC 386 67.0
PERC 387 67.3
PERC 388 67.4
PERC 389 67.5
PERC 390 67.7
PERC 391 67.9
PERC 392 68.3
PERC 393 68.4
PERC 394 68.7
PERC 395 68.9
PERC 396 69.1
PERC 397 69.3
PERC 398 69.5
PERC 399 69.6
PERC 400 69.9
PERC 401 70.0
PERC 402 70.1
PERC 403 70.4
PERC 404 70.5
PERC 405 70.8
PERC 406 71.0
PERC 407 71.1
PERC 408 71.3
PERC 409 71.5
PERC 410 71.8
PERC 411 71.9
PERC 412 72.1
PERC 413 72.3
PERC 414 72.4
PERC 415 72.6
PERC 416 72.8
PERC 417 73.0
PERC 418 73.1
PERC 419 73.4
PERC 420 73.5
PERC 421 73.5
PERC 422 73.8
PERC 423 74.0
PERC 424 74.1
PERC 425 74.3
PERC 426 74.7
PERC 427 74.8
PERC 428 75.1
PERC 429 75.2
PERC 430 75.4
PERC 431 75.5
PERC 432 75.6
PERC 433 75.8
PERC 434 75.9
PERC 435 76.1
PERC 436 76.2
PERC 437 76.3
PERC 438 76.5
PERC 439 76.6
PERC 440 76.8
PERC 441 76.9
PERC 442 77.0
PERC 443 77.1
PERC 444 77.2
PERC 445 77.3
PERC 446 77.4
PERC 447 77.5
PERC 448 77.5
PERC 449 77.7
PERC 450 77.8
PERC 451 78.0
PERC 452 78.0
PERC 453 78.2
PERC 454 78.3
PERC 455 78.5
PERC 456 78.7
PERC 457 78.9
PERC 458 78.9
PERC 459 79.1
PERC 460 79.3
PERC 461 79.4
PERC 462 79.6
PERC 463 79.8
PERC 464 80.0
PERC 465 80.1
PERC 466 80.3
PERC 467 80.4
PERC 468 80.7
PERC 469 80.8
PERC 470 81.0
PERC 471 81.1
PERC 472 81.3
PERC 473 81.4
PERC 474 81.5
PERC 475 81.7
PERC 476 81.9
PERC 477 82.0
PERC 478 82.5
PERC 479 82.5
PERC 480 82.6
PERC 481 82.9
PERC 482 83.0
PERC 483 83.3
PERC 484 83.5
PERC 485 83.6
PERC 486 83.9
PERC 487 84.1
PERC 488 84.4
PERC 489 84.5
PERC 490 84.7
PERC 491 84.9
PERC 492 85.0
PERC 493 85.4
PERC 494 85.5
PERC 495 85.7
PERC 496 86.0
PERC 497 86.3
PERC 498 86.4
PERC 499 86.5
PERC 500 86.8
PERC 501 87.0
PERC 502 87.1
PERC 503 87.3
PERC 504 87.6
PERC 505 87.8
PERC 506 88.0
PERC 507 88.2
PERC 508 88.4
PERC 509 88.6
PERC 510 88.8
PERC 511 89.0
PERC 512 89.3
PERC 513 89.5
PERC 514 89.6
PERC 515 89.9
PERC 516 90.1
PERC 517 90.4
PERC 518 90.6
PERC 519 90.7
PERC 520 91.0
PERC 521 91.2
PERC 522 91.5
PERC 523 91.7
PERC 524 91.8
PERC 525 92.0
PERC 526 92.1
PERC 527 92.4
PERC 528 92.6
PERC 529 92.9
PERC 530 93.1
PERC 531 93.4
PERC 532 93.7
PERC 533 94.0
PERC 534 94.3
PERC 535 94.6
PERC 536 94.9
PERC 537 95.1
PERC 538 95.4
PERC 539 95.7
PERC 540 96.0
PERC 541 96.1
PERC 542 96.6
PERC 543 96.8
PERC 544 97.0
PERC 545 97.3
PERC 546 97.5
PERC 547 97.8
PERC 548 98.1
PERC 549 98.3
PERC 550 98.6
PERC 551 98.9
PERC 552 99.2
PERC 553 99.4
PERC 554 99.5
PERC 555 99.8
PERC 556 99.9
PERC 557 99.9
PERC 558 99.9
PERC 559 100.0
XPUT 1 -1.00,-1.00,-1.00,-1.00,-1.00,-1.00,-1.00,-1.00,-1.00,-1.00,-1.00,-1.00,-1.00,-1.00,-1.00
XPUT 2 -1.00,-1.00,-1.00,-1.00,-1.00,-1.00,-1.00,-1.00,-1.00,-1.00,-1.00,-1.00,-1.00,-1.00,-1.00
XPUT 3 -1.00,-1.00,-1.00,-1.00,-1.00,-1.00,-1.00,-1.00,-1.00,-1.00,-1.00,-1.00,-1.00,-1.00,-1.00
XPUT 4 -1.00,-1.00,-1.00,-1.00,-1.00,-1.00,-1.00,-1.00,-1.00,-1.00,-1.00,-1.00,-1.00,-1.00,-1.00
XPUT 5 -1.00,-1.00,-1.00,-1.00,-1.00,-1.00,-1.00,-1.00,-1.00,-1.00,-1.00,-1.00,-1.00,-1.00,-1.00
XPUT 6 -1.00,-1.00,-1.00,-1.00,-1.00,-1.00,-1.00,-1.00,-1.00,-1.00,-1.00,-1.00,-1.00,-1.00,-1.00
XPUT 7 -1.00,-1.00,-1.00,-1.00,-1.00,-1.00,-1.00,-1.00,-1.00,-1.00,-1.00,-1.00,-1.00,-1.00,-1.00
XPUT 8 -1.00,-1.00,-1.00,-1.00,-1.00,-1.00,-1.00,-1.00,-1.00,-1.00,-1.00,-1.00,-1.00,-1.00,-1.00
XPUT 9 -1.00,-1.00,-1.00,-1.00,-1.00,-1.00,-1.00,-1.00,-1.00,-1.00,-1.00,-1.00,-1.00,-1.00,-1.00
XPUT 10 -1.00,-1.00,-1.00,-1.00,-1.00,-1.00,-1.00,-1.00,-1.00,-1.00,-1.00,-1.00,-1.00,-1.00,-1.00
XPUT 11 -1.00,-1.00,-1.00,-1.00,-1.00,-1.00,-1.00,-1.00,-1.00,-1.00,-1.00,-1.00,-1.00,-1.00,-1.00
XPUT 12 -1.00,-1.00,-1.00,-1.00,-1.00,-1.00,-1.00,-1.00,-1.00,-1.00,-1.00,-1.00,-1.00,-1.00,-1.00
XPUT 13 -1.00,-1.00,-1.00,-1.00,-1.00,-1.00,-1.00,-1.00,-1.00,-1.00,-1.00,-1.00,-1.00,-1.00,-1.00
XPUT 14 -1.00,-1.00,-1.00,-1.00,-1.00,-1.00,-1.00,-1.00,-1.00,-1.00,-1.00,-1.00,-1.00,-1.00,-1.00
XPUT 15 -1.00,-1.00,-1.00,-1.00,-1.00,-1.00,-1.00,-1.00,-1.00,-1.00,-1.00,-1.00,-1.00,-1.00,-1.00
XPUT 16 -1.00,-1.00,-1.00,-1.00,-1.00,-1.00,-1.00,-1.00,-1.00,-1.00,-1.00,-1.00,-1.00,-1.00,-1.00
XPUT 17 -1.00,-1.00,-1.00,-1.00,-1.00,-1.00,-1.00,-1.00,-1.00,-1.00,-1.00,-1.00,-1.00,-1.00,-1.00
XPUT 18 -1.00,-1.00,-1.00,-1.00,-1.00,-1.00,-1.00,-1.00,-1.00,-1.00,-1.00,-1.00,-1.00,-1.00,-1.00
XPUT 19 -1.00,-1.00,-1.00,-1.00,-1.00,-1.00,-1.00,-1.00,-1.00,-1.00,-1.00,-1.00,-1.00,-1.00,-1.00
XPUT 20 -1.00,-1.00,-1.00,-1.00,-1.00,-1.00,-1.00,-1.00,-1.00,-1.00,-1.00,-1.00,-1.00,-1.00,-1.00
XPUT 21 -1.00,-1.00,-1.00,-1.00,-1.00,-1.00,-1.00,-1.00,-1.00,-1.00,-1.00,-1.00,-1.00,-1.00,-1.00
XPUT 22 -1.00,-1.00,-1.00,-1.00,-1.00,-1.00,-1.00,-1.00,-1.00,-1.00,-1.00,-1.00,-1.00,-1.00,-1.00
XPUT 23 -1.00,-1.00,-1.00,-1.00,-1.00,-1.00,-1.00,-1.00,-1.00,-1.00,-1.00,-1.00,-1.00,-1.00,-1.00
XPUT 24 -1.00,-1.00,-1.00,-1.00,-1.00,-1.00,-1.00,-1.00,-1.00,-1.00,-1.00,-1.00,-1.00,-1.00,-1.00
XPUT 25 -1.00,-1.00,-1.00,-1.00,-1.00,-1.00,-1.00,-1.00,-1.00,-1.00,-1.00,-1.00,-1.00,-1.00,-1.00
XPUT 26 -1.00,-1.00,-1.00,-1.00,-1.00,-1.00,-1.00,-1.00,-1.00,-1.00,-1.00,-1.00,-1.00,-1.00,-1.00
XPUT 27 -1.00,-1.00,-1.00,-1.00,-1.00,-1.00,-1.00,-1.00,-1.00,-1.00,-1.00,-1.00,-1.00,-1.00,-1.00
XPUT 28 -1.00,-1.00,-1.00,-1.00,-1.00,-1.00,-1.00,-1.00,-1.00,-1.00,-1.00,-1.00,-1.00,-1.00,-1.00
XPUT 29 -1.00,-1.00,-1.00,-1.00,-1.00,-1.00,-1.00,-1.00,-1.00,-1.00,-1.00,-1.00,-1.00,-1.00,-1.00
XPUT 30 -1.00,-1.00,-1.00,-1.00,-1.00,-1.00,-1.00,-1.00,-1.00,-1.00,-1.00,-1.00,-1.00,-1.00,-1.00
XPUT 31 -1.00,-1.00,-1.00,-1.00,-1.00,-1.00,-1.00,-1.00,-1.00,-1.00,-1.00,-1.00,-1.00,-1.00,-1.00
XPUT 32 -1.00,-1.00,-1.00,-1.00,-1.00,-1.00,-1.00,-1.00,-1.00,-1.00,-1.00,-1.00,-1.00,-1.00,-1.00
XPUT 33 -1.00,-1.00,-1.00,-1.00,-1.00,-1.00,-1.00,-1.00,-1.00,-1.00,-1.00,-1.00,-1.00,-1.00,-1.00
XPUT 34 -1.00,-1.00,-1.00,-1.00,-1.00,-1.00,-1.00,-1.00,-1.00,-1.00,-1.00,-1.00,-1.00,-1.00,-1.00
XPUT 35 -1.00,-1.00,-1.00,-1.00,-1.00,-1.00,-1.00,-1.00,-1.00,-1.00,-1.00,-1.00,-1.00,-1.00,-1.00
XPUT 36 -1.00,-1.00,-1.00,-1.00,-1.00,-1.00,-1.00,-1.00,-1.00,-1.00,-1.00,-1.00,-1.00,-1.00,-1.00
XPUT 37 -1.00,-1.00,-1.00,-1.00,-1.00,-1.00,-1.00,-1.00,-1.00,-1.00,-1.00,-1.00,-1.00,-1.00,-1.00
XPUT 38 -1.00,-1.00,-1.00,-1.00,-1.00,-1.00,-1.00,-1.00,-1.00,-1.00,-1.00,-1.00,-1.00,-1.00,-1.00
XPUT 39 -1.00,-1.00,-1.00,-1.00,-1.00,-1.00,-1.00,-1.00,-1.00,-1.00,-1.00,-1.00,-1.00,-1.00,-1.00
XPUT 40 -1.00,-1.00,-1.00,-1.00,-1.00,-1.00,-1.00,-1.00,-1.00,-1.00,-1.00,-1.00,-1.00,-1.00,-1.00
XPUT 41 -1.00,-1.00,-1.00,-1.00,-1.00,-1.00,-1.00,-1.00,-1.00,-1.00,-1.00,-1.00,-1.00,-1.00,-1.00
XPUT 42 -1.00,-1.00,-1.00,-1.00,-1.00,-1.00,-1.00,-1.00,-1.00,-1.00,-1.00,-1.00,-1.00,-1.00,-1.00
XPUT 43 -1.00,-1.00,-1.00,-1.00,-1.00,-1.00,-1.00,-1.00,-1.00,-1.00,-1.00,-1.00,-1.00,-1.00,-1.00
XPUT 44 -1.00,-1.00,503.32,-1.00,-1.00,-1.00,-1.00,-1.00,-1.00,587.20,-1.00,-1.00,-1.00,-1.00,-1.00
XPUT 45 -1.00,-1.00,251.66,-1.00,-1.00,-1.00,-1.00,-1.00,-1.00,419.43,-1.00,-1.00,-1.00,-1.00,-1.00
XPUT 46 -1.00,-1.00,251.66,-1.00,-1.00,-1.00,-1.00,-1.00,-1.00,419.43,-1.00,-1.00,-1.00,-1.00,-1.00
XPUT 47 -1.00,-1.00,188.74,-1.00,-1.00,-1.00,-1.00,-1.00,-1.00,419.43,-1.00,-1.00,-1.00,-1.00,-1.00
XPUT 48 -1.00,-1.00,150.99,-1.00,-1.00,-1.00,-1.00,-1.00,-1.00,335.54,-1.00,-1.00,-1.00,-1.00,-1.00
XPUT 49 -1.00,-1.00,139.81,-1.00,-1.00,-1.00,-1.00,-1.00,-1.00,363.51,-1.00,-1.00,-1.00,-1.00,-1.00
XPUT 50 -1.00,-1.00,143.80,-1.00,-1.00,-1.00,-1.00,-1.00,-1.00,383.48,-1.00,-1.00,-1.00,-1.00,-1.00
XPUT 51 -1.00,-1.00,146.80,-1.00,-1.00,-1.00,-1.00,-1.00,-1.00,335.54,-1.00,-1.00,-1.00,-1.00,-1.00
XPUT 52 -1.00,-1.00,139.81,-1.00,-1.00,-1.00,-1.00,-1.00,-1.00,363.51,-1.00,-1.00,-1.00,-1.00,-1.00
XPUT 53 -1.00,-1.00,150.99,-1.00,-1.00,-1.00,-1.00,-1.00,-1.00,377.49,-1.00,-1.00,-1.00,-1.00,-1.00
XPUT 54 -1.00,-1.00,160.15,-1.00,-1.00,-1.00,-1.00,-1.00,-1.00,381.30,-1.00,-1.00,-1.00,-1.00,-1.00
XPUT 55 -1.00,-1.00,146.80,-1.00,-1.00,-1.00,-1.00,-1.00,-1.00,391.47,-1.00,-1.00,-1.00,-1.00,-1.00
XPUT 56 -1.00,-1.00,135.51,-1.00,-1.00,-1.00,-1.00,-1.00,-1.00,400.07,-1.00,-1.00,-1.00,-1.00,-1.00
XPUT 57 -1.00,-1.00,125.83,-1.00,-1.00,-1.00,-1.00,-1.00,-1.00,371.50,-1.00,-1.00,-1.00,-1.00,-1.00
XPUT 58 -1.00,-1.00,117.44,-1.00,-1.00,-1.00,-1.00,-1.00,-1.00,380.28,-1.00,-1.00,-1.00,-1.00,-1.00
XPUT 59 -1.00,-1.00,110.10,-1.00,-1.00,-1.00,-1.00,-1.00,-1.00,393.22,-1.00,-1.00,-1.00,-1.00,-1.00
XPUT 60 -1.00,-1.00,103.62,-1.00,-1.00,-1.00,-1.00,-1.00,-1.00,370.09,-1.00,-1.00,-1.00,-1.00,-1.00
XPUT 61 -1.00,-1.00,97.87,-1.00,-1.00,-1.00,-1.00,-1.00,-1.00,377.49,-1.00,-1.00,-1.00,-1.00,-1.00
XPUT 62 -1.00,-1.00,92.72,-1.00,-1.00,-1.00,-1.00,-1.00,-1.00,384.11,-1.00,-1.00,-1.00,-1.00,-1.00
XPUT 63 -1.00,-1.00,109.05,-1.00,-1.00,-1.00,-1.00,-1.00,-1.00,390.07,-1.00,-1.00,-1.00,-1.00,-1.00
XPUT 64 -1.00,-1.00,103.86,-1.00,-1.00,-1.00,-1.00,-1.00,-1.00,371.50,-1.00,-1.00,-1.00,-1.00,-1.00
XPUT 65 -1.00,-1.00,110.58,-1.00,-1.00,-1.00,-1.00,-1.00,-1.00,381.30,-1.00,-1.00,-1.00,-1.00,-1.00
XPUT 66 -1.00,-1.00,116.71,-1.00,-1.00,-1.00,-1.00,-1.00,-1.00,379.31,-1.00,-1.00,-1.00,-1.00,-1.00
XPUT 67 -1.00,-1.00,111.85,-1.00,-1.00,-1.00,-1.00,-1.00,-1.00,384.48,-1.00,-1.00,-1.00,-1.00,-1.00
XPUT 68 -1.00,-1.00,107.37,-1.00,-1.00,-1.00,-1.00,-1.00,-1.00,412.72,-1.00,-1.00,-1.00,-1.00,-1.00
XPUT 69 -1.00,-1.00,103.24,3.23,-1.00,-1.00,-1.00,-1.00,-1.00,416.20,-1.00,-1.00,-1.00,-1.00,-1.00
XPUT 70 -1.00,-1.00,105.63,3.11,-1.00,-1.00,-1.00,-1.00,-1.00,419.43,-1.00,-1.00,-1.00,-1.00,-1.00
XPUT 71 -1.00,-1.00,110.85,8.99,-1.00,-1.00,-1.00,-1.00,-1.00,425.42,-1.00,-1.00,-1.00,-1.00,-1.00
XPUT 72 -1.00,-1.00,112.81,11.57,-1.00,-1.00,-1.00,-1.00,-1.00,428.11,-1.00,-1.00,-1.00,-1.00,-1.00
XPUT 73 -1.00,-1.00,117.44,11.18,-1.00,-1.00,-1.00,-1.00,-1.00,427.82,-1.00,-1.00,-1.00,-1.00,-1.00
XPUT 74 -1.00,-1.00,116.36,16.24,-1.00,-1.00,-1.00,-1.00,-1.00,430.25,-1.00,-1.00,-1.00,-1.00,-1.00
XPUT 75 -1.00,-1.00,112.72,15.73,-1.00,-1.00,-1.00,-1.00,-1.00,432.54,-1.00,-1.00,-1.00,-1.00,-1.00
XPUT 76 -1.00,-1.00,122.02,17.79,-1.00,-1.00,-1.00,-1.00,-1.00,434.68,-1.00,-1.00,-1.00,-1.00,-1.00
XPUT 77 -1.00,-1.00,118.43,17.27,-1.00,-1.00,-1.00,-1.00,-1.00,426.83,-1.00,-1.00,-1.00,-1.00,-1.00
XPUT 78 -1.00,-1.00,127.03,16.78,-1.00,-1.00,-1.00,-1.00,-1.00,426.62,-1.00,-1.00,-1.00,-1.00,-1.00
XPUT 79 -1.00,-1.00,125.83,20.97,-1.00,-1.00,-1.00,-1.00,-1.00,428.75,-1.00,-1.00,-1.00,-1.00,-1.00
XPUT 80 -1.00,-1.00,129.23,20.40,-1.00,-1.00,-1.00,-1.00,-1.00,430.77,-1.00,-1.00,-1.00,-1.00,-1.00
XPUT 81 -1.00,-1.00,130.24,19.87,-1.00,-1.00,2.21,-1.00,-1.00,423.85,-1.00,-1.00,-1.00,-1.00,-1.00
XPUT 82 -1.00,-1.00,129.06,21.51,-1.00,-1.00,2.15,-1.00,-1.00,421.58,-1.00,-1.00,-1.00,-1.00,-1.00
XPUT 83 -1.00,-1.00,134.22,20.97,-1.00,-1.00,6.29,-1.00,-1.00,421.53,-1.00,-1.00,-1.00,-1.00,-1.00
XPUT 84 -1.00,-1.00,132.99,20.46,-1.00,-1.00,8.18,-1.00,-1.00,415.34,-1.00,-1.00,-1.00,-1.00,-1.00
XPUT 85 -1.00,-1.00,133.82,23.97,-1.00,-1.00,7.99,-1.00,-1.00,413.44,-1.00,-1.00,-1.00,-1.00,-1.00
XPUT 86 -1.00,-1.00,136.56,23.41,-1.00,-1.00,7.80,-1.00,-1.00,417.48,-1.00,-1.00,-1.00,-1.00,-1.00
XPUT 87 -1.00,-1.00,133.46,22.88,-1.00,-1.00,7.63,-1.00,-1.00,409.90,-1.00,-1.00,-1.00,-1.00,-1.00
XPUT 88 -1.00,-1.00,130.49,26.10,-1.00,-1.00,7.46,-1.00,-1.00,410.11,-1.00,-1.00,-1.00,-1.00,-1.00
XPUT 89 -1.00,-1.00,136.77,31.00,-1.00,-1.00,10.94,-1.00,-1.00,406.67,-1.00,-1.00,-1.00,-1.00,-1.00
XPUT 90 -1.00,-1.00,135.65,30.34,-1.00,-1.00,10.71,-1.00,-1.00,403.37,-1.00,-1.00,-1.00,-1.00,-1.00
XPUT 91 1.75,-1.00,132.82,29.71,-1.00,-1.00,10.49,-1.00,-1.00,394.96,-1.00,-1.00,-1.00,-1.00,-1.00
XPUT 92 1.71,-1.00,135.24,29.10,-1.00,-1.00,10.27,-1.00,-1.00,397.17,-1.00,-1.00,-1.00,-1.00,-1.00
XPUT 93 1.68,-1.00,135.90,35.23,-1.00,-1.00,10.07,-1.00,-1.00,392.59,-1.00,-1.00,-1.00,-1.00,-1.00
XPUT 94 1.64,-1.00,134.88,34.54,-1.00,-1.00,11.51,-1.00,-1.00,393.11,-1.00,-1.00,-1.00,-1.00,-1.00
XPUT 95 1.61,-1.00,132.28,37.10,-1.00,-1.00,11.29,-1.00,-1.00,395.23,-1.00,-1.00,-1.00,-1.00,-1.00
XPUT 96 1.58,-1.00,134.53,44.32,-1.00,-1.00,11.08,-1.00,-1.00,395.69,-1.00,-1.00,-1.00,-1.00,-1.00
XPUT 97 1.55,-1.00,138.26,43.50,-1.00,-1.00,10.87,-1.00,1.55,397.68,-1.00,-1.00,-1.00,-1.00,-1.00
XPUT 98 1.53,-1.00,140.32,42.71,-1.00,-1.00,10.68,-1.00,1.53,396.55,-1.00,-1.00,-1.00,-1.00,-1.00
XPUT 99 1.50,-1.00,137.81,46.44,-1.00,-1.00,10.49,-1.00,1.50,396.96,-1.00,-1.00,-1.00,-1.00,-1.00
XPUT 100 1.47,-1.00,136.87,45.62,-1.00,-1.00,10.30,-1.00,1.47,394.41,-1.00,-1.00,-1.00,-1.00,-1.00
XPUT 101 4.34,-1.00,137.40,49.17,-1.00,-1.00,13.02,-1.00,1.45,391.95,-1.00,-1.00,-1.00,-1.00,-1.00
XPUT 102 4.27,-1.00,135.07,49.76,-1.00,-1.00,12.80,-1.00,1.42,399.53,-1.00,-1.00,-1.00,-1.00,-1.00
XPUT 103 4.19,-1.00,134.22,48.93,-1.00,-1.00,13.98,-1.00,1.40,394.26,-1.00,-1.00,-1.00,-1.00,-1.00
XPUT 104 4.13,1.38,134.77,57.76,-1.00,-1.00,13.75,-1.00,1.38,394.68,-1.00,-1.00,-1.00,-1.00,-1.00
XPUT 105 4.06,1.35,135.30,56.83,-1.00,-1.00,13.53,-1.00,1.35,396.43,-1.00,-1.00,-1.00,-1.00,-1.00
XPUT 106 5.33,1.33,137.15,57.26,-1.00,-1.00,13.32,-1.00,3.99,400.79,-1.00,-1.00,-1.00,-1.00,-1.00
XPUT 107 5.24,1.31,138.94,58.98,-1.00,-1.00,15.73,-1.00,3.93,402.39,-1.00,-1.00,-1.00,-1.00,-1.00
XPUT 108 7.74,1.29,138.09,61.95,-1.00,-1.00,15.49,-1.00,5.16,400.07,-1.00,-1.00,-1.00,-1.00,-1.00
XPUT 109 7.63,1.27,138.54,63.55,-1.00,-1.00,15.25,-1.00,5.08,402.91,-1.00,-1.00,-1.00,-1.00,-1.00
XPUT 110 7.51,5.01,136.47,62.60,-1.00,-1.00,15.02,-1.00,7.51,404.41,-1.00,-1.00,-1.00,-1.00,-1.00
XPUT 111 8.64,4.93,138.17,66.62,-1.00,-1.00,17.27,-1.00,7.40,405.86,-1.00,-1.00,-1.00,-1.00,-1.00
XPUT 112 8.51,7.29,138.59,68.08,-1.00,-1.00,17.02,-1.00,8.51,407.27,-1.00,-1.00,-1.00,-1.00,-1.00
XPUT 113 8.39,8.39,140.21,67.11,-1.00,-1.00,16.78,-1.00,8.39,401.45,-1.00,-1.00,-1.00,-1.00,-1.00
XPUT 114 8.27,8.27,139.42,70.89,1.18,-1.00,16.54,-1.00,10.63,404.07,-1.00,-1.00,-1.00,-1.00,-1.00
XPUT 115 8.16,10.49,139.81,69.91,3.50,-1.00,16.31,-1.00,10.49,405.45,-1.00,-1.00,-1.00,-1.00,-1.00
XPUT 116 8.04,11.49,141.34,71.25,3.45,-1.00,16.09,-1.00,10.34,406.79,-1.00,-1.00,-1.00,-1.00,-1.00
XPUT 117 7.94,13.60,141.70,75.95,3.40,-1.00,17.00,-1.00,10.20,406.96,-1.00,-1.00,-1.00,-1.00,-1.00
XPUT 118 7.83,19.01,143.17,74.94,3.36,-1.00,16.78,-1.00,10.07,401.53,-1.00,-1.00,-1.00,-1.00,-1.00
XPUT 119 7.73,18.76,142.39,75.06,4.42,-1.00,16.56,-1.00,11.04,402.87,-1.00,-1.00,-1.00,-1.00,-1.00
XPUT 120 7.63,19.61,142.72,77.35,6.54,-1.00,18.52,-1.00,10.89,404.18,-1.00,-1.00,-1.00,-1.00,-1.00
XPUT 121 7.53,24.74,144.11,76.36,6.45,-1.00,18.28,-1.00,10.75,399.00,-1.00,-1.00,-1.00,-1.00,-1.00
XPUT 122 7.43,26.55,142.29,79.64,6.37,-1.00,19.11,-1.00,10.62,401.38,-1.00,-1.00,-1.00,-1.00,-1.00
XPUT 123 7.34,27.26,143.65,79.69,6.29,-1.00,18.87,-1.00,10.49,396.36,-1.00,-1.00,-1.00,-1.00,-1.00
XPUT 124 7.25,29.00,143.95,78.71,6.21,-1.00,18.64,-1.00,10.36,397.68,-1.00,-1.00,-1.00,-1.00,-1.00
XPUT 125 7.16,28.64,142.20,79.79,6.14,-1.00,18.41,-1.00,10.23,392.83,-1.00,-1.00,-1.00,-1.00,-1.00
XPUT 126 7.07,32.34,140.48,81.86,6.06,-1.00,20.21,-1.00,10.11,388.10,-1.00,-1.00,-1.00,-1.00,-1.00
XPUT 127 6.99,33.95,142.81,80.89,5.99,-1.00,20.97,-1.00,11.98,389.47,-1.00,-1.00,-1.00,-1.00,-1.00
XPUT 128 6.91,36.52,143.10,80.93,5.92,-1.00,22.70,-1.00,11.84,384.89,-1.00,-1.00,-1.00,-1.00,-1.00
XPUT 129 6.83,38.04,142.41,84.86,5.85,-1.00,22.43,-1.00,11.71,386.27,-1.00,-1.00,-1.00,-1.00,-1.00
XPUT 130 8.68,38.57,142.70,83.89,5.79,-1.00,25.07,-1.00,11.57,381.83,-1.00,-1.00,-1.00,-1.00,-1.00
XPUT 131 8.58,38.13,142.99,84.84,5.72,-1.00,26.69,-1.00,11.44,384.16,-1.00,-1.00,-1.00,-1.00,-1.00
XPUT 132 8.48,37.70,142.32,86.71,6.60,-1.00,27.33,-1.00,13.20,379.84,-1.00,-1.00,-1.00,-1.00,-1.00
XPUT 133 8.39,39.15,142.61,86.68,6.52,-1.00,27.03,-1.00,13.05,379.35,-1.00,-1.00,-1.00,-1.00,-1.00
XPUT 134 9.22,38.72,141.96,85.73,6.45,-1.00,26.73,-1.00,12.91,377.03,-1.00,-1.00,-1.00,-1.00,-1.00
XPUT 135 9.12,41.94,140.42,86.62,8.21,-1.00,26.44,-1.00,12.77,377.49,-1.00,-1.00,-1.00,-1.00,-1.00
XPUT 136 9.02,41.49,141.61,88.40,8.12,-1.00,26.16,-1.00,13.53,373.43,-1.00,-1.00,-1.00,-1.00,-1.00
XPUT 137 8.92,47.30,141.89,87.46,8.03,-1.00,27.66,-1.00,13.39,374.81,-1.00,-1.00,-1.00,-1.00,-1.00
XPUT 138 10.60,46.80,141.28,86.54,7.95,-1.00,30.02,-1.00,13.25,370.86,-1.00,-1.00,-1.00,-1.00,-1.00
XPUT 139 10.49,46.31,139.81,88.26,7.86,-1.00,29.71,-1.00,13.11,367.00,-1.00,-1.00,-1.00,-1.00,-1.00
XPUT 140 10.38,45.83,138.37,89.07,7.78,-1.00,30.27,-1.00,14.70,365.81,-1.00,-1.00,-1.00,-1.00,-1.00
XPUT 141 10.27,47.93,138.67,88.17,7.70,-1.00,31.67,-1.00,14.55,364.65,-1.00,-1.00,-1.00,-1.00,-1.00
XPUT 142 10.17,47.45,138.96,87.28,8.47,-1.00,31.35,-1.00,14.40,366.05,-1.00,-1.00,-1.00,-1.00,-1.00
XPUT 143 11.74,52.01,137.57,86.40,8.39,-1.00,31.04,-1.00,15.10,362.39,-1.00,-1.00,-1.00,-1.00,-1.00
XPUT 144 11.63,53.99,136.21,90.53,9.97,-1.00,30.73,-1.00,14.95,364.61,-1.00,-1.00,-1.00,-1.00,-1.00
XPUT 145 11.51,55.10,135.70,89.64,9.87,-1.00,30.43,-1.00,14.80,365.97,-1.00,-1.00,-1.00,-1.00,-1.00
XPUT 146 11.40,57.82,136.82,88.77,9.77,-1.00,30.13,-1.00,16.29,367.31,-1.00,-1.00,-1.00,-1.00,-1.00
XPUT 147 11.29,62.91,137.12,91.95,9.68,-1.00,29.84,-1.00,16.94,365.39,-1.00,-1.00,-1.00,-1.00,-1.00
XPUT 148 11.98,64.71,135.82,91.08,9.59,-1.00,29.56,-1.00,16.78,364.31,-1.00,-1.00,-1.00,-1.00,-1.00
XPUT 149 11.87,67.27,134.53,90.22,9.50,-1.00,31.66,-1.00,18.20,365.62,-1.00,-1.00,-1.00,-1.00,-1.00
XPUT 150 11.76,70.56,134.06,91.73,9.41,-1.00,32.93,-1.00,19.60,366.90,-1.00,-1.00,-1.00,-1.00,-1.00
XPUT 151 13.20,73.79,134.37,90.88,9.32,-1.00,32.62,-1.00,20.19,368.94,-1.00,-1.00,-1.00,-1.00,-1.00
XPUT 152 13.08,73.88,133.14,90.04,9.24,-1.00,32.32,-1.00,20.01,365.56,-1.00,-1.00,-1.00,-1.00,-1.00
XPUT 153 12.96,73.21,133.46,91.51,9.15,-1.00,32.03,-1.00,21.35,366.81,-1.00,-1.00,-1.00,-1.00,-1.00
XPUT 154 12.85,72.55,133.01,91.44,9.07,-1.00,32.50,-1.00,21.16,363.51,-1.00,-1.00,-1.00,-1.00,-1.00
XPUT 155 12.73,71.90,131.82,90.63,8.99,-1.00,33.70,-1.00,21.72,364.75,-1.00,-1.00,-1.00,-1.00,-1.00
XPUT 156 12.62,71.27,132.88,89.82,8.91,-1.00,33.41,-1.00,23.01,361.53,-1.00,-1.00,-1.00,-1.00,-1.00
XPUT 157 12.51,70.64,133.19,90.51,8.83,-1.00,33.11,-1.00,23.55,362.77,-1.00,-1.00,-1.00,-1.00,-1.00
XPUT 158 12.40,70.03,132.03,91.91,8.75,-1.00,32.82,-1.00,23.34,359.62,-1.00,-1.00,-1.00,-1.00,-1.00
XPUT 159 12.29,70.87,133.06,91.12,8.68,-1.00,32.54,-1.00,23.14,360.13,-1.00,-1.00,-1.00,-1.00,-1.00
XPUT 160 12.19,70.26,134.07,91.77,8.60,-1.00,32.26,-1.00,24.38,358.49,-1.00,-1.00,-1.00,-1.00,-1.00
XPUT 161 12.09,69.67,132.94,91.00,8.53,-1.00,31.99,-1.00,24.17,356.16,-1.00,-1.00,-1.00,-1.00,-1.00
XPUT 162 11.98,72.61,131.82,92.35,8.46,-1.00,31.72,-1.00,24.67,355.28,-1.00,-1.00,-1.00,-1.00,-1.00
XPUT 163 11.88,72.00,132.82,91.58,8.39,-1.00,31.46,-1.00,24.47,352.32,-1.00,-1.00,-1.00,-1.00,-1.00
XPUT 164 11.79,73.49,133.11,90.82,8.32,-1.00,31.20,-1.00,24.26,353.57,-1.00,-1.00,-1.00,-1.00,-1.00
XPUT 165 11.69,74.95,132.02,92.14,8.25,-1.00,30.94,-1.00,24.07,350.67,-1.00,-1.00,-1.00,-1.00,-1.00
XPUT 166 11.59,74.34,132.99,92.07,8.18,-1.00,30.69,-1.00,25.23,352.59,-1.00,-1.00,-1.00,-1.00,-1.00
XPUT 167 11.50,77.80,131.92,92.68,8.12,-1.00,30.44,-1.00,26.38,349.75,-1.00,-1.00,-1.00,-1.00,-1.00
XPUT 168 12.08,77.18,130.86,93.95,8.05,-1.00,30.87,-1.00,26.17,350.98,-1.00,-1.00,-1.00,-1.00,-1.00
XPUT 169 11.98,79.89,130.49,93.21,7.99,-1.00,31.96,-1.00,25.96,351.52,-1.00,-1.00,-1.00,-1.00,-1.00
XPUT 170 11.89,79.26,129.46,94.45,7.93,-1.00,33.03,-1.00,25.76,349.42,-1.00,-1.00,-1.00,-1.00,-1.00
XPUT 171 13.11,81.92,128.45,93.72,7.86,-1.00,32.77,-1.00,26.21,350.62,-1.00,-1.00,-1.00,-1.00,-1.00
XPUT 172 13.01,81.94,127.45,96.24,9.10,-1.00,32.51,-1.00,26.01,347.90,-1.00,-1.00,-1.00,-1.00,-1.00
XPUT 173 12.91,83.24,126.47,95.50,9.03,-1.00,32.26,-1.00,25.81,349.74,-1.00,-1.00,-1.00,-1.00,-1.00
XPUT 174 13.45,84.53,125.51,97.97,8.96,-1.00,32.66,-1.00,26.89,347.07,-1.00,-1.00,-1.00,-1.00,-1.00
XPUT 175 13.35,85.16,124.56,97.87,8.90,-1.00,33.68,-1.00,26.69,346.98,-1.00,-1.00,-1.00,-1.00,-1.00
XPUT 176 13.25,86.41,123.62,98.39,8.83,-1.00,33.43,-1.00,26.49,345.64,-1.00,-1.00,-1.00,-1.00,-1.00
XPUT 177 13.15,87.64,122.70,100.16,9.39,-1.00,33.18,-1.00,26.92,346.19,-1.00,-1.00,-1.00,-1.00,-1.00
XPUT 178 14.29,90.10,121.79,100.66,9.32,-1.00,32.93,-1.00,27.96,347.35,-1.00,-1.00,-1.00,-1.00,-1.00
XPUT 179 14.19,91.29,120.89,103.01,9.25,-1.00,33.31,-1.00,27.76,344.80,-1.00,-1.00,-1.00,-1.00,-1.00
XPUT 180 15.31,92.46,120.01,102.26,9.18,-1.00,34.29,-1.00,27.55,345.95,-1.00,-1.00,-1.00,-1.00,-1.00
XPUT 181 15.20,93.00,119.14,102.12,9.12,-1.00,34.65,-1.00,27.96,343.45,-1.00,-1.00,-1.00,-1.00,-1.00
XPUT 182 15.09,94.75,118.29,101.39,9.05,-1.00,34.40,-1.00,27.76,344.60,-1.00,-1.00,-1.00,-1.00,-1.00
XPUT 183 14.98,94.07,117.44,103.66,8.99,-1.00,34.15,-1.00,27.56,342.14,-1.00,-1.00,-1.00,-1.00,-1.00
XPUT 184 14.87,96.38,116.61,102.92,8.92,-1.00,33.91,-1.00,28.56,343.87,-1.00,-1.00,-1.00,-1.00,-1.00
XPUT 185 14.77,97.47,115.79,105.74,8.86,-1.00,33.67,-1.00,28.36,341.45,-1.00,-1.00,-1.00,-1.00,-1.00
XPUT 186 14.67,98.55,114.98,105.00,8.80,-1.00,33.44,-1.00,28.16,342.58,-1.00,-1.00,-1.00,-1.00,-1.00
XPUT 187 15.15,99.03,114.18,105.44,8.74,-1.00,33.20,-1.00,29.13,340.20,-1.00,-1.00,-1.00,-1.00,-1.00
XPUT 188 15.04,100.08,113.39,107.03,8.68,-1.00,32.98,-1.00,29.50,341.33,-1.00,-1.00,-1.00,-1.00,-1.00
XPUT 189 14.94,100.55,112.61,106.29,8.62,-1.00,32.75,-1.00,29.30,338.99,-1.00,-1.00,-1.00,-1.00,-1.00
XPUT 190 15.98,101.58,111.85,107.85,8.56,-1.00,32.53,-1.00,30.24,340.11,-1.00,-1.00,-1.00,-1.00,-1.00
XPUT 191 15.87,102.59,112.23,108.83,8.50,-1.00,32.31,-1.00,30.04,340.65,-1.00,-1.00,-1.00,-1.00,-1.00
XPUT 192 15.76,103.59,111.47,108.09,8.44,-1.00,32.09,-1.00,30.40,339.49,-1.00,-1.00,-1.00,-1.00,-1.00
XPUT 193 16.22,104.58,110.73,109.61,8.39,-1.00,31.88,-1.00,31.32,339.46,-1.00,-1.00,-1.00,-1.00,-1.00
XPUT 194 16.11,105.55,111.11,110.00,8.33,-1.00,31.67,-1.00,31.11,341.10,-1.00,-1.00,-1.00,-1.00,-1.00
XPUT 195 16.00,106.51,110.93,109.27,9.38,-1.00,32.56,-1.00,31.46,338.86,-1.00,-1.00,-1.00,-1.00,-1.00
XPUT 196 15.90,107.46,110.20,111.30,9.32,-1.00,32.90,-1.00,32.35,339.93,-1.00,-1.00,-1.00,-1.00,-1.00
XPUT 197 15.80,108.94,111.12,110.58,9.26,-1.00,33.77,-1.00,32.68,340.99,-1.00,-1.00,-1.00,-1.00,-1.00
XPUT 198 15.69,109.86,111.49,110.40,9.74,-1.00,33.55,-1.00,33.55,341.50,-1.00,-1.00,-1.00,-1.00,-1.00
XPUT 199 15.59,110.77,111.31,112.39,9.68,-1.00,33.34,-1.00,34.41,339.85,-1.00,-1.00,-1.00,-1.00,-1.00
XPUT 200 15.49,111.67,111.67,111.67,9.62,-1.00,33.13,-1.00,34.73,341.42,-1.00,-1.00,-1.00,-1.00,-1.00
XPUT 201 15.40,111.49,111.49,114.15,9.56,-1.00,32.92,-1.00,34.51,339.26,-1.00,-1.00,-1.00,-1.00,-1.00
XPUT 202 15.30,112.90,111.85,113.43,11.08,-1.00,33.77,-1.00,35.35,340.29,-1.00,-1.00,-1.00,-1.00,-1.00
XPUT 203 15.20,112.72,112.20,113.77,11.01,-1.00,34.08,-1.00,35.65,338.17,-1.00,-1.00,-1.00,-1.00,-1.00
XPUT 204 15.11,113.58,112.02,114.63,10.94,-1.00,33.87,-1.00,36.47,339.19,-1.00,-1.00,-1.00,-1.00,-1.00
XPUT 205 15.02,113.92,111.33,114.44,10.87,-1.00,33.66,-1.00,36.76,337.10,-1.00,-1.00,-1.00,-1.00,-1.00
XPUT 206 14.92,114.76,112.19,113.74,10.81,-1.00,33.45,-1.00,36.54,337.60,-1.00,-1.00,-1.00,-1.00,-1.00
XPUT 207 14.83,115.09,112.53,114.06,10.74,-1.00,33.25,-1.00,37.34,336.06,-1.00,-1.00,-1.00,-1.00,-1.00
XPUT 208 14.74,115.92,111.85,113.37,10.68,-1.00,33.05,-1.00,38.13,336.56,-1.00,-1.00,-1.00,-1.00,-1.00
XPUT 209 14.65,116.73,111.68,115.22,11.62,-1.00,32.85,-1.00,37.90,334.53,-1.00,-1.00,-1.00,-1.00,-1.00
XPUT 210 14.57,116.54,111.01,114.53,11.55,-1.00,32.65,-1.00,38.18,335.54,-1.00,-1.00,-1.00,-1.00,-1.00
XPUT 211 14.48,116.84,110.35,113.85,11.48,-1.00,32.46,-1.00,37.95,333.55,-1.00,-1.00,-1.00,-1.00,-1.00
XPUT 212 14.39,117.64,109.70,113.17,11.42,-1.00,33.26,-1.00,38.72,332.57,-1.00,-1.00,-1.00,-1.00,-1.00
XPUT 213 14.31,117.93,111.03,115.47,11.35,-1.00,33.55,-1.00,38.98,333.08,-1.00,-1.00,-1.00,-1.00,-1.00
XPUT 214 14.23,118.72,110.38,114.79,12.26,-1.00,34.34,-1.00,39.74,331.13,-1.00,-1.00,-1.00,-1.00,-1.00
XPUT 215 14.14,118.51,109.73,114.12,12.19,-1.00,34.14,-1.00,39.99,332.13,-1.00,-1.00,-1.00,-1.00,-1.00
XPUT 216 14.06,119.28,109.59,115.89,12.12,-1.00,33.94,-1.00,39.76,330.70,-1.00,-1.00,-1.00,-1.00,-1.00
XPUT 217 13.98,120.53,108.96,115.70,12.05,-1.00,33.75,-1.00,40.50,331.21,-1.00,-1.00,-1.00,-1.00,-1.00
XPUT 218 13.90,121.28,108.33,115.04,11.98,-1.00,33.55,-1.00,40.74,332.19,-1.00,-1.00,-1.00,-1.00,-1.00
XPUT 219 13.82,121.06,107.72,117.25,11.92,-1.00,33.36,-1.00,41.47,330.30,-1.00,-1.00,-1.00,-1.00,-1.00
XPUT 220 13.74,121.80,107.11,116.59,11.85,-1.00,33.65,-1.00,41.23,331.75,-1.00,-1.00,-1.00,-1.00,-1.00
XPUT 221 13.67,122.53,106.51,115.93,11.78,-1.00,34.40,-1.00,41.94,329.89,-1.00,-1.00,-1.00,-1.00,-1.00
XPUT 222 13.59,122.78,105.91,116.22,11.72,-1.00,34.21,-1.00,41.71,330.86,-1.00,-1.00,-1.00,-1.00,-1.00
XPUT 223 13.51,123.50,105.32,115.58,11.65,-1.00,34.02,-1.00,41.48,329.02,-1.00,-1.00,-1.00,-1.00,-1.00
XPUT 224 13.44,123.74,104.74,114.94,11.59,-1.00,33.83,-1.00,41.71,329.06,-1.00,-1.00,-1.00,-1.00,-1.00
XPUT 225 13.37,123.52,104.17,114.31,11.52,-1.00,33.65,-1.00,41.48,328.17,-1.00,-1.00,-1.00,-1.00,-1.00
XPUT 226 14.21,125.14,103.60,115.97,11.46,-1.00,33.46,-1.00,42.17,328.67,-1.00,-1.00,-1.00,-1.00,-1.00
XPUT 227 14.13,125.83,103.03,115.34,11.40,-1.00,33.28,-1.00,42.40,327.34,-1.00,-1.00,-1.00,-1.00,-1.00
XPUT 228 14.06,126.06,102.48,115.17,11.34,-1.00,33.10,-1.00,42.17,327.84,-1.00,-1.00,-1.00,-1.00,-1.00
XPUT 229 13.98,126.73,101.93,116.81,11.28,-1.00,32.92,-1.00,42.85,326.98,-1.00,-1.00,-1.00,-1.00,-1.00
XPUT 230 13.91,127.40,101.38,116.18,11.21,-1.00,32.75,-1.00,43.06,327.02,-1.00,-1.00,-1.00,-1.00,-1.00
XPUT 231 13.83,128.06,100.84,116.91,11.16,-1.00,32.57,-1.00,43.73,326.17,-1.00,-1.00,-1.00,-1.00,-1.00
XPUT 232 13.76,128.71,100.31,117.62,11.10,-1.00,33.29,-1.00,44.38,326.22,-1.00,-1.00,-1.00,-1.00,-1.00
XPUT 233 13.69,128.04,99.78,117.00,11.04,-1.00,33.55,-1.00,44.59,324.51,-1.00,-1.00,-1.00,-1.00,-1.00
XPUT 234 13.62,128.68,99.26,117.70,10.98,-1.00,34.26,-1.00,44.36,325.88,-1.00,-1.00,-1.00,-1.00,-1.00
XPUT 235 13.98,129.32,98.74,118.40,10.92,-1.00,34.08,-1.00,45.00,324.18,-1.00,-1.00,-1.00,-1.00,-1.00
XPUT 236 13.91,130.39,98.23,118.66,10.87,-1.00,33.90,-1.00,45.20,325.11,-1.00,-1.00,-1.00,-1.00,-1.00
XPUT 237 13.84,131.02,97.72,118.05,10.81,-1.00,34.16,-1.00,44.97,326.03,-1.00,-1.00,-1.00,-1.00,-1.00
XPUT 238 13.77,131.64,97.22,119.59,11.18,-1.00,34.84,-1.00,44.74,324.36,-1.00,-1.00,-1.00,-1.00,-1.00
XPUT 239 14.55,132.25,96.73,118.98,11.13,-1.00,34.67,-1.00,45.37,324.84,-1.00,-1.00,-1.00,-1.00,-1.00
XPUT 240 14.48,132.86,96.23,118.80,11.92,-1.00,34.49,-1.00,45.56,323.20,-1.00,-1.00,-1.00,-1.00,-1.00
XPUT 241 14.40,133.03,95.75,120.32,11.86,-1.00,34.32,-1.00,45.33,323.68,-1.00,-1.00,-1.00,-1.00,-1.00
XPUT 242 14.33,132.78,96.11,119.72,11.80,-1.00,34.14,-1.00,45.95,322.48,-1.00,-1.00,-1.00,-1.00,-1.00
XPUT 243 14.26,133.38,95.63,119.54,11.74,-1.00,33.97,-1.00,46.14,323.38,-1.00,-1.00,-1.00,-1.00,-1.00
XPUT 244 14.61,133.55,95.15,121.03,11.69,-1.00,34.22,-1.00,45.91,321.77,-1.00,-1.00,-1.00,-1.00,-1.00
XPUT 245 15.37,134.13,95.10,120.43,11.63,-1.00,34.05,-1.00,47.34,323.09,-1.00,-1.00,-1.00,-1.00,-1.00
XPUT 246 15.29,134.71,94.63,120.66,11.57,-1.00,34.71,-1.00,47.11,321.49,-1.00,-1.00,-1.00,-1.00,-1.00
XPUT 247 15.21,135.29,94.99,121.72,11.51,-1.00,34.95,-1.00,47.29,322.39,-1.00,-1.00,-1.00,-1.00,-1.00
XPUT 248 15.96,135.85,94.53,121.12,11.46,-1.00,34.78,-1.00,48.29,320.81,-1.00,-1.00,-1.00,-1.00,-1.00
XPUT 249 15.88,136.01,94.07,121.35,11.40,-1.00,34.61,-1.00,48.05,321.70,-1.00,-1.00,-1.00,-1.00,-1.00
XPUT 250 16.21,135.76,94.83,120.76,11.35,-1.00,34.45,-1.00,48.63,320.14,-1.00,-1.00,-1.00,-1.00,-1.00
XPUT 251 16.13,136.72,94.37,122.20,11.29,-1.00,34.28,-1.00,48.40,318.61,-1.00,-1.00,-1.00,-1.00,-1.00
XPUT 252 16.05,137.27,93.92,121.61,11.24,-1.00,34.92,-1.00,48.57,319.49,-1.00,-1.00,-1.00,-1.00,-1.00
XPUT 253 15.98,136.61,93.87,121.04,11.18,-1.00,35.55,-1.00,49.13,317.97,-1.00,-1.00,-1.00,-1.00,-1.00
XPUT 254 16.70,137.16,94.22,121.65,11.13,-1.00,35.38,-1.00,49.70,319.24,-1.00,-1.00,-1.00,-1.00,-1.00
XPUT 255 16.62,137.70,94.57,122.27,11.08,-1.00,35.61,-1.00,49.86,317.74,-1.00,-1.00,-1.00,-1.00,-1.00
XPUT 256 16.54,137.84,94.52,121.69,11.03,-1.00,36.23,-1.00,50.41,317.82,-1.00,-1.00,-1.00,-1.00,-1.00
XPUT 257 16.46,138.37,94.08,122.30,10.98,-1.00,36.06,-1.00,50.17,317.12,-1.00,-1.00,-1.00,-1.00,-1.00
XPUT 258 16.78,138.12,94.81,122.51,10.92,-1.00,35.90,-1.00,50.33,317.60,-1.00,-1.00,-1.00,-1.00,-1.00
XPUT 259 16.70,139.42,95.15,122.33,10.87,-1.00,35.73,-1.00,50.88,316.13,-1.00,-1.00,-1.00,-1.00,-1.00
XPUT 260 16.62,139.17,95.87,121.77,10.82,-1.00,35.56,-1.00,51.03,316.99,-1.00,-1.00,-1.00,-1.00,-1.00
XPUT 261 16.55,140.07,95.43,123.14,11.16,-1.00,35.40,-1.00,51.56,315.92,-1.00,-1.00,-1.00,-1.00,-1.00
XPUT 262 16.47,139.81,94.99,122.96,11.87,-1.00,35.24,-1.00,51.71,316.39,-1.00,-1.00,-1.00,-1.00,-1.00
XPUT 263 17.16,140.32,94.56,122.40,11.82,-1.00,35.08,-1.00,51.48,314.95,-1.00,-1.00,-1.00,-1.00,-1.00
XPUT 264 17.08,140.82,94.13,122.60,11.77,-1.00,34.92,-1.00,51.24,315.81,-1.00,-1.00,-1.00,-1.00,-1.00
XPUT 265 17.00,140.94,93.71,122.05,11.71,-1.00,34.76,-1.00,51.77,314.38,-1.00,-1.00,-1.00,-1.00,-1.00
XPUT 266 18.81,141.44,93.29,121.50,11.66,-1.00,34.61,-1.00,51.54,315.61,-1.00,-1.00,-1.00,-1.00,-1.00
XPUT 267 18.72,141.93,92.87,120.96,11.61,-1.00,34.45,-1.00,51.31,314.20,-1.00,-1.00,-1.00,-1.00,-1.00
XPUT 268 18.64,142.05,92.46,120.42,11.56,-1.00,34.30,-1.00,51.82,315.04,-1.00,-1.00,-1.00,-1.00,-1.00
XPUT 269 19.67,142.53,92.05,119.89,11.51,-1.00,34.15,-1.00,51.96,313.64,-1.00,-1.00,-1.00,-1.00,-1.00
XPUT 270 19.96,142.27,91.65,119.36,11.46,-1.00,34.00,-1.00,51.74,314.48,-1.00,-1.00,-1.00,-1.00,-1.00
XPUT 271 19.87,143.49,91.24,118.84,11.41,-1.00,33.85,-1.00,52.24,313.10,-1.00,-1.00,-1.00,-1.00,-1.00
XPUT 272 19.78,142.86,90.85,120.15,11.36,-1.00,34.07,-1.00,52.02,313.57,-1.00,-1.00,-1.00,-1.00,-1.00
XPUT 273 21.52,143.34,90.45,119.63,11.31,-1.00,35.01,-1.00,52.88,312.57,-1.00,-1.00,-1.00,-1.00,-1.00
XPUT 274 21.43,143.44,90.06,119.11,11.26,-1.00,34.86,-1.00,52.66,311.21,-1.00,-1.00,-1.00,-1.00,-1.00
XPUT 275 21.33,143.18,89.67,119.68,11.21,-1.00,34.71,-1.00,52.43,311.68,-1.00,-1.00,-1.00,-1.00,-1.00
XPUT 276 22.32,144.01,89.29,120.25,11.16,-1.00,34.56,-1.00,52.56,310.34,-1.00,-1.00,-1.00,-1.00,-1.00
XPUT 277 23.30,143.75,88.90,119.73,11.11,-1.00,34.41,-1.00,52.34,311.17,-1.00,-1.00,-1.00,-1.00,-1.00
XPUT 278 23.20,143.86,88.53,119.58,11.07,-1.00,35.70,-1.00,52.12,309.84,-1.00,-1.00,-1.00,-1.00,-1.00
XPUT 279 23.10,143.60,88.15,120.85,11.02,-1.00,35.54,-1.00,51.90,309.24,-1.00,-1.00,-1.00,-1.00,-1.00
XPUT 280 24.07,144.06,87.78,120.34,10.97,-1.00,35.39,-1.00,52.38,309.71,-1.00,-1.00,-1.00,-1.00,-1.00
XPUT 281 23.97,144.16,87.41,119.84,10.93,-1.00,35.25,-1.00,52.16,308.40,-1.00,-1.00,-1.00,-1.00,-1.00
XPUT 282 23.87,143.90,87.04,120.04,10.88,-1.00,35.10,-1.00,51.95,307.47,-1.00,-1.00,-1.00,-1.00,-1.00
XPUT 283 23.77,144.00,86.68,119.89,10.84,-1.00,34.95,-1.00,52.43,307.93,-1.00,-1.00,-1.00,-1.00,-1.00
XPUT 284 23.67,144.45,86.32,120.43,10.79,-1.00,35.85,-1.00,52.21,307.00,-1.00,-1.00,-1.00,-1.00,-1.00
XPUT 285 23.57,144.55,85.97,120.63,10.75,-1.00,36.05,-1.00,52.34,307.47,-1.00,-1.00,-1.00,-1.00,-1.00
XPUT 286 23.47,145.33,85.61,120.13,10.70,-1.00,35.90,-1.00,52.13,306.20,-1.00,-1.00,-1.00,-1.00,-1.00
XPUT 287 25.10,145.43,85.26,120.33,11.00,-1.00,35.75,-1.00,51.91,307.01,-1.00,-1.00,-1.00,-1.00,-1.00
XPUT 288 24.99,145.86,84.91,120.86,11.64,-1.00,35.61,-1.00,51.70,305.76,-1.00,-1.00,-1.00,-1.00,-1.00
XPUT 289 24.89,146.29,84.57,120.71,11.59,0.34,35.46,-1.00,52.17,306.90,-1.00,-1.00,-1.00,-1.00,-1.00
XPUT 290 26.49,146.72,84.23,120.90,11.55,0.34,36.34,-1.00,51.96,305.66,-1.00,-1.00,-1.00,-1.00,-1.00
XPUT 291 26.72,147.14,83.89,121.43,11.50,0.34,36.19,-1.00,51.75,306.45,-1.00,-1.00,-1.00,-1.00,-1.00
XPUT 292 26.61,147.90,83.55,121.28,11.45,0.34,36.05,-1.00,51.54,305.22,-1.00,-1.00,-1.00,-1.00,-1.00
XPUT 293 27.18,148.31,83.21,122.14,11.41,0.34,35.90,-1.00,51.67,305.35,-1.00,-1.00,-1.00,-1.00,-1.00
XPUT 294 27.07,148.72,83.55,121.99,11.36,0.33,35.76,-1.00,51.47,305.80,-1.00,-1.00,-1.00,-1.00,-1.00
XPUT 295 26.96,149.13,83.22,122.50,11.32,0.33,35.62,-1.00,51.93,305.25,-1.00,-1.00,-1.00,-1.00,-1.00
XPUT 296 27.19,150.20,82.89,123.01,11.60,0.33,35.48,-1.00,51.72,306.03,-1.00,-1.00,-1.00,-1.00,-1.00
XPUT 297 27.08,150.93,82.57,123.19,12.22,0.33,36.00,-1.00,51.85,306.81,-1.00,-1.00,-1.00,-1.00,-1.00
XPUT 298 26.98,150.99,82.24,122.70,12.17,0.33,36.19,-1.00,51.65,307.58,-1.00,-1.00,-1.00,-1.00,-1.00
XPUT 299 26.87,152.37,81.92,122.22,12.12,0.33,36.70,-1.00,52.10,308.67,-1.00,-1.00,-1.00,-1.00,-1.00
XPUT 300 26.77,152.43,81.60,121.75,12.08,0.33,36.56,-1.00,51.90,308.78,-1.00,-1.00,-1.00,-1.00,-1.00
XPUT 301 26.66,153.14,81.28,121.28,12.03,0.33,36.42,-1.00,52.02,309.21,-1.00,-1.00,-1.00,-1.00,-1.00
XPUT 302 26.56,153.85,80.97,120.81,11.98,0.32,36.28,-1.00,51.82,308.99,-1.00,-1.00,-1.00,-1.00,-1.00
XPUT 303 26.46,153.58,80.98,120.34,11.94,0.32,36.78,-1.00,51.62,309.41,-1.00,-1.00,-1.00,-1.00,-1.00
XPUT 304 26.36,153.95,80.67,121.49,11.89,0.32,36.96,-1.00,52.07,310.15,-1.00,-1.00,-1.00,-1.00,-1.00
XPUT 305 26.25,154.32,80.36,121.03,11.85,0.32,36.82,-1.00,52.51,310.89,-1.00,-1.00,-1.00,-1.00,-1.00
XPUT 306 26.15,155.33,80.06,122.48,11.80,0.32,36.68,-1.00,52.31,311.94,-1.00,-1.00,-1.00,-1.00,-1.00
XPUT 307 27.01,155.70,79.76,122.02,11.76,0.32,36.54,-1.00,52.11,312.67,-1.00,-1.00,-1.00,-1.00,-1.00
XPUT 308 26.91,156.06,79.45,121.87,11.71,0.32,36.40,-1.00,52.23,311.49,-1.00,-1.00,-1.00,-1.00,-1.00
XPUT 309 28.38,156.42,79.79,122.99,11.67,0.32,36.27,-1.00,52.03,312.21,-1.00,-1.00,-1.00,-1.00,-1.00
XPUT 310 28.28,157.09,79.49,122.53,11.62,0.31,36.13,-1.00,51.84,312.61,-1.00,-1.00,-1.00,-1.00,-1.00
XPUT 311 28.17,157.44,79.19,122.70,12.21,0.31,36.62,-1.00,52.27,311.76,-1.00,-1.00,-1.00,-1.00,-1.00
XPUT 312 28.07,157.17,78.90,123.49,12.47,0.31,36.80,-1.00,52.08,312.16,-1.00,-1.00,-1.00,-1.00,-1.00
XPUT 313 27.96,157.21,78.60,123.03,12.43,0.31,37.28,-1.00,51.89,312.55,-1.00,-1.00,-1.00,-1.00,-1.00
XPUT 314 27.86,157.87,78.62,122.58,12.38,0.31,37.15,-1.00,51.69,311.71,-1.00,-1.00,-1.00,-1.00,-1.00
XPUT 315 28.37,157.90,78.33,122.75,12.34,0.31,37.01,-1.00,51.81,312.11,-1.00,-1.00,-1.00,-1.00,-1.00
XPUT 316 28.27,158.86,78.05,122.30,12.29,0.31,36.87,-1.00,51.62,311.58,-1.00,-1.00,-1.00,-1.00,-1.00
XPUT 317 28.17,158.28,77.76,123.38,12.25,0.31,37.04,-1.00,52.05,311.66,-1.00,-1.00,-1.00,-1.00,-1.00
XPUT 318 28.06,158.93,77.48,122.93,12.20,0.31,37.52,-1.00,51.86,311.14,-1.00,-1.00,-1.00,-1.00,-1.00
XPUT 319 29.18,158.96,77.81,122.49,12.16,0.30,37.38,-1.00,51.67,311.53,-1.00,-1.00,-1.00,-1.00,-1.00
XPUT 320 29.07,158.99,77.53,123.25,12.11,0.30,37.25,-1.00,51.79,310.71,-1.00,-1.00,-1.00,-1.00,-1.00
XPUT 321 28.97,159.62,77.25,123.42,12.07,0.30,37.12,-1.00,52.20,311.10,-1.00,-1.00,-1.00,-1.00,-1.00
XPUT 322 29.47,159.95,77.27,122.97,12.03,0.30,36.98,-1.00,52.62,310.89,-1.00,-1.00,-1.00,-1.00,-1.00
XPUT 323 29.36,160.28,77.00,123.43,11.98,0.30,36.85,-1.00,52.43,310.68,-1.00,-1.00,-1.00,-1.00,-1.00
XPUT 324 29.26,160.31,76.72,123.59,11.94,0.90,36.72,-1.00,52.24,310.17,-1.00,-1.00,-1.00,-1.00,-1.00
XPUT 325 29.15,160.63,76.45,123.15,11.90,0.89,36.59,-1.00,52.35,310.26,-1.00,-1.00,-1.00,-1.00,-1.00
XPUT 326 29.05,160.66,76.18,123.01,11.86,0.89,36.46,-1.00,52.17,310.65,-1.00,-1.00,-1.00,-1.00,-1.00
XPUT 327 28.95,161.27,75.91,122.58,11.81,0.89,36.33,-1.00,52.58,310.14,-1.00,-1.00,-1.00,-1.00,-1.00
XPUT 328 28.85,161.30,75.64,122.15,11.77,0.88,36.20,-1.00,52.39,309.35,-1.00,-1.00,-1.00,-1.00,-1.00
XPUT 329 29.62,161.32,75.38,121.72,11.73,0.88,36.66,-1.00,52.50,309.15,-1.00,-1.00,-1.00,-1.00,-1.00
XPUT 330 29.52,161.63,75.12,121.88,12.57,0.88,36.83,-1.00,52.32,309.82,-1.00,-1.00,-1.00,-1.00,-1.00
XPUT 331 29.42,161.36,75.44,122.33,12.52,0.87,37.28,-1.00,53.01,309.33,-1.00,-1.00,-1.00,-1.00,-1.00
XPUT 332 31.06,162.26,75.18,121.91,12.48,0.87,37.15,-1.00,52.83,309.71,-1.00,-1.00,-1.00,-1.00,-1.00
XPUT 333 30.95,161.99,75.21,123.23,12.44,0.87,37.03,-1.00,52.65,310.38,-1.00,-1.00,-1.00,-1.00,-1.00
XPUT 334 30.84,162.87,74.95,122.80,12.40,0.86,36.90,-1.00,53.04,309.31,-1.00,-1.00,-1.00,-1.00,-1.00
XPUT 335 32.75,162.89,74.69,122.38,12.35,0.86,37.06,-1.00,53.15,309.11,-1.00,-1.00,-1.00,-1.00,-1.00
XPUT 336 32.64,162.62,75.01,123.40,12.31,0.86,37.51,-1.00,52.97,308.92,-1.00,-1.00,-1.00,-1.00,-1.00
XPUT 337 32.53,162.92,74.76,123.26,12.27,0.86,37.38,-1.00,52.79,307.87,-1.00,-1.00,-1.00,-1.00,-1.00
XPUT 338 32.42,162.94,75.07,122.84,12.23,0.85,37.25,-1.00,52.61,307.39,-1.00,-1.00,-1.00,-1.00,-1.00
XPUT 339 32.59,163.24,74.82,123.00,12.19,0.85,37.13,-1.00,53.00,307.49,-1.00,-1.00,-1.00,-1.00,-1.00
XPUT 340 32.48,163.54,74.57,123.99,12.15,0.85,37.00,-1.00,52.82,307.02,-1.00,-1.00,-1.00,-1.00,-1.00
XPUT 341 32.37,162.99,74.60,123.58,12.10,0.84,36.88,-1.00,53.20,306.83,-1.00,-1.00,-1.00,-1.00,-1.00
XPUT 342 32.26,163.84,74.35,123.16,12.06,0.84,37.03,-1.00,53.02,305.81,-1.00,-1.00,-1.00,-1.00,-1.00
XPUT 343 32.16,163.30,74.66,124.43,12.02,0.84,37.75,-1.00,53.13,305.62,-1.00,-1.00,-1.00,-1.00,-1.00
XPUT 344 33.44,164.15,74.69,124.02,11.98,0.84,37.62,-1.00,52.95,305.45,-1.00,-1.00,-1.00,-1.00,-1.00
XPUT 345 33.33,163.88,74.44,123.88,11.94,0.83,37.50,-1.00,52.78,304.99,-1.00,-1.00,-1.00,-1.00,-1.00
XPUT 346 33.22,163.90,75.03,124.86,11.90,0.83,37.37,-1.00,53.16,305.37,-1.00,-1.00,-1.00,-1.00,-1.00
XPUT 347 34.77,164.46,74.78,124.45,11.87,0.83,37.80,-1.00,53.26,304.36,-1.00,-1.00,-1.00,-1.00,-1.00
XPUT 348 34.65,164.47,75.08,124.59,11.83,0.83,38.23,-1.00,53.63,305.02,-1.00,-1.00,-1.00,-1.00,-1.00
XPUT 349 34.54,164.76,75.39,125.28,11.79,0.82,38.11,-1.00,53.46,304.02,-1.00,-1.00,-1.00,-1.00,-1.00
XPUT 350 35.25,165.04,75.42,124.87,11.75,0.82,37.98,-1.00,53.56,304.67,-1.00,-1.00,-1.00,-1.00,-1.00
XPUT 351 35.13,165.32,75.99,125.01,12.26,1.09,37.86,-1.00,53.38,303.68,-1.00,-1.00,-1.00,-1.00,-1.00
XPUT 352 35.02,165.60,75.74,125.42,12.49,1.09,37.74,-1.00,54.30,304.32,-1.00,-1.00,-1.00,-1.00,-1.00
XPUT 353 34.91,165.61,76.31,125.56,12.45,1.08,37.61,-1.00,54.12,303.34,-1.00,-1.00,-1.00,-1.00,-1.00
XPUT 354 34.80,165.88,76.06,125.42,12.41,1.08,37.49,-1.00,54.22,303.72,-1.00,-1.00,-1.00,-1.00,-1.00
XPUT 355 34.68,166.16,76.36,125.02,12.37,1.08,37.37,-1.00,54.58,303.28,-1.00,-1.00,-1.00,-1.00,-1.00
XPUT 356 34.57,166.43,76.92,124.62,12.33,1.07,37.25,-1.00,54.67,303.12,-1.00,-1.00,-1.00,-1.00,-1.00
XPUT 357 35.80,166.44,76.67,124.23,12.29,1.07,37.13,-1.00,54.50,302.95,-1.00,-1.00,-1.00,-1.00,-1.00
XPUT 358 35.68,166.71,77.23,123.83,12.25,1.07,37.02,-1.00,54.86,302.26,-1.00,-1.00,-1.00,-1.00,-1.00
XPUT 359 35.57,166.98,77.51,123.44,12.74,1.06,37.16,-1.00,55.48,302.36,-1.00,-1.00,-1.00,-1.00,-1.00
XPUT 360 37.05,167.24,77.54,123.05,12.70,1.06,37.05,-1.00,55.57,302.20,-1.00,-1.00,-1.00,-1.00,-1.00
XPUT 361 36.93,167.51,77.82,122.66,13.19,1.06,36.93,-1.00,56.45,302.04,-1.00,-1.00,-1.00,-1.00,-1.00
XPUT 362 36.82,168.30,77.84,122.28,13.15,1.05,36.82,-1.00,56.54,302.67,-1.00,-1.00,-1.00,-1.00,-1.00
XPUT 363 37.49,167.77,77.59,121.90,13.11,1.05,37.22,-1.00,56.89,301.73,-1.00,-1.00,-1.00,-1.00,-1.00
XPUT 364 38.15,168.82,78.66,121.52,13.07,1.05,37.37,-1.00,56.97,302.36,-1.00,-1.00,-1.00,-1.00,-1.00
XPUT 365 38.04,168.29,78.42,121.14,13.03,1.04,37.77,-1.00,56.79,301.42,-1.00,-1.00,-1.00,-1.00,-1.00
XPUT 366 38.44,169.07,78.69,120.76,12.99,1.04,37.92,-1.00,57.14,302.30,-1.00,-1.00,-1.00,-1.00,-1.00
XPUT 367 39.10,169.07,79.23,120.39,12.95,1.04,37.80,-1.00,56.96,301.37,-1.00,-1.00,-1.00,-1.00,-1.00
XPUT 368 39.49,169.58,79.24,120.02,13.16,1.03,37.68,-1.00,57.04,301.22,-1.00,-1.00,-1.00,-1.00,-1.00
XPUT 369 39.63,169.57,79.00,119.65,13.12,1.03,37.57,-1.00,56.87,301.06,-1.00,-1.00,-1.00,-1.00,-1.00
XPUT 370 39.51,169.31,79.27,119.29,13.08,1.03,37.45,-1.00,56.69,300.40,-1.00,-1.00,-1.00,-1.00,-1.00
XPUT 371 40.15,170.07,79.28,118.92,13.55,1.02,37.34,-1.00,57.03,300.76,-1.00,-1.00,-1.00,-1.00,-1.00
XPUT 372 40.03,169.56,79.04,118.56,13.51,1.02,37.23,-1.00,56.86,299.85,-1.00,-1.00,-1.00,-1.00,-1.00
XPUT 373 39.91,170.57,78.80,118.20,13.47,1.02,37.11,-1.00,57.20,300.46,-1.00,-1.00,-1.00,-1.00,-1.00
XPUT 374 39.79,170.05,79.07,117.85,13.43,1.01,37.00,-1.00,57.02,299.56,-1.00,-1.00,-1.00,-1.00,-1.00
XPUT 375 39.67,170.80,79.59,118.75,13.39,1.01,37.90,-1.00,56.85,299.92,-1.00,-1.00,-1.00,-1.00,-1.00
XPUT 376 39.55,170.80,79.35,118.40,13.35,1.01,38.04,-1.00,56.93,299.52,-1.00,-1.00,-1.00,-1.00,-1.00
XPUT 377 40.69,171.04,79.11,119.30,13.31,1.00,37.92,-1.00,56.76,299.63,-1.00,-1.00,-1.00,-1.00,-1.00
XPUT 378 40.57,171.28,79.63,119.19,13.27,1.00,37.81,-1.00,56.59,298.73,-1.00,-1.00,-1.00,-1.00,-1.00
XPUT 379 40.45,171.02,79.89,118.84,13.23,1.00,38.20,-1.00,56.92,298.59,-1.00,-1.00,-1.00,-1.00,-1.00
XPUT 380 41.82,171.51,79.90,119.98,13.19,1.00,38.33,-1.00,56.75,298.70,-1.00,-1.00,-1.00,-1.00,-1.00
XPUT 381 41.69,171.00,79.67,119.62,13.15,0.99,38.22,-1.00,56.83,297.82,-1.00,-1.00,-1.00,-1.00,-1.00
XPUT 382 41.57,171.98,80.42,119.77,13.11,0.99,38.11,-1.00,57.16,298.43,-1.00,-1.00,-1.00,-1.00,-1.00
XPUT 383 41.45,171.47,80.43,120.65,13.08,1.48,38.00,-1.00,56.99,297.55,-1.00,-1.00,-1.00,-1.00,-1.00
XPUT 384 41.33,171.71,80.69,120.29,13.04,1.48,38.38,-1.00,57.07,298.15,-1.00,-1.00,-1.00,-1.00,-1.00
XPUT 385 41.21,171.21,80.70,120.19,13.00,1.47,38.51,-1.00,57.40,297.28,-1.00,-1.00,-1.00,-1.00,-1.00
XPUT 386 42.31,170.71,80.95,119.84,12.96,1.47,38.89,-1.00,57.47,297.88,-1.00,-1.00,-1.00,-1.00,-1.00
XPUT 387 42.19,170.21,80.72,120.71,12.92,1.46,38.77,-1.00,57.79,297.02,-1.00,-1.00,-1.00,-1.00,-1.00
XPUT 388 42.06,169.72,81.21,120.36,12.89,1.46,38.66,-1.00,57.63,296.88,-1.00,-1.00,-1.00,-1.00,-1.00
XPUT 389 41.94,169.23,80.98,120.01,12.85,1.45,38.79,-1.00,58.19,297.00,-1.00,-1.00,-1.00,-1.00,-1.00
XPUT 390 42.55,168.74,80.99,121.12,12.81,1.45,39.16,-1.00,58.02,296.14,-1.00,-1.00,-1.00,-1.00,-1.00
XPUT 391 43.15,168.25,81.96,120.77,12.78,1.45,39.05,-1.00,58.33,296.73,-1.00,-1.00,-1.00,-1.00,-1.00
XPUT 392 43.02,167.77,81.72,121.14,12.74,1.44,38.94,-1.00,58.41,295.88,-1.00,-1.00,-1.00,-1.00,-1.00
XPUT 393 42.90,167.29,82.21,121.51,12.70,1.44,39.55,-1.00,58.72,296.48,-1.00,-1.00,-1.00,-1.00,-1.00
XPUT 394 44.21,166.82,82.69,121.17,12.67,1.43,39.43,-1.00,58.55,295.63,-1.00,-1.00,-1.00,-1.00,-1.00
XPUT 395 44.09,166.34,82.46,121.54,12.63,1.43,39.32,-1.00,58.62,295.98,-1.00,-1.00,-1.00,-1.00,-1.00
XPUT 396 43.96,165.87,83.17,122.15,12.59,1.43,39.69,-1.00,58.46,295.38,-1.00,-1.00,-1.00,-1.00,-1.00
XPUT 397 44.79,165.40,83.65,121.80,12.56,1.42,39.57,-1.00,58.77,295.73,-1.00,-1.00,-1.00,-1.00,-1.00
XPUT 398 44.66,164.94,83.65,121.69,12.52,1.42,39.46,-1.00,59.07,294.90,-1.00,-1.00,-1.00,-1.00,-1.00
XPUT 399 44.54,164.47,83.89,122.53,12.49,1.41,39.35,-1.00,58.91,295.49,-1.00,-1.00,-1.00,-1.00,-1.00
XPUT 400 44.41,164.01,84.36,122.19,12.45,1.41,39.24,-1.00,58.98,294.66,-1.00,-1.00,-1.00,-1.00,-1.00
XPUT 401 45.22,163.55,84.35,122.08,12.42,1.41,39.13,-1.00,59.28,293.84,-1.00,-1.00,-1.00,-1.00,-1.00
XPUT 402 45.10,163.10,85.05,122.67,12.38,1.40,39.02,-1.00,59.12,294.42,-1.00,-1.00,-1.00,-1.00,-1.00
XPUT 403 44.97,162.65,85.05,122.57,12.35,1.40,39.15,-1.00,59.19,293.60,-1.00,-1.00,-1.00,-1.00,-1.00
XPUT 404 45.31,162.20,84.82,122.69,12.32,1.39,39.74,-1.00,59.02,294.41,-1.00,-1.00,-1.00,-1.00,-1.00
XPUT 405 46.35,161.75,85.74,122.35,12.28,1.39,39.63,-1.00,58.86,293.60,-1.00,-1.00,-1.00,-1.00,-1.00
XPUT 406 46.22,161.30,85.73,122.71,12.48,1.39,39.52,-1.00,59.16,292.79,-1.00,-1.00,-1.00,-1.00,-1.00
XPUT 407 46.09,160.86,85.50,123.06,12.44,1.38,39.41,-1.00,59.00,293.37,-1.00,-1.00,-1.00,-1.00,-1.00
XPUT 408 46.88,160.42,86.18,122.73,12.87,1.38,39.76,-1.00,59.06,292.57,-1.00,-1.00,-1.00,-1.00,-1.00
XPUT 409 47.21,159.98,86.18,123.08,12.84,1.38,40.11,-1.00,58.90,293.14,-1.00,-1.00,-1.00,-1.00,-1.00
XPUT 410 47.09,159.54,86.40,123.20,12.80,1.37,40.00,-1.00,59.20,292.34,-1.00,-1.00,-1.00,-1.00,-1.00
XPUT 411 47.19,159.11,86.39,122.87,12.77,1.37,39.89,-1.00,59.04,292.69,-1.00,-1.00,-1.00,-1.00,-1.00
XPUT 412 48.19,158.68,86.84,123.21,12.73,1.36,39.78,-1.00,58.88,292.12,-1.00,-1.00,-1.00,-1.00,-1.00
XPUT 413 48.06,158.25,87.06,123.11,12.70,1.36,39.68,-1.00,58.72,291.33,-1.00,-1.00,-1.00,-1.00,-1.00
XPUT 414 48.39,157.82,87.05,122.78,12.66,1.36,39.80,-1.00,58.79,292.13,-1.00,-1.00,-1.00,-1.00,-1.00
XPUT 415 48.26,157.40,87.72,123.12,12.63,1.35,40.14,-1.00,58.63,291.35,-1.00,-1.00,-1.00,-1.00,-1.00
XPUT 416 48.13,156.98,87.71,123.24,12.59,1.35,40.26,-1.00,58.47,291.46,-1.00,-1.00,-1.00,-1.00,-1.00
XPUT 417 48.00,156.56,87.92,122.91,12.56,1.57,40.15,-1.00,58.77,290.69,-1.00,-1.00,-1.00,-1.00,-1.00
XPUT 418 47.87,156.14,88.36,123.26,12.53,1.57,40.04,-1.00,59.06,291.48,-1.00,-1.00,-1.00,-1.00,-1.00
XPUT 419 47.74,155.72,88.35,123.60,12.49,1.56,39.94,-1.00,58.90,290.70,-1.00,-1.00,-1.00,-1.00,-1.00
XPUT 420 47.62,155.31,88.56,123.27,12.46,1.56,40.27,-1.00,58.74,290.15,-1.00,-1.00,-1.00,-1.00,-1.00
XPUT 421 47.49,154.90,88.99,123.61,12.43,1.55,40.39,-1.00,58.59,290.49,-1.00,-1.00,-1.00,-1.00,-1.00
XPUT 422 48.25,154.49,89.20,123.95,12.39,1.55,40.28,-1.00,58.43,289.73,-1.00,-1.00,-1.00,-1.00,-1.00
XPUT 423 48.12,154.09,88.96,123.62,12.36,1.55,40.18,-1.00,58.50,290.29,-1.00,-1.00,-1.00,-1.00,-1.00
XPUT 424 48.00,153.68,89.61,123.30,12.55,1.54,40.07,-1.00,58.35,289.53,-1.00,-1.00,-1.00,-1.00,-1.00
XPUT 425 49.41,153.28,89.38,124.51,12.52,1.54,39.97,-1.00,58.63,290.09,-1.00,-1.00,-1.00,-1.00,-1.00
XPUT 426 49.28,152.88,90.24,124.19,12.48,1.53,40.52,-1.00,58.48,289.33,-1.00,-1.00,-1.00,-1.00,-1.00
XPUT 427 49.15,152.48,90.44,123.86,12.89,1.53,40.85,-1.00,58.55,290.11,-1.00,-1.00,-1.00,-1.00,-1.00
XPUT 428 49.68,152.08,90.86,123.76,12.86,1.53,40.74,-1.00,58.39,289.35,-1.00,-1.00,-1.00,-1.00,-1.00
XPUT 429 50.20,151.69,90.84,123.44,12.82,1.52,40.64,-1.00,58.24,288.82,-1.00,-1.00,-1.00,-1.00,-1.00
XPUT 430 50.07,151.30,90.61,123.12,12.79,1.52,40.53,-1.00,58.09,289.16,-1.00,-1.00,-1.00,-1.00,-1.00
XPUT 431 49.94,150.91,91.45,122.80,12.76,1.51,40.86,-1.00,58.37,288.41,-1.00,-1.00,-1.00,-1.00,-1.00
XPUT 432 50.46,150.52,91.65,122.49,12.72,1.51,40.97,-1.00,58.22,288.75,-1.00,-1.00,-1.00,-1.00,-1.00
XPUT 433 50.33,150.13,92.06,122.17,12.69,1.51,40.87,-1.00,58.07,288.22,-1.00,-1.00,-1.00,-1.00,-1.00
XPUT 434 50.20,149.75,92.47,121.86,12.66,1.50,40.76,-1.00,58.14,288.56,-1.00,-1.00,-1.00,-1.00,-1.00
XPUT 435 50.07,149.37,92.45,121.55,12.63,1.50,40.66,-1.00,57.99,288.47,-1.00,-1.00,-1.00,-1.00,-1.00
XPUT 436 49.95,148.99,92.85,121.24,12.59,1.49,40.56,-1.00,57.85,288.37,-1.00,-1.00,-1.00,-1.00,-1.00
XPUT 437 49.82,148.61,93.04,120.93,12.56,1.49,40.88,-1.00,58.12,288.28,-1.00,-1.00,-1.00,-1.00,-1.00
XPUT 438 49.69,148.23,93.44,120.63,12.53,1.49,40.99,-1.00,57.98,288.19,-1.00,-1.00,-1.00,-1.00,-1.00
XPUT 439 49.57,147.86,93.84,120.32,12.50,1.48,41.31,-1.00,57.83,287.88,-1.00,-1.00,-1.00,-1.00,-1.00
XPUT 440 49.44,147.49,93.61,120.02,12.47,1.48,41.20,-1.00,58.11,288.21,-1.00,-1.00,-1.00,-1.00,-1.00
XPUT 441 49.32,147.12,94.00,119.72,12.44,1.48,41.10,-1.00,57.96,287.49,-1.00,-1.00,-1.00,-1.00,-1.00
XPUT 442 49.20,146.75,94.19,119.42,12.40,1.47,41.00,-1.00,57.82,287.61,-1.00,-1.00,-1.00,-1.00,-1.00
XPUT 443 49.07,146.38,94.37,119.12,12.37,1.47,41.10,-1.00,57.88,287.31,-1.00,-1.00,-1.00,-1.00,-1.00
XPUT 444 48.95,146.02,94.76,118.82,12.34,1.46,41.42,-1.00,57.74,286.80,-1.00,-1.00,-1.00,-1.00,-1.00
XPUT 445 48.83,145.65,94.53,118.53,12.31,1.46,41.32,-1.00,57.59,287.13,-1.00,-1.00,-1.00,-1.00,-1.00
XPUT 446 48.71,145.29,94.50,118.23,12.28,1.46,41.21,-1.00,57.45,286.42,-1.00,-1.00,-1.00,-1.00,-1.00
XPUT 447 48.59,144.93,94.68,117.94,12.25,1.45,41.11,-1.00,57.31,286.13,-1.00,-1.00,-1.00,-1.00,-1.00
XPUT 448 48.47,144.57,94.66,117.65,12.22,1.45,41.01,-1.00,57.58,286.25,-1.00,-1.00,-1.00,-1.00,-1.00
XPUT 449 48.35,144.63,94.84,117.36,12.19,1.45,41.32,-1.00,57.44,285.54,-1.00,-1.00,-1.00,-1.00,-1.00
XPUT 450 48.23,144.28,94.81,117.07,12.16,1.44,41.43,-1.00,57.30,286.28,-1.00,-1.00,-1.00,-1.00,-1.00
XPUT 451 48.11,144.13,94.99,116.78,12.13,1.44,41.74,-1.00,57.16,285.58,-1.00,-1.00,-1.00,-1.00,-1.00
XPUT 452 47.99,143.78,95.17,116.50,12.10,1.44,41.64,-1.00,57.22,285.70,-1.00,-1.00,-1.00,-1.00,-1.00
XPUT 453 47.88,144.04,95.14,116.21,12.07,1.43,41.53,-1.00,57.08,285.42,-1.00,-1.00,-1.00,-1.00,-1.00
XPUT 454 47.76,143.69,95.32,115.93,12.04,1.43,41.43,-1.00,57.35,285.74,-1.00,-1.00,-1.00,-1.00,-1.00
XPUT 455 47.64,144.36,95.70,115.65,12.01,1.43,41.54,-1.00,57.21,285.25,-1.00,-1.00,-1.00,-1.00,-1.00
XPUT 456 47.53,144.01,95.67,115.37,11.98,1.42,41.84,-1.00,57.08,285.58,-1.00,-1.00,-1.00,-1.00,-1.00
XPUT 457 47.41,143.66,95.84,115.09,11.95,1.42,41.74,-1.00,57.14,284.89,-1.00,-1.00,-1.00,-1.00,-1.00
XPUT 458 47.30,144.53,96.01,114.81,11.93,1.41,41.64,-1.00,57.00,284.40,-1.00,-1.00,-1.00,-1.00,-1.00
XPUT 459 47.19,144.18,95.99,114.54,12.10,1.41,41.54,-1.00,57.27,284.73,-1.00,-1.00,-1.00,-1.00,-1.00
XPUT 460 47.07,144.24,96.36,114.26,12.07,1.41,41.44,-1.00,57.13,284.05,-1.00,-1.00,-1.00,-1.00,-1.00
XPUT 461 46.96,144.69,96.53,113.99,12.04,1.40,41.54,-1.00,56.99,284.37,-1.00,-1.00,-1.00,-1.00,-1.00
XPUT 462 46.85,144.35,96.50,113.72,12.41,1.40,41.84,-1.00,56.86,283.89,-1.00,-1.00,-1.00,-1.00,-1.00
XPUT 463 46.74,144.00,96.67,113.45,12.38,1.40,41.94,-1.00,56.92,284.21,-1.00,-1.00,-1.00,-1.00,-1.00
XPUT 464 46.63,144.66,96.64,113.18,12.35,1.39,41.84,-1.00,56.79,283.94,-1.00,-1.00,-1.00,-1.00,-1.00
XPUT 465 46.71,144.32,96.81,112.91,12.32,1.39,41.74,-1.00,57.05,284.06,-1.00,-1.00,-1.00,-1.00,-1.00
XPUT 466 46.60,144.57,96.97,112.64,12.30,1.78,41.65,-1.00,56.92,283.78,-1.00,-1.00,-1.00,-1.00,-1.00
XPUT 467 46.49,144.82,96.94,112.38,12.27,1.78,41.94,-1.00,56.78,283.91,-1.00,-1.00,-1.00,-1.00,-1.00
XPUT 468 46.78,144.48,96.72,112.11,12.24,1.78,42.24,-1.00,57.04,283.63,-1.00,-1.00,-1.00,-1.00,-1.00
XPUT 469 47.26,144.54,97.08,111.85,12.21,1.77,42.14,-1.00,56.91,282.97,-1.00,-1.00,-1.00,-1.00,-1.00
XPUT 470 47.15,144.39,97.24,111.59,12.18,1.77,42.04,-1.00,56.78,283.48,-1.00,-1.00,-1.00,-1.00,-1.00
XPUT 471 47.04,145.04,97.21,111.33,12.15,1.76,41.94,-1.00,56.64,282.82,-1.00,-1.00,-1.00,-1.00,-1.00
XPUT 472 47.32,144.70,97.38,111.07,12.12,1.76,41.85,-1.00,56.51,283.14,-1.00,-1.00,-1.00,-1.00,-1.00
XPUT 473 47.21,144.36,97.54,110.81,12.49,1.76,41.94,-1.00,56.38,282.87,-1.00,-1.00,-1.00,-1.00,-1.00
XPUT 474 47.10,145.00,97.51,110.55,12.46,1.75,42.23,-1.00,56.25,282.22,-1.00,-1.00,-1.00,-1.00,-1.00
XPUT 475 46.99,144.86,97.67,110.29,12.43,1.75,42.33,-1.00,56.31,282.34,-1.00,-1.00,-1.00,-1.00,-1.00
XPUT 476 47.46,144.52,97.64,110.04,12.59,1.74,42.23,-1.00,56.18,281.69,-1.00,-1.00,-1.00,-1.00,-1.00
XPUT 477 47.55,145.54,97.80,110.75,12.56,1.74,42.14,-1.00,56.05,282.20,-1.00,-1.00,-1.00,-1.00,-1.00
XPUT 478 47.44,145.21,97.77,110.50,12.53,1.74,42.04,-1.00,56.31,281.55,-1.00,-1.00,-1.00,-1.00,-1.00
XPUT 479 47.33,145.07,97.93,110.24,12.51,1.73,42.33,-1.00,56.18,281.29,-1.00,-1.00,-1.00,-1.00,-1.00
XPUT 480 47.22,145.31,97.90,110.57,12.48,1.73,42.42,-1.00,56.05,281.22,-1.00,-1.00,-1.00,-1.00,-1.00
XPUT 481 47.50,144.98,98.06,110.89,12.45,1.72,42.33,-1.00,55.92,280.96,-1.00,-1.00,-1.00,-1.00,-1.00
XPUT 482 47.39,145.03,98.41,111.02,12.42,1.72,42.23,-1.00,55.80,281.09,-1.00,-1.00,-1.00,-1.00,-1.00
XPUT 483 47.28,145.66,98.57,111.53,12.39,1.72,42.13,-1.00,55.67,280.83,-1.00,-1.00,-1.00,-1.00,-1.00
XPUT 484 47.55,145.33,98.53,111.28,12.36,1.71,42.04,-1.00,55.54,280.57,-1.00,-1.00,-1.00,-1.00,-1.00
XPUT 485 47.64,145.76,98.69,111.41,12.34,1.71,41.94,-1.00,55.61,280.70,-1.00,-1.00,-1.00,-1.00,-1.00
XPUT 486 47.53,145.81,98.66,112.10,12.31,1.70,42.23,-1.00,55.48,280.06,-1.00,-1.00,-1.00,-1.00,-1.00
XPUT 487 47.42,146.04,99.19,111.85,12.28,1.70,42.51,-1.00,55.36,280.56,-1.00,-1.00,-1.00,-1.00,-1.00
XPUT 488 47.69,146.28,99.16,111.60,12.25,1.70,42.60,-1.00,55.23,279.93,-1.00,-1.00,-1.00,-1.00,-1.00
XPUT 489 47.59,145.95,99.50,111.35,12.23,1.69,42.51,-1.00,55.11,280.62,-1.00,-1.00,-1.00,-1.00,-1.00
XPUT 490 47.48,146.75,99.65,111.10,12.20,1.69,42.41,-1.00,54.99,280.00,-1.00,-1.00,-1.00,-1.00,-1.00
XPUT 491 47.56,146.43,99.61,110.85,12.17,1.69,42.32,-1.00,54.86,280.12,-1.00,-1.00,-1.00,-1.00,-1.00
XPUT 492 47.45,147.03,99.95,111.35,12.14,1.68,42.60,-1.00,54.74,279.87,-1.00,-1.00,-1.00,-1.00,-1.00
XPUT 493 47.35,147.08,100.48,111.10,12.49,1.68,42.69,-1.00,54.99,279.25,-1.00,-1.00,-1.00,-1.00,-1.00
XPUT 494 47.24,147.31,100.44,110.86,12.46,1.67,42.59,-1.00,54.87,279.56,-1.00,-1.00,-1.00,-1.00,-1.00
XPUT 495 47.70,147.54,100.77,111.35,12.62,1.67,42.50,-1.00,54.75,279.13,-1.00,-1.00,-1.00,-1.00,-1.00
XPUT 496 47.59,147.22,100.92,111.66,12.59,1.85,42.41,-1.00,54.63,279.44,-1.00,-1.00,-1.00,-1.00,-1.00
XPUT 497 47.49,147.82,100.89,111.42,12.56,1.85,42.68,-1.00,54.51,278.82,-1.00,-1.00,-1.00,-1.00,-1.00
XPUT 498 47.38,147.68,101.03,111.17,12.54,1.84,42.77,-1.00,54.39,278.39,-1.00,-1.00,-1.00,-1.00,-1.00
XPUT 499 47.65,147.35,101.18,111.11,12.51,1.84,43.05,-1.00,54.27,278.70,-1.00,-1.00,-1.00,-1.00,-1.00
XPUT 500 47.73,147.95,101.51,111.24,12.48,1.84,42.95,-1.00,54.33,278.46,-1.00,-1.00,-1.00,-1.00,-1.00
XPUT 501 47.62,147.62,101.47,110.99,12.45,1.83,42.86,-1.00,54.21,278.40,-1.00,-1.00,-1.00,-1.00,-1.00
XPUT 502 47.88,147.85,101.80,110.75,12.43,1.83,42.77,-1.00,54.10,277.98,-1.00,-1.00,-1.00,-1.00,-1.00
XPUT 503 47.78,148.08,101.94,110.51,12.40,1.82,43.22,-1.00,53.98,278.28,-1.00,-1.00,-1.00,-1.00,-1.00
XPUT 504 48.04,148.30,102.63,110.27,12.37,1.82,43.13,-1.00,53.86,278.04,-1.00,-1.00,-1.00,-1.00,-1.00
XPUT 505 48.12,148.53,102.59,110.03,12.35,1.82,43.03,-1.00,53.75,277.62,-1.00,-1.00,-1.00,-1.00,-1.00
XPUT 506 48.01,148.75,102.91,109.79,12.32,1.81,42.94,-1.00,53.63,277.93,-1.00,-1.00,-1.00,-1.00,-1.00
XPUT 507 47.91,149.15,103.23,109.56,12.66,1.81,43.39,-1.00,53.88,277.33,-1.00,-1.00,-1.00,-1.00,-1.00
XPUT 508 47.81,148.83,103.37,109.32,12.63,1.80,43.66,-1.00,53.76,277.82,-1.00,-1.00,-1.00,-1.00,-1.00
XPUT 509 47.70,149.23,104.05,109.09,12.78,1.80,43.56,-1.00,53.64,277.22,-1.00,-1.00,-1.00,-1.00,-1.00
XPUT 510 47.60,149.27,103.82,108.85,12.75,1.80,43.47,-1.00,53.53,277.52,-1.00,-1.00,-1.00,-1.00,-1.00
XPUT 511 47.50,149.49,104.32,109.34,13.08,1.79,43.38,-1.00,53.41,277.11,-1.00,-1.00,-1.00,-1.00,-1.00
XPUT 512 47.40,149.71,104.46,109.11,13.06,1.79,43.46,-1.00,53.30,277.24,-1.00,-1.00,-1.00,-1.00,-1.00
XPUT 513 47.30,149.39,104.77,109.23,13.03,1.78,43.73,-1.00,53.19,276.82,-1.00,-1.00,-1.00,-1.00,-1.00
XPUT 514 47.20,150.14,104.90,109.89,13.00,1.78,43.64,-1.00,53.43,276.59,-1.00,-1.00,-1.00,-1.00,-1.00
XPUT 515 47.10,149.82,105.21,109.66,12.97,1.78,43.72,-1.00,53.32,276.72,-1.00,-1.00,-1.00,-1.00,-1.00
XPUT 516 47.00,150.39,105.52,109.42,13.30,1.77,44.34,-1.00,53.38,276.49,-1.00,-1.00,-1.00,-1.00,-1.00
XPUT 517 46.90,150.43,105.30,109.72,13.27,1.77,44.42,-1.00,53.27,276.79,-1.00,-1.00,-1.00,-1.00,-1.00
XPUT 518 46.80,150.11,105.61,109.49,13.25,1.77,44.68,-1.00,53.16,276.21,-1.00,-1.00,-1.00,-1.00,-1.00
XPUT 519 46.70,150.85,105.91,109.26,13.39,1.76,44.76,-1.00,53.40,275.80,-1.00,-1.00,-1.00,-1.00,-1.00
XPUT 520 46.60,150.54,106.04,109.03,13.37,1.76,45.02,-1.00,53.29,276.10,-1.00,-1.00,-1.00,-1.00,-1.00
XPUT 521 46.51,150.75,106.52,108.81,13.69,1.75,45.45,-1.00,53.35,275.70,-1.00,-1.00,-1.00,-1.00,-1.00
XPUT 522 46.41,150.96,106.30,108.58,13.66,1.75,45.53,-1.00,53.24,276.00,-1.00,-1.00,-1.00,-1.00,-1.00
XPUT 523 46.31,150.65,106.61,108.35,13.63,1.75,45.44,-1.00,53.13,275.43,-1.00,-1.00,-1.00,-1.00,-1.00
XPUT 524 46.22,151.20,107.08,108.13,13.60,1.74,45.34,-1.00,53.02,275.73,-1.00,-1.00,-1.00,-1.00,-1.00
XPUT 525 46.12,151.06,107.03,107.90,13.57,1.74,45.60,-1.00,52.91,275.33,-1.00,-1.00,-1.00,-1.00,-1.00
XPUT 526 46.02,151.62,107.68,107.68,13.55,1.74,45.85,-1.00,53.15,275.10,-1.00,-1.00,-1.00,-1.00,-1.00
XPUT 527 46.28,151.31,107.46,107.46,13.52,1.73,45.93,-1.00,53.04,275.40,-1.00,-1.00,-1.00,-1.00,-1.00
XPUT 528 46.18,152.03,108.10,107.41,13.49,1.73,46.18,-1.00,53.10,274.84,-1.00,-1.00,-1.00,-1.00,-1.00
XPUT 529 46.09,151.72,108.05,107.19,13.64,1.73,46.60,-1.00,52.99,275.31,-1.00,-1.00,-1.00,-1.00,-1.00
XPUT 530 45.99,151.93,108.35,107.66,13.61,1.72,46.68,-1.00,52.88,274.74,-1.00,-1.00,-1.00,-1.00,-1.00
XPUT 531 46.07,152.13,108.64,107.61,13.58,1.72,46.93,-1.00,53.12,275.04,-1.00,-1.00,-1.00,-1.00,-1.00
XPUT 532 45.97,152.68,109.27,107.39,13.55,1.72,47.18,-1.00,53.18,274.65,-1.00,-1.00,-1.00,-1.00,-1.00
XPUT 533 45.88,152.71,109.39,108.02,13.52,1.71,47.25,-1.00,53.07,274.94,-1.00,-1.00,-1.00,-1.00,-1.00
XPUT 534 46.13,153.08,109.68,107.98,13.50,1.71,47.50,-1.00,53.30,274.55,-1.00,-1.00,-1.00,-1.00,-1.00
XPUT 535 46.04,153.11,109.97,108.10,13.81,1.71,47.57,-1.00,53.20,274.85,-1.00,-1.00,-1.00,-1.00,-1.00
XPUT 536 45.94,153.65,110.26,107.88,13.78,1.70,47.81,-1.00,53.43,274.80,-1.00,-1.00,-1.00,-1.00,-1.00
XPUT 537 46.36,153.51,110.55,107.66,13.92,1.70,47.89,-1.00,53.32,274.75,-1.00,-1.00,-1.00,-1.00,-1.00
XPUT 538 46.26,153.71,110.66,108.29,13.90,1.69,48.30,-1.00,53.21,274.54,-1.00,-1.00,-1.00,-1.00,-1.00
XPUT 539 46.17,153.90,110.95,108.07,13.87,1.69,48.54,-1.00,53.27,274.83,-1.00,-1.00,-1.00,-1.00,-1.00
XPUT 540 46.08,153.59,110.89,108.53,13.84,1.69,48.78,-1.00,53.17,274.28,-1.00,-1.00,-1.00,-1.00,-1.00
XPUT 541 46.32,154.46,111.17,108.65,13.81,1.68,48.85,-1.00,53.57,274.74,-1.00,-1.00,-1.00,-1.00,-1.00
XPUT 542 46.23,154.16,111.62,108.60,14.12,1.68,49.09,-1.00,53.46,274.18,-1.00,-1.00,-1.00,-1.00,-1.00
XPUT 543 46.14,154.35,111.57,108.72,14.09,1.68,49.49,-1.00,53.35,273.80,-1.00,-1.00,-1.00,-1.00,-1.00
XPUT 544 46.55,154.54,111.68,108.50,14.06,1.67,49.39,-1.00,53.58,274.09,-1.00,-1.00,-1.00,-1.00,-1.00
XPUT 545 46.45,154.57,111.96,108.78,14.04,1.67,49.46,-1.00,53.64,273.55,-1.00,-1.00,-1.00,-1.00,-1.00
XPUT 546 46.36,154.76,111.90,108.90,14.01,1.67,49.70,-1.00,53.87,274.01,-1.00,-1.00,-1.00,-1.00,-1.00
XPUT 547 46.27,154.96,112.35,109.35,14.15,1.66,49.93,-1.00,53.76,273.46,-1.00,-1.00,-1.00,-1.00,-1.00
XPUT 548 46.34,155.15,112.29,109.13,14.12,1.66,50.00,-1.00,53.65,273.75,-1.00,-1.00,-1.00,-1.00,-1.00
XPUT 549 46.25,155.34,112.40,110.08,14.09,1.66,50.40,-1.00,53.55,273.54,-1.00,-1.00,-1.00,-1.00,-1.00
XPUT 550 46.16,155.53,112.34,109.86,14.06,1.65,50.63,-1.00,53.44,273.66,-1.00,-1.00,-1.00,-1.00,-1.00
XPUT 551 46.40,155.72,112.45,110.64,14.04,1.65,50.69,-1.00,53.34,273.46,-1.00,-1.00,-1.00,-1.00,-1.00
XPUT 552 46.31,155.91,112.23,110.58,14.01,1.65,50.92,-1.00,53.56,273.58,-1.00,-1.00,-1.00,-1.00,-1.00
XPUT 553 46.22,155.60,112.01,110.70,14.31,1.64,50.99,-1.00,53.46,273.37,-1.00,-1.00,-1.00,-1.00,-1.00
XPUT 554 46.13,156.12,111.96,110.48,14.28,1.64,51.22,-1.00,53.52,273.16,-1.00,-1.00,-1.00,-1.00,-1.00
XPUT 555 46.53,155.81,111.74,110.26,14.25,1.64,51.61,-1.00,53.41,272.63,-1.00,-1.00,-1.00,-1.00,-1.00
XPUT 556 46.44,155.51,111.52,110.05,14.23,1.64,51.51,-1.00,53.63,272.10,-1.00,-1.00,-1.00,-1.00,-1.00
XPUT 557 46.35,155.21,111.30,109.84,14.20,1.63,51.41,-1.00,53.53,271.57,-1.00,-1.00,-1.00,-1.00,-1.00
