8 0 4 0 USC ISI
PERC 1 0.0
PERC 2 0.0
PERC 3 0.0
PERC 4 0.0
PERC 5 0.0
PERC 6 0.0
PERC 7 0.0
PERC 8 0.0
PERC 9 0.0
PERC 10 0.0
PERC 11 0.0
PERC 12 0.0
PERC 13 0.0
PERC 14 0.0
PERC 15 0.0
PERC 16 0.0
PERC 17 0.0
PERC 18 0.0
PERC 19 0.0
PERC 20 0.0
PERC 21 0.0
PERC 22 0.0
PERC 23 0.0
PERC 24 0.0
PERC 25 0.0
PERC 26 0.0
PERC 27 0.0
PERC 28 0.0
PERC 29 0.0
PERC 30 0.0
PERC 31 0.3
PERC 32 1.0
PERC 33 1.7
PERC 34 2.8
PERC 35 4.0
PERC 36 5.4
PERC 37 6.8
PERC 38 8.4
PERC 39 9.9
PERC 40 11.4
PERC 41 12.4
PERC 42 13.6
PERC 43 15.1
PERC 44 16.8
PERC 45 18.2
PERC 46 19.7
PERC 47 21.0
PERC 48 22.6
PERC 49 23.4
PERC 50 25.0
PERC 51 26.5
PERC 52 27.2
PERC 53 28.8
PERC 54 30.4
PERC 55 31.8
PERC 56 32.9
PERC 57 33.9
PERC 58 35.1
PERC 59 35.8
PERC 60 36.9
PERC 61 38.1
PERC 62 39.0
PERC 63 40.1
PERC 64 41.2
PERC 65 42.4
PERC 66 43.2
PERC 67 44.3
PERC 68 45.5
PERC 69 46.7
PERC 70 47.8
PERC 71 49.1
PERC 72 50.5
PERC 73 52.1
PERC 74 53.6
PERC 75 55.2
PERC 76 56.6
PERC 77 57.9
PERC 78 59.3
PERC 79 60.7
PERC 80 62.0
PERC 81 63.4
PERC 82 64.9
PERC 83 66.3
PERC 84 67.6
PERC 85 68.9
PERC 86 70.1
PERC 87 71.4
PERC 88 72.7
PERC 89 74.1
PERC 90 75.6
PERC 91 77.1
PERC 92 78.6
PERC 93 80.4
PERC 94 82.0
PERC 95 83.7
PERC 96 85.3
PERC 97 86.7
PERC 98 88.0
PERC 99 89.4
PERC 100 90.8
PERC 101 92.1
PERC 102 93.5
PERC 103 95.3
PERC 104 96.6
PERC 105 97.2
PERC 106 98.4
PERC 107 99.5
PERC 108 100.0
XPUT 1 -1.00,-1.00,-1.00,-1.00,-1.00,-1.00,-1.00,-1.00,-1.00,-1.00,-1.00,-1.00,-1.00,-1.00,-1.00
XPUT 2 -1.00,-1.00,-1.00,-1.00,-1.00,-1.00,-1.00,-1.00,-1.00,-1.00,-1.00,-1.00,-1.00,-1.00,-1.00
XPUT 3 -1.00,-1.00,-1.00,-1.00,-1.00,-1.00,-1.00,-1.00,-1.00,-1.00,-1.00,-1.00,-1.00,-1.00,-1.00
XPUT 4 -1.00,-1.00,-1.00,-1.00,-1.00,-1.00,-1.00,-1.00,-1.00,-1.00,-1.00,-1.00,-1.00,-1.00,-1.00
XPUT 5 -1.00,-1.00,-1.00,-1.00,-1.00,-1.00,-1.00,-1.00,-1.00,-1.00,-1.00,-1.00,-1.00,-1.00,-1.00
XPUT 6 -1.00,-1.00,-1.00,-1.00,-1.00,-1.00,-1.00,-1.00,-1.00,-1.00,-1.00,-1.00,-1.00,-1.00,-1.00
XPUT 7 -1.00,-1.00,-1.00,-1.00,-1.00,-1.00,-1.00,-1.00,-1.00,-1.00,-1.00,-1.00,-1.00,-1.00,-1.00
XPUT 8 -1.00,-1.00,-1.00,-1.00,-1.00,-1.00,-1.00,-1.00,-1.00,-1.00,-1.00,-1.00,-1.00,-1.00,-1.00
XPUT 9 -1.00,-1.00,-1.00,-1.00,-1.00,-1.00,-1.00,-1.00,-1.00,-1.00,-1.00,-1.00,-1.00,-1.00,-1.00
XPUT 10 -1.00,-1.00,-1.00,-1.00,-1.00,-1.00,-1.00,-1.00,-1.00,-1.00,-1.00,-1.00,-1.00,-1.00,-1.00
XPUT 11 -1.00,-1.00,-1.00,-1.00,-1.00,-1.00,-1.00,-1.00,-1.00,-1.00,-1.00,-1.00,-1.00,-1.00,-1.00
XPUT 12 -1.00,-1.00,-1.00,-1.00,-1.00,-1.00,-1.00,-1.00,-1.00,-1.00,-1.00,-1.00,-1.00,-1.00,-1.00
XPUT 13 -1.00,-1.00,-1.00,-1.00,-1.00,-1.00,-1.00,-1.00,-1.00,-1.00,-1.00,-1.00,-1.00,-1.00,-1.00
XPUT 14 -1.00,-1.00,-1.00,-1.00,-1.00,-1.00,-1.00,-1.00,-1.00,-1.00,-1.00,-1.00,-1.00,-1.00,-1.00
XPUT 15 -1.00,-1.00,-1.00,-1.00,-1.00,-1.00,-1.00,-1.00,-1.00,-1.00,-1.00,-1.00,-1.00,-1.00,-1.00
XPUT 16 -1.00,-1.00,-1.00,-1.00,-1.00,-1.00,-1.00,-1.00,-1.00,-1.00,-1.00,-1.00,-1.00,-1.00,-1.00
XPUT 17 -1.00,-1.00,-1.00,-1.00,-1.00,-1.00,-1.00,-1.00,-1.00,-1.00,-1.00,-1.00,-1.00,-1.00,-1.00
XPUT 18 -1.00,-1.00,-1.00,-1.00,-1.00,-1.00,-1.00,-1.00,-1.00,-1.00,-1.00,-1.00,-1.00,-1.00,-1.00
XPUT 19 -1.00,-1.00,-1.00,-1.00,-1.00,-1.00,-1.00,-1.00,-1.00,-1.00,-1.00,-1.00,-1.00,-1.00,-1.00
XPUT 20 -1.00,-1.00,-1.00,-1.00,-1.00,-1.00,-1.00,-1.00,-1.00,-1.00,-1.00,-1.00,-1.00,-1.00,-1.00
XPUT 21 -1.00,-1.00,-1.00,-1.00,-1.00,-1.00,-1.00,-1.00,-1.00,-1.00,-1.00,-1.00,-1.00,-1.00,-1.00
XPUT 22 -1.00,-1.00,-1.00,-1.00,-1.00,-1.00,-1.00,-1.00,-1.00,-1.00,-1.00,-1.00,-1.00,-1.00,-1.00
XPUT 23 -1.00,-1.00,-1.00,-1.00,-1.00,-1.00,-1.00,-1.00,-1.00,-1.00,-1.00,-1.00,-1.00,-1.00,-1.00
XPUT 24 -1.00,-1.00,-1.00,-1.00,-1.00,-1.00,-1.00,-1.00,-1.00,-1.00,-1.00,-1.00,-1.00,-1.00,-1.00
XPUT 25 -1.00,-1.00,-1.00,-1.00,-1.00,-1.00,-1.00,-1.00,-1.00,-1.00,-1.00,-1.00,-1.00,-1.00,-1.00
XPUT 26 -1.00,-1.00,-1.00,-1.00,-1.00,-1.00,-1.00,-1.00,-1.00,-1.00,-1.00,-1.00,-1.00,-1.00,-1.00
XPUT 27 -1.00,-1.00,-1.00,-1.00,-1.00,-1.00,-1.00,-1.00,-1.00,-1.00,-1.00,-1.00,-1.00,-1.00,-1.00
XPUT 28 -1.00,-1.00,-1.00,-1.00,-1.00,-1.00,-1.00,-1.00,-1.00,-1.00,-1.00,-1.00,-1.00,-1.00,-1.00
XPUT 29 -1.00,-1.00,-1.00,-1.00,-1.00,-1.00,-1.00,-1.00,-1.00,-1.00,-1.00,-1.00,-1.00,-1.00,-1.00
XPUT 30 -1.00,-1.00,-1.00,-1.00,-1.00,-1.00,-1.00,-1.00,-1.00,-1.00,-1.00,-1.00,-1.00,-1.00,-1.00
XPUT 31 -1.00,-1.00,-1.00,-1.00,-1.00,-1.00,-1.00,-1.00,-1.00,-1.00,-1.00,-1.00,-1.00,-1.00,-1.00
XPUT 32 -1.00,-1.00,-1.00,-1.00,-1.00,-1.00,-1.00,-1.00,-1.00,7130.32,-1.00,-1.00,-1.00,-1.00,-1.00
XPUT 33 -1.00,-1.00,-1.00,-1.00,-1.00,-1.00,-1.00,-1.00,-1.00,5955.91,-1.00,-1.00,-1.00,-1.00,-1.00
XPUT 34 -1.00,-1.00,-1.00,-1.00,111.85,-1.00,-1.00,-1.00,-1.00,5536.48,-1.00,-1.00,-1.00,-1.00,-1.00
XPUT 35 -1.00,-1.00,-1.00,62.91,188.74,-1.00,-1.00,-1.00,-1.00,5431.62,-1.00,-1.00,-1.00,-1.00,-1.00
XPUT 36 -1.00,-1.00,-1.00,50.33,301.99,-1.00,16.78,-1.00,-1.00,5335.15,-1.00,-1.00,-1.00,-1.00,-1.00
XPUT 37 -1.00,-1.00,-1.00,83.89,405.45,-1.00,13.98,-1.00,-1.00,5340.75,-1.00,-1.00,-1.00,-1.00,-1.00
XPUT 38 -1.00,-1.00,-1.00,143.80,467.37,-1.00,11.98,-1.00,-1.00,5332.76,-1.00,-1.00,-1.00,-1.00,-1.00
XPUT 39 -1.00,-1.00,-1.00,188.74,440.40,-1.00,31.46,-1.00,-1.00,5347.74,-1.00,-1.00,-1.00,-1.00,-1.00
XPUT 40 -1.00,-1.00,-1.00,186.41,466.03,-1.00,27.96,-1.00,-1.00,5126.37,-1.00,-1.00,-1.00,-1.00,-1.00
XPUT 41 -1.00,-1.00,-1.00,209.72,419.43,-1.00,33.55,-1.00,-1.00,5041.55,-1.00,-1.00,-1.00,-1.00,-1.00
XPUT 42 -1.00,-1.00,-1.00,190.65,472.81,-1.00,30.50,-1.00,-1.00,5071.29,-1.00,-1.00,-1.00,-1.00,-1.00
XPUT 43 -1.00,-1.00,-1.00,174.76,524.29,-1.00,27.96,-1.00,-1.00,5152.00,-1.00,-1.00,-1.00,-1.00,-1.00
XPUT 44 -1.00,-1.00,-1.00,206.49,483.96,-1.00,38.72,-1.00,-1.00,5162.22,-1.00,-1.00,-1.00,-1.00,-1.00
XPUT 45 -1.00,-1.00,-1.00,233.68,449.39,-1.00,35.95,-1.00,-1.00,5182.96,-1.00,-1.00,-1.00,-1.00,-1.00
XPUT 46 -1.00,-1.00,-1.00,218.10,425.02,-1.00,39.15,-1.00,-1.00,5189.75,-1.00,-1.00,-1.00,-1.00,-1.00
XPUT 47 -1.00,-1.00,-1.00,204.47,471.86,-1.00,47.19,-1.00,-1.00,5216.67,-1.00,-1.00,-1.00,-1.00,-1.00
XPUT 48 -1.00,-1.00,-1.00,192.44,483.58,-1.00,44.41,-1.00,-1.00,5057.84,-1.00,-1.00,-1.00,-1.00,-1.00
XPUT 49 -1.00,-1.00,-1.00,233.02,470.69,-1.00,41.94,-1.00,-1.00,5089.09,-1.00,-1.00,-1.00,-1.00,-1.00
XPUT 50 -1.00,-1.00,-1.00,225.17,472.41,-1.00,39.74,-1.00,-1.00,5108.22,-1.00,-1.00,-1.00,-1.00,-1.00
XPUT 51 -1.00,-1.00,-1.00,247.46,461.37,-1.00,37.75,-1.00,-1.00,4957.67,-1.00,-1.00,-1.00,-1.00,-1.00
XPUT 52 -1.00,-1.00,-1.00,259.65,499.32,-1.00,39.95,-1.00,-1.00,4953.27,-1.00,-1.00,-1.00,-1.00,-1.00
XPUT 53 -1.00,-1.00,-1.00,270.72,514.76,-1.00,45.76,-1.00,-1.00,4960.72,-1.00,-1.00,-1.00,-1.00,-1.00
XPUT 54 -1.00,-1.00,-1.00,273.54,510.61,-1.00,51.06,-1.00,-1.00,4960.22,-1.00,-1.00,-1.00,-1.00,-1.00
XPUT 55 -1.00,-1.00,-1.00,262.14,489.34,-1.00,52.43,-1.00,-1.00,4945.78,-1.00,-1.00,-1.00,-1.00,-1.00
XPUT 56 -1.00,-1.00,-1.00,251.66,469.76,-1.00,57.04,-1.00,-1.00,4922.44,-1.00,-1.00,-1.00,-1.00,-1.00
XPUT 57 -1.00,-1.00,-1.00,241.98,451.69,-1.00,58.07,-1.00,-1.00,4907.34,-1.00,-1.00,-1.00,-1.00,-1.00
XPUT 58 -1.00,-1.00,-1.00,233.02,434.96,-1.00,62.14,-1.00,-1.00,4837.43,-1.00,-1.00,-1.00,-1.00,-1.00
XPUT 59 -1.00,-1.00,-1.00,224.69,419.43,-1.00,62.91,-1.00,-1.00,4814.46,-1.00,-1.00,-1.00,-1.00,-1.00
XPUT 60 -1.00,-1.00,-1.00,216.95,404.97,-1.00,60.75,-1.00,-1.00,4824.90,-1.00,-1.00,-1.00,-1.00,-1.00
XPUT 61 -1.00,-1.00,-1.00,209.72,391.47,-1.00,58.72,-1.00,-1.00,4787.10,-1.00,-1.00,-1.00,-1.00,-1.00
XPUT 62 -1.00,-1.00,-1.00,202.95,378.84,-1.00,62.24,-1.00,-1.00,4781.51,-1.00,-1.00,-1.00,-1.00,-1.00
XPUT 63 -1.00,-1.00,-1.00,196.61,367.00,-1.00,65.54,-1.00,-1.00,4778.89,-1.00,-1.00,-1.00,-1.00,-1.00
XPUT 64 -1.00,-1.00,-1.00,190.65,355.88,-1.00,66.09,-1.00,-1.00,4781.51,-1.00,-1.00,-1.00,-1.00,-1.00
XPUT 65 -1.00,-1.00,-1.00,185.04,345.41,-1.00,69.08,-1.00,-1.00,4737.10,-1.00,-1.00,-1.00,-1.00,-1.00
XPUT 66 -1.00,-1.00,-1.00,179.76,335.54,-1.00,67.11,-1.00,-1.00,4728.78,-1.00,-1.00,-1.00,-1.00,-1.00
XPUT 67 -1.00,-1.00,-1.00,174.76,326.22,-1.00,65.24,-1.00,-1.00,4739.56,-1.00,-1.00,-1.00,-1.00,-1.00
XPUT 68 -1.00,-1.00,-1.00,170.04,317.41,-1.00,63.48,-1.00,-1.00,4742.96,-1.00,-1.00,-1.00,-1.00,-1.00
XPUT 69 -1.00,-1.00,-1.00,165.56,309.05,-1.00,64.02,-1.00,-1.00,4737.36,-1.00,-1.00,-1.00,-1.00,-1.00
XPUT 70 -1.00,-1.00,-1.00,161.32,301.13,-1.00,66.68,-1.00,-1.00,4753.54,-1.00,-1.00,-1.00,-1.00,-1.00
XPUT 71 -1.00,-1.00,-1.00,157.29,304.09,-1.00,65.01,-1.00,-1.00,4773.12,-1.00,-1.00,-1.00,-1.00,-1.00
XPUT 72 -1.00,-1.00,-1.00,153.45,319.18,-1.00,63.43,-1.00,-1.00,4793.78,-1.00,-1.00,-1.00,-1.00,-1.00
XPUT 73 -1.00,-1.00,-1.00,149.80,319.57,-1.00,63.91,-1.00,-1.00,4821.45,-1.00,-1.00,-1.00,-1.00,-1.00
XPUT 74 -1.00,-1.00,1.95,146.31,321.89,-1.00,68.28,-1.00,-1.00,4845.88,-1.00,-1.00,-1.00,-1.00,-1.00
XPUT 75 -1.00,-1.00,5.72,142.99,314.57,-1.00,70.54,-1.00,-1.00,4861.58,-1.00,-1.00,-1.00,-1.00,-1.00
XPUT 76 -1.00,-1.00,5.59,139.81,307.58,-1.00,72.70,-1.00,-1.00,4874.71,-1.00,-1.00,-1.00,-1.00,-1.00
XPUT 77 -1.00,-1.00,7.29,138.59,300.90,-1.00,72.94,-1.00,-1.00,4885.45,-1.00,-1.00,-1.00,-1.00,-1.00
XPUT 78 -1.00,-1.00,10.71,139.22,294.49,-1.00,76.75,-1.00,-1.00,4895.73,-1.00,-1.00,-1.00,-1.00,-1.00
XPUT 79 -1.00,-1.00,10.49,138.06,288.36,-1.00,78.64,-1.00,-1.00,4905.59,-1.00,-1.00,-1.00,-1.00,-1.00
XPUT 80 -1.00,-1.00,10.27,140.38,282.47,-1.00,78.75,-1.00,-1.00,4913.33,-1.00,-1.00,-1.00,-1.00,-1.00
XPUT 81 -1.00,-1.00,10.07,149.32,276.82,-1.00,83.89,-1.00,-1.00,4924.11,-1.00,-1.00,-1.00,-1.00,-1.00
XPUT 82 -1.00,-1.00,11.51,152.97,271.40,-1.00,82.24,-1.00,-1.00,4934.48,-1.00,-1.00,-1.00,-1.00,-1.00
XPUT 83 -1.00,-1.00,14.52,154.87,266.18,-1.00,80.66,-1.00,-1.00,4936.37,-1.00,-1.00,-1.00,-1.00,-1.00
XPUT 84 -1.00,-1.00,14.24,158.28,261.15,-1.00,79.14,-1.00,-1.00,4938.20,-1.00,-1.00,-1.00,-1.00,-1.00
XPUT 85 -1.00,-1.00,13.98,155.34,256.32,-1.00,77.67,-1.00,-1.00,4941.51,-1.00,-1.00,-1.00,-1.00,-1.00
XPUT 86 -1.00,-1.00,13.73,152.52,251.66,-1.00,76.26,-1.00,-1.00,4949.28,-1.00,-1.00,-1.00,-1.00,-1.00
XPUT 87 -1.00,-1.00,14.98,154.29,247.16,-1.00,74.90,-1.00,-1.00,4952.27,-1.00,-1.00,-1.00,-1.00,-1.00
XPUT 88 -1.00,-1.00,17.66,151.58,242.83,-1.00,75.06,-1.00,-1.00,4964.00,-1.00,-1.00,-1.00,-1.00,-1.00
XPUT 89 -1.00,-1.00,17.36,157.65,238.64,-1.00,78.10,-1.00,-1.00,4973.87,-1.00,-1.00,-1.00,-1.00,-1.00
XPUT 90 -1.00,-1.00,19.91,163.51,234.60,-1.00,79.62,-1.00,-1.00,4981.98,-1.00,-1.00,-1.00,-1.00,-1.00
XPUT 91 -1.00,-1.00,20.97,163.58,246.07,-1.00,79.69,-1.00,-1.00,4984.23,-1.00,-1.00,-1.00,-1.00,-1.00
XPUT 92 -1.00,-1.00,23.38,165.02,259.91,-1.00,81.14,-1.00,-1.00,4998.79,-1.00,-1.00,-1.00,-1.00,-1.00
XPUT 93 -1.00,-1.00,28.41,162.36,265.19,-1.00,81.18,-1.00,-1.00,5010.16,-1.00,-1.00,-1.00,-1.00,-1.00
XPUT 94 -1.00,-1.00,30.63,159.78,275.63,-1.00,85.22,-1.00,-1.00,5023.84,-1.00,-1.00,-1.00,-1.00,-1.00
XPUT 95 -1.00,-1.00,30.15,157.29,280.49,-1.00,83.89,-1.00,-1.00,5037.10,-1.00,-1.00,-1.00,-1.00,-1.00
XPUT 96 -1.00,-1.00,29.68,154.87,277.47,-1.00,86.47,-1.00,-1.00,5046.07,-1.00,-1.00,-1.00,-1.00,-1.00
XPUT 97 -1.00,-1.00,33.05,152.52,273.27,-1.00,86.43,-1.00,-1.00,5045.87,-1.00,-1.00,-1.00,-1.00,-1.00
XPUT 98 -1.00,-1.00,35.06,150.24,269.19,-1.00,87.64,-1.00,-1.00,5051.95,-1.00,-1.00,-1.00,-1.00,-1.00
XPUT 99 -1.00,-1.00,38.24,148.03,265.23,-1.00,86.35,-1.00,-1.00,5062.77,-1.00,-1.00,-1.00,-1.00,-1.00
XPUT 100 -1.00,-1.00,37.69,145.89,261.38,-1.00,85.10,-1.00,-1.00,5069.64,-1.00,-1.00,-1.00,-1.00,-1.00
XPUT 101 -1.00,-1.00,37.15,143.80,267.24,-1.00,83.89,-1.00,-1.00,5070.31,-1.00,-1.00,-1.00,-1.00,-1.00
XPUT 102 -1.00,-1.00,41.35,141.78,283.56,-1.00,83.89,-1.00,-1.00,5075.70,-1.00,-1.00,-1.00,-1.00,-1.00
XPUT 103 -1.00,-1.00,43.11,139.81,279.62,-1.00,85.05,-1.00,-1.00,5079.77,-1.00,-1.00,-1.00,-1.00,-1.00
XPUT 104 -1.00,-1.00,44.82,137.89,275.79,-1.00,86.18,-1.00,-1.00,5041.21,-1.00,-1.00,-1.00,-1.00,-1.00
XPUT 105 -1.00,-1.00,44.21,139.43,272.06,-1.00,85.02,-1.00,-1.00,5035.43,-1.00,-1.00,-1.00,-1.00,-1.00
XPUT 106 -1.00,-1.00,44.74,137.57,268.44,-1.00,83.89,-1.00,-1.00,5027.57,-1.00,-1.00,-1.00,-1.00,-1.00
