0 0
1 0
2 0
3 0
4 0
5 0
6 0
7 0
8 0
9 0
10 0
11 0
12 0
13 0
14 0
15 0
16 0
17 0
18 0
19 0
20 0
21 0
22 0
23 0.00769230769230769
24 0.0153846153846154
25 0.0384615384615385
26 0.123076923076923
27 0.269230769230769
28 0.376923076923077
29 0.469230769230769
30 0.630769230769231
31 0.892307692307692
32 1.39230769230769
33 1.85384615384615
34 2.53076923076923
35 3.13846153846154
36 3.80769230769231
37 4.58461538461538
38 5.41538461538461
39 6.00769230769231
40 6.85384615384615
41 7.45384615384615
42 8.38461538461539
43 9.23076923076923
44 10.0615384615385
45 11.1461538461538
46 12.2692307692308
47 13.3461538461538
48 14.6538461538462
49 15.8
50 17.2230769230769
51 18.7461538461538
52 20.3076923076923
53 21.5
54 22.7846153846154
55 24.1769230769231
56 25.0538461538462
57 26.2076923076923
58 27.3692307692308
59 28.4461538461538
60 29.5846153846154
61 30.3538461538462
62 31.2153846153846
63 31.7230769230769
64 32.2307692307692
65 32.9384615384615
66 33.6307692307692
67 34.5076923076923
68 35.1692307692308
69 35.7230769230769
70 36.4153846153846
71 37.3
72 37.9846153846154
73 38.6923076923077
74 39.4538461538462
75 40.2769230769231
76 40.9538461538462
77 41.7769230769231
78 42.6615384615385
79 43.5307692307692
80 44.2692307692308
81 45.1076923076923
82 45.8846153846154
83 46.5230769230769
84 46.8076923076923
85 46.9769230769231
86 47.1307692307692
87 47.3
88 47.4153846153846
89 47.5769230769231
90 47.7923076923077
91 47.9769230769231
92 48.1230769230769
93 48.3153846153846
94 48.5
95 48.6615384615385
96 48.8461538461538
97 49.0230769230769
98 49.1846153846154
99 49.3307692307692
100 49.4769230769231
101 49.6153846153846
102 49.7846153846154
103 49.9692307692308
104 50.1230769230769
105 50.2461538461539
106 50.3692307692308
107 50.5230769230769
108 50.6384615384615
109 50.7
110 50.7615384615385
111 50.8
112 50.8769230769231
113 50.9230769230769
114 50.9846153846154
115 51.0461538461538
116 51.0923076923077
117 51.1692307692308
118 51.2307692307692
119 51.2692307692308
120 51.3461538461538
121 51.4153846153846
122 51.4846153846154
123 51.5461538461538
124 51.6076923076923
125 51.6692307692308
126 51.7384615384615
127 51.8076923076923
128 51.9153846153846
129 51.9692307692308
130 52.0461538461538
131 52.1076923076923
132 52.1923076923077
133 52.2615384615385
134 52.3461538461538
135 52.3923076923077
136 52.4615384615385
137 52.5538461538462
138 52.6384615384615
139 52.7230769230769
140 52.7846153846154
141 52.8615384615385
142 52.9
143 52.9692307692308
144 53.0230769230769
145 53.1153846153846
146 53.1923076923077
147 53.2769230769231
148 53.3538461538462
149 53.4153846153846
150 53.4923076923077
151 53.5769230769231
152 53.8692307692308
153 54.1923076923077
154 54.3
155 54.3461538461538
156 54.4153846153846
157 54.5153846153846
158 54.5769230769231
159 54.6307692307692
160 54.7230769230769
161 54.7846153846154
162 54.9153846153846
163 55.0384615384615
164 55.1615384615384
165 55.3461538461538
166 55.4615384615385
167 55.5538461538462
168 55.6384615384615
169 55.7615384615385
170 55.8615384615385
171 55.9846153846154
172 56.1076923076923
173 56.2307692307692
174 56.3461538461538
175 56.4538461538462
176 56.5692307692308
177 56.6615384615385
178 56.8153846153846
179 56.9461538461538
180 57.0692307692308
181 57.2461538461538
182 57.4153846153846
183 57.5153846153846
184 57.5923076923077
185 57.7769230769231
186 57.8615384615385
187 58.0230769230769
188 58.1076923076923
189 58.2076923076923
190 58.3615384615385
191 58.4846153846154
192 58.6230769230769
193 58.7615384615385
194 58.9307692307692
195 59.0538461538462
196 59.2538461538462
197 59.3923076923077
198 59.4846153846154
199 59.6461538461538
200 59.7461538461538
201 59.9153846153846
202 60.0307692307692
203 60.2
204 60.2923076923077
205 60.4076923076923
206 60.5538461538462
207 60.6384615384615
208 60.8384615384615
209 60.9307692307692
210 61.0538461538462
211 61.1384615384615
212 61.2384615384615
213 61.3538461538462
214 61.5384615384615
215 61.7461538461538
216 61.9923076923077
217 62.0538461538462
218 62.1384615384615
219 62.3
220 62.4384615384615
221 62.5692307692308
222 62.6769230769231
223 62.7615384615385
224 62.9461538461538
225 63.1461538461538
226 63.2769230769231
227 63.3769230769231
228 63.4615384615385
229 63.6769230769231
230 63.7615384615385
231 63.8384615384615
232 63.9923076923077
233 64.0692307692308
234 64.1769230769231
235 64.2615384615385
236 64.3692307692308
237 64.4538461538462
238 64.6230769230769
239 64.7461538461538
240 64.9384615384615
241 65.0923076923077
242 65.1846153846154
243 65.3230769230769
244 65.5307692307692
245 65.6692307692308
246 65.8846153846154
247 66.0846153846154
248 66.2615384615385
249 66.3538461538461
250 66.4307692307692
251 66.5153846153846
252 66.6461538461539
253 66.7769230769231
254 66.9
255 67.0076923076923
256 67.1230769230769
257 67.2615384615385
258 67.3461538461538
259 67.4615384615385
260 67.5384615384615
261 67.7615384615385
262 67.9461538461538
263 68.1769230769231
264 68.3923076923077
265 68.4846153846154
266 68.6076923076923
267 68.8
268 68.9769230769231
269 69.0769230769231
270 69.1538461538462
271 69.3307692307692
272 69.4384615384615
273 69.5384615384615
274 69.7538461538462
275 69.9846153846154
276 70.0769230769231
277 70.2307692307692
278 70.5153846153846
279 70.6692307692308
280 70.7692307692308
281 70.9461538461538
282 71.0153846153846
283 71.1461538461539
284 71.3230769230769
285 71.5
286 71.7230769230769
287 71.8538461538461
288 71.9692307692308
289 72.1153846153846
290 72.2846153846154
291 72.4538461538462
292 72.6
293 72.7076923076923
294 72.8384615384615
295 72.9384615384615
296 73.0846153846154
297 73.2076923076923
298 73.3153846153846
299 73.4076923076923
300 73.5461538461538
301 73.7
302 73.8
303 73.9307692307692
304 74.1384615384615
305 74.3
306 74.4692307692308
307 74.6153846153846
308 74.7153846153846
309 74.9153846153846
310 75.0384615384615
311 75.1384615384615
312 75.3076923076923
313 75.4615384615385
314 75.7769230769231
315 75.9846153846154
316 76.1307692307692
317 76.2615384615385
318 76.4307692307692
319 76.5538461538462
320 76.6615384615385
321 76.7769230769231
322 76.9307692307692
323 77.1615384615385
324 77.2538461538462
325 77.3692307692308
326 77.5692307692308
327 77.6769230769231
328 77.8615384615385
329 78.1153846153846
330 78.2538461538462
331 78.4384615384615
332 78.5692307692308
333 78.7307692307692
334 78.8615384615385
335 79.0384615384615
336 79.3076923076923
337 79.5153846153846
338 79.7692307692308
339 79.9615384615385
340 80.0538461538462
341 80.1307692307692
342 80.2076923076923
343 80.3
344 80.3615384615385
345 80.4692307692308
346 80.5307692307692
347 80.6153846153846
348 80.7153846153846
349 80.7923076923077
350 80.8923076923077
351 80.9692307692308
352 81.0692307692308
353 81.1846153846154
354 81.2538461538462
355 81.3307692307692
356 81.4153846153846
357 81.5
358 81.5769230769231
359 81.6615384615385
360 81.7307692307692
361 81.8153846153846
362 81.9230769230769
363 82.0076923076923
364 82.0923076923077
365 82.2307692307692
366 82.3
367 82.3923076923077
368 82.4923076923077
369 82.5615384615385
370 82.6384615384616
371 82.7230769230769
372 82.8076923076923
373 82.8615384615385
374 82.9384615384615
375 83
376 83.1
377 83.1923076923077
378 83.2769230769231
379 83.3615384615384
380 83.4615384615385
381 83.5538461538462
382 83.6076923076923
383 83.7153846153846
384 83.8
385 83.9
386 83.9846153846154
387 84.0692307692308
388 84.1384615384615
389 84.2384615384615
390 84.3461538461538
391 84.4384615384615
392 84.5461538461538
393 84.6384615384616
394 84.7384615384615
395 84.8153846153846
396 84.9
397 84.9846153846154
398 85.0692307692308
399 85.1461538461539
400 85.2384615384615
401 85.3
402 85.3846153846154
403 85.4923076923077
404 85.5769230769231
405 85.6769230769231
406 85.7461538461538
407 85.8307692307692
408 85.9076923076923
409 86
410 86.1076923076923
411 86.2
412 86.2923076923077
413 86.3923076923077
414 86.4846153846154
415 86.5692307692308
416 86.6538461538462
417 86.7153846153846
418 86.7846153846154
419 86.8692307692308
420 86.9461538461538
421 87.0230769230769
422 87.1153846153846
423 87.2307692307692
424 87.3230769230769
425 87.4076923076923
426 87.5076923076923
427 87.6
428 87.6769230769231
429 87.7692307692308
430 87.8307692307692
431 87.9076923076923
432 88.0076923076923
433 88.0846153846154
434 88.1692307692308
435 88.2692307692308
436 88.3615384615385
437 88.4615384615385
438 88.5615384615385
439 88.6307692307692
440 88.7230769230769
441 88.8076923076923
442 88.9
443 88.9692307692308
444 89.0307692307692
445 89.1230769230769
446 89.2076923076923
447 89.3
448 89.3769230769231
449 89.4538461538462
450 89.5769230769231
451 89.6769230769231
452 89.7384615384615
453 89.8307692307692
454 89.9307692307692
455 90.0076923076923
456 90.1
457 90.1846153846154
458 90.2846153846154
459 90.3615384615385
460 90.4615384615385
461 90.5615384615384
462 90.6461538461539
463 90.7461538461538
464 90.8538461538461
465 90.9384615384615
466 91.0307692307692
467 91.1384615384616
468 91.2307692307692
469 91.3230769230769
470 91.4307692307692
471 91.5461538461538
472 91.6461538461539
473 91.7461538461538
474 91.8461538461538
475 91.9384615384615
476 92.0153846153846
477 92.1
478 92.1923076923077
479 92.2769230769231
480 92.3692307692308
481 92.5230769230769
482 92.6538461538462
483 92.7538461538462
484 92.8461538461538
485 92.9307692307692
486 93.0307692307692
487 93.1230769230769
488 93.2076923076923
489 93.2692307692308
490 93.3692307692308
491 93.4384615384615
492 93.4923076923077
493 93.5692307692308
494 93.6230769230769
495 93.6846153846154
496 93.7461538461538
497 93.8153846153846
498 93.8615384615384
499 93.9153846153846
500 93.9846153846154
501 94.0307692307692
502 94.0769230769231
503 94.1307692307692
504 94.2
505 94.2538461538462
506 94.3153846153846
507 94.3692307692308
508 94.4307692307692
509 94.4846153846154
510 94.5538461538461
511 94.6076923076923
512 94.6769230769231
513 94.7461538461538
514 94.8
515 94.8615384615384
516 94.9307692307692
517 94.9846153846154
518 95.0384615384615
519 95.0846153846154
520 95.1461538461539
521 95.1923076923077
522 95.2538461538462
523 95.3230769230769
524 95.3615384615384
525 95.4230769230769
526 95.4615384615385
527 95.5230769230769
528 95.5846153846154
529 95.6538461538462
530 95.7153846153846
531 95.8
532 95.8692307692308
533 95.9384615384615
534 96.0076923076923
535 96.0846153846154
536 96.1538461538462
537 96.2153846153846
538 96.2846153846154
539 96.3384615384615
540 96.4076923076923
541 96.4461538461539
542 96.5307692307692
543 96.5846153846154
544 96.6307692307692
545 96.7
546 96.7461538461538
547 96.8153846153846
548 96.8692307692308
549 96.9230769230769
550 96.9692307692308
551 97
552 97.0461538461538
553 97.0923076923077
554 97.1153846153846
555 97.1692307692308
556 97.2
557 97.2230769230769
558 97.2307692307692
559 97.2461538461538
560 97.2461538461538
561 97.2615384615385
562 97.2615384615385
563 97.2769230769231
564 97.2846153846154
565 97.2923076923077
566 97.3
567 97.3076923076923
568 97.3153846153846
569 97.3230769230769
570 97.3384615384615
571 97.3538461538461
572 97.3769230769231
573 97.4
574 97.4153846153846
575 97.4384615384615
576 97.4538461538462
577 97.4615384615385
578 97.4769230769231
579 97.5
580 97.5230769230769
581 97.5384615384615
582 97.5615384615385
583 97.5923076923077
584 97.6230769230769
585 97.6538461538462
586 97.6846153846154
587 97.7076923076923
588 97.7230769230769
589 97.7538461538462
590 97.7769230769231
591 97.8
592 97.8230769230769
593 97.8846153846154
594 97.8923076923077
595 97.9
596 97.9153846153846
597 97.9230769230769
598 97.9384615384615
599 97.9615384615385
600 97.9692307692308
601 97.9923076923077
602 98.0076923076923
603 98.0307692307692
604 98.0461538461538
605 98.0692307692308
606 98.0846153846154
607 98.1076923076923
608 98.1230769230769
609 98.1846153846154
610 98.2230769230769
611 98.2307692307692
612 98.2615384615385
613 98.2769230769231
614 98.2923076923077
615 98.3076923076923
616 98.3307692307692
617 98.3538461538461
618 98.3846153846154
619 98.4076923076923
620 98.4230769230769
621 98.4461538461538
622 98.4692307692308
623 98.4923076923077
624 98.5230769230769
625 98.5538461538462
626 98.5846153846154
627 98.6153846153846
628 98.6384615384615
629 98.6615384615385
630 98.6846153846154
631 98.7076923076923
632 98.7307692307692
633 98.7538461538462
634 98.7769230769231
635 98.8076923076923
636 98.8307692307692
637 98.8538461538461
638 98.8615384615385
639 98.8769230769231
640 98.8846153846154
641 98.9076923076923
642 98.9230769230769
643 98.9384615384615
644 98.9615384615385
645 98.9846153846154
646 99.0076923076923
647 99.0230769230769
648 99.0384615384615
649 99.0538461538462
650 99.0692307692308
651 99.0769230769231
652 99.1
653 99.1153846153846
654 99.1384615384615
655 99.1615384615385
656 99.1769230769231
657 99.1846153846154
658 99.2
659 99.2153846153846
660 99.2307692307692
661 99.2461538461538
662 99.2615384615385
663 99.2846153846154
664 99.3153846153846
665 99.3384615384615
666 99.3615384615385
667 99.4
668 99.4307692307692
669 99.4615384615385
670 99.5
671 99.5230769230769
672 99.5461538461538
673 99.5692307692308
674 99.5923076923077
675 99.6153846153846
676 99.6384615384615
677 99.6538461538462
678 99.6692307692308
679 99.7
680 99.7307692307692
681 99.7615384615385
682 99.7846153846154
683 99.8230769230769
684 99.8461538461538
685 99.8846153846154
686 99.9076923076923
687 99.9307692307692
688 99.9538461538462
689 99.9769230769231
690 99.9846153846154
691 99.9923076923077
692 100
