0 0
1 0.6
2 2.2
3 3.6
4 4.9
5 6.4
6 7.5
7 8.7
8 10.2
9 11.4
10 12.8
11 14.2
12 15.3
13 16.7
14 17.8
15 19.3
16 20.4
17 21.9
18 23.2
19 24.4
20 25.8
21 27.2
22 28.6
23 29.8
24 31
25 32.4
26 33.7
27 34.8
28 36.1
29 37.6
30 38.9
31 40.1
32 41.4
33 42.9
34 44.2
35 45.3
36 46.5
37 47.9
38 49.3
39 50.6
40 51.9
41 53.2
42 54.4
43 55.8
44 57
45 58.4
46 59.8
47 60.9
48 62.3
49 63.6
50 64.8
51 66
52 67.4
53 68.8
54 70.1
55 71.2
56 72.8
57 74
58 75.1
59 76.3
60 77.7
61 78.9
62 80.2
63 81.8
64 82.9
65 84.1
66 85.4
67 86.6
68 88
69 89.2
70 90.3
71 91.6
72 93
73 94.4
74 95.9
75 97.3
76 98.5
77 99.3
78 99.9
79 100
