0 0
1 1.12947658402204
2 3.03030303030303
3 4.87603305785124
4 6.41873278236915
5 7.41046831955923
6 8.7603305785124
7 10.1101928374656
8 11.4600550964187
9 12.6446280991736
10 14.0771349862259
11 15.5096418732782
12 16.8870523415978
13 18.3195592286501
14 19.7796143250689
15 21.2121212121212
16 22.8650137741047
17 24.4628099173554
18 25.9228650137741
19 27.3278236914601
20 28.9531680440771
21 30.4683195592287
22 31.763085399449
23 33.7190082644628
24 34.9586776859504
25 36.33608815427
26 37.603305785124
27 38.9807162534435
28 40.3856749311295
29 42.1487603305785
30 43.8842975206612
31 45.4545454545455
32 47.2451790633609
33 48.8429752066116
34 50.4683195592286
35 52.038567493113
36 53.801652892562
37 55.6749311294766
38 57.1625344352617
39 59.0082644628099
40 60.6060606060606
41 62.5068870523416
42 64.5730027548209
43 66.1707988980716
44 67.7961432506887
45 69.2561983471074
46 70.9366391184573
47 72.5619834710744
48 74.3526170798898
49 76.0606060606061
50 77.5757575757576
51 79.2837465564738
52 80.9366391184573
53 82.4242424242424
54 84.1046831955923
55 85.8402203856749
56 87.5206611570248
57 89.228650137741
58 90.8264462809917
59 92.2865013774105
60 93.66391184573
61 95.2341597796143
62 96.3911845730028
63 97.5482093663912
64 98.4297520661157
65 99.1460055096419
66 99.6143250688705
67 99.8071625344353
68 100
