0 0 1.5 -3.0 Polytechnic
PERC 0 0
PERC 1 0
PERC 2 0
PERC 3 0
PERC 4 0
PERC 5 0
PERC 6 0
PERC 7 0
PERC 8 0
PERC 9 0
PERC 10 0
PERC 11 0
XPUT 11 -1.00,-1.00,-1.00,-1.00,-1.00,-1.00,-1.00,-1.00,-1.00,-1.00,-1.00,-1.00,-1.00,-1.00,-1.00
PERC 12 50
XPUT 12 -1.00,-1.00,-1.00,-1.00,-1.00,-1.00,-1.00,-1.00,-1.00,39.96,-1.00,-1.00,-1.00,-1.00,-1.00
PERC 13 51
XPUT 13 -1.00,-1.00,-1.00,-1.00,-1.00,-1.00,-1.00,-1.00,-1.00,339.36,-1.00,-1.00,-1.00,-1.00,-1.00
PERC 14 52
XPUT 14 -1.00,-1.00,-1.00,-1.00,-1.00,-1.00,-1.00,-1.00,-1.00,745.78,-1.00,-1.00,-1.00,-1.00,-1.00
PERC 15 53
XPUT 15 -1.00,-1.00,-1.00,-1.00,-1.00,-1.00,-1.00,-1.00,-1.00,1063.07,-1.00,-1.00,-1.00,-1.00,-1.00
PERC 16 54
XPUT 16 -1.00,-1.00,-1.00,-1.00,-1.00,-1.00,-1.00,-1.00,-1.00,1291.54,-1.00,-1.00,-1.00,-1.00,-1.00
PERC 17 55
XPUT 17 -1.00,-1.00,-1.00,-1.00,-1.00,-1.00,-1.00,-1.00,-1.00,1446.87,-1.00,-1.00,-1.00,-1.00,-1.00
PERC 18 57
XPUT 18 -1.00,-1.00,-1.00,-1.00,-1.00,-1.00,-1.00,-1.00,-1.00,1672.32,-1.00,-1.00,-1.00,-1.00,-1.00
PERC 19 57
XPUT 19 -1.00,-1.00,-1.00,-1.00,-1.00,-1.00,-1.00,-1.00,-1.00,1763.66,-1.00,-1.00,-1.00,-1.00,-1.00
PERC 20 59
XPUT 20 -1.00,-1.00,-1.00,-1.00,-1.00,-1.00,-1.00,-1.00,-1.00,1976.95,-1.00,-1.00,-1.00,-1.00,-1.00
PERC 21 60
XPUT 21 -1.00,-1.00,-1.00,-1.00,-1.00,-1.00,-1.00,-1.00,-1.00,2194.88,-1.00,-1.00,-1.00,-1.00,-1.00
PERC 22 62
XPUT 22 -1.00,-1.00,-1.00,-1.00,-1.00,-1.00,-1.00,-1.00,-1.00,2309.60,-1.00,-1.00,-1.00,-1.00,-1.00
PERC 23 64
XPUT 23 -1.00,-1.00,-1.00,-1.00,-1.00,-1.00,-1.00,-1.00,-1.00,2608.09,-1.00,-1.00,-1.00,-1.00,-1.00
PERC 24 67
XPUT 24 -1.00,-1.00,-1.00,-1.00,-1.00,-1.00,-1.00,-1.00,-1.00,3012.79,-1.00,-1.00,-1.00,-1.00,-1.00
PERC 25 68
XPUT 25 -1.00,-1.00,-1.00,-1.00,-1.00,-1.00,-1.00,-1.00,-1.00,3081.02,-1.00,-1.00,-1.00,-1.00,-1.00
PERC 26 70
XPUT 26 -1.00,-1.00,-1.00,-1.00,-1.00,-1.00,-1.00,-1.00,-1.00,3254.91,-1.00,-1.00,-1.00,-1.00,-1.00
PERC 27 71
XPUT 27 -1.00,-1.00,-1.00,-1.00,-1.00,-1.00,-1.00,-1.00,-1.00,3328.54,-1.00,-1.00,-1.00,-1.00,-1.00
PERC 28 73
XPUT 28 -1.00,-1.00,-1.00,-1.00,-1.00,-1.00,-1.00,-1.00,-1.00,3509.26,-1.00,-1.00,-1.00,-1.00,-1.00
PERC 29 74
XPUT 29 -1.00,-1.00,-1.00,-1.00,-1.00,-1.00,-1.00,-1.00,-1.00,3605.20,-1.00,-1.00,-1.00,-1.00,-1.00
PERC 30 76
XPUT 30 -1.00,-1.00,-1.00,-1.00,-1.00,-1.00,-1.00,-1.00,-1.00,3755.90,-1.00,-1.00,-1.00,-1.00,-1.00
PERC 31 78
XPUT 31 -1.00,-1.00,-1.00,-1.00,-1.00,-1.00,-1.00,-1.00,-1.00,3888.43,-1.00,-1.00,-1.00,-1.00,-1.00
PERC 32 80
XPUT 32 -1.00,-1.00,-1.00,-1.00,-1.00,-1.00,-1.00,-1.00,-1.00,4012.68,-1.00,-1.00,-1.00,-1.00,-1.00
PERC 33 82
XPUT 33 -1.00,-1.00,-1.00,-1.00,-1.00,-1.00,-1.00,-1.00,-1.00,4121.45,-1.00,-1.00,-1.00,-1.00,-1.00
PERC 34 83
XPUT 34 -1.00,-1.00,-1.00,-1.00,-1.00,-1.00,-1.00,-1.00,-1.00,4169.86,-1.00,-1.00,-1.00,-1.00,-1.00
PERC 35 86
XPUT 35 -1.00,-1.00,-1.00,-1.00,-1.00,-1.00,-1.00,-1.00,-1.00,4402.74,-1.00,-1.00,-1.00,-1.00,-1.00
PERC 36 88
XPUT 36 -1.00,-1.00,-1.00,-1.00,-1.00,-1.00,-1.00,-1.00,-1.00,4447.92,-1.00,-1.00,-1.00,-1.00,-1.00
PERC 37 90
XPUT 37 -1.00,-1.00,-1.00,-1.00,-1.00,-1.00,-1.00,-1.00,-1.00,4604.02,-1.00,-1.00,-1.00,-1.00,-1.00
PERC 38 93
XPUT 38 -1.00,-1.00,-1.00,-1.00,-1.00,-1.00,-1.00,-1.00,-1.00,4765.70,-1.00,-1.00,-1.00,-1.00,-1.00
PERC 39 94
XPUT 39 -1.00,-1.00,-1.00,-1.00,-1.00,-1.00,-1.00,-1.00,-1.00,4757.77,-1.00,-1.00,-1.00,-1.00,-1.00
PERC 40 94
XPUT 40 -1.00,-1.00,-1.00,-1.00,-1.00,-1.00,-1.00,-1.00,-1.00,4710.92,-1.00,-1.00,-1.00,-1.00,-1.00
PERC 41 95
XPUT 41 -1.00,-1.00,-1.00,-1.00,-1.00,-1.00,-1.00,-1.00,-1.00,4672.74,-1.00,-1.00,-1.00,-1.00,-1.00
PERC 42 96
XPUT 42 -1.00,-1.00,-1.00,-1.00,-1.00,-1.00,-1.00,-1.00,-1.00,4655.11,-1.00,-1.00,-1.00,-1.00,-1.00
PERC 43 98
XPUT 43 -1.00,-1.00,-1.00,-1.00,-1.00,-1.00,-1.00,-1.00,-1.00,4687.07,-1.00,-1.00,-1.00,-1.00,-1.00
PERC 44 99
XPUT 44 -1.00,-1.00,-1.00,-1.00,-1.00,-1.00,-1.00,-1.00,-1.00,4741.41,-1.00,-1.00,-1.00,-1.00,-1.00
PERC 45 100
XPUT 45 -1.00,-1.00,-1.00,-1.00,-1.00,-1.00,-1.00,-1.00,-1.00,4660.34,-1.00,-1.00,-1.00,-1.00,-1.00
