1 0 3.5 3 Intel, Pitt
PERC 0 0
PERC 1 0
PERC 2 0
PERC 3 0
PERC 4 0
PERC 5 0
PERC 6 0
PERC 7 0
PERC 8 0
PERC 9 0
PERC 10 0
PERC 11 0
PERC 12 0
PERC 13 0
PERC 14 0
PERC 15 0
PERC 16 0
PERC 17 0
PERC 18 0
PERC 19 0
PERC 20 0
PERC 21 0
PERC 22 0
PERC 23 0
PERC 24 0
PERC 25 0
PERC 26 0
PERC 27 0
PERC 28 0
PERC 29 0
PERC 30 0
PERC 31 0
PERC 32 0
PERC 33 0
PERC 34 0
PERC 35 0
PERC 36 0
PERC 37 0
PERC 38 0
PERC 39 0
PERC 40 0
PERC 41 0
PERC 42 0
PERC 43 0
PERC 44 0
PERC 45 0
PERC 46 0
PERC 47 0
PERC 48 0
PERC 49 0
PERC 50 0
PERC 51 0
PERC 52 0
PERC 53 0
PERC 54 0
PERC 55 0
PERC 56 0
PERC 57 0
PERC 58 0
PERC 59 0
PERC 60 0
PERC 61 0
PERC 62 0
PERC 63 0
PERC 64 0
PERC 65 0
PERC 66 0
PERC 67 0
PERC 68 0
PERC 69 0
PERC 70 0
PERC 71 0
PERC 72 0
XPUT 72 -1.00,-1.00,-1.00,-1.00,-1.00,-1.00,-1.00,-1.00,-1.00,-1.00,-1.00,-1.00,-1.00,-1.00,-1.00
PERC 73 27
XPUT 73 -1.00,-1.00,-1.00,-1.00,-1.00,-1.00,-1.00,-1.00,-1.00,-1.00,-1.00,-1.00,-1.00,-1.00,-1.00
PERC 74 47
XPUT 74 -1.00,-1.00,-1.00,-1.00,-1.00,-1.00,-1.00,-1.00,-1.00,-1.00,-1.00,-1.00,-1.00,-1.00,-1.00
PERC 75 51
XPUT 75 -1.00,-1.00,-1.00,-1.00,-1.00,-1.00,-1.00,-1.00,-1.00,111.25,-1.00,-1.00,-1.00,-1.00,-1.00
PERC 76 54
XPUT 76 -1.00,-1.00,-1.00,-1.00,-1.00,-1.00,-1.00,-1.00,-1.00,223.61,-1.00,-1.00,-1.00,-1.00,-1.00
PERC 77 56
XPUT 77 -1.00,-1.00,-1.00,-1.00,-1.00,-1.00,-1.00,-1.00,-1.00,329.65,-1.00,-1.00,-1.00,-1.00,-1.00
PERC 78 57
XPUT 78 -1.00,-1.00,-1.00,-1.00,-1.00,-1.00,-1.00,-1.00,-1.00,429.61,-1.00,-1.00,-1.00,-1.00,-1.00
PERC 79 59
XPUT 79 -1.00,-1.00,-1.00,-1.00,-1.00,-1.00,-1.00,-1.00,-1.00,530.36,-1.00,-1.00,-1.00,-1.00,-1.00
PERC 80 62
XPUT 80 -1.00,-1.00,-1.00,-1.00,-1.00,-1.00,-1.00,-1.00,-1.00,651.52,-1.00,-1.00,-1.00,-1.00,-1.00
PERC 81 64
XPUT 81 -1.00,-1.00,-1.00,-1.00,-1.00,-1.00,-1.00,-1.00,-1.00,737.33,-1.00,-1.00,-1.00,-1.00,-1.00
PERC 82 66
XPUT 82 -1.00,-1.00,-1.00,-1.00,-1.00,-1.00,-1.00,-1.00,-1.00,837.04,-1.00,-1.00,-1.00,-1.00,-1.00
PERC 83 68
XPUT 83 -1.00,-1.00,-1.00,-1.00,-1.00,-1.00,-1.00,-1.00,-1.00,912.23,-1.00,-1.00,-1.00,-1.00,-1.00
PERC 84 70
XPUT 84 -1.00,-1.00,-1.00,-1.00,-1.00,-1.00,-1.00,-1.00,-1.00,1038.68,-1.00,-1.00,-1.00,-1.00,-1.00
PERC 85 73
XPUT 85 -1.00,-1.00,-1.00,-1.00,-1.00,-1.00,-1.00,-1.00,-1.00,1143.65,-1.00,-1.00,-1.00,-1.00,-1.00
PERC 86 75
XPUT 86 -1.00,-1.00,-1.00,-1.00,-1.00,-1.00,-1.00,-1.00,-1.00,1246.19,-1.00,-1.00,-1.00,-1.00,-1.00
PERC 87 77
XPUT 87 -1.00,-1.00,-1.00,-1.00,-1.00,-1.00,-1.00,-1.00,-1.00,1334.31,-1.00,-1.00,-1.00,-1.00,-1.00
PERC 88 80
XPUT 88 -1.00,-1.00,-1.00,-1.00,-1.00,-1.00,-1.00,-1.00,-1.00,1459.16,-1.00,-1.00,-1.00,-1.00,-1.00
PERC 89 82
XPUT 89 -1.00,-1.00,-1.00,-1.00,-1.00,-1.00,-1.00,-1.00,-1.00,1551.74,-1.00,-1.00,-1.00,-1.00,-1.00
PERC 90 85
XPUT 90 -1.00,-1.00,-1.00,-1.00,-1.00,-1.00,-1.00,-1.00,-1.00,1633.53,-1.00,-1.00,-1.00,-1.00,-1.00
PERC 91 89
XPUT 91 -1.00,-1.00,-1.00,-1.00,-1.00,-1.00,-1.00,-1.00,-1.00,1808.59,-1.00,-1.00,-1.00,-1.00,-1.00
PERC 92 93
XPUT 92 -1.00,-1.00,-1.00,-1.00,-1.00,-1.00,-1.00,-1.00,-1.00,1979.84,-1.00,-1.00,-1.00,-1.00,-1.00
PERC 93 96
XPUT 93 -1.00,-1.00,-1.00,-1.00,-1.00,-1.00,-1.00,-1.00,-1.00,2119.22,-1.00,-1.00,-1.00,-1.00,-1.00
PERC 94 98
XPUT 94 -1.00,-1.00,-1.00,-1.00,-1.00,-1.00,-1.00,-1.00,-1.00,2163.61,-1.00,-1.00,-1.00,-1.00,-1.00
PERC 95 100
XPUT 95 -1.00,-1.00,-1.00,-1.00,-1.00,-1.00,-1.00,-1.00,-1.00,2207.53,-1.00,-1.00,-1.00,-1.00,-1.00
