2 0 3.75 -1.5 Ohio state
PERC 0 0
PERC 1 0
PERC 2 0
PERC 3 0
PERC 4 0
PERC 5 0
PERC 6 0
PERC 7 0
PERC 8 0
PERC 9 0
XPUT 9 -1.00,-1.00,-1.00,-1.00,-1.00,-1.00,-1.00,-1.00,-1.00,-1.00,-1.00,-1.00,-1.00,-1.00,-1.00
PERC 10 46
XPUT 10 -1.00,-1.00,-1.00,-1.00,-1.00,-1.00,-1.00,-1.00,-1.00,-1.00,-1.00,-1.00,-1.00,-1.00,-1.00
PERC 11 50
XPUT 11 -1.00,-1.00,-1.00,-1.00,-1.00,-1.00,-1.00,-1.00,-1.00,162.75,-1.00,-1.00,-1.00,-1.00,-1.00
PERC 12 51
XPUT 12 -1.00,-1.00,-1.00,-1.00,-1.00,-1.00,-1.00,-1.00,-1.00,455.02,-1.00,-1.00,-1.00,-1.00,-1.00
PERC 13 52
XPUT 13 -1.00,-1.00,-1.00,-1.00,-1.00,-1.00,-1.00,-1.00,-1.00,722.49,-1.00,-1.00,-1.00,-1.00,-1.00
PERC 14 53
XPUT 14 -1.00,-1.00,-1.00,-1.00,-1.00,-1.00,-1.00,-1.00,-1.00,970.48,-1.00,-1.00,-1.00,-1.00,-1.00
PERC 15 54
XPUT 15 -1.00,-1.00,-1.00,-1.00,-1.00,-1.00,-1.00,-1.00,-1.00,1150.45,-1.00,-1.00,-1.00,-1.00,-1.00
PERC 16 54
XPUT 16 -1.00,-1.00,-1.00,-1.00,-1.00,-1.00,-1.00,-1.00,-1.00,1291.54,-1.00,-1.00,-1.00,-1.00,-1.00
PERC 17 55
XPUT 17 -1.00,-1.00,-1.00,-1.00,-1.00,-1.00,-1.00,-1.00,-1.00,1446.87,-1.00,-1.00,-1.00,-1.00,-1.00
PERC 18 56
XPUT 18 -1.00,-1.00,-1.00,-1.00,-1.00,-1.00,-1.00,-1.00,-1.00,1512.12,-1.00,-1.00,-1.00,-1.00,-1.00
PERC 19 57
XPUT 19 -1.00,-1.00,-1.00,-1.00,-1.00,-1.00,-1.00,-1.00,-1.00,1570.51,-1.00,-1.00,-1.00,-1.00,-1.00
PERC 20 57
XPUT 20 -1.00,-1.00,-1.00,-1.00,-1.00,-1.00,-1.00,-1.00,-1.00,1649.27,-1.00,-1.00,-1.00,-1.00,-1.00
PERC 21 58
XPUT 21 -1.00,-1.00,-1.00,-1.00,-1.00,-1.00,-1.00,-1.00,-1.00,1733.01,-1.00,-1.00,-1.00,-1.00,-1.00
PERC 22 59
XPUT 22 -1.00,-1.00,-1.00,-1.00,-1.00,-1.00,-1.00,-1.00,-1.00,1856.80,-1.00,-1.00,-1.00,-1.00,-1.00
PERC 23 60
XPUT 23 -1.00,-1.00,-1.00,-1.00,-1.00,-1.00,-1.00,-1.00,-1.00,1969.83,-1.00,-1.00,-1.00,-1.00,-1.00
PERC 24 61
XPUT 24 -1.00,-1.00,-1.00,-1.00,-1.00,-1.00,-1.00,-1.00,-1.00,2073.44,-1.00,-1.00,-1.00,-1.00,-1.00
PERC 25 62
XPUT 25 -1.00,-1.00,-1.00,-1.00,-1.00,-1.00,-1.00,-1.00,-1.00,2084.87,-1.00,-1.00,-1.00,-1.00,-1.00
PERC 26 63
XPUT 26 -1.00,-1.00,-1.00,-1.00,-1.00,-1.00,-1.00,-1.00,-1.00,2145.84,-1.00,-1.00,-1.00,-1.00,-1.00
PERC 27 64
XPUT 27 -1.00,-1.00,-1.00,-1.00,-1.00,-1.00,-1.00,-1.00,-1.00,2212.00,-1.00,-1.00,-1.00,-1.00,-1.00
PERC 28 64
XPUT 28 -1.00,-1.00,-1.00,-1.00,-1.00,-1.00,-1.00,-1.00,-1.00,2245.35,-1.00,-1.00,-1.00,-1.00,-1.00
PERC 29 65
XPUT 29 -1.00,-1.00,-1.00,-1.00,-1.00,-1.00,-1.00,-1.00,-1.00,2303.51,-1.00,-1.00,-1.00,-1.00,-1.00
PERC 30 66
XPUT 30 -1.00,-1.00,-1.00,-1.00,-1.00,-1.00,-1.00,-1.00,-1.00,2314.11,-1.00,-1.00,-1.00,-1.00,-1.00
PERC 31 67
XPUT 31 -1.00,-1.00,-1.00,-1.00,-1.00,-1.00,-1.00,-1.00,-1.00,2349.39,-1.00,-1.00,-1.00,-1.00,-1.00
PERC 32 68
XPUT 32 -1.00,-1.00,-1.00,-1.00,-1.00,-1.00,-1.00,-1.00,-1.00,2390.66,-1.00,-1.00,-1.00,-1.00,-1.00
PERC 33 69
XPUT 33 -1.00,-1.00,-1.00,-1.00,-1.00,-1.00,-1.00,-1.00,-1.00,2429.43,-1.00,-1.00,-1.00,-1.00,-1.00
PERC 34 69
XPUT 34 -1.00,-1.00,-1.00,-1.00,-1.00,-1.00,-1.00,-1.00,-1.00,2450.50,-1.00,-1.00,-1.00,-1.00,-1.00
PERC 35 70
XPUT 35 -1.00,-1.00,-1.00,-1.00,-1.00,-1.00,-1.00,-1.00,-1.00,2477.85,-1.00,-1.00,-1.00,-1.00,-1.00
PERC 36 71
XPUT 36 -1.00,-1.00,-1.00,-1.00,-1.00,-1.00,-1.00,-1.00,-1.00,2540.10,-1.00,-1.00,-1.00,-1.00,-1.00
PERC 37 72
XPUT 37 -1.00,-1.00,-1.00,-1.00,-1.00,-1.00,-1.00,-1.00,-1.00,2584.80,-1.00,-1.00,-1.00,-1.00,-1.00
PERC 38 73
XPUT 38 -1.00,-1.00,-1.00,-1.00,-1.00,-1.00,-1.00,-1.00,-1.00,2620.26,-1.00,-1.00,-1.00,-1.00,-1.00
PERC 39 74
XPUT 39 -1.00,-1.00,-1.00,-1.00,-1.00,-1.00,-1.00,-1.00,-1.00,2674.06,-1.00,-1.00,-1.00,-1.00,-1.00
PERC 40 76
XPUT 40 -1.00,-1.00,-1.00,-1.00,-1.00,-1.00,-1.00,-1.00,-1.00,2731.73,-1.00,-1.00,-1.00,-1.00,-1.00
PERC 41 77
XPUT 41 -1.00,-1.00,-1.00,-1.00,-1.00,-1.00,-1.00,-1.00,-1.00,2786.58,-1.00,-1.00,-1.00,-1.00,-1.00
PERC 42 78
XPUT 42 -1.00,-1.00,-1.00,-1.00,-1.00,-1.00,-1.00,-1.00,-1.00,2820.10,-1.00,-1.00,-1.00,-1.00,-1.00
PERC 43 79
XPUT 43 -1.00,-1.00,-1.00,-1.00,-1.00,-1.00,-1.00,-1.00,-1.00,2858.16,-1.00,-1.00,-1.00,-1.00,-1.00
PERC 44 80
XPUT 44 -1.00,-1.00,-1.00,-1.00,-1.00,-1.00,-1.00,-1.00,-1.00,2882.57,-1.00,-1.00,-1.00,-1.00,-1.00
PERC 45 81
XPUT 45 -1.00,-1.00,-1.00,-1.00,-1.00,-1.00,-1.00,-1.00,-1.00,2894.24,-1.00,-1.00,-1.00,-1.00,-1.00
PERC 46 81
XPUT 46 -1.00,-1.00,-1.00,-1.00,-1.00,-1.00,-1.00,-1.00,-1.00,2916.80,-1.00,-1.00,-1.00,-1.00,-1.00
PERC 47 82
XPUT 47 -1.00,-1.00,-1.00,-1.00,-1.00,-1.00,-1.00,-1.00,-1.00,2932.83,-1.00,-1.00,-1.00,-1.00,-1.00
PERC 48 83
XPUT 48 -1.00,-1.00,-1.00,-1.00,-1.00,-1.00,-1.00,-1.00,-1.00,2959.11,-1.00,-1.00,-1.00,-1.00,-1.00
PERC 49 84
XPUT 49 -1.00,-1.00,-1.00,-1.00,-1.00,-1.00,-1.00,-1.00,-1.00,2973.62,-1.00,-1.00,-1.00,-1.00,-1.00
PERC 50 85
XPUT 50 -1.00,-1.00,-1.00,-1.00,-1.00,-1.00,-1.00,-1.00,-1.00,3008.52,-1.00,-1.00,-1.00,-1.00,-1.00
PERC 51 86
XPUT 51 -1.00,-1.00,-1.00,-1.00,-1.00,-1.00,-1.00,-1.00,-1.00,3036.91,-1.00,-1.00,-1.00,-1.00,-1.00
PERC 52 87
XPUT 52 -1.00,-1.00,-1.00,-1.00,-1.00,-1.00,-1.00,-1.00,-1.00,3049.08,-1.00,-1.00,-1.00,-1.00,-1.00
PERC 53 88
XPUT 53 -1.00,-1.00,-1.00,-1.00,-1.00,-1.00,-1.00,-1.00,-1.00,3075.64,-1.00,-1.00,-1.00,-1.00,-1.00
PERC 54 89
XPUT 54 -1.00,-1.00,-1.00,-1.00,-1.00,-1.00,-1.00,-1.00,-1.00,3096.35,-1.00,-1.00,-1.00,-1.00,-1.00
PERC 55 90
XPUT 55 -1.00,-1.00,-1.00,-1.00,-1.00,-1.00,-1.00,-1.00,-1.00,3106.78,-1.00,-1.00,-1.00,-1.00,-1.00
PERC 56 91
XPUT 56 -1.00,-1.00,-1.00,-1.00,-1.00,-1.00,-1.00,-1.00,-1.00,3121.52,-1.00,-1.00,-1.00,-1.00,-1.00
PERC 57 92
XPUT 57 -1.00,-1.00,-1.00,-1.00,-1.00,-1.00,-1.00,-1.00,-1.00,3126.55,-1.00,-1.00,-1.00,-1.00,-1.00
PERC 58 93
XPUT 58 -1.00,-1.00,-1.00,-1.00,-1.00,-1.00,-1.00,-1.00,-1.00,3140.44,-1.00,-1.00,-1.00,-1.00,-1.00
PERC 59 94
XPUT 59 -1.00,-1.00,-1.00,-1.00,-1.00,-1.00,-1.00,-1.00,-1.00,3140.53,-1.00,-1.00,-1.00,-1.00,-1.00
PERC 60 94
XPUT 60 -1.00,-1.00,-1.00,-1.00,-1.00,-1.00,-1.00,-1.00,-1.00,3144.98,-1.00,-1.00,-1.00,-1.00,-1.00
PERC 61 95
XPUT 61 -1.00,-1.00,-1.00,-1.00,-1.00,-1.00,-1.00,-1.00,-1.00,3149.29,-1.00,-1.00,-1.00,-1.00,-1.00
PERC 62 96
XPUT 62 -1.00,-1.00,-1.00,-1.00,-1.00,-1.00,-1.00,-1.00,-1.00,3149.23,-1.00,-1.00,-1.00,-1.00,-1.00
PERC 63 97
XPUT 63 -1.00,-1.00,-1.00,-1.00,-1.00,-1.00,-1.00,-1.00,-1.00,3145.02,-1.00,-1.00,-1.00,-1.00,-1.00
PERC 64 98
XPUT 64 -1.00,-1.00,-1.00,-1.00,-1.00,-1.00,-1.00,-1.00,-1.00,3149.12,-1.00,-1.00,-1.00,-1.00,-1.00
PERC 65 98
XPUT 65 -1.00,-1.00,-1.00,-1.00,-1.00,-1.00,-1.00,-1.00,-1.00,3153.10,-1.00,-1.00,-1.00,-1.00,-1.00
PERC 66 99
XPUT 66 -1.00,-1.00,-1.00,-1.00,-1.00,-1.00,-1.00,-1.00,-1.00,3156.96,-1.00,-1.00,-1.00,-1.00,-1.00
PERC 67 100
XPUT 67 -1.00,-1.00,-1.00,-1.00,-1.00,-1.00,-1.00,-1.00,-1.00,3130.08,-1.00,-1.00,-1.00,-1.00,-1.00
