3 0 0.5 3 U. of Missouri
PERC 0 0
PERC 1 0
PERC 2 0
PERC 3 0
PERC 4 0
PERC 5 0
PERC 6 0
PERC 7 0
PERC 8 0
PERC 9 0
PERC 10 0
PERC 11 0
PERC 12 0
PERC 13 0
PERC 14 0
PERC 15 0
PERC 16 0
PERC 17 0
PERC 18 0
PERC 19 0
PERC 20 0
PERC 21 0
PERC 22 0
PERC 23 0
PERC 24 0
PERC 25 0
PERC 26 0
PERC 27 0
PERC 28 0
PERC 29 0
PERC 30 0
PERC 31 0
PERC 32 0
PERC 33 0
PERC 34 0
PERC 35 0
PERC 36 0
PERC 37 0
PERC 38 0
PERC 39 0
PERC 40 0
PERC 41 0
PERC 42 0
PERC 43 0
PERC 44 0
PERC 45 0
PERC 46 0
PERC 47 0
PERC 48 0
PERC 49 0
PERC 50 0
PERC 51 0
PERC 52 0
PERC 53 0
PERC 54 0
PERC 55 0
XPUT 55 -1.00,-1.00,-1.00,-1.00,-1.00,-1.00,-1.00,-1.00,-1.00,-1.00,-1.00,-1.00,-1.00,-1.00,-1.00
PERC 56 14
XPUT 56 -1.00,-1.00,-1.00,-1.00,-1.00,-1.00,-1.00,-1.00,-1.00,-1.00,-1.00,-1.00,-1.00,-1.00,-1.00
PERC 57 42
XPUT 57 -1.00,-1.00,-1.00,-1.00,-1.00,-1.00,-1.00,-1.00,-1.00,-1.00,-1.00,-1.00,-1.00,-1.00,-1.00
PERC 58 50
XPUT 58 -1.00,-1.00,-1.00,-1.00,-1.00,-1.00,-1.00,-1.00,-1.00,8.27,-1.00,-1.00,-1.00,-1.00,-1.00
PERC 59 50
XPUT 59 -1.00,-1.00,-1.00,-1.00,-1.00,-1.00,-1.00,-1.00,-1.00,25.90,-1.00,-1.00,-1.00,-1.00,-1.00
PERC 60 50
XPUT 60 -1.00,-1.00,-1.00,-1.00,-1.00,-1.00,-1.00,-1.00,-1.00,38.57,-1.00,-1.00,-1.00,-1.00,-1.00
PERC 61 50
XPUT 61 -1.00,-1.00,-1.00,-1.00,-1.00,-1.00,-1.00,-1.00,-1.00,55.13,-1.00,-1.00,-1.00,-1.00,-1.00
PERC 62 51
XPUT 62 -1.00,-1.00,-1.00,-1.00,-1.00,-1.00,-1.00,-1.00,-1.00,71.16,-1.00,-1.00,-1.00,-1.00,-1.00
PERC 63 51
XPUT 63 -1.00,-1.00,-1.00,-1.00,-1.00,-1.00,-1.00,-1.00,-1.00,82.51,-1.00,-1.00,-1.00,-1.00,-1.00
PERC 64 51
XPUT 64 -1.00,-1.00,-1.00,-1.00,-1.00,-1.00,-1.00,-1.00,-1.00,97.60,-1.00,-1.00,-1.00,-1.00,-1.00
PERC 65 51
XPUT 65 -1.00,-1.00,-1.00,-1.00,-1.00,-1.00,-1.00,-1.00,-1.00,112.23,-1.00,-1.00,-1.00,-1.00,-1.00
PERC 66 51
XPUT 66 -1.00,-1.00,-1.00,-1.00,-1.00,-1.00,-1.00,-1.00,-1.00,126.42,-1.00,-1.00,-1.00,-1.00,-1.00
PERC 67 52
XPUT 67 -1.00,-1.00,-1.00,-1.00,-1.00,-1.00,-1.00,-1.00,-1.00,136.27,-1.00,-1.00,-1.00,-1.00,-1.00
PERC 68 52
XPUT 68 -1.00,-1.00,-1.00,-1.00,-1.00,-1.00,-1.00,-1.00,-1.00,149.69,-1.00,-1.00,-1.00,-1.00,-1.00
PERC 69 52
XPUT 69 -1.00,-1.00,-1.00,-1.00,-1.00,-1.00,-1.00,-1.00,-1.00,162.72,-1.00,-1.00,-1.00,-1.00,-1.00
PERC 70 52
XPUT 70 -1.00,-1.00,-1.00,-1.00,-1.00,-1.00,-1.00,-1.00,-1.00,171.63,-1.00,-1.00,-1.00,-1.00,-1.00
PERC 71 53
XPUT 71 -1.00,-1.00,-1.00,-1.00,-1.00,-1.00,-1.00,-1.00,-1.00,180.29,-1.00,-1.00,-1.00,-1.00,-1.00
PERC 72 53
XPUT 72 -1.00,-1.00,-1.00,-1.00,-1.00,-1.00,-1.00,-1.00,-1.00,188.70,-1.00,-1.00,-1.00,-1.00,-1.00
PERC 73 53
XPUT 73 -1.00,-1.00,-1.00,-1.00,-1.00,-1.00,-1.00,-1.00,-1.00,196.89,-1.00,-1.00,-1.00,-1.00,-1.00
PERC 74 53
XPUT 74 -1.00,-1.00,-1.00,-1.00,-1.00,-1.00,-1.00,-1.00,-1.00,204.86,-1.00,-1.00,-1.00,-1.00,-1.00
PERC 75 53
XPUT 75 -1.00,-1.00,-1.00,-1.00,-1.00,-1.00,-1.00,-1.00,-1.00,212.61,-1.00,-1.00,-1.00,-1.00,-1.00
PERC 76 53
XPUT 76 -1.00,-1.00,-1.00,-1.00,-1.00,-1.00,-1.00,-1.00,-1.00,220.16,-1.00,-1.00,-1.00,-1.00,-1.00
PERC 77 54
XPUT 77 -1.00,-1.00,-1.00,-1.00,-1.00,-1.00,-1.00,-1.00,-1.00,227.52,-1.00,-1.00,-1.00,-1.00,-1.00
PERC 78 54
XPUT 78 -1.00,-1.00,-1.00,-1.00,-1.00,-1.00,-1.00,-1.00,-1.00,234.68,-1.00,-1.00,-1.00,-1.00,-1.00
PERC 79 54
XPUT 79 -1.00,-1.00,-1.00,-1.00,-1.00,-1.00,-1.00,-1.00,-1.00,241.67,-1.00,-1.00,-1.00,-1.00,-1.00
PERC 80 54
XPUT 80 -1.00,-1.00,-1.00,-1.00,-1.00,-1.00,-1.00,-1.00,-1.00,248.48,-1.00,-1.00,-1.00,-1.00,-1.00
PERC 81 54
XPUT 81 -1.00,-1.00,-1.00,-1.00,-1.00,-1.00,-1.00,-1.00,-1.00,255.12,-1.00,-1.00,-1.00,-1.00,-1.00
PERC 82 55
XPUT 82 -1.00,-1.00,-1.00,-1.00,-1.00,-1.00,-1.00,-1.00,-1.00,258.40,-1.00,-1.00,-1.00,-1.00,-1.00
PERC 83 55
XPUT 83 -1.00,-1.00,-1.00,-1.00,-1.00,-1.00,-1.00,-1.00,-1.00,267.92,-1.00,-1.00,-1.00,-1.00,-1.00
PERC 84 55
XPUT 84 -1.00,-1.00,-1.00,-1.00,-1.00,-1.00,-1.00,-1.00,-1.00,277.21,-1.00,-1.00,-1.00,-1.00,-1.00
PERC 85 55
XPUT 85 -1.00,-1.00,-1.00,-1.00,-1.00,-1.00,-1.00,-1.00,-1.00,283.21,-1.00,-1.00,-1.00,-1.00,-1.00
PERC 86 55
XPUT 86 -1.00,-1.00,-1.00,-1.00,-1.00,-1.00,-1.00,-1.00,-1.00,289.06,-1.00,-1.00,-1.00,-1.00,-1.00
PERC 87 56
XPUT 87 -1.00,-1.00,-1.00,-1.00,-1.00,-1.00,-1.00,-1.00,-1.00,297.79,-1.00,-1.00,-1.00,-1.00,-1.00
PERC 88 56
XPUT 88 -1.00,-1.00,-1.00,-1.00,-1.00,-1.00,-1.00,-1.00,-1.00,303.34,-1.00,-1.00,-1.00,-1.00,-1.00
PERC 89 56
XPUT 89 -1.00,-1.00,-1.00,-1.00,-1.00,-1.00,-1.00,-1.00,-1.00,308.77,-1.00,-1.00,-1.00,-1.00,-1.00
PERC 90 56
XPUT 90 -1.00,-1.00,-1.00,-1.00,-1.00,-1.00,-1.00,-1.00,-1.00,316.99,-1.00,-1.00,-1.00,-1.00,-1.00
PERC 91 56
XPUT 91 -1.00,-1.00,-1.00,-1.00,-1.00,-1.00,-1.00,-1.00,-1.00,322.15,-1.00,-1.00,-1.00,-1.00,-1.00
PERC 92 57
XPUT 92 -1.00,-1.00,-1.00,-1.00,-1.00,-1.00,-1.00,-1.00,-1.00,327.19,-1.00,-1.00,-1.00,-1.00,-1.00
PERC 93 57
XPUT 93 -1.00,-1.00,-1.00,-1.00,-1.00,-1.00,-1.00,-1.00,-1.00,334.95,-1.00,-1.00,-1.00,-1.00,-1.00
PERC 94 57
XPUT 94 -1.00,-1.00,-1.00,-1.00,-1.00,-1.00,-1.00,-1.00,-1.00,342.54,-1.00,-1.00,-1.00,-1.00,-1.00
PERC 95 57
XPUT 95 -1.00,-1.00,-1.00,-1.00,-1.00,-1.00,-1.00,-1.00,-1.00,347.21,-1.00,-1.00,-1.00,-1.00,-1.00
PERC 96 58
XPUT 96 -1.00,-1.00,-1.00,-1.00,-1.00,-1.00,-1.00,-1.00,-1.00,351.79,-1.00,-1.00,-1.00,-1.00,-1.00
PERC 97 58
XPUT 97 -1.00,-1.00,-1.00,-1.00,-1.00,-1.00,-1.00,-1.00,-1.00,358.97,-1.00,-1.00,-1.00,-1.00,-1.00
PERC 98 58
XPUT 98 -1.00,-1.00,-1.00,-1.00,-1.00,-1.00,-1.00,-1.00,-1.00,366.01,-1.00,-1.00,-1.00,-1.00,-1.00
PERC 99 58
XPUT 99 -1.00,-1.00,-1.00,-1.00,-1.00,-1.00,-1.00,-1.00,-1.00,370.26,-1.00,-1.00,-1.00,-1.00,-1.00
PERC 100 58
XPUT 100 -1.00,-1.00,-1.00,-1.00,-1.00,-1.00,-1.00,-1.00,-1.00,374.42,-1.00,-1.00,-1.00,-1.00,-1.00
PERC 101 59
XPUT 101 -1.00,-1.00,-1.00,-1.00,-1.00,-1.00,-1.00,-1.00,-1.00,378.50,-1.00,-1.00,-1.00,-1.00,-1.00
PERC 102 59
XPUT 102 -1.00,-1.00,-1.00,-1.00,-1.00,-1.00,-1.00,-1.00,-1.00,382.50,-1.00,-1.00,-1.00,-1.00,-1.00
PERC 103 59
XPUT 103 -1.00,-1.00,-1.00,-1.00,-1.00,-1.00,-1.00,-1.00,-1.00,388.96,-1.00,-1.00,-1.00,-1.00,-1.00
PERC 104 59
XPUT 104 -1.00,-1.00,-1.00,-1.00,-1.00,-1.00,-1.00,-1.00,-1.00,390.26,-1.00,-1.00,-1.00,-1.00,-1.00
PERC 105 59
XPUT 105 -1.00,-1.00,-1.00,-1.00,-1.00,-1.00,-1.00,-1.00,-1.00,396.53,-1.00,-1.00,-1.00,-1.00,-1.00
PERC 106 60
XPUT 106 -1.00,-1.00,-1.00,-1.00,-1.00,-1.00,-1.00,-1.00,-1.00,402.69,-1.00,-1.00,-1.00,-1.00,-1.00
PERC 107 60
XPUT 107 -1.00,-1.00,-1.00,-1.00,-1.00,-1.00,-1.00,-1.00,-1.00,408.72,-1.00,-1.00,-1.00,-1.00,-1.00
PERC 108 60
XPUT 108 -1.00,-1.00,-1.00,-1.00,-1.00,-1.00,-1.00,-1.00,-1.00,414.65,-1.00,-1.00,-1.00,-1.00,-1.00
PERC 109 60
XPUT 109 -1.00,-1.00,-1.00,-1.00,-1.00,-1.00,-1.00,-1.00,-1.00,418.06,-1.00,-1.00,-1.00,-1.00,-1.00
PERC 110 61
XPUT 110 -1.00,-1.00,-1.00,-1.00,-1.00,-1.00,-1.00,-1.00,-1.00,421.41,-1.00,-1.00,-1.00,-1.00,-1.00
PERC 111 61
XPUT 111 -1.00,-1.00,-1.00,-1.00,-1.00,-1.00,-1.00,-1.00,-1.00,424.69,-1.00,-1.00,-1.00,-1.00,-1.00
PERC 112 61
XPUT 112 -1.00,-1.00,-1.00,-1.00,-1.00,-1.00,-1.00,-1.00,-1.00,430.27,-1.00,-1.00,-1.00,-1.00,-1.00
PERC 113 61
XPUT 113 -1.00,-1.00,-1.00,-1.00,-1.00,-1.00,-1.00,-1.00,-1.00,435.74,-1.00,-1.00,-1.00,-1.00,-1.00
PERC 114 61
XPUT 114 -1.00,-1.00,-1.00,-1.00,-1.00,-1.00,-1.00,-1.00,-1.00,438.81,-1.00,-1.00,-1.00,-1.00,-1.00
PERC 115 62
XPUT 115 -1.00,-1.00,-1.00,-1.00,-1.00,-1.00,-1.00,-1.00,-1.00,444.12,-1.00,-1.00,-1.00,-1.00,-1.00
PERC 116 62
XPUT 116 -1.00,-1.00,-1.00,-1.00,-1.00,-1.00,-1.00,-1.00,-1.00,447.07,-1.00,-1.00,-1.00,-1.00,-1.00
PERC 117 62
XPUT 117 -1.00,-1.00,-1.00,-1.00,-1.00,-1.00,-1.00,-1.00,-1.00,449.97,-1.00,-1.00,-1.00,-1.00,-1.00
PERC 118 62
XPUT 118 -1.00,-1.00,-1.00,-1.00,-1.00,-1.00,-1.00,-1.00,-1.00,455.04,-1.00,-1.00,-1.00,-1.00,-1.00
PERC 119 62
XPUT 119 -1.00,-1.00,-1.00,-1.00,-1.00,-1.00,-1.00,-1.00,-1.00,457.82,-1.00,-1.00,-1.00,-1.00,-1.00
PERC 120 63
XPUT 120 -1.00,-1.00,-1.00,-1.00,-1.00,-1.00,-1.00,-1.00,-1.00,460.56,-1.00,-1.00,-1.00,-1.00,-1.00
PERC 121 63
XPUT 121 -1.00,-1.00,-1.00,-1.00,-1.00,-1.00,-1.00,-1.00,-1.00,465.42,-1.00,-1.00,-1.00,-1.00,-1.00
PERC 122 63
XPUT 122 -1.00,-1.00,-1.00,-1.00,-1.00,-1.00,-1.00,-1.00,-1.00,468.05,-1.00,-1.00,-1.00,-1.00,-1.00
PERC 123 63
XPUT 123 -1.00,-1.00,-1.00,-1.00,-1.00,-1.00,-1.00,-1.00,-1.00,472.77,-1.00,-1.00,-1.00,-1.00,-1.00
PERC 124 64
XPUT 124 -1.00,-1.00,-1.00,-1.00,-1.00,-1.00,-1.00,-1.00,-1.00,475.30,-1.00,-1.00,-1.00,-1.00,-1.00
PERC 125 64
XPUT 125 -1.00,-1.00,-1.00,-1.00,-1.00,-1.00,-1.00,-1.00,-1.00,475.70,-1.00,-1.00,-1.00,-1.00,-1.00
PERC 126 64
XPUT 126 -1.00,-1.00,-1.00,-1.00,-1.00,-1.00,-1.00,-1.00,-1.00,478.16,-1.00,-1.00,-1.00,-1.00,-1.00
PERC 127 64
XPUT 127 -1.00,-1.00,-1.00,-1.00,-1.00,-1.00,-1.00,-1.00,-1.00,480.59,-1.00,-1.00,-1.00,-1.00,-1.00
PERC 128 64
XPUT 128 -1.00,-1.00,-1.00,-1.00,-1.00,-1.00,-1.00,-1.00,-1.00,485.03,-1.00,-1.00,-1.00,-1.00,-1.00
PERC 129 64
XPUT 129 -1.00,-1.00,-1.00,-1.00,-1.00,-1.00,-1.00,-1.00,-1.00,487.36,-1.00,-1.00,-1.00,-1.00,-1.00
PERC 130 65
XPUT 130 -1.00,-1.00,-1.00,-1.00,-1.00,-1.00,-1.00,-1.00,-1.00,489.66,-1.00,-1.00,-1.00,-1.00,-1.00
PERC 131 65
XPUT 131 -1.00,-1.00,-1.00,-1.00,-1.00,-1.00,-1.00,-1.00,-1.00,491.93,-1.00,-1.00,-1.00,-1.00,-1.00
PERC 132 65
XPUT 132 -1.00,-1.00,-1.00,-1.00,-1.00,-1.00,-1.00,-1.00,-1.00,496.15,-1.00,-1.00,-1.00,-1.00,-1.00
PERC 133 65
XPUT 133 -1.00,-1.00,-1.00,-1.00,-1.00,-1.00,-1.00,-1.00,-1.00,498.33,-1.00,-1.00,-1.00,-1.00,-1.00
PERC 134 65
XPUT 134 -1.00,-1.00,-1.00,-1.00,-1.00,-1.00,-1.00,-1.00,-1.00,500.48,-1.00,-1.00,-1.00,-1.00,-1.00
PERC 135 66
XPUT 135 -1.00,-1.00,-1.00,-1.00,-1.00,-1.00,-1.00,-1.00,-1.00,502.60,-1.00,-1.00,-1.00,-1.00,-1.00
PERC 136 66
XPUT 136 -1.00,-1.00,-1.00,-1.00,-1.00,-1.00,-1.00,-1.00,-1.00,504.68,-1.00,-1.00,-1.00,-1.00,-1.00
PERC 137 66
XPUT 137 -1.00,-1.00,-1.00,-1.00,-1.00,-1.00,-1.00,-1.00,-1.00,506.74,-1.00,-1.00,-1.00,-1.00,-1.00
PERC 138 66
XPUT 138 -1.00,-1.00,-1.00,-1.00,-1.00,-1.00,-1.00,-1.00,-1.00,508.77,-1.00,-1.00,-1.00,-1.00,-1.00
PERC 139 66
XPUT 139 -1.00,-1.00,-1.00,-1.00,-1.00,-1.00,-1.00,-1.00,-1.00,510.76,-1.00,-1.00,-1.00,-1.00,-1.00
PERC 140 67
XPUT 140 -1.00,-1.00,-1.00,-1.00,-1.00,-1.00,-1.00,-1.00,-1.00,512.73,-1.00,-1.00,-1.00,-1.00,-1.00
PERC 141 67
XPUT 141 -1.00,-1.00,-1.00,-1.00,-1.00,-1.00,-1.00,-1.00,-1.00,514.67,-1.00,-1.00,-1.00,-1.00,-1.00
PERC 142 67
XPUT 142 -1.00,-1.00,-1.00,-1.00,-1.00,-1.00,-1.00,-1.00,-1.00,514.74,-1.00,-1.00,-1.00,-1.00,-1.00
PERC 143 67
XPUT 143 -1.00,-1.00,-1.00,-1.00,-1.00,-1.00,-1.00,-1.00,-1.00,518.48,-1.00,-1.00,-1.00,-1.00,-1.00
PERC 144 67
XPUT 144 -1.00,-1.00,-1.00,-1.00,-1.00,-1.00,-1.00,-1.00,-1.00,522.16,-1.00,-1.00,-1.00,-1.00,-1.00
PERC 145 68
XPUT 145 -1.00,-1.00,-1.00,-1.00,-1.00,-1.00,-1.00,-1.00,-1.00,523.98,-1.00,-1.00,-1.00,-1.00,-1.00
PERC 146 68
XPUT 146 -1.00,-1.00,-1.00,-1.00,-1.00,-1.00,-1.00,-1.00,-1.00,525.78,-1.00,-1.00,-1.00,-1.00,-1.00
PERC 147 68
XPUT 147 -1.00,-1.00,-1.00,-1.00,-1.00,-1.00,-1.00,-1.00,-1.00,529.33,-1.00,-1.00,-1.00,-1.00,-1.00
PERC 148 68
XPUT 148 -1.00,-1.00,-1.00,-1.00,-1.00,-1.00,-1.00,-1.00,-1.00,531.07,-1.00,-1.00,-1.00,-1.00,-1.00
PERC 149 68
XPUT 149 -1.00,-1.00,-1.00,-1.00,-1.00,-1.00,-1.00,-1.00,-1.00,532.78,-1.00,-1.00,-1.00,-1.00,-1.00
PERC 150 69
XPUT 150 -1.00,-1.00,-1.00,-1.00,-1.00,-1.00,-1.00,-1.00,-1.00,536.22,-1.00,-1.00,-1.00,-1.00,-1.00
PERC 151 69
XPUT 151 -1.00,-1.00,-1.00,-1.00,-1.00,-1.00,-1.00,-1.00,-1.00,537.88,-1.00,-1.00,-1.00,-1.00,-1.00
PERC 152 69
XPUT 152 -1.00,-1.00,-1.00,-1.00,-1.00,-1.00,-1.00,-1.00,-1.00,539.51,-1.00,-1.00,-1.00,-1.00,-1.00
PERC 153 69
XPUT 153 -1.00,-1.00,-1.00,-1.00,-1.00,-1.00,-1.00,-1.00,-1.00,541.13,-1.00,-1.00,-1.00,-1.00,-1.00
PERC 154 69
XPUT 154 -1.00,-1.00,-1.00,-1.00,-1.00,-1.00,-1.00,-1.00,-1.00,544.42,-1.00,-1.00,-1.00,-1.00,-1.00
PERC 155 70
XPUT 155 -1.00,-1.00,-1.00,-1.00,-1.00,-1.00,-1.00,-1.00,-1.00,547.68,-1.00,-1.00,-1.00,-1.00,-1.00
PERC 156 70
XPUT 156 -1.00,-1.00,-1.00,-1.00,-1.00,-1.00,-1.00,-1.00,-1.00,550.89,-1.00,-1.00,-1.00,-1.00,-1.00
PERC 157 70
XPUT 157 -1.00,-1.00,-1.00,-1.00,-1.00,-1.00,-1.00,-1.00,-1.00,554.06,-1.00,-1.00,-1.00,-1.00,-1.00
PERC 158 70
XPUT 158 -1.00,-1.00,-1.00,-1.00,-1.00,-1.00,-1.00,-1.00,-1.00,555.53,-1.00,-1.00,-1.00,-1.00,-1.00
PERC 159 71
XPUT 159 -1.00,-1.00,-1.00,-1.00,-1.00,-1.00,-1.00,-1.00,-1.00,558.63,-1.00,-1.00,-1.00,-1.00,-1.00
PERC 160 71
XPUT 160 -1.00,-1.00,-1.00,-1.00,-1.00,-1.00,-1.00,-1.00,-1.00,560.05,-1.00,-1.00,-1.00,-1.00,-1.00
PERC 161 71
XPUT 161 -1.00,-1.00,-1.00,-1.00,-1.00,-1.00,-1.00,-1.00,-1.00,563.09,-1.00,-1.00,-1.00,-1.00,-1.00
PERC 162 71
XPUT 162 -1.00,-1.00,-1.00,-1.00,-1.00,-1.00,-1.00,-1.00,-1.00,564.47,-1.00,-1.00,-1.00,-1.00,-1.00
PERC 163 71
XPUT 163 -1.00,-1.00,-1.00,-1.00,-1.00,-1.00,-1.00,-1.00,-1.00,565.83,-1.00,-1.00,-1.00,-1.00,-1.00
PERC 164 72
XPUT 164 -1.00,-1.00,-1.00,-1.00,-1.00,-1.00,-1.00,-1.00,-1.00,568.77,-1.00,-1.00,-1.00,-1.00,-1.00
PERC 165 72
XPUT 165 -1.00,-1.00,-1.00,-1.00,-1.00,-1.00,-1.00,-1.00,-1.00,570.09,-1.00,-1.00,-1.00,-1.00,-1.00
PERC 166 72
XPUT 166 -1.00,-1.00,-1.00,-1.00,-1.00,-1.00,-1.00,-1.00,-1.00,572.97,-1.00,-1.00,-1.00,-1.00,-1.00
PERC 167 72
XPUT 167 -1.00,-1.00,-1.00,-1.00,-1.00,-1.00,-1.00,-1.00,-1.00,574.25,-1.00,-1.00,-1.00,-1.00,-1.00
PERC 168 73
XPUT 168 -1.00,-1.00,-1.00,-1.00,-1.00,-1.00,-1.00,-1.00,-1.00,575.51,-1.00,-1.00,-1.00,-1.00,-1.00
PERC 169 73
XPUT 169 -1.00,-1.00,-1.00,-1.00,-1.00,-1.00,-1.00,-1.00,-1.00,578.31,-1.00,-1.00,-1.00,-1.00,-1.00
PERC 170 73
XPUT 170 -1.00,-1.00,-1.00,-1.00,-1.00,-1.00,-1.00,-1.00,-1.00,579.54,-1.00,-1.00,-1.00,-1.00,-1.00
PERC 171 73
XPUT 171 -1.00,-1.00,-1.00,-1.00,-1.00,-1.00,-1.00,-1.00,-1.00,580.75,-1.00,-1.00,-1.00,-1.00,-1.00
PERC 172 73
XPUT 172 -1.00,-1.00,-1.00,-1.00,-1.00,-1.00,-1.00,-1.00,-1.00,583.47,-1.00,-1.00,-1.00,-1.00,-1.00
PERC 173 74
XPUT 173 -1.00,-1.00,-1.00,-1.00,-1.00,-1.00,-1.00,-1.00,-1.00,586.16,-1.00,-1.00,-1.00,-1.00,-1.00
PERC 174 74
XPUT 174 -1.00,-1.00,-1.00,-1.00,-1.00,-1.00,-1.00,-1.00,-1.00,587.31,-1.00,-1.00,-1.00,-1.00,-1.00
PERC 175 74
XPUT 175 -1.00,-1.00,-1.00,-1.00,-1.00,-1.00,-1.00,-1.00,-1.00,588.44,-1.00,-1.00,-1.00,-1.00,-1.00
PERC 176 74
XPUT 176 -1.00,-1.00,-1.00,-1.00,-1.00,-1.00,-1.00,-1.00,-1.00,591.06,-1.00,-1.00,-1.00,-1.00,-1.00
PERC 177 74
XPUT 177 -1.00,-1.00,-1.00,-1.00,-1.00,-1.00,-1.00,-1.00,-1.00,592.16,-1.00,-1.00,-1.00,-1.00,-1.00
PERC 178 75
XPUT 178 -1.00,-1.00,-1.00,-1.00,-1.00,-1.00,-1.00,-1.00,-1.00,596.20,-1.00,-1.00,-1.00,-1.00,-1.00
PERC 179 75
XPUT 179 -1.00,-1.00,-1.00,-1.00,-1.00,-1.00,-1.00,-1.00,-1.00,598.73,-1.00,-1.00,-1.00,-1.00,-1.00
PERC 180 75
XPUT 180 -1.00,-1.00,-1.00,-1.00,-1.00,-1.00,-1.00,-1.00,-1.00,599.77,-1.00,-1.00,-1.00,-1.00,-1.00
PERC 181 75
XPUT 181 -1.00,-1.00,-1.00,-1.00,-1.00,-1.00,-1.00,-1.00,-1.00,602.25,-1.00,-1.00,-1.00,-1.00,-1.00
PERC 182 76
XPUT 182 -1.00,-1.00,-1.00,-1.00,-1.00,-1.00,-1.00,-1.00,-1.00,601.82,-1.00,-1.00,-1.00,-1.00,-1.00
PERC 183 76
XPUT 183 -1.00,-1.00,-1.00,-1.00,-1.00,-1.00,-1.00,-1.00,-1.00,604.26,-1.00,-1.00,-1.00,-1.00,-1.00
PERC 184 76
XPUT 184 -1.00,-1.00,-1.00,-1.00,-1.00,-1.00,-1.00,-1.00,-1.00,605.25,-1.00,-1.00,-1.00,-1.00,-1.00
PERC 185 76
XPUT 185 -1.00,-1.00,-1.00,-1.00,-1.00,-1.00,-1.00,-1.00,-1.00,607.65,-1.00,-1.00,-1.00,-1.00,-1.00
PERC 186 76
XPUT 186 -1.00,-1.00,-1.00,-1.00,-1.00,-1.00,-1.00,-1.00,-1.00,608.61,-1.00,-1.00,-1.00,-1.00,-1.00
PERC 187 77
XPUT 187 -1.00,-1.00,-1.00,-1.00,-1.00,-1.00,-1.00,-1.00,-1.00,610.96,-1.00,-1.00,-1.00,-1.00,-1.00
PERC 188 77
XPUT 188 -1.00,-1.00,-1.00,-1.00,-1.00,-1.00,-1.00,-1.00,-1.00,613.29,-1.00,-1.00,-1.00,-1.00,-1.00
PERC 189 77
XPUT 189 -1.00,-1.00,-1.00,-1.00,-1.00,-1.00,-1.00,-1.00,-1.00,614.21,-1.00,-1.00,-1.00,-1.00,-1.00
PERC 190 77
XPUT 190 -1.00,-1.00,-1.00,-1.00,-1.00,-1.00,-1.00,-1.00,-1.00,615.11,-1.00,-1.00,-1.00,-1.00,-1.00
PERC 191 78
XPUT 191 -1.00,-1.00,-1.00,-1.00,-1.00,-1.00,-1.00,-1.00,-1.00,617.38,-1.00,-1.00,-1.00,-1.00,-1.00
PERC 192 78
XPUT 192 -1.00,-1.00,-1.00,-1.00,-1.00,-1.00,-1.00,-1.00,-1.00,619.63,-1.00,-1.00,-1.00,-1.00,-1.00
PERC 193 78
XPUT 193 -1.00,-1.00,-1.00,-1.00,-1.00,-1.00,-1.00,-1.00,-1.00,620.49,-1.00,-1.00,-1.00,-1.00,-1.00
PERC 194 78
XPUT 194 -1.00,-1.00,-1.00,-1.00,-1.00,-1.00,-1.00,-1.00,-1.00,622.70,-1.00,-1.00,-1.00,-1.00,-1.00
PERC 195 79
XPUT 195 -1.00,-1.00,-1.00,-1.00,-1.00,-1.00,-1.00,-1.00,-1.00,624.88,-1.00,-1.00,-1.00,-1.00,-1.00
PERC 196 79
XPUT 196 -1.00,-1.00,-1.00,-1.00,-1.00,-1.00,-1.00,-1.00,-1.00,625.71,-1.00,-1.00,-1.00,-1.00,-1.00
PERC 197 79
XPUT 197 -1.00,-1.00,-1.00,-1.00,-1.00,-1.00,-1.00,-1.00,-1.00,627.85,-1.00,-1.00,-1.00,-1.00,-1.00
PERC 198 79
XPUT 198 -1.00,-1.00,-1.00,-1.00,-1.00,-1.00,-1.00,-1.00,-1.00,628.65,-1.00,-1.00,-1.00,-1.00,-1.00
PERC 199 79
XPUT 199 -1.00,-1.00,-1.00,-1.00,-1.00,-1.00,-1.00,-1.00,-1.00,629.45,-1.00,-1.00,-1.00,-1.00,-1.00
PERC 200 80
XPUT 200 -1.00,-1.00,-1.00,-1.00,-1.00,-1.00,-1.00,-1.00,-1.00,630.23,-1.00,-1.00,-1.00,-1.00,-1.00
PERC 201 80
XPUT 201 -1.00,-1.00,-1.00,-1.00,-1.00,-1.00,-1.00,-1.00,-1.00,631.01,-1.00,-1.00,-1.00,-1.00,-1.00
PERC 202 80
XPUT 202 -1.00,-1.00,-1.00,-1.00,-1.00,-1.00,-1.00,-1.00,-1.00,633.08,-1.00,-1.00,-1.00,-1.00,-1.00
PERC 203 80
XPUT 203 -1.00,-1.00,-1.00,-1.00,-1.00,-1.00,-1.00,-1.00,-1.00,635.12,-1.00,-1.00,-1.00,-1.00,-1.00
PERC 204 80
XPUT 204 -1.00,-1.00,-1.00,-1.00,-1.00,-1.00,-1.00,-1.00,-1.00,637.15,-1.00,-1.00,-1.00,-1.00,-1.00
PERC 205 81
XPUT 205 -1.00,-1.00,-1.00,-1.00,-1.00,-1.00,-1.00,-1.00,-1.00,637.88,-1.00,-1.00,-1.00,-1.00,-1.00
PERC 206 81
XPUT 206 -1.00,-1.00,-1.00,-1.00,-1.00,-1.00,-1.00,-1.00,-1.00,638.60,-1.00,-1.00,-1.00,-1.00,-1.00
PERC 207 81
XPUT 207 -1.00,-1.00,-1.00,-1.00,-1.00,-1.00,-1.00,-1.00,-1.00,640.58,-1.00,-1.00,-1.00,-1.00,-1.00
PERC 208 81
XPUT 208 -1.00,-1.00,-1.00,-1.00,-1.00,-1.00,-1.00,-1.00,-1.00,642.54,-1.00,-1.00,-1.00,-1.00,-1.00
PERC 209 82
XPUT 209 -1.00,-1.00,-1.00,-1.00,-1.00,-1.00,-1.00,-1.00,-1.00,644.48,-1.00,-1.00,-1.00,-1.00,-1.00
PERC 210 82
XPUT 210 -1.00,-1.00,-1.00,-1.00,-1.00,-1.00,-1.00,-1.00,-1.00,645.16,-1.00,-1.00,-1.00,-1.00,-1.00
PERC 211 82
XPUT 211 -1.00,-1.00,-1.00,-1.00,-1.00,-1.00,-1.00,-1.00,-1.00,645.83,-1.00,-1.00,-1.00,-1.00,-1.00
PERC 212 82
XPUT 212 -1.00,-1.00,-1.00,-1.00,-1.00,-1.00,-1.00,-1.00,-1.00,647.73,-1.00,-1.00,-1.00,-1.00,-1.00
PERC 213 82
XPUT 213 -1.00,-1.00,-1.00,-1.00,-1.00,-1.00,-1.00,-1.00,-1.00,649.61,-1.00,-1.00,-1.00,-1.00,-1.00
PERC 214 83
XPUT 214 -1.00,-1.00,-1.00,-1.00,-1.00,-1.00,-1.00,-1.00,-1.00,651.48,-1.00,-1.00,-1.00,-1.00,-1.00
PERC 215 83
XPUT 215 -1.00,-1.00,-1.00,-1.00,-1.00,-1.00,-1.00,-1.00,-1.00,652.10,-1.00,-1.00,-1.00,-1.00,-1.00
PERC 216 83
XPUT 216 -1.00,-1.00,-1.00,-1.00,-1.00,-1.00,-1.00,-1.00,-1.00,653.94,-1.00,-1.00,-1.00,-1.00,-1.00
PERC 217 83
XPUT 217 -1.00,-1.00,-1.00,-1.00,-1.00,-1.00,-1.00,-1.00,-1.00,654.55,-1.00,-1.00,-1.00,-1.00,-1.00
PERC 218 84
XPUT 218 -1.00,-1.00,-1.00,-1.00,-1.00,-1.00,-1.00,-1.00,-1.00,656.36,-1.00,-1.00,-1.00,-1.00,-1.00
PERC 219 84
XPUT 219 -1.00,-1.00,-1.00,-1.00,-1.00,-1.00,-1.00,-1.00,-1.00,656.95,-1.00,-1.00,-1.00,-1.00,-1.00
PERC 220 84
XPUT 220 -1.00,-1.00,-1.00,-1.00,-1.00,-1.00,-1.00,-1.00,-1.00,657.54,-1.00,-1.00,-1.00,-1.00,-1.00
PERC 221 84
XPUT 221 -1.00,-1.00,-1.00,-1.00,-1.00,-1.00,-1.00,-1.00,-1.00,659.31,-1.00,-1.00,-1.00,-1.00,-1.00
PERC 222 84
XPUT 222 -1.00,-1.00,-1.00,-1.00,-1.00,-1.00,-1.00,-1.00,-1.00,661.06,-1.00,-1.00,-1.00,-1.00,-1.00
PERC 223 85
XPUT 223 -1.00,-1.00,-1.00,-1.00,-1.00,-1.00,-1.00,-1.00,-1.00,661.62,-1.00,-1.00,-1.00,-1.00,-1.00
PERC 224 85
XPUT 224 -1.00,-1.00,-1.00,-1.00,-1.00,-1.00,-1.00,-1.00,-1.00,662.18,-1.00,-1.00,-1.00,-1.00,-1.00
PERC 225 85
XPUT 225 -1.00,-1.00,-1.00,-1.00,-1.00,-1.00,-1.00,-1.00,-1.00,663.90,-1.00,-1.00,-1.00,-1.00,-1.00
PERC 226 85
XPUT 226 -1.00,-1.00,-1.00,-1.00,-1.00,-1.00,-1.00,-1.00,-1.00,665.60,-1.00,-1.00,-1.00,-1.00,-1.00
PERC 227 86
XPUT 227 -1.00,-1.00,-1.00,-1.00,-1.00,-1.00,-1.00,-1.00,-1.00,666.13,-1.00,-1.00,-1.00,-1.00,-1.00
PERC 228 86
XPUT 228 -1.00,-1.00,-1.00,-1.00,-1.00,-1.00,-1.00,-1.00,-1.00,666.66,-1.00,-1.00,-1.00,-1.00,-1.00
PERC 229 86
XPUT 229 -1.00,-1.00,-1.00,-1.00,-1.00,-1.00,-1.00,-1.00,-1.00,668.33,-1.00,-1.00,-1.00,-1.00,-1.00
PERC 230 86
XPUT 230 -1.00,-1.00,-1.00,-1.00,-1.00,-1.00,-1.00,-1.00,-1.00,668.84,-1.00,-1.00,-1.00,-1.00,-1.00
PERC 231 86
XPUT 231 -1.00,-1.00,-1.00,-1.00,-1.00,-1.00,-1.00,-1.00,-1.00,669.35,-1.00,-1.00,-1.00,-1.00,-1.00
PERC 232 87
XPUT 232 -1.00,-1.00,-1.00,-1.00,-1.00,-1.00,-1.00,-1.00,-1.00,670.99,-1.00,-1.00,-1.00,-1.00,-1.00
PERC 233 87
XPUT 233 -1.00,-1.00,-1.00,-1.00,-1.00,-1.00,-1.00,-1.00,-1.00,672.61,-1.00,-1.00,-1.00,-1.00,-1.00
PERC 234 87
XPUT 234 -1.00,-1.00,-1.00,-1.00,-1.00,-1.00,-1.00,-1.00,-1.00,673.09,-1.00,-1.00,-1.00,-1.00,-1.00
PERC 235 87
XPUT 235 -1.00,-1.00,-1.00,-1.00,-1.00,-1.00,-1.00,-1.00,-1.00,673.58,-1.00,-1.00,-1.00,-1.00,-1.00
PERC 236 87
XPUT 236 -1.00,-1.00,-1.00,-1.00,-1.00,-1.00,-1.00,-1.00,-1.00,674.05,-1.00,-1.00,-1.00,-1.00,-1.00
PERC 237 88
XPUT 237 -1.00,-1.00,-1.00,-1.00,-1.00,-1.00,-1.00,-1.00,-1.00,675.63,-1.00,-1.00,-1.00,-1.00,-1.00
PERC 238 88
XPUT 238 -1.00,-1.00,-1.00,-1.00,-1.00,-1.00,-1.00,-1.00,-1.00,676.10,-1.00,-1.00,-1.00,-1.00,-1.00
PERC 239 88
XPUT 239 -1.00,-1.00,-1.00,-1.00,-1.00,-1.00,-1.00,-1.00,-1.00,676.56,-1.00,-1.00,-1.00,-1.00,-1.00
PERC 240 88
XPUT 240 -1.00,-1.00,-1.00,-1.00,-1.00,-1.00,-1.00,-1.00,-1.00,678.11,-1.00,-1.00,-1.00,-1.00,-1.00
PERC 241 89
XPUT 241 -1.00,-1.00,-1.00,-1.00,-1.00,-1.00,-1.00,-1.00,-1.00,679.65,-1.00,-1.00,-1.00,-1.00,-1.00
PERC 242 89
XPUT 242 -1.00,-1.00,-1.00,-1.00,-1.00,-1.00,-1.00,-1.00,-1.00,680.09,-1.00,-1.00,-1.00,-1.00,-1.00
PERC 243 89
XPUT 243 -1.00,-1.00,-1.00,-1.00,-1.00,-1.00,-1.00,-1.00,-1.00,680.53,-1.00,-1.00,-1.00,-1.00,-1.00
PERC 244 89
XPUT 244 -1.00,-1.00,-1.00,-1.00,-1.00,-1.00,-1.00,-1.00,-1.00,680.96,-1.00,-1.00,-1.00,-1.00,-1.00
PERC 245 89
XPUT 245 -1.00,-1.00,-1.00,-1.00,-1.00,-1.00,-1.00,-1.00,-1.00,682.46,-1.00,-1.00,-1.00,-1.00,-1.00
PERC 246 90
XPUT 246 -1.00,-1.00,-1.00,-1.00,-1.00,-1.00,-1.00,-1.00,-1.00,683.95,-1.00,-1.00,-1.00,-1.00,-1.00
PERC 247 90
XPUT 247 -1.00,-1.00,-1.00,-1.00,-1.00,-1.00,-1.00,-1.00,-1.00,683.30,-1.00,-1.00,-1.00,-1.00,-1.00
PERC 248 90
XPUT 248 -1.00,-1.00,-1.00,-1.00,-1.00,-1.00,-1.00,-1.00,-1.00,682.66,-1.00,-1.00,-1.00,-1.00,-1.00
PERC 249 90
XPUT 249 -1.00,-1.00,-1.00,-1.00,-1.00,-1.00,-1.00,-1.00,-1.00,683.08,-1.00,-1.00,-1.00,-1.00,-1.00
PERC 250 90
XPUT 250 -1.00,-1.00,-1.00,-1.00,-1.00,-1.00,-1.00,-1.00,-1.00,684.54,-1.00,-1.00,-1.00,-1.00,-1.00
PERC 251 90
XPUT 251 -1.00,-1.00,-1.00,-1.00,-1.00,-1.00,-1.00,-1.00,-1.00,684.95,-1.00,-1.00,-1.00,-1.00,-1.00
PERC 252 91
XPUT 252 -1.00,-1.00,-1.00,-1.00,-1.00,-1.00,-1.00,-1.00,-1.00,685.35,-1.00,-1.00,-1.00,-1.00,-1.00
PERC 253 91
XPUT 253 -1.00,-1.00,-1.00,-1.00,-1.00,-1.00,-1.00,-1.00,-1.00,686.79,-1.00,-1.00,-1.00,-1.00,-1.00
PERC 254 91
XPUT 254 -1.00,-1.00,-1.00,-1.00,-1.00,-1.00,-1.00,-1.00,-1.00,687.18,-1.00,-1.00,-1.00,-1.00,-1.00
PERC 255 91
XPUT 255 -1.00,-1.00,-1.00,-1.00,-1.00,-1.00,-1.00,-1.00,-1.00,688.59,-1.00,-1.00,-1.00,-1.00,-1.00
PERC 256 92
XPUT 256 -1.00,-1.00,-1.00,-1.00,-1.00,-1.00,-1.00,-1.00,-1.00,688.98,-1.00,-1.00,-1.00,-1.00,-1.00
PERC 257 92
XPUT 257 -1.00,-1.00,-1.00,-1.00,-1.00,-1.00,-1.00,-1.00,-1.00,689.36,-1.00,-1.00,-1.00,-1.00,-1.00
PERC 258 92
XPUT 258 -1.00,-1.00,-1.00,-1.00,-1.00,-1.00,-1.00,-1.00,-1.00,690.75,-1.00,-1.00,-1.00,-1.00,-1.00
PERC 259 92
XPUT 259 -1.00,-1.00,-1.00,-1.00,-1.00,-1.00,-1.00,-1.00,-1.00,692.13,-1.00,-1.00,-1.00,-1.00,-1.00
PERC 260 92
XPUT 260 -1.00,-1.00,-1.00,-1.00,-1.00,-1.00,-1.00,-1.00,-1.00,692.49,-1.00,-1.00,-1.00,-1.00,-1.00
PERC 261 93
XPUT 261 -1.00,-1.00,-1.00,-1.00,-1.00,-1.00,-1.00,-1.00,-1.00,692.85,-1.00,-1.00,-1.00,-1.00,-1.00
PERC 262 93
XPUT 262 -1.00,-1.00,-1.00,-1.00,-1.00,-1.00,-1.00,-1.00,-1.00,693.21,-1.00,-1.00,-1.00,-1.00,-1.00
PERC 263 93
XPUT 263 -1.00,-1.00,-1.00,-1.00,-1.00,-1.00,-1.00,-1.00,-1.00,693.56,-1.00,-1.00,-1.00,-1.00,-1.00
PERC 264 93
XPUT 264 -1.00,-1.00,-1.00,-1.00,-1.00,-1.00,-1.00,-1.00,-1.00,694.91,-1.00,-1.00,-1.00,-1.00,-1.00
PERC 265 93
XPUT 265 -1.00,-1.00,-1.00,-1.00,-1.00,-1.00,-1.00,-1.00,-1.00,696.24,-1.00,-1.00,-1.00,-1.00,-1.00
PERC 266 94
XPUT 266 -1.00,-1.00,-1.00,-1.00,-1.00,-1.00,-1.00,-1.00,-1.00,697.57,-1.00,-1.00,-1.00,-1.00,-1.00
PERC 267 94
XPUT 267 -1.00,-1.00,-1.00,-1.00,-1.00,-1.00,-1.00,-1.00,-1.00,698.88,-1.00,-1.00,-1.00,-1.00,-1.00
PERC 268 94
XPUT 268 -1.00,-1.00,-1.00,-1.00,-1.00,-1.00,-1.00,-1.00,-1.00,700.19,-1.00,-1.00,-1.00,-1.00,-1.00
PERC 269 94
XPUT 269 -1.00,-1.00,-1.00,-1.00,-1.00,-1.00,-1.00,-1.00,-1.00,701.48,-1.00,-1.00,-1.00,-1.00,-1.00
PERC 270 95
XPUT 270 -1.00,-1.00,-1.00,-1.00,-1.00,-1.00,-1.00,-1.00,-1.00,701.80,-1.00,-1.00,-1.00,-1.00,-1.00
PERC 271 95
XPUT 271 -1.00,-1.00,-1.00,-1.00,-1.00,-1.00,-1.00,-1.00,-1.00,703.08,-1.00,-1.00,-1.00,-1.00,-1.00
PERC 272 95
XPUT 272 -1.00,-1.00,-1.00,-1.00,-1.00,-1.00,-1.00,-1.00,-1.00,704.35,-1.00,-1.00,-1.00,-1.00,-1.00
PERC 273 95
XPUT 273 -1.00,-1.00,-1.00,-1.00,-1.00,-1.00,-1.00,-1.00,-1.00,704.65,-1.00,-1.00,-1.00,-1.00,-1.00
PERC 274 96
XPUT 274 -1.00,-1.00,-1.00,-1.00,-1.00,-1.00,-1.00,-1.00,-1.00,705.90,-1.00,-1.00,-1.00,-1.00,-1.00
PERC 275 96
XPUT 275 -1.00,-1.00,-1.00,-1.00,-1.00,-1.00,-1.00,-1.00,-1.00,707.15,-1.00,-1.00,-1.00,-1.00,-1.00
PERC 276 96
XPUT 276 -1.00,-1.00,-1.00,-1.00,-1.00,-1.00,-1.00,-1.00,-1.00,708.39,-1.00,-1.00,-1.00,-1.00,-1.00
PERC 277 96
XPUT 277 -1.00,-1.00,-1.00,-1.00,-1.00,-1.00,-1.00,-1.00,-1.00,709.61,-1.00,-1.00,-1.00,-1.00,-1.00
PERC 278 97
XPUT 278 -1.00,-1.00,-1.00,-1.00,-1.00,-1.00,-1.00,-1.00,-1.00,709.89,-1.00,-1.00,-1.00,-1.00,-1.00
PERC 279 97
XPUT 279 -1.00,-1.00,-1.00,-1.00,-1.00,-1.00,-1.00,-1.00,-1.00,711.10,-1.00,-1.00,-1.00,-1.00,-1.00
PERC 280 97
XPUT 280 -1.00,-1.00,-1.00,-1.00,-1.00,-1.00,-1.00,-1.00,-1.00,712.31,-1.00,-1.00,-1.00,-1.00,-1.00
PERC 281 97
XPUT 281 -1.00,-1.00,-1.00,-1.00,-1.00,-1.00,-1.00,-1.00,-1.00,713.51,-1.00,-1.00,-1.00,-1.00,-1.00
PERC 282 97
XPUT 282 -1.00,-1.00,-1.00,-1.00,-1.00,-1.00,-1.00,-1.00,-1.00,713.77,-1.00,-1.00,-1.00,-1.00,-1.00
PERC 283 98
XPUT 283 -1.00,-1.00,-1.00,-1.00,-1.00,-1.00,-1.00,-1.00,-1.00,714.02,-1.00,-1.00,-1.00,-1.00,-1.00
PERC 284 98
XPUT 284 -1.00,-1.00,-1.00,-1.00,-1.00,-1.00,-1.00,-1.00,-1.00,715.20,-1.00,-1.00,-1.00,-1.00,-1.00
PERC 285 98
XPUT 285 -1.00,-1.00,-1.00,-1.00,-1.00,-1.00,-1.00,-1.00,-1.00,716.37,-1.00,-1.00,-1.00,-1.00,-1.00
PERC 286 98
XPUT 286 -1.00,-1.00,-1.00,-1.00,-1.00,-1.00,-1.00,-1.00,-1.00,717.53,-1.00,-1.00,-1.00,-1.00,-1.00
PERC 287 99
XPUT 287 -1.00,-1.00,-1.00,-1.00,-1.00,-1.00,-1.00,-1.00,-1.00,717.77,-1.00,-1.00,-1.00,-1.00,-1.00
PERC 288 99
XPUT 288 -1.00,-1.00,-1.00,-1.00,-1.00,-1.00,-1.00,-1.00,-1.00,718.92,-1.00,-1.00,-1.00,-1.00,-1.00
PERC 289 99
XPUT 289 -1.00,-1.00,-1.00,-1.00,-1.00,-1.00,-1.00,-1.00,-1.00,720.06,-1.00,-1.00,-1.00,-1.00,-1.00
PERC 290 99
XPUT 290 -1.00,-1.00,-1.00,-1.00,-1.00,-1.00,-1.00,-1.00,-1.00,721.19,-1.00,-1.00,-1.00,-1.00,-1.00
PERC 291 100
XPUT 291 -1.00,-1.00,-1.00,-1.00,-1.00,-1.00,-1.00,-1.00,-1.00,720.67,-1.00,-1.00,-1.00,-1.00,-1.00
