4 0 4.1 1.75 Intel, Oregon
PERC 0 0
PERC 1 0
PERC 2 0
PERC 3 0
PERC 4 0
PERC 5 0
PERC 6 0
PERC 7 0
PERC 8 0
PERC 9 0
PERC 10 0
PERC 11 0
PERC 12 0
PERC 13 0
PERC 14 0
PERC 15 0
PERC 16 0
PERC 17 0
PERC 18 0
PERC 19 0
PERC 20 0
PERC 21 0
PERC 22 0
PERC 23 0
PERC 24 0
PERC 25 0
PERC 26 0
PERC 27 0
PERC 28 0
PERC 29 0
PERC 30 0
PERC 31 0
PERC 32 0
PERC 33 0
PERC 34 0
PERC 35 0
PERC 36 0
PERC 37 0
PERC 38 0
PERC 39 0
PERC 40 0
PERC 41 0
PERC 42 0
PERC 43 0
PERC 44 0
PERC 45 0
PERC 46 0
PERC 47 0
PERC 48 0
PERC 49 0
PERC 50 0
PERC 51 0
PERC 52 0
PERC 53 0
PERC 54 0
PERC 55 0
PERC 56 0
PERC 57 0
PERC 58 0
PERC 59 0
PERC 60 0
PERC 61 0
PERC 62 0
PERC 63 0
PERC 64 0
PERC 65 0
PERC 66 0
PERC 67 0
PERC 68 0
PERC 69 0
PERC 70 0
PERC 71 0
PERC 72 0
PERC 73 0
PERC 74 0
PERC 75 0
PERC 76 0
PERC 77 0
PERC 78 0
PERC 79 0
PERC 80 0
PERC 81 0
PERC 82 0
PERC 83 0
PERC 84 0
PERC 85 0
PERC 86 0
PERC 87 0
PERC 88 0
PERC 89 0
PERC 90 0
PERC 91 0
PERC 92 0
PERC 93 0
PERC 94 0
PERC 95 0
PERC 96 0
PERC 97 0
PERC 98 0
XPUT 98 -1.00,-1.00,-1.00,-1.00,-1.00,-1.00,-1.00,-1.00,-1.00,-1.00,-1.00,-1.00,-1.00,-1.00,-1.00
PERC 99 26
XPUT 99 -1.00,-1.00,-1.00,-1.00,-1.00,-1.00,-1.00,-1.00,-1.00,-1.00,-1.00,-1.00,-1.00,-1.00,-1.00
PERC 100 49
XPUT 100 -1.00,-1.00,-1.00,-1.00,-1.00,-1.00,-1.00,-1.00,-1.00,-1.00,-1.00,-1.00,-1.00,-1.00,-1.00
PERC 101 50
XPUT 101 -1.00,-1.00,-1.00,-1.00,-1.00,-1.00,-1.00,-1.00,-1.00,4.75,-1.00,-1.00,-1.00,-1.00,-1.00
PERC 102 50
XPUT 102 -1.00,-1.00,-1.00,-1.00,-1.00,-1.00,-1.00,-1.00,-1.00,7.27,-1.00,-1.00,-1.00,-1.00,-1.00
PERC 103 50
XPUT 103 -1.00,-1.00,-1.00,-1.00,-1.00,-1.00,-1.00,-1.00,-1.00,12.29,-1.00,-1.00,-1.00,-1.00,-1.00
PERC 104 50
XPUT 104 -1.00,-1.00,-1.00,-1.00,-1.00,-1.00,-1.00,-1.00,-1.00,17.21,-1.00,-1.00,-1.00,-1.00,-1.00
PERC 105 50
XPUT 105 -1.00,-1.00,-1.00,-1.00,-1.00,-1.00,-1.00,-1.00,-1.00,24.54,-1.00,-1.00,-1.00,-1.00,-1.00
PERC 106 50
XPUT 106 -1.00,-1.00,-1.00,-1.00,-1.00,-1.00,-1.00,-1.00,-1.00,34.20,-1.00,-1.00,-1.00,-1.00,-1.00
PERC 107 50
XPUT 107 -1.00,-1.00,-1.00,-1.00,-1.00,-1.00,-1.00,-1.00,-1.00,38.78,-1.00,-1.00,-1.00,-1.00,-1.00
PERC 108 51
XPUT 108 -1.00,-1.00,-1.00,-1.00,-1.00,-1.00,-1.00,-1.00,-1.00,43.28,-1.00,-1.00,-1.00,-1.00,-1.00
PERC 109 51
XPUT 109 -1.00,-1.00,-1.00,-1.00,-1.00,-1.00,-1.00,-1.00,-1.00,52.50,-1.00,-1.00,-1.00,-1.00,-1.00
PERC 110 51
XPUT 110 -1.00,-1.00,-1.00,-1.00,-1.00,-1.00,-1.00,-1.00,-1.00,61.55,-1.00,-1.00,-1.00,-1.00,-1.00
PERC 111 51
XPUT 111 -1.00,-1.00,-1.00,-1.00,-1.00,-1.00,-1.00,-1.00,-1.00,72.81,-1.00,-1.00,-1.00,-1.00,-1.00
PERC 112 52
XPUT 112 -1.00,-1.00,-1.00,-1.00,-1.00,-1.00,-1.00,-1.00,-1.00,79.18,-1.00,-1.00,-1.00,-1.00,-1.00
PERC 113 52
XPUT 113 -1.00,-1.00,-1.00,-1.00,-1.00,-1.00,-1.00,-1.00,-1.00,87.76,-1.00,-1.00,-1.00,-1.00,-1.00
PERC 114 52
XPUT 114 -1.00,-1.00,-1.00,-1.00,-1.00,-1.00,-1.00,-1.00,-1.00,96.19,-1.00,-1.00,-1.00,-1.00,-1.00
PERC 115 52
XPUT 115 -1.00,-1.00,-1.00,-1.00,-1.00,-1.00,-1.00,-1.00,-1.00,104.47,-1.00,-1.00,-1.00,-1.00,-1.00
PERC 116 53
XPUT 116 -1.00,-1.00,-1.00,-1.00,-1.00,-1.00,-1.00,-1.00,-1.00,114.87,-1.00,-1.00,-1.00,-1.00,-1.00
PERC 117 53
XPUT 117 -1.00,-1.00,-1.00,-1.00,-1.00,-1.00,-1.00,-1.00,-1.00,118.37,-1.00,-1.00,-1.00,-1.00,-1.00
PERC 118 53
XPUT 118 -1.00,-1.00,-1.00,-1.00,-1.00,-1.00,-1.00,-1.00,-1.00,124.03,-1.00,-1.00,-1.00,-1.00,-1.00
PERC 119 53
XPUT 119 -1.00,-1.00,-1.00,-1.00,-1.00,-1.00,-1.00,-1.00,-1.00,129.59,-1.00,-1.00,-1.00,-1.00,-1.00
PERC 120 53
XPUT 120 -1.00,-1.00,-1.00,-1.00,-1.00,-1.00,-1.00,-1.00,-1.00,135.07,-1.00,-1.00,-1.00,-1.00,-1.00
PERC 121 53
XPUT 121 -1.00,-1.00,-1.00,-1.00,-1.00,-1.00,-1.00,-1.00,-1.00,138.28,-1.00,-1.00,-1.00,-1.00,-1.00
PERC 122 54
XPUT 122 -1.00,-1.00,-1.00,-1.00,-1.00,-1.00,-1.00,-1.00,-1.00,141.45,-1.00,-1.00,-1.00,-1.00,-1.00
PERC 123 54
XPUT 123 -1.00,-1.00,-1.00,-1.00,-1.00,-1.00,-1.00,-1.00,-1.00,148.82,-1.00,-1.00,-1.00,-1.00,-1.00
PERC 124 54
XPUT 124 -1.00,-1.00,-1.00,-1.00,-1.00,-1.00,-1.00,-1.00,-1.00,158.19,-1.00,-1.00,-1.00,-1.00,-1.00
PERC 125 54
XPUT 125 -1.00,-1.00,-1.00,-1.00,-1.00,-1.00,-1.00,-1.00,-1.00,161.12,-1.00,-1.00,-1.00,-1.00,-1.00
PERC 126 55
XPUT 126 -1.00,-1.00,-1.00,-1.00,-1.00,-1.00,-1.00,-1.00,-1.00,168.17,-1.00,-1.00,-1.00,-1.00,-1.00
PERC 127 55
XPUT 127 -1.00,-1.00,-1.00,-1.00,-1.00,-1.00,-1.00,-1.00,-1.00,168.91,-1.00,-1.00,-1.00,-1.00,-1.00
PERC 128 55
XPUT 128 -1.00,-1.00,-1.00,-1.00,-1.00,-1.00,-1.00,-1.00,-1.00,173.73,-1.00,-1.00,-1.00,-1.00,-1.00
PERC 129 55
XPUT 129 -1.00,-1.00,-1.00,-1.00,-1.00,-1.00,-1.00,-1.00,-1.00,178.48,-1.00,-1.00,-1.00,-1.00,-1.00
PERC 130 55
XPUT 130 -1.00,-1.00,-1.00,-1.00,-1.00,-1.00,-1.00,-1.00,-1.00,183.16,-1.00,-1.00,-1.00,-1.00,-1.00
PERC 131 55
XPUT 131 -1.00,-1.00,-1.00,-1.00,-1.00,-1.00,-1.00,-1.00,-1.00,187.76,-1.00,-1.00,-1.00,-1.00,-1.00
PERC 132 56
XPUT 132 -1.00,-1.00,-1.00,-1.00,-1.00,-1.00,-1.00,-1.00,-1.00,194.28,-1.00,-1.00,-1.00,-1.00,-1.00
PERC 133 56
XPUT 133 -1.00,-1.00,-1.00,-1.00,-1.00,-1.00,-1.00,-1.00,-1.00,200.71,-1.00,-1.00,-1.00,-1.00,-1.00
PERC 134 56
XPUT 134 -1.00,-1.00,-1.00,-1.00,-1.00,-1.00,-1.00,-1.00,-1.00,207.03,-1.00,-1.00,-1.00,-1.00,-1.00
PERC 135 56
XPUT 135 -1.00,-1.00,-1.00,-1.00,-1.00,-1.00,-1.00,-1.00,-1.00,213.27,-1.00,-1.00,-1.00,-1.00,-1.00
PERC 136 57
XPUT 136 -1.00,-1.00,-1.00,-1.00,-1.00,-1.00,-1.00,-1.00,-1.00,219.41,-1.00,-1.00,-1.00,-1.00,-1.00
PERC 137 57
XPUT 137 -1.00,-1.00,-1.00,-1.00,-1.00,-1.00,-1.00,-1.00,-1.00,223.55,-1.00,-1.00,-1.00,-1.00,-1.00
PERC 138 57
XPUT 138 -1.00,-1.00,-1.00,-1.00,-1.00,-1.00,-1.00,-1.00,-1.00,225.73,-1.00,-1.00,-1.00,-1.00,-1.00
PERC 139 57
XPUT 139 -1.00,-1.00,-1.00,-1.00,-1.00,-1.00,-1.00,-1.00,-1.00,229.76,-1.00,-1.00,-1.00,-1.00,-1.00
PERC 140 57
XPUT 140 -1.00,-1.00,-1.00,-1.00,-1.00,-1.00,-1.00,-1.00,-1.00,231.86,-1.00,-1.00,-1.00,-1.00,-1.00
PERC 141 57
XPUT 141 -1.00,-1.00,-1.00,-1.00,-1.00,-1.00,-1.00,-1.00,-1.00,235.80,-1.00,-1.00,-1.00,-1.00,-1.00
PERC 142 58
XPUT 142 -1.00,-1.00,-1.00,-1.00,-1.00,-1.00,-1.00,-1.00,-1.00,241.52,-1.00,-1.00,-1.00,-1.00,-1.00
PERC 143 58
XPUT 143 -1.00,-1.00,-1.00,-1.00,-1.00,-1.00,-1.00,-1.00,-1.00,247.17,-1.00,-1.00,-1.00,-1.00,-1.00
PERC 144 58
XPUT 144 -1.00,-1.00,-1.00,-1.00,-1.00,-1.00,-1.00,-1.00,-1.00,252.73,-1.00,-1.00,-1.00,-1.00,-1.00
PERC 145 58
XPUT 145 -1.00,-1.00,-1.00,-1.00,-1.00,-1.00,-1.00,-1.00,-1.00,254.60,-1.00,-1.00,-1.00,-1.00,-1.00
PERC 146 59
XPUT 146 -1.00,-1.00,-1.00,-1.00,-1.00,-1.00,-1.00,-1.00,-1.00,260.04,-1.00,-1.00,-1.00,-1.00,-1.00
PERC 147 59
XPUT 147 -1.00,-1.00,-1.00,-1.00,-1.00,-1.00,-1.00,-1.00,-1.00,267.19,-1.00,-1.00,-1.00,-1.00,-1.00
PERC 148 59
XPUT 148 -1.00,-1.00,-1.00,-1.00,-1.00,-1.00,-1.00,-1.00,-1.00,268.93,-1.00,-1.00,-1.00,-1.00,-1.00
PERC 149 59
XPUT 149 -1.00,-1.00,-1.00,-1.00,-1.00,-1.00,-1.00,-1.00,-1.00,272.40,-1.00,-1.00,-1.00,-1.00,-1.00
PERC 150 59
XPUT 150 -1.00,-1.00,-1.00,-1.00,-1.00,-1.00,-1.00,-1.00,-1.00,274.08,-1.00,-1.00,-1.00,-1.00,-1.00
PERC 151 59
XPUT 151 -1.00,-1.00,-1.00,-1.00,-1.00,-1.00,-1.00,-1.00,-1.00,274.00,-1.00,-1.00,-1.00,-1.00,-1.00
PERC 152 59
XPUT 152 -1.00,-1.00,-1.00,-1.00,-1.00,-1.00,-1.00,-1.00,-1.00,273.92,-1.00,-1.00,-1.00,-1.00,-1.00
PERC 153 59
XPUT 153 -1.00,-1.00,-1.00,-1.00,-1.00,-1.00,-1.00,-1.00,-1.00,273.84,-1.00,-1.00,-1.00,-1.00,-1.00
PERC 154 60
XPUT 154 -1.00,-1.00,-1.00,-1.00,-1.00,-1.00,-1.00,-1.00,-1.00,273.77,-1.00,-1.00,-1.00,-1.00,-1.00
PERC 155 60
XPUT 155 -1.00,-1.00,-1.00,-1.00,-1.00,-1.00,-1.00,-1.00,-1.00,273.69,-1.00,-1.00,-1.00,-1.00,-1.00
PERC 156 60
XPUT 156 -1.00,-1.00,-1.00,-1.00,-1.00,-1.00,-1.00,-1.00,-1.00,273.62,-1.00,-1.00,-1.00,-1.00,-1.00
PERC 157 60
XPUT 157 -1.00,-1.00,-1.00,-1.00,-1.00,-1.00,-1.00,-1.00,-1.00,275.22,-1.00,-1.00,-1.00,-1.00,-1.00
PERC 158 60
XPUT 158 -1.00,-1.00,-1.00,-1.00,-1.00,-1.00,-1.00,-1.00,-1.00,276.79,-1.00,-1.00,-1.00,-1.00,-1.00
PERC 159 60
XPUT 159 -1.00,-1.00,-1.00,-1.00,-1.00,-1.00,-1.00,-1.00,-1.00,280.00,-1.00,-1.00,-1.00,-1.00,-1.00
PERC 160 60
XPUT 160 -1.00,-1.00,-1.00,-1.00,-1.00,-1.00,-1.00,-1.00,-1.00,283.16,-1.00,-1.00,-1.00,-1.00,-1.00
PERC 161 60
XPUT 161 -1.00,-1.00,-1.00,-1.00,-1.00,-1.00,-1.00,-1.00,-1.00,286.29,-1.00,-1.00,-1.00,-1.00,-1.00
PERC 162 61
XPUT 162 -1.00,-1.00,-1.00,-1.00,-1.00,-1.00,-1.00,-1.00,-1.00,290.99,-1.00,-1.00,-1.00,-1.00,-1.00
PERC 163 61
XPUT 163 -1.00,-1.00,-1.00,-1.00,-1.00,-1.00,-1.00,-1.00,-1.00,297.25,-1.00,-1.00,-1.00,-1.00,-1.00
PERC 164 61
XPUT 164 -1.00,-1.00,-1.00,-1.00,-1.00,-1.00,-1.00,-1.00,-1.00,300.23,-1.00,-1.00,-1.00,-1.00,-1.00
PERC 165 61
XPUT 165 -1.00,-1.00,-1.00,-1.00,-1.00,-1.00,-1.00,-1.00,-1.00,304.77,-1.00,-1.00,-1.00,-1.00,-1.00
PERC 166 62
XPUT 166 -1.00,-1.00,-1.00,-1.00,-1.00,-1.00,-1.00,-1.00,-1.00,307.67,-1.00,-1.00,-1.00,-1.00,-1.00
PERC 167 62
XPUT 167 -1.00,-1.00,-1.00,-1.00,-1.00,-1.00,-1.00,-1.00,-1.00,313.68,-1.00,-1.00,-1.00,-1.00,-1.00
PERC 168 62
XPUT 168 -1.00,-1.00,-1.00,-1.00,-1.00,-1.00,-1.00,-1.00,-1.00,316.49,-1.00,-1.00,-1.00,-1.00,-1.00
PERC 169 62
XPUT 169 -1.00,-1.00,-1.00,-1.00,-1.00,-1.00,-1.00,-1.00,-1.00,317.72,-1.00,-1.00,-1.00,-1.00,-1.00
PERC 170 62
XPUT 170 -1.00,-1.00,-1.00,-1.00,-1.00,-1.00,-1.00,-1.00,-1.00,320.48,-1.00,-1.00,-1.00,-1.00,-1.00
PERC 171 63
XPUT 171 -1.00,-1.00,-1.00,-1.00,-1.00,-1.00,-1.00,-1.00,-1.00,323.20,-1.00,-1.00,-1.00,-1.00,-1.00
PERC 172 63
XPUT 172 -1.00,-1.00,-1.00,-1.00,-1.00,-1.00,-1.00,-1.00,-1.00,325.90,-1.00,-1.00,-1.00,-1.00,-1.00
PERC 173 63
XPUT 173 -1.00,-1.00,-1.00,-1.00,-1.00,-1.00,-1.00,-1.00,-1.00,330.07,-1.00,-1.00,-1.00,-1.00,-1.00
PERC 174 63
XPUT 174 -1.00,-1.00,-1.00,-1.00,-1.00,-1.00,-1.00,-1.00,-1.00,334.20,-1.00,-1.00,-1.00,-1.00,-1.00
PERC 175 64
XPUT 175 -1.00,-1.00,-1.00,-1.00,-1.00,-1.00,-1.00,-1.00,-1.00,338.28,-1.00,-1.00,-1.00,-1.00,-1.00
PERC 176 64
XPUT 176 -1.00,-1.00,-1.00,-1.00,-1.00,-1.00,-1.00,-1.00,-1.00,340.83,-1.00,-1.00,-1.00,-1.00,-1.00
PERC 177 64
XPUT 177 -1.00,-1.00,-1.00,-1.00,-1.00,-1.00,-1.00,-1.00,-1.00,344.83,-1.00,-1.00,-1.00,-1.00,-1.00
PERC 178 64
XPUT 178 -1.00,-1.00,-1.00,-1.00,-1.00,-1.00,-1.00,-1.00,-1.00,348.78,-1.00,-1.00,-1.00,-1.00,-1.00
PERC 179 64
XPUT 179 -1.00,-1.00,-1.00,-1.00,-1.00,-1.00,-1.00,-1.00,-1.00,351.23,-1.00,-1.00,-1.00,-1.00,-1.00
PERC 180 65
XPUT 180 -1.00,-1.00,-1.00,-1.00,-1.00,-1.00,-1.00,-1.00,-1.00,352.19,-1.00,-1.00,-1.00,-1.00,-1.00
PERC 181 65
XPUT 181 -1.00,-1.00,-1.00,-1.00,-1.00,-1.00,-1.00,-1.00,-1.00,354.59,-1.00,-1.00,-1.00,-1.00,-1.00
PERC 182 65
XPUT 182 -1.00,-1.00,-1.00,-1.00,-1.00,-1.00,-1.00,-1.00,-1.00,356.96,-1.00,-1.00,-1.00,-1.00,-1.00
PERC 183 65
XPUT 183 -1.00,-1.00,-1.00,-1.00,-1.00,-1.00,-1.00,-1.00,-1.00,360.74,-1.00,-1.00,-1.00,-1.00,-1.00
PERC 184 66
XPUT 184 -1.00,-1.00,-1.00,-1.00,-1.00,-1.00,-1.00,-1.00,-1.00,365.90,-1.00,-1.00,-1.00,-1.00,-1.00
PERC 185 66
XPUT 185 -1.00,-1.00,-1.00,-1.00,-1.00,-1.00,-1.00,-1.00,-1.00,371.01,-1.00,-1.00,-1.00,-1.00,-1.00
PERC 186 66
XPUT 186 -1.00,-1.00,-1.00,-1.00,-1.00,-1.00,-1.00,-1.00,-1.00,373.24,-1.00,-1.00,-1.00,-1.00,-1.00
PERC 187 66
XPUT 187 -1.00,-1.00,-1.00,-1.00,-1.00,-1.00,-1.00,-1.00,-1.00,374.05,-1.00,-1.00,-1.00,-1.00,-1.00
PERC 188 66
XPUT 188 -1.00,-1.00,-1.00,-1.00,-1.00,-1.00,-1.00,-1.00,-1.00,374.85,-1.00,-1.00,-1.00,-1.00,-1.00
PERC 189 66
XPUT 189 -1.00,-1.00,-1.00,-1.00,-1.00,-1.00,-1.00,-1.00,-1.00,377.03,-1.00,-1.00,-1.00,-1.00,-1.00
PERC 190 67
XPUT 190 -1.00,-1.00,-1.00,-1.00,-1.00,-1.00,-1.00,-1.00,-1.00,379.18,-1.00,-1.00,-1.00,-1.00,-1.00
PERC 191 67
XPUT 191 -1.00,-1.00,-1.00,-1.00,-1.00,-1.00,-1.00,-1.00,-1.00,379.94,-1.00,-1.00,-1.00,-1.00,-1.00
PERC 192 67
XPUT 192 -1.00,-1.00,-1.00,-1.00,-1.00,-1.00,-1.00,-1.00,-1.00,379.33,-1.00,-1.00,-1.00,-1.00,-1.00
PERC 193 67
XPUT 193 -1.00,-1.00,-1.00,-1.00,-1.00,-1.00,-1.00,-1.00,-1.00,380.08,-1.00,-1.00,-1.00,-1.00,-1.00
PERC 194 67
XPUT 194 -1.00,-1.00,-1.00,-1.00,-1.00,-1.00,-1.00,-1.00,-1.00,383.53,-1.00,-1.00,-1.00,-1.00,-1.00
PERC 195 67
XPUT 195 -1.00,-1.00,-1.00,-1.00,-1.00,-1.00,-1.00,-1.00,-1.00,386.94,-1.00,-1.00,-1.00,-1.00,-1.00
PERC 196 68
XPUT 196 -1.00,-1.00,-1.00,-1.00,-1.00,-1.00,-1.00,-1.00,-1.00,388.98,-1.00,-1.00,-1.00,-1.00,-1.00
PERC 197 68
XPUT 197 -1.00,-1.00,-1.00,-1.00,-1.00,-1.00,-1.00,-1.00,-1.00,390.99,-1.00,-1.00,-1.00,-1.00,-1.00
PERC 198 68
XPUT 198 -1.00,-1.00,-1.00,-1.00,-1.00,-1.00,-1.00,-1.00,-1.00,391.67,-1.00,-1.00,-1.00,-1.00,-1.00
PERC 199 68
XPUT 199 -1.00,-1.00,-1.00,-1.00,-1.00,-1.00,-1.00,-1.00,-1.00,393.65,-1.00,-1.00,-1.00,-1.00,-1.00
PERC 200 68
XPUT 200 -1.00,-1.00,-1.00,-1.00,-1.00,-1.00,-1.00,-1.00,-1.00,394.30,-1.00,-1.00,-1.00,-1.00,-1.00
PERC 201 68
XPUT 201 -1.00,-1.00,-1.00,-1.00,-1.00,-1.00,-1.00,-1.00,-1.00,394.95,-1.00,-1.00,-1.00,-1.00,-1.00
PERC 202 68
XPUT 202 -1.00,-1.00,-1.00,-1.00,-1.00,-1.00,-1.00,-1.00,-1.00,394.29,-1.00,-1.00,-1.00,-1.00,-1.00
PERC 203 69
XPUT 203 -1.00,-1.00,-1.00,-1.00,-1.00,-1.00,-1.00,-1.00,-1.00,396.22,-1.00,-1.00,-1.00,-1.00,-1.00
PERC 204 69
XPUT 204 -1.00,-1.00,-1.00,-1.00,-1.00,-1.00,-1.00,-1.00,-1.00,399.42,-1.00,-1.00,-1.00,-1.00,-1.00
PERC 205 69
XPUT 205 -1.00,-1.00,-1.00,-1.00,-1.00,-1.00,-1.00,-1.00,-1.00,401.31,-1.00,-1.00,-1.00,-1.00,-1.00
PERC 206 69
XPUT 206 -1.00,-1.00,-1.00,-1.00,-1.00,-1.00,-1.00,-1.00,-1.00,403.18,-1.00,-1.00,-1.00,-1.00,-1.00
PERC 207 70
XPUT 207 -1.00,-1.00,-1.00,-1.00,-1.00,-1.00,-1.00,-1.00,-1.00,406.30,-1.00,-1.00,-1.00,-1.00,-1.00
PERC 208 70
XPUT 208 -1.00,-1.00,-1.00,-1.00,-1.00,-1.00,-1.00,-1.00,-1.00,409.38,-1.00,-1.00,-1.00,-1.00,-1.00
PERC 209 70
XPUT 209 -1.00,-1.00,-1.00,-1.00,-1.00,-1.00,-1.00,-1.00,-1.00,411.19,-1.00,-1.00,-1.00,-1.00,-1.00
PERC 210 70
XPUT 210 -1.00,-1.00,-1.00,-1.00,-1.00,-1.00,-1.00,-1.00,-1.00,411.73,-1.00,-1.00,-1.00,-1.00,-1.00
PERC 211 70
XPUT 211 -1.00,-1.00,-1.00,-1.00,-1.00,-1.00,-1.00,-1.00,-1.00,411.02,-1.00,-1.00,-1.00,-1.00,-1.00
PERC 212 70
XPUT 212 -1.00,-1.00,-1.00,-1.00,-1.00,-1.00,-1.00,-1.00,-1.00,410.32,-1.00,-1.00,-1.00,-1.00,-1.00
PERC 213 70
XPUT 213 -1.00,-1.00,-1.00,-1.00,-1.00,-1.00,-1.00,-1.00,-1.00,410.85,-1.00,-1.00,-1.00,-1.00,-1.00
PERC 214 70
XPUT 214 -1.00,-1.00,-1.00,-1.00,-1.00,-1.00,-1.00,-1.00,-1.00,411.38,-1.00,-1.00,-1.00,-1.00,-1.00
PERC 215 71
XPUT 215 -1.00,-1.00,-1.00,-1.00,-1.00,-1.00,-1.00,-1.00,-1.00,413.13,-1.00,-1.00,-1.00,-1.00,-1.00
PERC 216 71
XPUT 216 -1.00,-1.00,-1.00,-1.00,-1.00,-1.00,-1.00,-1.00,-1.00,413.64,-1.00,-1.00,-1.00,-1.00,-1.00
PERC 217 71
XPUT 217 -1.00,-1.00,-1.00,-1.00,-1.00,-1.00,-1.00,-1.00,-1.00,412.94,-1.00,-1.00,-1.00,-1.00,-1.00
PERC 218 71
XPUT 218 -1.00,-1.00,-1.00,-1.00,-1.00,-1.00,-1.00,-1.00,-1.00,412.25,-1.00,-1.00,-1.00,-1.00,-1.00
PERC 219 71
XPUT 219 -1.00,-1.00,-1.00,-1.00,-1.00,-1.00,-1.00,-1.00,-1.00,412.76,-1.00,-1.00,-1.00,-1.00,-1.00
PERC 220 71
XPUT 220 -1.00,-1.00,-1.00,-1.00,-1.00,-1.00,-1.00,-1.00,-1.00,413.27,-1.00,-1.00,-1.00,-1.00,-1.00
PERC 221 71
XPUT 221 -1.00,-1.00,-1.00,-1.00,-1.00,-1.00,-1.00,-1.00,-1.00,413.77,-1.00,-1.00,-1.00,-1.00,-1.00
PERC 222 71
XPUT 222 -1.00,-1.00,-1.00,-1.00,-1.00,-1.00,-1.00,-1.00,-1.00,413.09,-1.00,-1.00,-1.00,-1.00,-1.00
PERC 223 71
XPUT 223 -1.00,-1.00,-1.00,-1.00,-1.00,-1.00,-1.00,-1.00,-1.00,413.59,-1.00,-1.00,-1.00,-1.00,-1.00
PERC 224 72
XPUT 224 -1.00,-1.00,-1.00,-1.00,-1.00,-1.00,-1.00,-1.00,-1.00,414.08,-1.00,-1.00,-1.00,-1.00,-1.00
PERC 225 72
XPUT 225 -1.00,-1.00,-1.00,-1.00,-1.00,-1.00,-1.00,-1.00,-1.00,414.57,-1.00,-1.00,-1.00,-1.00,-1.00
PERC 226 72
XPUT 226 -1.00,-1.00,-1.00,-1.00,-1.00,-1.00,-1.00,-1.00,-1.00,413.90,-1.00,-1.00,-1.00,-1.00,-1.00
PERC 227 72
XPUT 227 -1.00,-1.00,-1.00,-1.00,-1.00,-1.00,-1.00,-1.00,-1.00,413.23,-1.00,-1.00,-1.00,-1.00,-1.00
PERC 228 72
XPUT 228 -1.00,-1.00,-1.00,-1.00,-1.00,-1.00,-1.00,-1.00,-1.00,413.72,-1.00,-1.00,-1.00,-1.00,-1.00
PERC 229 72
XPUT 229 -1.00,-1.00,-1.00,-1.00,-1.00,-1.00,-1.00,-1.00,-1.00,413.05,-1.00,-1.00,-1.00,-1.00,-1.00
PERC 230 72
XPUT 230 -1.00,-1.00,-1.00,-1.00,-1.00,-1.00,-1.00,-1.00,-1.00,414.68,-1.00,-1.00,-1.00,-1.00,-1.00
PERC 231 72
XPUT 231 -1.00,-1.00,-1.00,-1.00,-1.00,-1.00,-1.00,-1.00,-1.00,416.29,-1.00,-1.00,-1.00,-1.00,-1.00
PERC 232 72
XPUT 232 -1.00,-1.00,-1.00,-1.00,-1.00,-1.00,-1.00,-1.00,-1.00,415.62,-1.00,-1.00,-1.00,-1.00,-1.00
PERC 233 73
XPUT 233 -1.00,-1.00,-1.00,-1.00,-1.00,-1.00,-1.00,-1.00,-1.00,416.09,-1.00,-1.00,-1.00,-1.00,-1.00
PERC 234 73
XPUT 234 -1.00,-1.00,-1.00,-1.00,-1.00,-1.00,-1.00,-1.00,-1.00,416.55,-1.00,-1.00,-1.00,-1.00,-1.00
PERC 235 73
XPUT 235 -1.00,-1.00,-1.00,-1.00,-1.00,-1.00,-1.00,-1.00,-1.00,417.01,-1.00,-1.00,-1.00,-1.00,-1.00
PERC 236 73
XPUT 236 -1.00,-1.00,-1.00,-1.00,-1.00,-1.00,-1.00,-1.00,-1.00,417.46,-1.00,-1.00,-1.00,-1.00,-1.00
PERC 237 73
XPUT 237 -1.00,-1.00,-1.00,-1.00,-1.00,-1.00,-1.00,-1.00,-1.00,417.91,-1.00,-1.00,-1.00,-1.00,-1.00
PERC 238 73
XPUT 238 -1.00,-1.00,-1.00,-1.00,-1.00,-1.00,-1.00,-1.00,-1.00,417.26,-1.00,-1.00,-1.00,-1.00,-1.00
PERC 239 73
XPUT 239 -1.00,-1.00,-1.00,-1.00,-1.00,-1.00,-1.00,-1.00,-1.00,417.71,-1.00,-1.00,-1.00,-1.00,-1.00
PERC 240 73
XPUT 240 -1.00,-1.00,-1.00,-1.00,-1.00,-1.00,-1.00,-1.00,-1.00,419.24,-1.00,-1.00,-1.00,-1.00,-1.00
PERC 241 74
XPUT 241 -1.00,-1.00,-1.00,-1.00,-1.00,-1.00,-1.00,-1.00,-1.00,420.77,-1.00,-1.00,-1.00,-1.00,-1.00
PERC 242 74
XPUT 242 -1.00,-1.00,-1.00,-1.00,-1.00,-1.00,-1.00,-1.00,-1.00,421.20,-1.00,-1.00,-1.00,-1.00,-1.00
PERC 243 74
XPUT 243 -1.00,-1.00,-1.00,-1.00,-1.00,-1.00,-1.00,-1.00,-1.00,420.54,-1.00,-1.00,-1.00,-1.00,-1.00
PERC 244 74
XPUT 244 -1.00,-1.00,-1.00,-1.00,-1.00,-1.00,-1.00,-1.00,-1.00,422.04,-1.00,-1.00,-1.00,-1.00,-1.00
PERC 245 74
XPUT 245 -1.00,-1.00,-1.00,-1.00,-1.00,-1.00,-1.00,-1.00,-1.00,422.46,-1.00,-1.00,-1.00,-1.00,-1.00
PERC 246 74
XPUT 246 -1.00,-1.00,-1.00,-1.00,-1.00,-1.00,-1.00,-1.00,-1.00,422.87,-1.00,-1.00,-1.00,-1.00,-1.00
PERC 247 74
XPUT 247 -1.00,-1.00,-1.00,-1.00,-1.00,-1.00,-1.00,-1.00,-1.00,423.28,-1.00,-1.00,-1.00,-1.00,-1.00
PERC 248 75
XPUT 248 -1.00,-1.00,-1.00,-1.00,-1.00,-1.00,-1.00,-1.00,-1.00,423.69,-1.00,-1.00,-1.00,-1.00,-1.00
PERC 249 75
XPUT 249 -1.00,-1.00,-1.00,-1.00,-1.00,-1.00,-1.00,-1.00,-1.00,425.15,-1.00,-1.00,-1.00,-1.00,-1.00
PERC 250 75
XPUT 250 -1.00,-1.00,-1.00,-1.00,-1.00,-1.00,-1.00,-1.00,-1.00,425.54,-1.00,-1.00,-1.00,-1.00,-1.00
PERC 251 75
XPUT 251 -1.00,-1.00,-1.00,-1.00,-1.00,-1.00,-1.00,-1.00,-1.00,426.98,-1.00,-1.00,-1.00,-1.00,-1.00
PERC 252 75
XPUT 252 -1.00,-1.00,-1.00,-1.00,-1.00,-1.00,-1.00,-1.00,-1.00,428.41,-1.00,-1.00,-1.00,-1.00,-1.00
PERC 253 75
XPUT 253 -1.00,-1.00,-1.00,-1.00,-1.00,-1.00,-1.00,-1.00,-1.00,429.82,-1.00,-1.00,-1.00,-1.00,-1.00
PERC 254 76
XPUT 254 -1.00,-1.00,-1.00,-1.00,-1.00,-1.00,-1.00,-1.00,-1.00,431.23,-1.00,-1.00,-1.00,-1.00,-1.00
PERC 255 76
XPUT 255 -1.00,-1.00,-1.00,-1.00,-1.00,-1.00,-1.00,-1.00,-1.00,431.59,-1.00,-1.00,-1.00,-1.00,-1.00
PERC 256 76
XPUT 256 -1.00,-1.00,-1.00,-1.00,-1.00,-1.00,-1.00,-1.00,-1.00,432.98,-1.00,-1.00,-1.00,-1.00,-1.00
PERC 257 76
XPUT 257 -1.00,-1.00,-1.00,-1.00,-1.00,-1.00,-1.00,-1.00,-1.00,433.33,-1.00,-1.00,-1.00,-1.00,-1.00
PERC 258 76
XPUT 258 -1.00,-1.00,-1.00,-1.00,-1.00,-1.00,-1.00,-1.00,-1.00,434.70,-1.00,-1.00,-1.00,-1.00,-1.00
PERC 259 76
XPUT 259 -1.00,-1.00,-1.00,-1.00,-1.00,-1.00,-1.00,-1.00,-1.00,436.06,-1.00,-1.00,-1.00,-1.00,-1.00
PERC 260 77
XPUT 260 -1.00,-1.00,-1.00,-1.00,-1.00,-1.00,-1.00,-1.00,-1.00,437.41,-1.00,-1.00,-1.00,-1.00,-1.00
PERC 261 77
XPUT 261 -1.00,-1.00,-1.00,-1.00,-1.00,-1.00,-1.00,-1.00,-1.00,438.74,-1.00,-1.00,-1.00,-1.00,-1.00
PERC 262 77
XPUT 262 -1.00,-1.00,-1.00,-1.00,-1.00,-1.00,-1.00,-1.00,-1.00,440.07,-1.00,-1.00,-1.00,-1.00,-1.00
PERC 263 77
XPUT 263 -1.00,-1.00,-1.00,-1.00,-1.00,-1.00,-1.00,-1.00,-1.00,439.39,-1.00,-1.00,-1.00,-1.00,-1.00
PERC 264 77
XPUT 264 -1.00,-1.00,-1.00,-1.00,-1.00,-1.00,-1.00,-1.00,-1.00,439.72,-1.00,-1.00,-1.00,-1.00,-1.00
PERC 265 77
XPUT 265 -1.00,-1.00,-1.00,-1.00,-1.00,-1.00,-1.00,-1.00,-1.00,441.02,-1.00,-1.00,-1.00,-1.00,-1.00
PERC 266 77
XPUT 266 -1.00,-1.00,-1.00,-1.00,-1.00,-1.00,-1.00,-1.00,-1.00,441.34,-1.00,-1.00,-1.00,-1.00,-1.00
PERC 267 78
XPUT 267 -1.00,-1.00,-1.00,-1.00,-1.00,-1.00,-1.00,-1.00,-1.00,441.65,-1.00,-1.00,-1.00,-1.00,-1.00
PERC 268 78
XPUT 268 -1.00,-1.00,-1.00,-1.00,-1.00,-1.00,-1.00,-1.00,-1.00,441.96,-1.00,-1.00,-1.00,-1.00,-1.00
PERC 269 78
XPUT 269 -1.00,-1.00,-1.00,-1.00,-1.00,-1.00,-1.00,-1.00,-1.00,441.29,-1.00,-1.00,-1.00,-1.00,-1.00
PERC 270 78
XPUT 270 -1.00,-1.00,-1.00,-1.00,-1.00,-1.00,-1.00,-1.00,-1.00,441.60,-1.00,-1.00,-1.00,-1.00,-1.00
PERC 271 78
XPUT 271 -1.00,-1.00,-1.00,-1.00,-1.00,-1.00,-1.00,-1.00,-1.00,442.87,-1.00,-1.00,-1.00,-1.00,-1.00
PERC 272 78
XPUT 272 -1.00,-1.00,-1.00,-1.00,-1.00,-1.00,-1.00,-1.00,-1.00,446.06,-1.00,-1.00,-1.00,-1.00,-1.00
PERC 273 79
XPUT 273 -1.00,-1.00,-1.00,-1.00,-1.00,-1.00,-1.00,-1.00,-1.00,448.27,-1.00,-1.00,-1.00,-1.00,-1.00
PERC 274 79
XPUT 274 -1.00,-1.00,-1.00,-1.00,-1.00,-1.00,-1.00,-1.00,-1.00,448.54,-1.00,-1.00,-1.00,-1.00,-1.00
PERC 275 79
XPUT 275 -1.00,-1.00,-1.00,-1.00,-1.00,-1.00,-1.00,-1.00,-1.00,449.77,-1.00,-1.00,-1.00,-1.00,-1.00
PERC 276 79
XPUT 276 -1.00,-1.00,-1.00,-1.00,-1.00,-1.00,-1.00,-1.00,-1.00,452.89,-1.00,-1.00,-1.00,-1.00,-1.00
PERC 277 79
XPUT 277 -1.00,-1.00,-1.00,-1.00,-1.00,-1.00,-1.00,-1.00,-1.00,454.10,-1.00,-1.00,-1.00,-1.00,-1.00
PERC 278 80
XPUT 278 -1.00,-1.00,-1.00,-1.00,-1.00,-1.00,-1.00,-1.00,-1.00,454.35,-1.00,-1.00,-1.00,-1.00,-1.00
PERC 279 80
XPUT 279 -1.00,-1.00,-1.00,-1.00,-1.00,-1.00,-1.00,-1.00,-1.00,455.54,-1.00,-1.00,-1.00,-1.00,-1.00
PERC 280 80
XPUT 280 -1.00,-1.00,-1.00,-1.00,-1.00,-1.00,-1.00,-1.00,-1.00,456.72,-1.00,-1.00,-1.00,-1.00,-1.00
PERC 281 80
XPUT 281 -1.00,-1.00,-1.00,-1.00,-1.00,-1.00,-1.00,-1.00,-1.00,457.89,-1.00,-1.00,-1.00,-1.00,-1.00
PERC 282 80
XPUT 282 -1.00,-1.00,-1.00,-1.00,-1.00,-1.00,-1.00,-1.00,-1.00,458.13,-1.00,-1.00,-1.00,-1.00,-1.00
PERC 283 80
XPUT 283 -1.00,-1.00,-1.00,-1.00,-1.00,-1.00,-1.00,-1.00,-1.00,458.36,-1.00,-1.00,-1.00,-1.00,-1.00
PERC 284 80
XPUT 284 -1.00,-1.00,-1.00,-1.00,-1.00,-1.00,-1.00,-1.00,-1.00,457.67,-1.00,-1.00,-1.00,-1.00,-1.00
PERC 285 81
XPUT 285 -1.00,-1.00,-1.00,-1.00,-1.00,-1.00,-1.00,-1.00,-1.00,457.90,-1.00,-1.00,-1.00,-1.00,-1.00
PERC 286 81
XPUT 286 -1.00,-1.00,-1.00,-1.00,-1.00,-1.00,-1.00,-1.00,-1.00,458.14,-1.00,-1.00,-1.00,-1.00,-1.00
PERC 287 81
XPUT 287 -1.00,-1.00,-1.00,-1.00,-1.00,-1.00,-1.00,-1.00,-1.00,458.37,-1.00,-1.00,-1.00,-1.00,-1.00
PERC 288 81
XPUT 288 -1.00,-1.00,-1.00,-1.00,-1.00,-1.00,-1.00,-1.00,-1.00,461.33,-1.00,-1.00,-1.00,-1.00,-1.00
PERC 289 81
XPUT 289 -1.00,-1.00,-1.00,-1.00,-1.00,-1.00,-1.00,-1.00,-1.00,461.54,-1.00,-1.00,-1.00,-1.00,-1.00
PERC 290 81
XPUT 290 -1.00,-1.00,-1.00,-1.00,-1.00,-1.00,-1.00,-1.00,-1.00,462.67,-1.00,-1.00,-1.00,-1.00,-1.00
PERC 291 82
XPUT 291 -1.00,-1.00,-1.00,-1.00,-1.00,-1.00,-1.00,-1.00,-1.00,463.78,-1.00,-1.00,-1.00,-1.00,-1.00
PERC 292 82
XPUT 292 -1.00,-1.00,-1.00,-1.00,-1.00,-1.00,-1.00,-1.00,-1.00,466.68,-1.00,-1.00,-1.00,-1.00,-1.00
PERC 293 82
XPUT 293 -1.00,-1.00,-1.00,-1.00,-1.00,-1.00,-1.00,-1.00,-1.00,468.66,-1.00,-1.00,-1.00,-1.00,-1.00
PERC 294 82
XPUT 294 -1.00,-1.00,-1.00,-1.00,-1.00,-1.00,-1.00,-1.00,-1.00,469.75,-1.00,-1.00,-1.00,-1.00,-1.00
PERC 295 83
XPUT 295 -1.00,-1.00,-1.00,-1.00,-1.00,-1.00,-1.00,-1.00,-1.00,470.82,-1.00,-1.00,-1.00,-1.00,-1.00
PERC 296 83
XPUT 296 -1.00,-1.00,-1.00,-1.00,-1.00,-1.00,-1.00,-1.00,-1.00,470.11,-1.00,-1.00,-1.00,-1.00,-1.00
PERC 297 83
XPUT 297 -1.00,-1.00,-1.00,-1.00,-1.00,-1.00,-1.00,-1.00,-1.00,472.06,-1.00,-1.00,-1.00,-1.00,-1.00
PERC 298 83
XPUT 298 -1.00,-1.00,-1.00,-1.00,-1.00,-1.00,-1.00,-1.00,-1.00,472.24,-1.00,-1.00,-1.00,-1.00,-1.00
PERC 299 83
XPUT 299 -1.00,-1.00,-1.00,-1.00,-1.00,-1.00,-1.00,-1.00,-1.00,471.53,-1.00,-1.00,-1.00,-1.00,-1.00
PERC 300 83
XPUT 300 -1.00,-1.00,-1.00,-1.00,-1.00,-1.00,-1.00,-1.00,-1.00,471.71,-1.00,-1.00,-1.00,-1.00,-1.00
PERC 301 83
XPUT 301 -1.00,-1.00,-1.00,-1.00,-1.00,-1.00,-1.00,-1.00,-1.00,471.88,-1.00,-1.00,-1.00,-1.00,-1.00
PERC 302 83
XPUT 302 -1.00,-1.00,-1.00,-1.00,-1.00,-1.00,-1.00,-1.00,-1.00,471.19,-1.00,-1.00,-1.00,-1.00,-1.00
PERC 303 84
XPUT 303 -1.00,-1.00,-1.00,-1.00,-1.00,-1.00,-1.00,-1.00,-1.00,471.37,-1.00,-1.00,-1.00,-1.00,-1.00
PERC 304 84
XPUT 304 -1.00,-1.00,-1.00,-1.00,-1.00,-1.00,-1.00,-1.00,-1.00,471.54,-1.00,-1.00,-1.00,-1.00,-1.00
PERC 305 84
XPUT 305 -1.00,-1.00,-1.00,-1.00,-1.00,-1.00,-1.00,-1.00,-1.00,471.71,-1.00,-1.00,-1.00,-1.00,-1.00
PERC 306 84
XPUT 306 -1.00,-1.00,-1.00,-1.00,-1.00,-1.00,-1.00,-1.00,-1.00,471.88,-1.00,-1.00,-1.00,-1.00,-1.00
PERC 307 84
XPUT 307 -1.00,-1.00,-1.00,-1.00,-1.00,-1.00,-1.00,-1.00,-1.00,472.91,-1.00,-1.00,-1.00,-1.00,-1.00
PERC 308 84
XPUT 308 -1.00,-1.00,-1.00,-1.00,-1.00,-1.00,-1.00,-1.00,-1.00,472.22,-1.00,-1.00,-1.00,-1.00,-1.00
PERC 309 84
XPUT 309 -1.00,-1.00,-1.00,-1.00,-1.00,-1.00,-1.00,-1.00,-1.00,472.39,-1.00,-1.00,-1.00,-1.00,-1.00
PERC 310 84
XPUT 310 -1.00,-1.00,-1.00,-1.00,-1.00,-1.00,-1.00,-1.00,-1.00,473.41,-1.00,-1.00,-1.00,-1.00,-1.00
PERC 311 85
XPUT 311 -1.00,-1.00,-1.00,-1.00,-1.00,-1.00,-1.00,-1.00,-1.00,473.57,-1.00,-1.00,-1.00,-1.00,-1.00
PERC 312 85
XPUT 312 -1.00,-1.00,-1.00,-1.00,-1.00,-1.00,-1.00,-1.00,-1.00,474.57,-1.00,-1.00,-1.00,-1.00,-1.00
PERC 313 85
XPUT 313 -1.00,-1.00,-1.00,-1.00,-1.00,-1.00,-1.00,-1.00,-1.00,475.57,-1.00,-1.00,-1.00,-1.00,-1.00
PERC 314 85
XPUT 314 -1.00,-1.00,-1.00,-1.00,-1.00,-1.00,-1.00,-1.00,-1.00,476.56,-1.00,-1.00,-1.00,-1.00,-1.00
PERC 315 85
XPUT 315 -1.00,-1.00,-1.00,-1.00,-1.00,-1.00,-1.00,-1.00,-1.00,477.54,-1.00,-1.00,-1.00,-1.00,-1.00
PERC 316 85
XPUT 316 -1.00,-1.00,-1.00,-1.00,-1.00,-1.00,-1.00,-1.00,-1.00,477.69,-1.00,-1.00,-1.00,-1.00,-1.00
PERC 317 86
XPUT 317 -1.00,-1.00,-1.00,-1.00,-1.00,-1.00,-1.00,-1.00,-1.00,477.84,-1.00,-1.00,-1.00,-1.00,-1.00
PERC 318 86
XPUT 318 -1.00,-1.00,-1.00,-1.00,-1.00,-1.00,-1.00,-1.00,-1.00,477.98,-1.00,-1.00,-1.00,-1.00,-1.00
PERC 319 86
XPUT 319 -1.00,-1.00,-1.00,-1.00,-1.00,-1.00,-1.00,-1.00,-1.00,478.13,-1.00,-1.00,-1.00,-1.00,-1.00
PERC 320 86
XPUT 320 -1.00,-1.00,-1.00,-1.00,-1.00,-1.00,-1.00,-1.00,-1.00,477.45,-1.00,-1.00,-1.00,-1.00,-1.00
PERC 321 86
XPUT 321 -1.00,-1.00,-1.00,-1.00,-1.00,-1.00,-1.00,-1.00,-1.00,476.78,-1.00,-1.00,-1.00,-1.00,-1.00
PERC 322 86
XPUT 322 -1.00,-1.00,-1.00,-1.00,-1.00,-1.00,-1.00,-1.00,-1.00,476.12,-1.00,-1.00,-1.00,-1.00,-1.00
PERC 323 86
XPUT 323 -1.00,-1.00,-1.00,-1.00,-1.00,-1.00,-1.00,-1.00,-1.00,475.45,-1.00,-1.00,-1.00,-1.00,-1.00
PERC 324 86
XPUT 324 -1.00,-1.00,-1.00,-1.00,-1.00,-1.00,-1.00,-1.00,-1.00,474.80,-1.00,-1.00,-1.00,-1.00,-1.00
PERC 325 86
XPUT 325 -1.00,-1.00,-1.00,-1.00,-1.00,-1.00,-1.00,-1.00,-1.00,475.75,-1.00,-1.00,-1.00,-1.00,-1.00
PERC 326 86
XPUT 326 -1.00,-1.00,-1.00,-1.00,-1.00,-1.00,-1.00,-1.00,-1.00,475.90,-1.00,-1.00,-1.00,-1.00,-1.00
PERC 327 87
XPUT 327 -1.00,-1.00,-1.00,-1.00,-1.00,-1.00,-1.00,-1.00,-1.00,476.85,-1.00,-1.00,-1.00,-1.00,-1.00
PERC 328 87
XPUT 328 -1.00,-1.00,-1.00,-1.00,-1.00,-1.00,-1.00,-1.00,-1.00,476.20,-1.00,-1.00,-1.00,-1.00,-1.00
PERC 329 87
XPUT 329 -1.00,-1.00,-1.00,-1.00,-1.00,-1.00,-1.00,-1.00,-1.00,476.34,-1.00,-1.00,-1.00,-1.00,-1.00
PERC 330 87
XPUT 330 -1.00,-1.00,-1.00,-1.00,-1.00,-1.00,-1.00,-1.00,-1.00,477.28,-1.00,-1.00,-1.00,-1.00,-1.00
PERC 331 87
XPUT 331 -1.00,-1.00,-1.00,-1.00,-1.00,-1.00,-1.00,-1.00,-1.00,478.22,-1.00,-1.00,-1.00,-1.00,-1.00
PERC 332 87
XPUT 332 -1.00,-1.00,-1.00,-1.00,-1.00,-1.00,-1.00,-1.00,-1.00,477.57,-1.00,-1.00,-1.00,-1.00,-1.00
PERC 333 87
XPUT 333 -1.00,-1.00,-1.00,-1.00,-1.00,-1.00,-1.00,-1.00,-1.00,477.71,-1.00,-1.00,-1.00,-1.00,-1.00
PERC 334 88
XPUT 334 -1.00,-1.00,-1.00,-1.00,-1.00,-1.00,-1.00,-1.00,-1.00,477.85,-1.00,-1.00,-1.00,-1.00,-1.00
PERC 335 88
XPUT 335 -1.00,-1.00,-1.00,-1.00,-1.00,-1.00,-1.00,-1.00,-1.00,477.99,-1.00,-1.00,-1.00,-1.00,-1.00
PERC 336 88
XPUT 336 -1.00,-1.00,-1.00,-1.00,-1.00,-1.00,-1.00,-1.00,-1.00,478.90,-1.00,-1.00,-1.00,-1.00,-1.00
PERC 337 88
XPUT 337 -1.00,-1.00,-1.00,-1.00,-1.00,-1.00,-1.00,-1.00,-1.00,479.82,-1.00,-1.00,-1.00,-1.00,-1.00
PERC 338 88
XPUT 338 -1.00,-1.00,-1.00,-1.00,-1.00,-1.00,-1.00,-1.00,-1.00,481.50,-1.00,-1.00,-1.00,-1.00,-1.00
PERC 339 88
XPUT 339 -1.00,-1.00,-1.00,-1.00,-1.00,-1.00,-1.00,-1.00,-1.00,482.40,-1.00,-1.00,-1.00,-1.00,-1.00
PERC 340 89
XPUT 340 -1.00,-1.00,-1.00,-1.00,-1.00,-1.00,-1.00,-1.00,-1.00,483.29,-1.00,-1.00,-1.00,-1.00,-1.00
PERC 341 89
XPUT 341 -1.00,-1.00,-1.00,-1.00,-1.00,-1.00,-1.00,-1.00,-1.00,484.18,-1.00,-1.00,-1.00,-1.00,-1.00
PERC 342 89
XPUT 342 -1.00,-1.00,-1.00,-1.00,-1.00,-1.00,-1.00,-1.00,-1.00,485.07,-1.00,-1.00,-1.00,-1.00,-1.00
PERC 343 89
XPUT 343 -1.00,-1.00,-1.00,-1.00,-1.00,-1.00,-1.00,-1.00,-1.00,485.18,-1.00,-1.00,-1.00,-1.00,-1.00
PERC 344 89
XPUT 344 -1.00,-1.00,-1.00,-1.00,-1.00,-1.00,-1.00,-1.00,-1.00,484.53,-1.00,-1.00,-1.00,-1.00,-1.00
PERC 345 89
XPUT 345 -1.00,-1.00,-1.00,-1.00,-1.00,-1.00,-1.00,-1.00,-1.00,485.41,-1.00,-1.00,-1.00,-1.00,-1.00
PERC 346 89
XPUT 346 -1.00,-1.00,-1.00,-1.00,-1.00,-1.00,-1.00,-1.00,-1.00,484.76,-1.00,-1.00,-1.00,-1.00,-1.00
PERC 347 90
XPUT 347 -1.00,-1.00,-1.00,-1.00,-1.00,-1.00,-1.00,-1.00,-1.00,485.63,-1.00,-1.00,-1.00,-1.00,-1.00
PERC 348 90
XPUT 348 -1.00,-1.00,-1.00,-1.00,-1.00,-1.00,-1.00,-1.00,-1.00,486.49,-1.00,-1.00,-1.00,-1.00,-1.00
PERC 349 90
XPUT 349 -1.00,-1.00,-1.00,-1.00,-1.00,-1.00,-1.00,-1.00,-1.00,486.60,-1.00,-1.00,-1.00,-1.00,-1.00
PERC 350 90
XPUT 350 -1.00,-1.00,-1.00,-1.00,-1.00,-1.00,-1.00,-1.00,-1.00,486.71,-1.00,-1.00,-1.00,-1.00,-1.00
PERC 351 90
XPUT 351 -1.00,-1.00,-1.00,-1.00,-1.00,-1.00,-1.00,-1.00,-1.00,487.56,-1.00,-1.00,-1.00,-1.00,-1.00
PERC 352 90
XPUT 352 -1.00,-1.00,-1.00,-1.00,-1.00,-1.00,-1.00,-1.00,-1.00,487.67,-1.00,-1.00,-1.00,-1.00,-1.00
PERC 353 91
XPUT 353 -1.00,-1.00,-1.00,-1.00,-1.00,-1.00,-1.00,-1.00,-1.00,489.26,-1.00,-1.00,-1.00,-1.00,-1.00
PERC 354 91
XPUT 354 -1.00,-1.00,-1.00,-1.00,-1.00,-1.00,-1.00,-1.00,-1.00,490.10,-1.00,-1.00,-1.00,-1.00,-1.00
PERC 355 91
XPUT 355 -1.00,-1.00,-1.00,-1.00,-1.00,-1.00,-1.00,-1.00,-1.00,490.19,-1.00,-1.00,-1.00,-1.00,-1.00
PERC 356 91
XPUT 356 -1.00,-1.00,-1.00,-1.00,-1.00,-1.00,-1.00,-1.00,-1.00,490.29,-1.00,-1.00,-1.00,-1.00,-1.00
PERC 357 91
XPUT 357 -1.00,-1.00,-1.00,-1.00,-1.00,-1.00,-1.00,-1.00,-1.00,489.65,-1.00,-1.00,-1.00,-1.00,-1.00
PERC 358 91
XPUT 358 -1.00,-1.00,-1.00,-1.00,-1.00,-1.00,-1.00,-1.00,-1.00,490.48,-1.00,-1.00,-1.00,-1.00,-1.00
PERC 359 92
XPUT 359 -1.00,-1.00,-1.00,-1.00,-1.00,-1.00,-1.00,-1.00,-1.00,491.30,-1.00,-1.00,-1.00,-1.00,-1.00
PERC 360 92
XPUT 360 -1.00,-1.00,-1.00,-1.00,-1.00,-1.00,-1.00,-1.00,-1.00,491.40,-1.00,-1.00,-1.00,-1.00,-1.00
PERC 361 92
XPUT 361 -1.00,-1.00,-1.00,-1.00,-1.00,-1.00,-1.00,-1.00,-1.00,492.21,-1.00,-1.00,-1.00,-1.00,-1.00
PERC 362 92
XPUT 362 -1.00,-1.00,-1.00,-1.00,-1.00,-1.00,-1.00,-1.00,-1.00,493.75,-1.00,-1.00,-1.00,-1.00,-1.00
PERC 363 92
XPUT 363 -1.00,-1.00,-1.00,-1.00,-1.00,-1.00,-1.00,-1.00,-1.00,494.56,-1.00,-1.00,-1.00,-1.00,-1.00
PERC 364 92
XPUT 364 -1.00,-1.00,-1.00,-1.00,-1.00,-1.00,-1.00,-1.00,-1.00,495.36,-1.00,-1.00,-1.00,-1.00,-1.00
PERC 365 93
XPUT 365 -1.00,-1.00,-1.00,-1.00,-1.00,-1.00,-1.00,-1.00,-1.00,496.16,-1.00,-1.00,-1.00,-1.00,-1.00
PERC 366 93
XPUT 366 -1.00,-1.00,-1.00,-1.00,-1.00,-1.00,-1.00,-1.00,-1.00,497.66,-1.00,-1.00,-1.00,-1.00,-1.00
PERC 367 93
XPUT 367 -1.00,-1.00,-1.00,-1.00,-1.00,-1.00,-1.00,-1.00,-1.00,499.88,-1.00,-1.00,-1.00,-1.00,-1.00
PERC 368 93
XPUT 368 -1.00,-1.00,-1.00,-1.00,-1.00,-1.00,-1.00,-1.00,-1.00,500.66,-1.00,-1.00,-1.00,-1.00,-1.00
PERC 369 94
XPUT 369 -1.00,-1.00,-1.00,-1.00,-1.00,-1.00,-1.00,-1.00,-1.00,500.72,-1.00,-1.00,-1.00,-1.00,-1.00
PERC 370 94
XPUT 370 -1.00,-1.00,-1.00,-1.00,-1.00,-1.00,-1.00,-1.00,-1.00,502.20,-1.00,-1.00,-1.00,-1.00,-1.00
PERC 371 94
XPUT 371 -1.00,-1.00,-1.00,-1.00,-1.00,-1.00,-1.00,-1.00,-1.00,502.26,-1.00,-1.00,-1.00,-1.00,-1.00
PERC 372 94
XPUT 372 -1.00,-1.00,-1.00,-1.00,-1.00,-1.00,-1.00,-1.00,-1.00,503.03,-1.00,-1.00,-1.00,-1.00,-1.00
PERC 373 94
XPUT 373 -1.00,-1.00,-1.00,-1.00,-1.00,-1.00,-1.00,-1.00,-1.00,503.79,-1.00,-1.00,-1.00,-1.00,-1.00
PERC 374 95
XPUT 374 -1.00,-1.00,-1.00,-1.00,-1.00,-1.00,-1.00,-1.00,-1.00,505.24,-1.00,-1.00,-1.00,-1.00,-1.00
PERC 375 95
XPUT 375 -1.00,-1.00,-1.00,-1.00,-1.00,-1.00,-1.00,-1.00,-1.00,506.69,-1.00,-1.00,-1.00,-1.00,-1.00
PERC 376 95
XPUT 376 -1.00,-1.00,-1.00,-1.00,-1.00,-1.00,-1.00,-1.00,-1.00,506.04,-1.00,-1.00,-1.00,-1.00,-1.00
PERC 377 95
XPUT 377 -1.00,-1.00,-1.00,-1.00,-1.00,-1.00,-1.00,-1.00,-1.00,505.39,-1.00,-1.00,-1.00,-1.00,-1.00
PERC 378 95
XPUT 378 -1.00,-1.00,-1.00,-1.00,-1.00,-1.00,-1.00,-1.00,-1.00,506.14,-1.00,-1.00,-1.00,-1.00,-1.00
PERC 379 95
XPUT 379 -1.00,-1.00,-1.00,-1.00,-1.00,-1.00,-1.00,-1.00,-1.00,505.49,-1.00,-1.00,-1.00,-1.00,-1.00
PERC 380 95
XPUT 380 -1.00,-1.00,-1.00,-1.00,-1.00,-1.00,-1.00,-1.00,-1.00,504.85,-1.00,-1.00,-1.00,-1.00,-1.00
PERC 381 95
XPUT 381 -1.00,-1.00,-1.00,-1.00,-1.00,-1.00,-1.00,-1.00,-1.00,504.22,-1.00,-1.00,-1.00,-1.00,-1.00
PERC 382 95
XPUT 382 -1.00,-1.00,-1.00,-1.00,-1.00,-1.00,-1.00,-1.00,-1.00,504.27,-1.00,-1.00,-1.00,-1.00,-1.00
PERC 383 96
XPUT 383 -1.00,-1.00,-1.00,-1.00,-1.00,-1.00,-1.00,-1.00,-1.00,504.32,-1.00,-1.00,-1.00,-1.00,-1.00
PERC 384 96
XPUT 384 -1.00,-1.00,-1.00,-1.00,-1.00,-1.00,-1.00,-1.00,-1.00,504.37,-1.00,-1.00,-1.00,-1.00,-1.00
PERC 385 96
XPUT 385 -1.00,-1.00,-1.00,-1.00,-1.00,-1.00,-1.00,-1.00,-1.00,505.11,-1.00,-1.00,-1.00,-1.00,-1.00
PERC 386 96
XPUT 386 -1.00,-1.00,-1.00,-1.00,-1.00,-1.00,-1.00,-1.00,-1.00,505.16,-1.00,-1.00,-1.00,-1.00,-1.00
PERC 387 96
XPUT 387 -1.00,-1.00,-1.00,-1.00,-1.00,-1.00,-1.00,-1.00,-1.00,507.24,-1.00,-1.00,-1.00,-1.00,-1.00
PERC 388 97
XPUT 388 -1.00,-1.00,-1.00,-1.00,-1.00,-1.00,-1.00,-1.00,-1.00,508.63,-1.00,-1.00,-1.00,-1.00,-1.00
PERC 389 97
XPUT 389 -1.00,-1.00,-1.00,-1.00,-1.00,-1.00,-1.00,-1.00,-1.00,510.69,-1.00,-1.00,-1.00,-1.00,-1.00
PERC 390 97
XPUT 390 -1.00,-1.00,-1.00,-1.00,-1.00,-1.00,-1.00,-1.00,-1.00,510.73,-1.00,-1.00,-1.00,-1.00,-1.00
PERC 391 97
XPUT 391 -1.00,-1.00,-1.00,-1.00,-1.00,-1.00,-1.00,-1.00,-1.00,510.76,-1.00,-1.00,-1.00,-1.00,-1.00
PERC 392 97
XPUT 392 -1.00,-1.00,-1.00,-1.00,-1.00,-1.00,-1.00,-1.00,-1.00,511.47,-1.00,-1.00,-1.00,-1.00,-1.00
PERC 393 98
XPUT 393 -1.00,-1.00,-1.00,-1.00,-1.00,-1.00,-1.00,-1.00,-1.00,512.83,-1.00,-1.00,-1.00,-1.00,-1.00
PERC 394 98
XPUT 394 -1.00,-1.00,-1.00,-1.00,-1.00,-1.00,-1.00,-1.00,-1.00,512.86,-1.00,-1.00,-1.00,-1.00,-1.00
PERC 395 98
XPUT 395 -1.00,-1.00,-1.00,-1.00,-1.00,-1.00,-1.00,-1.00,-1.00,512.89,-1.00,-1.00,-1.00,-1.00,-1.00
PERC 396 98
XPUT 396 -1.00,-1.00,-1.00,-1.00,-1.00,-1.00,-1.00,-1.00,-1.00,513.58,-1.00,-1.00,-1.00,-1.00,-1.00
PERC 397 98
XPUT 397 -1.00,-1.00,-1.00,-1.00,-1.00,-1.00,-1.00,-1.00,-1.00,514.27,-1.00,-1.00,-1.00,-1.00,-1.00
PERC 398 98
XPUT 398 -1.00,-1.00,-1.00,-1.00,-1.00,-1.00,-1.00,-1.00,-1.00,513.64,-1.00,-1.00,-1.00,-1.00,-1.00
PERC 399 98
XPUT 399 -1.00,-1.00,-1.00,-1.00,-1.00,-1.00,-1.00,-1.00,-1.00,513.66,-1.00,-1.00,-1.00,-1.00,-1.00
PERC 400 99
XPUT 400 -1.00,-1.00,-1.00,-1.00,-1.00,-1.00,-1.00,-1.00,-1.00,514.35,-1.00,-1.00,-1.00,-1.00,-1.00
PERC 401 99
XPUT 401 -1.00,-1.00,-1.00,-1.00,-1.00,-1.00,-1.00,-1.00,-1.00,515.02,-1.00,-1.00,-1.00,-1.00,-1.00
PERC 402 99
XPUT 402 -1.00,-1.00,-1.00,-1.00,-1.00,-1.00,-1.00,-1.00,-1.00,516.35,-1.00,-1.00,-1.00,-1.00,-1.00
PERC 403 99
XPUT 403 -1.00,-1.00,-1.00,-1.00,-1.00,-1.00,-1.00,-1.00,-1.00,517.02,-1.00,-1.00,-1.00,-1.00,-1.00
PERC 404 99
XPUT 404 -1.00,-1.00,-1.00,-1.00,-1.00,-1.00,-1.00,-1.00,-1.00,518.34,-1.00,-1.00,-1.00,-1.00,-1.00
PERC 405 100
XPUT 405 -1.00,-1.00,-1.00,-1.00,-1.00,-1.00,-1.00,-1.00,-1.00,517.82,-1.00,-1.00,-1.00,-1.00,-1.00
