6 0 2 3.5 U. of Georgia
PERC 0 0
PERC 1 0
PERC 2 0
PERC 3 0
PERC 4 0
PERC 5 0
PERC 6 0
PERC 7 0
PERC 8 0
PERC 9 0
PERC 10 0
PERC 11 0
PERC 12 0
PERC 13 0
PERC 14 0
PERC 15 0
XPUT 15 -1.00,-1.00,-1.00,-1.00,-1.00,-1.00,-1.00,-1.00,-1.00,-1.00,-1.00,-1.00,-1.00,-1.00,-1.00
PERC 16 27
XPUT 16 -1.00,-1.00,-1.00,-1.00,-1.00,-1.00,-1.00,-1.00,-1.00,-1.00,-1.00,-1.00,-1.00,-1.00,-1.00
PERC 17 50
XPUT 17 -1.00,-1.00,-1.00,-1.00,-1.00,-1.00,-1.00,-1.00,-1.00,89.89,-1.00,-1.00,-1.00,-1.00,-1.00
PERC 18 51
XPUT 18 -1.00,-1.00,-1.00,-1.00,-1.00,-1.00,-1.00,-1.00,-1.00,405.29,-1.00,-1.00,-1.00,-1.00,-1.00
PERC 19 53
XPUT 19 -1.00,-1.00,-1.00,-1.00,-1.00,-1.00,-1.00,-1.00,-1.00,728.89,-1.00,-1.00,-1.00,-1.00,-1.00
PERC 20 54
XPUT 20 -1.00,-1.00,-1.00,-1.00,-1.00,-1.00,-1.00,-1.00,-1.00,954.59,-1.00,-1.00,-1.00,-1.00,-1.00
PERC 21 55
XPUT 21 -1.00,-1.00,-1.00,-1.00,-1.00,-1.00,-1.00,-1.00,-1.00,1158.79,-1.00,-1.00,-1.00,-1.00,-1.00
PERC 22 57
XPUT 22 -1.00,-1.00,-1.00,-1.00,-1.00,-1.00,-1.00,-1.00,-1.00,1380.18,-1.00,-1.00,-1.00,-1.00,-1.00
PERC 23 58
XPUT 23 -1.00,-1.00,-1.00,-1.00,-1.00,-1.00,-1.00,-1.00,-1.00,1605.11,-1.00,-1.00,-1.00,-1.00,-1.00
PERC 24 60
XPUT 24 -1.00,-1.00,-1.00,-1.00,-1.00,-1.00,-1.00,-1.00,-1.00,1767.61,-1.00,-1.00,-1.00,-1.00,-1.00
PERC 25 61
XPUT 25 -1.00,-1.00,-1.00,-1.00,-1.00,-1.00,-1.00,-1.00,-1.00,1927.59,-1.00,-1.00,-1.00,-1.00,-1.00
PERC 26 62
XPUT 26 -1.00,-1.00,-1.00,-1.00,-1.00,-1.00,-1.00,-1.00,-1.00,2065.18,-1.00,-1.00,-1.00,-1.00,-1.00
PERC 27 64
XPUT 27 -1.00,-1.00,-1.00,-1.00,-1.00,-1.00,-1.00,-1.00,-1.00,2182.87,-1.00,-1.00,-1.00,-1.00,-1.00
PERC 28 65
XPUT 28 -1.00,-1.00,-1.00,-1.00,-1.00,-1.00,-1.00,-1.00,-1.00,2273.44,-1.00,-1.00,-1.00,-1.00,-1.00
PERC 29 66
XPUT 29 -1.00,-1.00,-1.00,-1.00,-1.00,-1.00,-1.00,-1.00,-1.00,2339.67,-1.00,-1.00,-1.00,-1.00,-1.00
PERC 30 67
XPUT 30 -1.00,-1.00,-1.00,-1.00,-1.00,-1.00,-1.00,-1.00,-1.00,2410.23,-1.00,-1.00,-1.00,-1.00,-1.00
PERC 31 68
XPUT 31 -1.00,-1.00,-1.00,-1.00,-1.00,-1.00,-1.00,-1.00,-1.00,2476.24,-1.00,-1.00,-1.00,-1.00,-1.00
PERC 32 69
XPUT 32 -1.00,-1.00,-1.00,-1.00,-1.00,-1.00,-1.00,-1.00,-1.00,2554.50,-1.00,-1.00,-1.00,-1.00,-1.00
PERC 33 70
XPUT 33 -1.00,-1.00,-1.00,-1.00,-1.00,-1.00,-1.00,-1.00,-1.00,2596.25,-1.00,-1.00,-1.00,-1.00,-1.00
PERC 34 71
XPUT 34 -1.00,-1.00,-1.00,-1.00,-1.00,-1.00,-1.00,-1.00,-1.00,2635.54,-1.00,-1.00,-1.00,-1.00,-1.00
PERC 35 72
XPUT 35 -1.00,-1.00,-1.00,-1.00,-1.00,-1.00,-1.00,-1.00,-1.00,2665.10,-1.00,-1.00,-1.00,-1.00,-1.00
PERC 36 73
XPUT 36 -1.00,-1.00,-1.00,-1.00,-1.00,-1.00,-1.00,-1.00,-1.00,2700.30,-1.00,-1.00,-1.00,-1.00,-1.00
PERC 37 74
XPUT 37 -1.00,-1.00,-1.00,-1.00,-1.00,-1.00,-1.00,-1.00,-1.00,2747.76,-1.00,-1.00,-1.00,-1.00,-1.00
PERC 38 75
XPUT 38 -1.00,-1.00,-1.00,-1.00,-1.00,-1.00,-1.00,-1.00,-1.00,2785.83,-1.00,-1.00,-1.00,-1.00,-1.00
PERC 39 76
XPUT 39 -1.00,-1.00,-1.00,-1.00,-1.00,-1.00,-1.00,-1.00,-1.00,2808.50,-1.00,-1.00,-1.00,-1.00,-1.00
PERC 40 76
XPUT 40 -1.00,-1.00,-1.00,-1.00,-1.00,-1.00,-1.00,-1.00,-1.00,2816.93,-1.00,-1.00,-1.00,-1.00,-1.00
PERC 41 77
XPUT 41 -1.00,-1.00,-1.00,-1.00,-1.00,-1.00,-1.00,-1.00,-1.00,2831.34,-1.00,-1.00,-1.00,-1.00,-1.00
PERC 42 78
XPUT 42 -1.00,-1.00,-1.00,-1.00,-1.00,-1.00,-1.00,-1.00,-1.00,2838.83,-1.00,-1.00,-1.00,-1.00,-1.00
PERC 43 78
XPUT 43 -1.00,-1.00,-1.00,-1.00,-1.00,-1.00,-1.00,-1.00,-1.00,2809.39,-1.00,-1.00,-1.00,-1.00,-1.00
PERC 44 79
XPUT 44 -1.00,-1.00,-1.00,-1.00,-1.00,-1.00,-1.00,-1.00,-1.00,2787.24,-1.00,-1.00,-1.00,-1.00,-1.00
PERC 45 80
XPUT 45 -1.00,-1.00,-1.00,-1.00,-1.00,-1.00,-1.00,-1.00,-1.00,2806.86,-1.00,-1.00,-1.00,-1.00,-1.00
PERC 46 81
XPUT 46 -1.00,-1.00,-1.00,-1.00,-1.00,-1.00,-1.00,-1.00,-1.00,2848.42,-1.00,-1.00,-1.00,-1.00,-1.00
PERC 47 82
XPUT 47 -1.00,-1.00,-1.00,-1.00,-1.00,-1.00,-1.00,-1.00,-1.00,2888.21,-1.00,-1.00,-1.00,-1.00,-1.00
PERC 48 83
XPUT 48 -1.00,-1.00,-1.00,-1.00,-1.00,-1.00,-1.00,-1.00,-1.00,2926.34,-1.00,-1.00,-1.00,-1.00,-1.00
PERC 49 84
XPUT 49 -1.00,-1.00,-1.00,-1.00,-1.00,-1.00,-1.00,-1.00,-1.00,2968.27,-1.00,-1.00,-1.00,-1.00,-1.00
PERC 50 86
XPUT 50 -1.00,-1.00,-1.00,-1.00,-1.00,-1.00,-1.00,-1.00,-1.00,3024.25,-1.00,-1.00,-1.00,-1.00,-1.00
PERC 51 86
XPUT 51 -1.00,-1.00,-1.00,-1.00,-1.00,-1.00,-1.00,-1.00,-1.00,3042.05,-1.00,-1.00,-1.00,-1.00,-1.00
PERC 52 87
XPUT 52 -1.00,-1.00,-1.00,-1.00,-1.00,-1.00,-1.00,-1.00,-1.00,3054.12,-1.00,-1.00,-1.00,-1.00,-1.00
PERC 53 88
XPUT 53 -1.00,-1.00,-1.00,-1.00,-1.00,-1.00,-1.00,-1.00,-1.00,3070.69,-1.00,-1.00,-1.00,-1.00,-1.00
PERC 54 89
XPUT 54 -1.00,-1.00,-1.00,-1.00,-1.00,-1.00,-1.00,-1.00,-1.00,3091.50,-1.00,-1.00,-1.00,-1.00,-1.00
PERC 55 90
XPUT 55 -1.00,-1.00,-1.00,-1.00,-1.00,-1.00,-1.00,-1.00,-1.00,3111.55,-1.00,-1.00,-1.00,-1.00,-1.00
PERC 56 91
XPUT 56 -1.00,-1.00,-1.00,-1.00,-1.00,-1.00,-1.00,-1.00,-1.00,3130.88,-1.00,-1.00,-1.00,-1.00,-1.00
PERC 57 92
XPUT 57 -1.00,-1.00,-1.00,-1.00,-1.00,-1.00,-1.00,-1.00,-1.00,3144.94,-1.00,-1.00,-1.00,-1.00,-1.00
PERC 58 93
XPUT 58 -1.00,-1.00,-1.00,-1.00,-1.00,-1.00,-1.00,-1.00,-1.00,3149.48,-1.00,-1.00,-1.00,-1.00,-1.00
PERC 59 94
XPUT 59 -1.00,-1.00,-1.00,-1.00,-1.00,-1.00,-1.00,-1.00,-1.00,3176.07,-1.00,-1.00,-1.00,-1.00,-1.00
PERC 60 95
XPUT 60 -1.00,-1.00,-1.00,-1.00,-1.00,-1.00,-1.00,-1.00,-1.00,3193.04,-1.00,-1.00,-1.00,-1.00,-1.00
PERC 61 96
XPUT 61 -1.00,-1.00,-1.00,-1.00,-1.00,-1.00,-1.00,-1.00,-1.00,3209.46,-1.00,-1.00,-1.00,-1.00,-1.00
PERC 62 97
XPUT 62 -1.00,-1.00,-1.00,-1.00,-1.00,-1.00,-1.00,-1.00,-1.00,3221.11,-1.00,-1.00,-1.00,-1.00,-1.00
PERC 63 98
XPUT 63 -1.00,-1.00,-1.00,-1.00,-1.00,-1.00,-1.00,-1.00,-1.00,3219.92,-1.00,-1.00,-1.00,-1.00,-1.00
PERC 64 99
XPUT 64 -1.00,-1.00,-1.00,-1.00,-1.00,-1.00,-1.00,-1.00,-1.00,3235.14,-1.00,-1.00,-1.00,-1.00,-1.00
PERC 65 100
XPUT 65 -1.00,-1.00,-1.00,-1.00,-1.00,-1.00,-1.00,-1.00,-1.00,3226.39,-1.00,-1.00,-1.00,-1.00,-1.00
