7 0 3 -2.5 U. of Houston
PERC 0 0
PERC 1 0
PERC 2 0
PERC 3 0
PERC 4 0
PERC 5 0
PERC 6 0
PERC 7 0
PERC 8 0
PERC 9 0
PERC 10 0
PERC 11 0
PERC 12 0
XPUT 12 -1.00,-1.00,-1.00,-1.00,-1.00,-1.00,-1.00,-1.00,-1.00,-1.00,-1.00,-1.00,-1.00,-1.00,-1.00
PERC 13 42
XPUT 13 -1.00,-1.00,-1.00,-1.00,-1.00,-1.00,-1.00,-1.00,-1.00,-1.00,-1.00,-1.00,-1.00,-1.00,-1.00
PERC 14 50
XPUT 14 -1.00,-1.00,-1.00,-1.00,-1.00,-1.00,-1.00,-1.00,-1.00,296.39,-1.00,-1.00,-1.00,-1.00,-1.00
PERC 15 51
XPUT 15 -1.00,-1.00,-1.00,-1.00,-1.00,-1.00,-1.00,-1.00,-1.00,486.35,-1.00,-1.00,-1.00,-1.00,-1.00
PERC 16 52
XPUT 16 -1.00,-1.00,-1.00,-1.00,-1.00,-1.00,-1.00,-1.00,-1.00,718.10,-1.00,-1.00,-1.00,-1.00,-1.00
PERC 17 54
XPUT 17 -1.00,-1.00,-1.00,-1.00,-1.00,-1.00,-1.00,-1.00,-1.00,1092.20,-1.00,-1.00,-1.00,-1.00,-1.00
PERC 18 56
XPUT 18 -1.00,-1.00,-1.00,-1.00,-1.00,-1.00,-1.00,-1.00,-1.00,1453.87,-1.00,-1.00,-1.00,-1.00,-1.00
PERC 19 57
XPUT 19 -1.00,-1.00,-1.00,-1.00,-1.00,-1.00,-1.00,-1.00,-1.00,1763.66,-1.00,-1.00,-1.00,-1.00,-1.00
PERC 20 59
XPUT 20 -1.00,-1.00,-1.00,-1.00,-1.00,-1.00,-1.00,-1.00,-1.00,1976.95,-1.00,-1.00,-1.00,-1.00,-1.00
PERC 21 60
XPUT 21 -1.00,-1.00,-1.00,-1.00,-1.00,-1.00,-1.00,-1.00,-1.00,2119.98,-1.00,-1.00,-1.00,-1.00,-1.00
PERC 22 61
XPUT 22 -1.00,-1.00,-1.00,-1.00,-1.00,-1.00,-1.00,-1.00,-1.00,2214.27,-1.00,-1.00,-1.00,-1.00,-1.00
PERC 23 63
XPUT 23 -1.00,-1.00,-1.00,-1.00,-1.00,-1.00,-1.00,-1.00,-1.00,2425.73,-1.00,-1.00,-1.00,-1.00,-1.00
PERC 24 64
XPUT 24 -1.00,-1.00,-1.00,-1.00,-1.00,-1.00,-1.00,-1.00,-1.00,2564.96,-1.00,-1.00,-1.00,-1.00,-1.00
PERC 25 65
XPUT 25 -1.00,-1.00,-1.00,-1.00,-1.00,-1.00,-1.00,-1.00,-1.00,2567.22,-1.00,-1.00,-1.00,-1.00,-1.00
PERC 26 65
XPUT 26 -1.00,-1.00,-1.00,-1.00,-1.00,-1.00,-1.00,-1.00,-1.00,2579.39,-1.00,-1.00,-1.00,-1.00,-1.00
PERC 27 66
XPUT 27 -1.00,-1.00,-1.00,-1.00,-1.00,-1.00,-1.00,-1.00,-1.00,2580.94,-1.00,-1.00,-1.00,-1.00,-1.00
PERC 28 68
XPUT 28 -1.00,-1.00,-1.00,-1.00,-1.00,-1.00,-1.00,-1.00,-1.00,2704.10,-1.00,-1.00,-1.00,-1.00,-1.00
PERC 29 69
XPUT 29 -1.00,-1.00,-1.00,-1.00,-1.00,-1.00,-1.00,-1.00,-1.00,2818.76,-1.00,-1.00,-1.00,-1.00,-1.00
PERC 30 70
XPUT 30 -1.00,-1.00,-1.00,-1.00,-1.00,-1.00,-1.00,-1.00,-1.00,2934.52,-1.00,-1.00,-1.00,-1.00,-1.00
PERC 31 71
XPUT 31 -1.00,-1.00,-1.00,-1.00,-1.00,-1.00,-1.00,-1.00,-1.00,2941.33,-1.00,-1.00,-1.00,-1.00,-1.00
PERC 32 73
XPUT 32 -1.00,-1.00,-1.00,-1.00,-1.00,-1.00,-1.00,-1.00,-1.00,3054.22,-1.00,-1.00,-1.00,-1.00,-1.00
PERC 33 74
XPUT 33 -1.00,-1.00,-1.00,-1.00,-1.00,-1.00,-1.00,-1.00,-1.00,3128.48,-1.00,-1.00,-1.00,-1.00,-1.00
PERC 34 75
XPUT 34 -1.00,-1.00,-1.00,-1.00,-1.00,-1.00,-1.00,-1.00,-1.00,3152.12,-1.00,-1.00,-1.00,-1.00,-1.00
PERC 35 76
XPUT 35 -1.00,-1.00,-1.00,-1.00,-1.00,-1.00,-1.00,-1.00,-1.00,3174.41,-1.00,-1.00,-1.00,-1.00,-1.00
PERC 36 77
XPUT 36 -1.00,-1.00,-1.00,-1.00,-1.00,-1.00,-1.00,-1.00,-1.00,3253.71,-1.00,-1.00,-1.00,-1.00,-1.00
PERC 37 79
XPUT 37 -1.00,-1.00,-1.00,-1.00,-1.00,-1.00,-1.00,-1.00,-1.00,3307.47,-1.00,-1.00,-1.00,-1.00,-1.00
PERC 38 80
XPUT 38 -1.00,-1.00,-1.00,-1.00,-1.00,-1.00,-1.00,-1.00,-1.00,3337.71,-1.00,-1.00,-1.00,-1.00,-1.00
PERC 39 81
XPUT 39 -1.00,-1.00,-1.00,-1.00,-1.00,-1.00,-1.00,-1.00,-1.00,3339.51,-1.00,-1.00,-1.00,-1.00,-1.00
PERC 40 82
XPUT 40 -1.00,-1.00,-1.00,-1.00,-1.00,-1.00,-1.00,-1.00,-1.00,3373.98,-1.00,-1.00,-1.00,-1.00,-1.00
PERC 41 83
XPUT 41 -1.00,-1.00,-1.00,-1.00,-1.00,-1.00,-1.00,-1.00,-1.00,3425.96,-1.00,-1.00,-1.00,-1.00,-1.00
PERC 42 83
XPUT 42 -1.00,-1.00,-1.00,-1.00,-1.00,-1.00,-1.00,-1.00,-1.00,3356.87,-1.00,-1.00,-1.00,-1.00,-1.00
PERC 43 84
XPUT 43 -1.00,-1.00,-1.00,-1.00,-1.00,-1.00,-1.00,-1.00,-1.00,3364.16,-1.00,-1.00,-1.00,-1.00,-1.00
PERC 44 85
XPUT 44 -1.00,-1.00,-1.00,-1.00,-1.00,-1.00,-1.00,-1.00,-1.00,3418.77,-1.00,-1.00,-1.00,-1.00,-1.00
PERC 45 87
XPUT 45 -1.00,-1.00,-1.00,-1.00,-1.00,-1.00,-1.00,-1.00,-1.00,3500.08,-1.00,-1.00,-1.00,-1.00,-1.00
PERC 46 89
XPUT 46 -1.00,-1.00,-1.00,-1.00,-1.00,-1.00,-1.00,-1.00,-1.00,3617.75,-1.00,-1.00,-1.00,-1.00,-1.00
PERC 47 91
XPUT 47 -1.00,-1.00,-1.00,-1.00,-1.00,-1.00,-1.00,-1.00,-1.00,3724.84,-1.00,-1.00,-1.00,-1.00,-1.00
PERC 48 92
XPUT 48 -1.00,-1.00,-1.00,-1.00,-1.00,-1.00,-1.00,-1.00,-1.00,3701.85,-1.00,-1.00,-1.00,-1.00,-1.00
PERC 49 92
XPUT 49 -1.00,-1.00,-1.00,-1.00,-1.00,-1.00,-1.00,-1.00,-1.00,3679.80,-1.00,-1.00,-1.00,-1.00,-1.00
PERC 50 93
XPUT 50 -1.00,-1.00,-1.00,-1.00,-1.00,-1.00,-1.00,-1.00,-1.00,3669.12,-1.00,-1.00,-1.00,-1.00,-1.00
PERC 51 94
XPUT 51 -1.00,-1.00,-1.00,-1.00,-1.00,-1.00,-1.00,-1.00,-1.00,3664.00,-1.00,-1.00,-1.00,-1.00,-1.00
PERC 52 95
XPUT 52 -1.00,-1.00,-1.00,-1.00,-1.00,-1.00,-1.00,-1.00,-1.00,3679.24,-1.00,-1.00,-1.00,-1.00,-1.00
PERC 53 96
XPUT 53 -1.00,-1.00,-1.00,-1.00,-1.00,-1.00,-1.00,-1.00,-1.00,3688.96,-1.00,-1.00,-1.00,-1.00,-1.00
PERC 54 97
XPUT 54 -1.00,-1.00,-1.00,-1.00,-1.00,-1.00,-1.00,-1.00,-1.00,3688.60,-1.00,-1.00,-1.00,-1.00,-1.00
PERC 55 98
XPUT 55 -1.00,-1.00,-1.00,-1.00,-1.00,-1.00,-1.00,-1.00,-1.00,3693.03,-1.00,-1.00,-1.00,-1.00,-1.00
PERC 56 99
XPUT 56 -1.00,-1.00,-1.00,-1.00,-1.00,-1.00,-1.00,-1.00,-1.00,3734.75,-1.00,-1.00,-1.00,-1.00,-1.00
PERC 57 100
XPUT 57 -1.00,-1.00,-1.00,-1.00,-1.00,-1.00,-1.00,-1.00,-1.00,3679.21,-1.00,-1.00,-1.00,-1.00,-1.00
