8 0 4 0 USC ISI
PERC 0 0
PERC 1 0
PERC 2 0
PERC 3 0
PERC 4 0
PERC 5 0
PERC 6 0
PERC 7 0
PERC 8 0
PERC 9 0
PERC 10 0
PERC 11 0
PERC 12 0
XPUT 12 -1.00,-1.00,-1.00,-1.00,-1.00,-1.00,-1.00,-1.00,-1.00,-1.00,-1.00,-1.00,-1.00,-1.00,-1.00
PERC 13 28
XPUT 13 -1.00,-1.00,-1.00,-1.00,-1.00,-1.00,-1.00,-1.00,-1.00,-1.00,-1.00,-1.00,-1.00,-1.00,-1.00
PERC 14 49
XPUT 14 -1.00,-1.00,-1.00,-1.00,-1.00,-1.00,-1.00,-1.00,-1.00,-1.00,-1.00,-1.00,-1.00,-1.00,-1.00
PERC 15 50
XPUT 15 -1.00,-1.00,-1.00,-1.00,-1.00,-1.00,-1.00,-1.00,-1.00,49.44,-1.00,-1.00,-1.00,-1.00,-1.00
PERC 16 50
XPUT 16 -1.00,-1.00,-1.00,-1.00,-1.00,-1.00,-1.00,-1.00,-1.00,62.74,-1.00,-1.00,-1.00,-1.00,-1.00
PERC 17 50
XPUT 17 -1.00,-1.00,-1.00,-1.00,-1.00,-1.00,-1.00,-1.00,-1.00,136.15,-1.00,-1.00,-1.00,-1.00,-1.00
PERC 18 50
XPUT 18 -1.00,-1.00,-1.00,-1.00,-1.00,-1.00,-1.00,-1.00,-1.00,201.40,-1.00,-1.00,-1.00,-1.00,-1.00
PERC 19 51
XPUT 19 -1.00,-1.00,-1.00,-1.00,-1.00,-1.00,-1.00,-1.00,-1.00,273.58,-1.00,-1.00,-1.00,-1.00,-1.00
PERC 20 51
XPUT 20 -1.00,-1.00,-1.00,-1.00,-1.00,-1.00,-1.00,-1.00,-1.00,338.55,-1.00,-1.00,-1.00,-1.00,-1.00
PERC 21 52
XPUT 21 -1.00,-1.00,-1.00,-1.00,-1.00,-1.00,-1.00,-1.00,-1.00,434.77,-1.00,-1.00,-1.00,-1.00,-1.00
PERC 22 52
XPUT 22 -1.00,-1.00,-1.00,-1.00,-1.00,-1.00,-1.00,-1.00,-1.00,546.08,-1.00,-1.00,-1.00,-1.00,-1.00
PERC 23 53
XPUT 23 -1.00,-1.00,-1.00,-1.00,-1.00,-1.00,-1.00,-1.00,-1.00,647.71,-1.00,-1.00,-1.00,-1.00,-1.00
PERC 24 54
XPUT 24 -1.00,-1.00,-1.00,-1.00,-1.00,-1.00,-1.00,-1.00,-1.00,729.95,-1.00,-1.00,-1.00,-1.00,-1.00
PERC 25 54
XPUT 25 -1.00,-1.00,-1.00,-1.00,-1.00,-1.00,-1.00,-1.00,-1.00,816.10,-1.00,-1.00,-1.00,-1.00,-1.00
PERC 26 55
XPUT 26 -1.00,-1.00,-1.00,-1.00,-1.00,-1.00,-1.00,-1.00,-1.00,915.78,-1.00,-1.00,-1.00,-1.00,-1.00
PERC 27 56
XPUT 27 -1.00,-1.00,-1.00,-1.00,-1.00,-1.00,-1.00,-1.00,-1.00,1056.63,-1.00,-1.00,-1.00,-1.00,-1.00
PERC 28 57
XPUT 28 -1.00,-1.00,-1.00,-1.00,-1.00,-1.00,-1.00,-1.00,-1.00,1103.15,-1.00,-1.00,-1.00,-1.00,-1.00
PERC 29 58
XPUT 29 -1.00,-1.00,-1.00,-1.00,-1.00,-1.00,-1.00,-1.00,-1.00,1182.62,-1.00,-1.00,-1.00,-1.00,-1.00
PERC 30 59
XPUT 30 -1.00,-1.00,-1.00,-1.00,-1.00,-1.00,-1.00,-1.00,-1.00,1283.01,-1.00,-1.00,-1.00,-1.00,-1.00
PERC 31 60
XPUT 31 -1.00,-1.00,-1.00,-1.00,-1.00,-1.00,-1.00,-1.00,-1.00,1393.84,-1.00,-1.00,-1.00,-1.00,-1.00
PERC 32 61
XPUT 32 -1.00,-1.00,-1.00,-1.00,-1.00,-1.00,-1.00,-1.00,-1.00,1464.97,-1.00,-1.00,-1.00,-1.00,-1.00
PERC 33 62
XPUT 33 -1.00,-1.00,-1.00,-1.00,-1.00,-1.00,-1.00,-1.00,-1.00,1547.68,-1.00,-1.00,-1.00,-1.00,-1.00
PERC 34 62
XPUT 34 -1.00,-1.00,-1.00,-1.00,-1.00,-1.00,-1.00,-1.00,-1.00,1602.39,-1.00,-1.00,-1.00,-1.00,-1.00
PERC 35 63
XPUT 35 -1.00,-1.00,-1.00,-1.00,-1.00,-1.00,-1.00,-1.00,-1.00,1676.44,-1.00,-1.00,-1.00,-1.00,-1.00
PERC 36 65
XPUT 36 -1.00,-1.00,-1.00,-1.00,-1.00,-1.00,-1.00,-1.00,-1.00,1753.66,-1.00,-1.00,-1.00,-1.00,-1.00
PERC 37 66
XPUT 37 -1.00,-1.00,-1.00,-1.00,-1.00,-1.00,-1.00,-1.00,-1.00,1819.63,-1.00,-1.00,-1.00,-1.00,-1.00
PERC 38 66
XPUT 38 -1.00,-1.00,-1.00,-1.00,-1.00,-1.00,-1.00,-1.00,-1.00,1868.32,-1.00,-1.00,-1.00,-1.00,-1.00
PERC 39 67
XPUT 39 -1.00,-1.00,-1.00,-1.00,-1.00,-1.00,-1.00,-1.00,-1.00,1907.80,-1.00,-1.00,-1.00,-1.00,-1.00
PERC 40 68
XPUT 40 -1.00,-1.00,-1.00,-1.00,-1.00,-1.00,-1.00,-1.00,-1.00,1958.41,-1.00,-1.00,-1.00,-1.00,-1.00
PERC 41 69
XPUT 41 -1.00,-1.00,-1.00,-1.00,-1.00,-1.00,-1.00,-1.00,-1.00,1993.76,-1.00,-1.00,-1.00,-1.00,-1.00
PERC 42 69
XPUT 42 -1.00,-1.00,-1.00,-1.00,-1.00,-1.00,-1.00,-1.00,-1.00,1977.50,-1.00,-1.00,-1.00,-1.00,-1.00
PERC 43 70
XPUT 43 -1.00,-1.00,-1.00,-1.00,-1.00,-1.00,-1.00,-1.00,-1.00,2004.66,-1.00,-1.00,-1.00,-1.00,-1.00
PERC 44 71
XPUT 44 -1.00,-1.00,-1.00,-1.00,-1.00,-1.00,-1.00,-1.00,-1.00,2042.51,-1.00,-1.00,-1.00,-1.00,-1.00
PERC 45 72
XPUT 45 -1.00,-1.00,-1.00,-1.00,-1.00,-1.00,-1.00,-1.00,-1.00,2107.81,-1.00,-1.00,-1.00,-1.00,-1.00
PERC 46 73
XPUT 46 -1.00,-1.00,-1.00,-1.00,-1.00,-1.00,-1.00,-1.00,-1.00,2181.66,-1.00,-1.00,-1.00,-1.00,-1.00
PERC 47 75
XPUT 47 -1.00,-1.00,-1.00,-1.00,-1.00,-1.00,-1.00,-1.00,-1.00,2246.79,-1.00,-1.00,-1.00,-1.00,-1.00
PERC 48 75
XPUT 48 -1.00,-1.00,-1.00,-1.00,-1.00,-1.00,-1.00,-1.00,-1.00,2249.14,-1.00,-1.00,-1.00,-1.00,-1.00
PERC 49 76
XPUT 49 -1.00,-1.00,-1.00,-1.00,-1.00,-1.00,-1.00,-1.00,-1.00,2299.53,-1.00,-1.00,-1.00,-1.00,-1.00
PERC 50 77
XPUT 50 -1.00,-1.00,-1.00,-1.00,-1.00,-1.00,-1.00,-1.00,-1.00,2332.19,-1.00,-1.00,-1.00,-1.00,-1.00
PERC 51 78
XPUT 51 -1.00,-1.00,-1.00,-1.00,-1.00,-1.00,-1.00,-1.00,-1.00,2363.56,-1.00,-1.00,-1.00,-1.00,-1.00
PERC 52 79
XPUT 52 -1.00,-1.00,-1.00,-1.00,-1.00,-1.00,-1.00,-1.00,-1.00,2398.76,-1.00,-1.00,-1.00,-1.00,-1.00
PERC 53 80
XPUT 53 -1.00,-1.00,-1.00,-1.00,-1.00,-1.00,-1.00,-1.00,-1.00,2422.75,-1.00,-1.00,-1.00,-1.00,-1.00
PERC 54 81
XPUT 54 -1.00,-1.00,-1.00,-1.00,-1.00,-1.00,-1.00,-1.00,-1.00,2445.85,-1.00,-1.00,-1.00,-1.00,-1.00
PERC 55 81
XPUT 55 -1.00,-1.00,-1.00,-1.00,-1.00,-1.00,-1.00,-1.00,-1.00,2425.21,-1.00,-1.00,-1.00,-1.00,-1.00
PERC 56 82
XPUT 56 -1.00,-1.00,-1.00,-1.00,-1.00,-1.00,-1.00,-1.00,-1.00,2442.76,-1.00,-1.00,-1.00,-1.00,-1.00
PERC 57 83
XPUT 57 -1.00,-1.00,-1.00,-1.00,-1.00,-1.00,-1.00,-1.00,-1.00,2478.08,-1.00,-1.00,-1.00,-1.00,-1.00
PERC 58 84
XPUT 58 -1.00,-1.00,-1.00,-1.00,-1.00,-1.00,-1.00,-1.00,-1.00,2512.19,-1.00,-1.00,-1.00,-1.00,-1.00
PERC 59 85
XPUT 59 -1.00,-1.00,-1.00,-1.00,-1.00,-1.00,-1.00,-1.00,-1.00,2558.48,-1.00,-1.00,-1.00,-1.00,-1.00
PERC 60 87
XPUT 60 -1.00,-1.00,-1.00,-1.00,-1.00,-1.00,-1.00,-1.00,-1.00,2590.11,-1.00,-1.00,-1.00,-1.00,-1.00
PERC 61 88
XPUT 61 -1.00,-1.00,-1.00,-1.00,-1.00,-1.00,-1.00,-1.00,-1.00,2625.00,-1.00,-1.00,-1.00,-1.00,-1.00
PERC 62 89
XPUT 62 -1.00,-1.00,-1.00,-1.00,-1.00,-1.00,-1.00,-1.00,-1.00,2650.31,-1.00,-1.00,-1.00,-1.00,-1.00
PERC 63 89
XPUT 63 -1.00,-1.00,-1.00,-1.00,-1.00,-1.00,-1.00,-1.00,-1.00,2637.37,-1.00,-1.00,-1.00,-1.00,-1.00
PERC 64 90
XPUT 64 -1.00,-1.00,-1.00,-1.00,-1.00,-1.00,-1.00,-1.00,-1.00,2669.89,-1.00,-1.00,-1.00,-1.00,-1.00
PERC 65 91
XPUT 65 -1.00,-1.00,-1.00,-1.00,-1.00,-1.00,-1.00,-1.00,-1.00,2701.41,-1.00,-1.00,-1.00,-1.00,-1.00
PERC 66 92
XPUT 66 -1.00,-1.00,-1.00,-1.00,-1.00,-1.00,-1.00,-1.00,-1.00,2728.00,-1.00,-1.00,-1.00,-1.00,-1.00
PERC 67 93
XPUT 67 -1.00,-1.00,-1.00,-1.00,-1.00,-1.00,-1.00,-1.00,-1.00,2742.06,-1.00,-1.00,-1.00,-1.00,-1.00
PERC 68 94
XPUT 68 -1.00,-1.00,-1.00,-1.00,-1.00,-1.00,-1.00,-1.00,-1.00,2751.85,-1.00,-1.00,-1.00,-1.00,-1.00
PERC 69 95
XPUT 69 -1.00,-1.00,-1.00,-1.00,-1.00,-1.00,-1.00,-1.00,-1.00,2780.36,-1.00,-1.00,-1.00,-1.00,-1.00
PERC 70 96
XPUT 70 -1.00,-1.00,-1.00,-1.00,-1.00,-1.00,-1.00,-1.00,-1.00,2789.32,-1.00,-1.00,-1.00,-1.00,-1.00
PERC 71 97
XPUT 71 -1.00,-1.00,-1.00,-1.00,-1.00,-1.00,-1.00,-1.00,-1.00,2820.19,-1.00,-1.00,-1.00,-1.00,-1.00
PERC 72 98
XPUT 72 -1.00,-1.00,-1.00,-1.00,-1.00,-1.00,-1.00,-1.00,-1.00,2835.63,-1.00,-1.00,-1.00,-1.00,-1.00
PERC 73 99
XPUT 73 -1.00,-1.00,-1.00,-1.00,-1.00,-1.00,-1.00,-1.00,-1.00,2825.51,-1.00,-1.00,-1.00,-1.00,-1.00
PERC 74 99
XPUT 74 -1.00,-1.00,-1.00,-1.00,-1.00,-1.00,-1.00,-1.00,-1.00,2815.67,-1.00,-1.00,-1.00,-1.00,-1.00
PERC 75 100
XPUT 75 -1.00,-1.00,-1.00,-1.00,-1.00,-1.00,-1.00,-1.00,-1.00,2796.20,-1.00,-1.00,-1.00,-1.00,-1.00
