0 0
1 0
2 0
3 0
4 0
5 0
6 0
7 0
8 0
9 0
10 3.83333333333333
11 4.16666666666667
12 8.41666666666667
13 14.4166666666667
14 17
15 17.3333333333333
16 19.75
17 22
18 22.5
19 22.9166666666667
20 23.3333333333333
21 23.75
22 24.25
23 24.8333333333333
24 25.5
25 27
26 31.5833333333333
27 35.3333333333333
28 36.0833333333333
29 38.1666666666667
30 40.5833333333333
31 42.25
32 45.5
33 48.1666666666667
34 49.1666666666667
35 50.4166666666667
36 51.6666666666667
37 52.8333333333333
38 54
39 55.1666666666667
40 56.0833333333333
41 57.25
42 58.1666666666667
43 59.25
44 60.25
45 61.25
46 53.9166666666667
47 63.25
48 64.1666666666667
49 64.8333333333333
50 48.8333333333333
51 65.9166666666667
52 66.4166666666667
53 67
54 67.5
55 67.9166666666667
56 69.6666666666667
57 72.5
58 65.25
59 74
60 74.4166666666667
61 74.8333333333333
62 75.4166666666667
63 75.75
64 76.1666666666667
65 76.5
66 68.5833333333333
67 77.3333333333333
68 69.25
69 77.9166666666667
70 78.1666666666667
71 70.0833333333333
72 78.5833333333333
73 81
74 82.75
75 83.25
76 75.25
77 83.9166666666667
78 84.0833333333333
79 84.3333333333333
80 84.6666666666667
81 76.5
82 85.0833333333333
83 85.25
84 85.4166666666667
85 85.6666666666667
86 85.8333333333333
87 86.0833333333333
88 86.3333333333333
89 86.5
90 86.75
91 87.0833333333333
92 87.5
93 87.75
94 87.9166666666667
95 88.0833333333333
96 79.8333333333333
97 88.1666666666667
98 88.1666666666667
99 90.3333333333333
100 92.25
101 92.4166666666667
102 92.4166666666667
103 92.4166666666667
104 92.4166666666667
105 92.4166666666667
106 92.5
107 92.5
108 92.5833333333333
109 92.5833333333333
110 92.6666666666667
111 92.6666666666667
112 92.75
113 92.75
114 92.75
115 92.8333333333333
116 92.9166666666667
117 92.9166666666667
118 92.9166666666667
119 92.9166666666667
120 93
121 93
122 93.0833333333333
123 93.0833333333333
124 93.1666666666667
125 93.1666666666667
126 93.25
127 93.25
128 93.25
129 93.25
130 93.3333333333333
131 93.3333333333333
132 93.4166666666667
133 93.4166666666667
134 93.4166666666667
135 93.5
136 93.5833333333333
137 93.5833333333333
138 93.5833333333333
139 93.5833333333333
140 93.6666666666667
141 93.6666666666667
142 93.75
143 93.75
144 93.75
145 93.8333333333333
146 93.9166666666667
147 93.9166666666667
148 93.9166666666667
149 93.9166666666667
150 94
151 94
152 94
153 94
154 94.0833333333333
155 94.1666666666667
156 94.1666666666667
157 94.1666666666667
158 94.1666666666667
159 94.25
160 94.25
161 94.25
162 94.3333333333333
163 94.3333333333333
164 94.4166666666667
165 94.4166666666667
166 94.5
167 94.5
168 94.5833333333333
169 94.5833333333333
170 94.5833333333333
171 94.6666666666667
172 94.6666666666667
173 94.75
174 94.75
175 94.8333333333333
176 94.8333333333333
177 94.8333333333333
178 94.9166666666667
179 94.9166666666667
180 95
181 95
182 95.0833333333333
183 95.0833333333333
184 95.1666666666667
185 95.1666666666667
186 95.1666666666667
187 95.25
188 95.25
189 95.25
190 95.3333333333333
191 95.4166666666667
192 95.4166666666667
193 95.4166666666667
194 95.4166666666667
195 95.5
196 95.5833333333333
197 95.5833333333333
198 95.5833333333333
199 95.5833333333333
200 95.6666666666667
201 95.6666666666667
202 95.6666666666667
203 95.75
204 95.75
205 95.8333333333333
206 95.8333333333333
207 95.9166666666667
208 95.9166666666667
209 96
210 96
211 96
212 96
213 96
214 96.0833333333333
215 96.1666666666667
216 96.1666666666667
217 96.1666666666667
218 96.25
219 96.25
220 96.25
221 96.25
222 96.25
223 96.3333333333333
224 96.4166666666667
225 96.4166666666667
226 96.4166666666667
227 96.5
228 96.5
229 96.5
230 96.5
231 96.5
232 96.5833333333333
233 96.6666666666667
234 96.6666666666667
235 96.6666666666667
236 96.6666666666667
237 96.75
238 96.75
239 96.75
240 96.75
241 96.9166666666667
242 96.9166666666667
243 96.9166666666667
244 96.9166666666667
245 96.9166666666667
246 97
247 97
248 97.0833333333333
249 97.0833333333333
250 97.0833333333333
251 97.0833333333333
252 97.1666666666667
253 97.1666666666667
254 97.25
255 97.25
256 97.3333333333333
257 97.3333333333333
258 97.3333333333333
259 97.3333333333333
260 97.4166666666667
261 97.5
262 97.5
263 97.5
264 97.5
265 97.5
266 97.5833333333333
267 97.6666666666667
268 97.6666666666667
269 97.6666666666667
270 97.75
271 97.75
272 97.75
273 97.8333333333333
274 97.9166666666667
275 97.9166666666667
276 97.9166666666667
277 97.9166666666667
278 98.0833333333333
279 98.0833333333333
280 98.0833333333333
281 98.0833333333333
282 98.0833333333333
283 98.1666666666667
284 98.1666666666667
285 98.25
286 98.25
287 98.3333333333333
288 98.3333333333333
289 98.3333333333333
290 98.3333333333333
291 98.5
292 90.1666666666667
293 98.5
294 98.5
295 98.5833333333333
296 98.5833333333333
297 98.5833333333333
298 98.5833333333333
299 98.5833333333333
300 98.5833333333333
301 98.5833333333333
302 98.5833333333333
303 98.6666666666667
304 98.6666666666667
305 98.6666666666667
306 98.6666666666667
307 98.6666666666667
308 98.6666666666667
309 98.6666666666667
310 98.6666666666667
311 98.75
312 98.75
313 98.75
314 98.75
315 98.75
316 98.75
317 98.8333333333333
318 98.8333333333333
319 98.8333333333333
320 98.8333333333333
321 98.8333333333333
322 98.8333333333333
323 98.8333333333333
324 98.8333333333333
325 98.8333333333333
326 98.8333333333333
327 98.9166666666667
328 98.9166666666667
329 98.9166666666667
330 98.9166666666667
331 98.9166666666667
332 98.9166666666667
333 98.9166666666667
334 99
335 99
336 99
337 99
338 99
339 99
340 99.0833333333333
341 99.0833333333333
342 99.0833333333333
343 99.0833333333333
344 99.0833333333333
345 99.0833333333333
346 99.0833333333333
347 99.1666666666667
348 99.1666666666667
349 99.1666666666667
350 99.1666666666667
351 99.1666666666667
352 99.1666666666667
353 99.25
354 99.25
355 99.25
356 99.25
357 99.25
358 99.25
359 99.3333333333333
360 99.3333333333333
361 99.3333333333333
362 99.3333333333333
363 99.3333333333333
364 99.3333333333333
365 99.4166666666667
366 99.4166666666667
367 99.4166666666667
368 99.4166666666667
369 99.5
370 99.5
371 99.5
372 99.5
373 99.5
374 99.5833333333333
375 99.5833333333333
376 99.5833333333333
377 99.5833333333333
378 99.5833333333333
379 99.5833333333333
380 99.5833333333333
381 99.5833333333333
382 99.5833333333333
383 99.6666666666667
384 99.6666666666667
385 99.6666666666667
386 99.6666666666667
387 99.6666666666667
388 99.75
389 99.75
390 99.75
391 99.75
392 99.75
393 99.8333333333333
394 99.8333333333333
395 99.8333333333333
396 99.8333333333333
397 99.8333333333333
398 99.8333333333333
399 99.8333333333333
400 99.9166666666667
401 99.9166666666667
402 99.9166666666667
403 99.9166666666667
404 99.9166666666667
405 100
