0 0
1 1.61778846153846
2 5.55048076923077
3 9.18028846153846
4 12.6634615384615
5 16.9951923076923
6 20.7740384615385
7 24.4206730769231
8 27.4927884615385
9 30.2019230769231
10 33.1153846153846
11 34.8221153846154
12 37.3028846153846
13 39.4855769230769
14 41.8149038461538
15 43.5793269230769
16 44.5745192307692
17 45.5336538461538
18 46.4519230769231
19 47.2980769230769
20 48.5024038461538
21 49.2475961538462
22 50.1899038461538
23 51.1875
24 52.1802884615385
25 53.1370192307692
26 54.0096153846154
27 54.7716346153846
28 55.40625
29 56.1730769230769
30 56.7716346153846
31 57.3100961538462
32 57.7331730769231
33 58.2403846153846
34 58.7043269230769
35 59.0865384615385
36 59.4471153846154
37 59.8028846153846
38 60.1298076923077
39 60.46875
40 60.7932692307692
41 61.1850961538462
42 61.7019230769231
43 62.2956730769231
44 62.8701923076923
45 63.4254807692308
46 64.03125
47 64.6201923076923
48 65.1057692307692
49 65.5144230769231
50 66.0024038461538
51 66.2307692307692
52 66.4471153846154
53 66.6923076923077
54 66.9350961538462
55 67.1105769230769
56 67.3100961538462
57 67.5024038461538
58 67.7163461538462
59 67.9158653846154
60 68.09375
61 68.3245192307692
62 68.5192307692308
63 68.7355769230769
64 68.9711538461538
65 69.1875
66 69.3870192307692
67 69.5697115384615
68 69.7908653846154
69 69.9927884615385
70 70.1826923076923
71 70.3725961538462
72 70.5384615384615
73 70.7668269230769
74 70.9158653846154
75 71.0745192307692
76 71.3028846153846
77 71.4831730769231
78 71.7644230769231
79 71.9735576923077
80 72.2211538461538
81 72.4230769230769
82 72.6490384615385
83 72.8918269230769
84 73.1201923076923
85 73.3365384615385
86 73.6346153846154
87 73.8557692307692
88 74.1153846153846
89 74.3389423076923
90 74.4951923076923
91 74.6754807692308
92 74.8125
93 74.9663461538462
94 75.1466346153846
95 75.3004807692308
96 75.4711538461538
97 75.6490384615385
98 75.8052884615385
99 75.9855769230769
100 76.1586538461538
101 76.3173076923077
102 76.4759615384615
103 76.6105769230769
104 76.7451923076923
105 76.8798076923077
106 77.0384615384615
107 77.1899038461538
108 77.3293269230769
109 77.4951923076923
110 77.6346153846154
111 77.7620192307692
112 77.8725961538462
113 78.0192307692308
114 78.1370192307692
115 78.2644230769231
116 78.3605769230769
117 78.4711538461538
118 78.5697115384615
119 78.6923076923077
120 78.8173076923077
121 78.9350961538462
122 79.0745192307692
123 79.1514423076923
124 79.2740384615385
125 79.3846153846154
126 79.4855769230769
127 79.59375
128 79.7043269230769
129 79.8293269230769
130 79.9663461538462
131 80.0625
132 80.1778846153846
133 80.2788461538462
134 80.40625
135 80.5456730769231
136 80.6418269230769
137 80.7764423076923
138 80.8990384615385
139 80.9975961538462
140 81.1274038461538
141 81.2572115384615
142 81.3966346153846
143 81.5240384615385
144 81.6778846153846
145 81.8125
146 81.9423076923077
147 82.0793269230769
148 82.2115384615385
149 82.3269230769231
150 82.4230769230769
151 82.5360576923077
152 82.6394230769231
153 82.7596153846154
154 82.8942307692308
155 83.0216346153846
156 83.1682692307692
157 83.3389423076923
158 83.4759615384615
159 83.6009615384615
160 83.6995192307692
161 83.8197115384615
162 83.9230769230769
163 84.0240384615385
164 84.1418269230769
165 84.2331730769231
166 84.40625
167 84.5408653846154
168 84.6610576923077
169 84.7115384615385
170 84.7403846153846
171 84.8557692307692
172 84.9038461538462
173 85.0697115384615
174 85.125
175 85.1995192307692
176 85.2716346153846
177 85.3341346153846
178 85.3822115384615
179 85.4639423076923
180 85.5528846153846
181 85.6490384615385
182 85.7115384615385
183 85.8173076923077
184 85.9158653846154
185 85.9855769230769
186 86.0793269230769
187 86.2475961538462
188 86.3870192307692
189 86.4879807692308
190 86.6009615384615
191 86.6995192307692
192 86.8245192307692
193 86.9399038461538
194 87.0745192307692
195 87.2307692307692
196 87.3341346153846
197 87.4471153846154
198 87.5504807692308
199 87.6610576923077
200 87.7836538461538
201 87.8990384615385
202 88.0120192307692
203 88.1177884615385
204 88.2403846153846
205 88.3413461538462
206 88.4735576923077
207 88.5721153846154
208 88.7211538461538
209 88.8317307692308
210 88.9759615384615
211 89.1346153846154
212 89.2740384615385
213 89.4038461538462
214 89.5576923076923
215 89.6850961538462
216 89.7956730769231
217 89.96875
218 90.1105769230769
219 90.2764423076923
220 90.4278846153846
221 90.5961538461538
222 90.7596153846154
223 90.9014423076923
224 91.0336538461538
225 91.1826923076923
226 91.3028846153846
227 91.4134615384615
228 91.5336538461538
229 91.6682692307692
230 91.8076923076923
231 91.9375
232 92.0600961538462
233 92.1826923076923
234 92.2956730769231
235 92.4326923076923
236 92.5048076923077
237 92.5841346153846
238 92.6658653846154
239 92.7403846153846
240 92.8341346153846
241 92.9182692307692
242 92.9927884615385
243 93.0408653846154
244 93.1346153846154
245 93.2355769230769
246 93.28125
247 93.3581730769231
248 93.4182692307692
249 93.4831730769231
250 93.5456730769231
251 93.6153846153846
252 93.6899038461538
253 93.7331730769231
254 93.8149038461538
255 93.8942307692308
256 93.9735576923077
257 94.0288461538462
258 94.0985576923077
259 94.1730769230769
260 94.25
261 94.3269230769231
262 94.3990384615385
263 94.4615384615385
264 94.5264423076923
265 94.5841346153846
266 94.6274038461538
267 94.6682692307692
268 94.7067307692308
269 94.7475961538462
270 94.7932692307692
271 94.8413461538462
272 94.8870192307692
273 94.9350961538462
274 94.9759615384615
275 95.0216346153846
276 95.0673076923077
277 95.1105769230769
278 95.1586538461538
279 95.2115384615385
280 95.2620192307692
281 95.3004807692308
282 95.3557692307692
283 95.4014423076923
284 95.4543269230769
285 95.4975961538462
286 95.5504807692308
287 95.59375
288 95.6394230769231
289 95.6778846153846
290 95.71875
291 95.7475961538462
292 95.7668269230769
293 95.7956730769231
294 95.8389423076923
295 95.8774038461538
296 95.9230769230769
297 95.96875
298 96.0072115384615
299 96.0625
300 96.0913461538462
301 96.1394230769231
302 96.1971153846154
303 96.2427884615385
304 96.2884615384615
305 96.3485576923077
306 96.3774038461538
307 96.4206730769231
308 96.46875
309 96.5072115384615
310 96.5552884615385
311 96.59375
312 96.6394230769231
313 96.6875
314 96.7331730769231
315 96.7788461538462
316 96.8269230769231
317 96.8966346153846
318 96.9423076923077
319 96.9831730769231
320 97.03125
321 97.0913461538462
322 97.1322115384615
323 97.1754807692308
324 97.2163461538462
325 97.2764423076923
326 97.3269230769231
327 97.3774038461538
328 97.4182692307692
329 97.4735576923077
330 97.5120192307692
331 97.5600961538462
332 97.6177884615385
333 97.6658653846154
334 97.7019230769231
335 97.7572115384615
336 97.8004807692308
337 97.8509615384615
338 97.9014423076923
339 97.9471153846154
340 97.9951923076923
341 98.0480769230769
342 98.0889423076923
343 98.125
344 98.1634615384615
345 98.2163461538462
346 98.2788461538462
347 98.3221153846154
348 98.375
349 98.4326923076923
350 98.4759615384615
351 98.5240384615385
352 98.5600961538462
353 98.5841346153846
354 98.6153846153846
355 98.6466346153846
356 98.6682692307692
357 98.6802884615385
358 98.7043269230769
359 98.71875
360 98.7355769230769
361 98.75
362 98.7620192307692
363 98.78125
364 98.8076923076923
365 98.8293269230769
366 98.8485576923077
367 98.8701923076923
368 98.8822115384615
369 98.8918269230769
370 98.9158653846154
371 98.9302884615385
372 98.9471153846154
373 98.96875
374 98.9903846153846
375 99.0048076923077
376 99.0216346153846
377 99.0360576923077
378 99.0552884615385
379 99.0697115384615
380 99.0793269230769
381 99.0841346153846
382 99.1009615384615
383 99.1177884615385
384 99.1346153846154
385 99.1538461538462
386 99.1682692307692
387 99.1778846153846
388 99.1923076923077
389 99.2043269230769
390 99.2259615384615
391 99.2451923076923
392 99.2644230769231
393 99.2860576923077
394 99.2980769230769
395 99.3221153846154
396 99.3413461538462
397 99.3557692307692
398 99.3846153846154
399 99.4038461538462
400 99.4302884615385
401 99.4519230769231
402 99.4639423076923
403 99.4831730769231
404 99.4975961538462
405 99.5120192307692
406 99.53125
407 99.5480769230769
408 99.5673076923077
409 99.59375
410 99.6153846153846
411 99.6394230769231
412 99.6658653846154
413 99.6899038461538
414 99.7067307692308
415 99.7211538461538
416 99.7451923076923
417 99.7644230769231
418 99.78125
419 99.7980769230769
420 99.8149038461538
421 99.8365384615385
422 99.8605769230769
423 99.8798076923077
424 99.9014423076923
425 99.9254807692308
426 99.9423076923077
427 99.9615384615385
428 99.9759615384615
429 99.9903846153846
430 100
