0 0
1 14.2312579415502
2 23.0168814666909
3 28.9915203692659
4 34.7379612582009
5 39.7686901952649
6 46.2593677877758
7 49.2311282835879
8 52.5399994813681
9 55.8125664497057
10 58.8076653787309
11 61.5849389310998
12 63.5738920727122
13 65.3968830225864
14 67.1498586728211
15 68.7835489977439
16 70.5702357181755
17 72.3491429608692
18 73.8661411197262
19 75.2353292015663
20 76.5370951430127
21 77.8621995176724
22 79.016155382102
23 80.2608718201385
24 81.445945595519
25 82.6776962373259
26 83.7564504836242
27 84.5240256204134
28 85.0115395586443
29 85.5120192931048
30 85.9813811166144
31 86.4429634623862
32 86.7437699349117
33 86.9823405855354
34 87.1897933252081
35 87.5191245494386
36 87.736949926095
37 88.0040453284236
38 88.2763270492441
39 88.4941524259005
40 88.7949588984259
41 89.0387158675414
42 89.2824728366569
43 89.5417887612478
44 89.7959183673469
45 89.8737131447242
46 90.0085574255115
47 90.2652801908565
48 90.4623602935456
49 90.7009309441693
50 90.8642999766616
51 90.9991442574488
52 91.1443611752198
53 91.2558670227939
54 91.3440344371548
55 91.424422373778
56 91.4866581956798
57 91.6215024764671
58 91.7070767315821
59 91.7848715089594
60 91.852293649353
61 91.9560200191894
62 92.0001037263698
63 92.0753053445012
64 92.1764385550917
65 92.2568264917149
66 92.3216554728626
67 92.4383476389285
68 92.5031766200762
69 92.5498534865026
70 92.6665456525685
71 92.7261883152244
72 92.8169488888313
73 92.9595726473563
74 93.1177553613567
75 93.281124393849
76 93.4367139486036
77 93.5585924331613
78 93.7452998988668
79 93.8905168166377
80 94.0331405751627
81 94.16798485595
82 94.3235744107046
83 94.4999092394264
84 94.6710577496564
85 94.8162746674273
86 94.969271062936
87 95.083370069756
88 95.2467391022483
89 95.3763970645437
90 95.4930892306097
91 95.6668309000856
92 95.8016751808729
93 95.9650442133651
94 96.0220937167751
95 96.2139875009724
96 96.3332728262843
97 96.4810829033011
98 96.654824572777
99 96.8933952234007
100 97.0619505743848
101 97.1916085366802
102 97.3057075435002
103 97.4094339133366
104 97.513160283173
105 97.6091071752716
106 97.6817156341571
107 97.7283925005835
108 97.7724762077639
109 97.8217462334362
110 97.8632367813707
111 97.8865752145839
112 97.9073204885512
113 97.9202862847807
114 97.941031558748
115 97.9617768327153
116 97.9851152659285
117 97.998081062158
118 98.0084536991417
119 98.026605813863
120 98.0343852916008
121 98.0525374063221
122 98.0732826802894
123 98.0914347950108
124 98.1044005912403
125 98.1199595467158
126 98.140704820683
127 98.1588569354044
128 98.1640432538962
129 98.1951611648471
130 98.2107201203226
131 98.228872235044
132 98.257396986749
133 98.2755491014703
134 98.2962943754376
135 98.314446490159
136 98.342971241864
137 98.3637165158312
138 98.3844617897985
139 98.4078002230117
140 98.428545496979
141 98.4544770894381
142 98.4726292041594
143 98.4959676373726
144 98.514119752094
145 98.5530171407826
146 98.571169255504
147 98.5893213702253
148 98.6126598034385
149 98.6437777143894
150 98.6671161476026
151 98.6904545808158
152 98.713793014029
153 98.7345382879963
154 98.7578767212095
155 98.7889946321604
156 98.7915877914063
157 98.8071467468817
158 98.8330783393408
159 98.8460441355704
160 98.856416772554
161 98.8745688872754
162 98.8875346835049
163 98.9108731167181
164 98.9316183906854
165 98.9601431423904
166 98.9782952571117
167 98.9938542125872
168 99.0197858050463
169 99.0405310790136
170 99.0612763529808
171 99.0690558307186
172 99.0898011046858
173 99.113139537899
174 99.1312916526204
175 99.1520369265877
176 99.1779685190468
177 99.1857479967845
178 99.2039001115058
179 99.2246453854731
180 99.2453906594404
181 99.2635427741618
182 99.2894743666209
183 99.3050333220963
184 99.3257785960636
185 99.341337551539
186 99.3620828255063
187 99.3750486217359
188 99.3957938957031
189 99.4113528511786
190 99.4398776028836
191 99.4554365583591
192 99.4709955138345
193 99.48655446931
194 99.5047065840313
195 99.5254518579986
196 99.5487902912118
197 99.5669424059331
198 99.60065347613
199 99.6110261131136
200 99.6317713870809
201 99.6551098202941
202 99.6706687757695
203 99.6888208904909
204 99.7095661644582
205 99.7199388014418
206 99.7458703939009
207 99.7614293493763
208 99.7847677825895
209 99.8055130565568
210 99.8158856935404
211 99.8418172859995
212 99.8651557192127
213 99.8833078339341
214 99.9040531079014
215 99.9247983818686
216 99.9481368150818
217 99.9636957705573
218 99.9740684075409
219 99.9870342037704
220 100
